
===========================================================================
report_checks -unconstrained
===========================================================================
======================= Fastest Corner ===================================

Startpoint: _105_ (rising edge-triggered flip-flop clocked by clk)
Endpoint: count[15] (output port clocked by clk)
Path Group: clk
Path Type: max
Corner: Fastest

Fanout     Cap    Slew   Delay    Time   Description
-----------------------------------------------------------------------------
                          0.00    0.00   clock clk (rise edge)
                          0.00    0.00   clock source latency
     1    0.03    0.09    0.07    0.07 ^ clk (in)
                                         clk (net)
                  0.09    0.00    0.07 ^ clkbuf_0_clk/A (sky130_fd_sc_hd__clkbuf_16)
     2    0.02    0.03    0.10    0.17 ^ clkbuf_0_clk/X (sky130_fd_sc_hd__clkbuf_16)
                                         clknet_0_clk (net)
                  0.03    0.00    0.17 ^ clkbuf_1_0__f_clk/A (sky130_fd_sc_hd__clkbuf_16)
     8    0.02    0.03    0.09    0.26 ^ clkbuf_1_0__f_clk/X (sky130_fd_sc_hd__clkbuf_16)
                                         clknet_1_0__leaf_clk (net)
                  0.03    0.00    0.26 ^ _105_/CLK (sky130_fd_sc_hd__dfxtp_1)
     4    0.03    0.20    0.32    0.58 ^ _105_/Q (sky130_fd_sc_hd__dfxtp_1)
                                         net8 (net)
                  0.20    0.00    0.59 ^ output8/A (sky130_fd_sc_hd__buf_2)
     1    0.03    0.13    0.18    0.76 ^ output8/X (sky130_fd_sc_hd__buf_2)
                                         count[15] (net)
                  0.13    0.00    0.76 ^ count[15] (out)
                                  0.76   data arrival time

                         10.00   10.00   clock clk (rise edge)
                          0.00   10.00   clock network delay (propagated)
                         -0.25    9.75   clock uncertainty
                          0.00    9.75   clock reconvergence pessimism
                         -2.00    7.75   output external delay
                                  7.75   data required time
-----------------------------------------------------------------------------
                                  7.75   data required time
                                 -0.76   data arrival time
-----------------------------------------------------------------------------
                                  6.99   slack (MET)



======================= Slowest Corner ===================================

Startpoint: _108_ (rising edge-triggered flip-flop clocked by clk)
Endpoint: _105_ (rising edge-triggered flip-flop clocked by clk)
Path Group: clk
Path Type: max
Corner: Slowest

Fanout     Cap    Slew   Delay    Time   Description
-----------------------------------------------------------------------------
                          0.00    0.00   clock clk (rise edge)
                          0.00    0.00   clock source latency
     1    0.03    0.19    0.14    0.14 ^ clk (in)
                                         clk (net)
                  0.19    0.00    0.14 ^ clkbuf_0_clk/A (sky130_fd_sc_hd__clkbuf_16)
     2    0.02    0.07    0.29    0.42 ^ clkbuf_0_clk/X (sky130_fd_sc_hd__clkbuf_16)
                                         clknet_0_clk (net)
                  0.07    0.00    0.42 ^ clkbuf_1_0__f_clk/A (sky130_fd_sc_hd__clkbuf_16)
     8    0.02    0.07    0.23    0.66 ^ clkbuf_1_0__f_clk/X (sky130_fd_sc_hd__clkbuf_16)
                                         clknet_1_0__leaf_clk (net)
                  0.07    0.00    0.66 ^ _108_/CLK (sky130_fd_sc_hd__dfxtp_1)
     4    0.02    0.36    0.88    1.54 ^ _108_/Q (sky130_fd_sc_hd__dfxtp_1)
                                         net10 (net)
                  0.36    0.00    1.54 ^ _048_/C (sky130_fd_sc_hd__and4_1)
     1    0.00    0.10    0.50    2.03 ^ _048_/X (sky130_fd_sc_hd__and4_1)
                                         _016_ (net)
                  0.10    0.00    2.03 ^ _049_/A (sky130_fd_sc_hd__clkbuf_2)
     7    0.02    0.18    0.30    2.34 ^ _049_/X (sky130_fd_sc_hd__clkbuf_2)
                                         _017_ (net)
                  0.18    0.00    2.34 ^ _056_/C (sky130_fd_sc_hd__and4_1)
     1    0.00    0.12    0.45    2.79 ^ _056_/X (sky130_fd_sc_hd__and4_1)
                                         _023_ (net)
                  0.12    0.00    2.79 ^ _057_/A (sky130_fd_sc_hd__buf_1)
     6    0.02    0.36    0.40    3.18 ^ _057_/X (sky130_fd_sc_hd__buf_1)
                                         _024_ (net)
                  0.36    0.00    3.18 ^ _065_/D (sky130_fd_sc_hd__and4_1)
     1    0.00    0.11    0.51    3.70 ^ _065_/X (sky130_fd_sc_hd__and4_1)
                                         _029_ (net)
                  0.11    0.00    3.70 ^ _066_/A (sky130_fd_sc_hd__buf_2)
    10    0.03    0.25    0.37    4.06 ^ _066_/X (sky130_fd_sc_hd__buf_2)
                                         _030_ (net)
                  0.25    0.00    4.07 ^ _080_/A3 (sky130_fd_sc_hd__a41o_1)
     1    0.00    0.10    0.45    4.52 ^ _080_/X (sky130_fd_sc_hd__a41o_1)
                                         _039_ (net)
                  0.10    0.00    4.52 ^ _082_/A_N (sky130_fd_sc_hd__and2b_1)
     1    0.00    0.07    0.39    4.91 v _082_/X (sky130_fd_sc_hd__and2b_1)
                                         _041_ (net)
                  0.07    0.00    4.91 v _083_/A (sky130_fd_sc_hd__clkbuf_1)
     1    0.00    0.04    0.16    5.07 v _083_/X (sky130_fd_sc_hd__clkbuf_1)
                                         _009_ (net)
                  0.04    0.00    5.07 v _105_/D (sky130_fd_sc_hd__dfxtp_1)
                                  5.07   data arrival time

                         10.00   10.00   clock clk (rise edge)
                          0.00   10.00   clock source latency
     1    0.03    0.19    0.12   10.12 ^ clk (in)
                                         clk (net)
                  0.19    0.00   10.12 ^ clkbuf_0_clk/A (sky130_fd_sc_hd__clkbuf_16)
     2    0.02    0.07    0.26   10.38 ^ clkbuf_0_clk/X (sky130_fd_sc_hd__clkbuf_16)
                                         clknet_0_clk (net)
                  0.07    0.00   10.38 ^ clkbuf_1_0__f_clk/A (sky130_fd_sc_hd__clkbuf_16)
     8    0.02    0.07    0.21   10.60 ^ clkbuf_1_0__f_clk/X (sky130_fd_sc_hd__clkbuf_16)
                                         clknet_1_0__leaf_clk (net)
                  0.07    0.00   10.60 ^ _105_/CLK (sky130_fd_sc_hd__dfxtp_1)
                         -0.25   10.35   clock uncertainty
                          0.06   10.41   clock reconvergence pessimism
                         -0.26   10.15   library setup time
                                 10.15   data required time
-----------------------------------------------------------------------------
                                 10.15   data required time
                                 -5.07   data arrival time
-----------------------------------------------------------------------------
                                  5.08   slack (MET)



======================= Typical Corner ===================================

Startpoint: _105_ (rising edge-triggered flip-flop clocked by clk)
Endpoint: count[15] (output port clocked by clk)
Path Group: clk
Path Type: max
Corner: Typical

Fanout     Cap    Slew   Delay    Time   Description
-----------------------------------------------------------------------------
                          0.00    0.00   clock clk (rise edge)
                          0.00    0.00   clock source latency
     1    0.03    0.12    0.09    0.09 ^ clk (in)
                                         clk (net)
                  0.12    0.00    0.09 ^ clkbuf_0_clk/A (sky130_fd_sc_hd__clkbuf_16)
     2    0.02    0.04    0.16    0.25 ^ clkbuf_0_clk/X (sky130_fd_sc_hd__clkbuf_16)
                                         clknet_0_clk (net)
                  0.04    0.00    0.25 ^ clkbuf_1_0__f_clk/A (sky130_fd_sc_hd__clkbuf_16)
     8    0.02    0.04    0.13    0.38 ^ clkbuf_1_0__f_clk/X (sky130_fd_sc_hd__clkbuf_16)
                                         clknet_1_0__leaf_clk (net)
                  0.04    0.00    0.38 ^ _105_/CLK (sky130_fd_sc_hd__dfxtp_1)
     4    0.03    0.27    0.49    0.87 ^ _105_/Q (sky130_fd_sc_hd__dfxtp_1)
                                         net8 (net)
                  0.27    0.00    0.87 ^ output8/A (sky130_fd_sc_hd__buf_2)
     1    0.03    0.17    0.28    1.15 ^ output8/X (sky130_fd_sc_hd__buf_2)
                                         count[15] (net)
                  0.17    0.00    1.15 ^ count[15] (out)
                                  1.15   data arrival time

                         10.00   10.00   clock clk (rise edge)
                          0.00   10.00   clock network delay (propagated)
                         -0.25    9.75   clock uncertainty
                          0.00    9.75   clock reconvergence pessimism
                         -2.00    7.75   output external delay
                                  7.75   data required time
-----------------------------------------------------------------------------
                                  7.75   data required time
                                 -1.15   data arrival time
-----------------------------------------------------------------------------
                                  6.60   slack (MET)




===========================================================================
report_checks --slack_max -0.01
============================================================================
======================= Fastest Corner ===================================

No paths found.

======================= Slowest Corner ===================================

No paths found.

======================= Typical Corner ===================================

No paths found.


===========================================================================
 report_check_types -max_slew -max_cap -max_fanout -violators
============================================================================
======================= Fastest Corner ===================================


max slew violations count Fastest: 0
max fanout violations count Fastest: 0
max cap violations count Fastest: 0
======================= Slowest Corner ===================================


max slew violations count Slowest: 0
max fanout violations count Slowest: 0
max cap violations count Slowest: 0
======================= Typical Corner ===================================


max slew violations count Typical: 0
max fanout violations count Typical: 0
max cap violations count Typical: 0

===========================================================================
report_parasitic_annotation -report_unannotated
============================================================================
Found 0 unannotated drivers.
Found 0 partially unannotated drivers.

===========================================================================
max slew violation count 0
max fanout violation count 0
max cap violation count 0
============================================================================

===========================================================================
check_setup -verbose -unconstrained_endpoints -multiple_clock -no_clock -no_input_delay -loops -generated_clocks
===========================================================================
