
===========================================================================
report_checks -path_delay max (Setup)
============================================================================
======================= Typical Corner ===================================

Startpoint: _101_ (rising edge-triggered flip-flop clocked by clk)
Endpoint: count[11] (output port clocked by clk)
Path Group: clk
Path Type: max

Fanout     Cap    Slew   Delay    Time   Description
-----------------------------------------------------------------------------
                          0.00    0.00   clock clk (rise edge)
                          0.00    0.00   clock source latency
     1    0.01    0.04    0.03    0.03 ^ clk (in)
                                         clk (net)
                  0.04    0.00    0.03 ^ clkbuf_0_clk/A (sky130_fd_sc_hd__clkbuf_16)
     2    0.02    0.04    0.13    0.16 ^ clkbuf_0_clk/X (sky130_fd_sc_hd__clkbuf_16)
                                         clknet_0_clk (net)
                  0.04    0.00    0.16 ^ clkbuf_1_0__f_clk/A (sky130_fd_sc_hd__clkbuf_16)
     8    0.02    0.04    0.13    0.29 ^ clkbuf_1_0__f_clk/X (sky130_fd_sc_hd__clkbuf_16)
                                         clknet_1_0__leaf_clk (net)
                  0.04    0.00    0.29 ^ _101_/CLK (sky130_fd_sc_hd__dfxtp_2)
    10    0.04    0.20    0.45    0.74 ^ _101_/Q (sky130_fd_sc_hd__dfxtp_2)
                                         net4 (net)
                  0.20    0.00    0.74 ^ output4/A (sky130_fd_sc_hd__buf_2)
     1    0.03    0.17    0.26    1.00 ^ output4/X (sky130_fd_sc_hd__buf_2)
                                         count[11] (net)
                  0.17    0.00    1.00 ^ count[11] (out)
                                  1.00   data arrival time

                         10.00   10.00   clock clk (rise edge)
                          0.00   10.00   clock network delay (propagated)
                         -0.25    9.75   clock uncertainty
                          0.00    9.75   clock reconvergence pessimism
                         -2.00    7.75   output external delay
                                  7.75   data required time
-----------------------------------------------------------------------------
                                  7.75   data required time
                                 -1.00   data arrival time
-----------------------------------------------------------------------------
                                  6.75   slack (MET)


Startpoint: _105_ (rising edge-triggered flip-flop clocked by clk)
Endpoint: count[15] (output port clocked by clk)
Path Group: clk
Path Type: max

Fanout     Cap    Slew   Delay    Time   Description
-----------------------------------------------------------------------------
                          0.00    0.00   clock clk (rise edge)
                          0.00    0.00   clock source latency
     1    0.01    0.04    0.03    0.03 ^ clk (in)
                                         clk (net)
                  0.04    0.00    0.03 ^ clkbuf_0_clk/A (sky130_fd_sc_hd__clkbuf_16)
     2    0.02    0.04    0.13    0.16 ^ clkbuf_0_clk/X (sky130_fd_sc_hd__clkbuf_16)
                                         clknet_0_clk (net)
                  0.04    0.00    0.16 ^ clkbuf_1_0__f_clk/A (sky130_fd_sc_hd__clkbuf_16)
     8    0.02    0.04    0.13    0.29 ^ clkbuf_1_0__f_clk/X (sky130_fd_sc_hd__clkbuf_16)
                                         clknet_1_0__leaf_clk (net)
                  0.04    0.00    0.29 ^ _105_/CLK (sky130_fd_sc_hd__dfxtp_1)
     3    0.02    0.18    0.42    0.71 ^ _105_/Q (sky130_fd_sc_hd__dfxtp_1)
                                         net8 (net)
                  0.18    0.00    0.71 ^ output8/A (sky130_fd_sc_hd__buf_2)
     1    0.03    0.17    0.26    0.97 ^ output8/X (sky130_fd_sc_hd__buf_2)
                                         count[15] (net)
                  0.17    0.00    0.97 ^ count[15] (out)
                                  0.97   data arrival time

                         10.00   10.00   clock clk (rise edge)
                          0.00   10.00   clock network delay (propagated)
                         -0.25    9.75   clock uncertainty
                          0.00    9.75   clock reconvergence pessimism
                         -2.00    7.75   output external delay
                                  7.75   data required time
-----------------------------------------------------------------------------
                                  7.75   data required time
                                 -0.97   data arrival time
-----------------------------------------------------------------------------
                                  6.78   slack (MET)


Startpoint: _103_ (rising edge-triggered flip-flop clocked by clk)
Endpoint: count[13] (output port clocked by clk)
Path Group: clk
Path Type: max

Fanout     Cap    Slew   Delay    Time   Description
-----------------------------------------------------------------------------
                          0.00    0.00   clock clk (rise edge)
                          0.00    0.00   clock source latency
     1    0.01    0.04    0.03    0.03 ^ clk (in)
                                         clk (net)
                  0.04    0.00    0.03 ^ clkbuf_0_clk/A (sky130_fd_sc_hd__clkbuf_16)
     2    0.02    0.04    0.13    0.16 ^ clkbuf_0_clk/X (sky130_fd_sc_hd__clkbuf_16)
                                         clknet_0_clk (net)
                  0.04    0.00    0.16 ^ clkbuf_1_1__f_clk/A (sky130_fd_sc_hd__clkbuf_16)
     8    0.02    0.04    0.13    0.28 ^ clkbuf_1_1__f_clk/X (sky130_fd_sc_hd__clkbuf_16)
                                         clknet_1_1__leaf_clk (net)
                  0.04    0.00    0.29 ^ _103_/CLK (sky130_fd_sc_hd__dfxtp_1)
     4    0.02    0.19    0.43    0.72 ^ _103_/Q (sky130_fd_sc_hd__dfxtp_1)
                                         net6 (net)
                  0.19    0.00    0.72 ^ output6/A (sky130_fd_sc_hd__clkbuf_4)
     1    0.03    0.11    0.25    0.97 ^ output6/X (sky130_fd_sc_hd__clkbuf_4)
                                         count[13] (net)
                  0.11    0.00    0.97 ^ count[13] (out)
                                  0.97   data arrival time

                         10.00   10.00   clock clk (rise edge)
                          0.00   10.00   clock network delay (propagated)
                         -0.25    9.75   clock uncertainty
                          0.00    9.75   clock reconvergence pessimism
                         -2.00    7.75   output external delay
                                  7.75   data required time
-----------------------------------------------------------------------------
                                  7.75   data required time
                                 -0.97   data arrival time
-----------------------------------------------------------------------------
                                  6.78   slack (MET)


Startpoint: _099_ (rising edge-triggered flip-flop clocked by clk)
Endpoint: count[9] (output port clocked by clk)
Path Group: clk
Path Type: max

Fanout     Cap    Slew   Delay    Time   Description
-----------------------------------------------------------------------------
                          0.00    0.00   clock clk (rise edge)
                          0.00    0.00   clock source latency
     1    0.01    0.04    0.03    0.03 ^ clk (in)
                                         clk (net)
                  0.04    0.00    0.03 ^ clkbuf_0_clk/A (sky130_fd_sc_hd__clkbuf_16)
     2    0.02    0.04    0.13    0.16 ^ clkbuf_0_clk/X (sky130_fd_sc_hd__clkbuf_16)
                                         clknet_0_clk (net)
                  0.04    0.00    0.16 ^ clkbuf_1_1__f_clk/A (sky130_fd_sc_hd__clkbuf_16)
     8    0.02    0.04    0.13    0.28 ^ clkbuf_1_1__f_clk/X (sky130_fd_sc_hd__clkbuf_16)
                                         clknet_1_1__leaf_clk (net)
                  0.04    0.00    0.29 ^ _099_/CLK (sky130_fd_sc_hd__dfxtp_1)
     4    0.02    0.18    0.42    0.70 ^ _099_/Q (sky130_fd_sc_hd__dfxtp_1)
                                         net17 (net)
                  0.18    0.00    0.70 ^ output17/A (sky130_fd_sc_hd__buf_2)
     1    0.04    0.18    0.26    0.97 ^ output17/X (sky130_fd_sc_hd__buf_2)
                                         count[9] (net)
                  0.18    0.00    0.97 ^ count[9] (out)
                                  0.97   data arrival time

                         10.00   10.00   clock clk (rise edge)
                          0.00   10.00   clock network delay (propagated)
                         -0.25    9.75   clock uncertainty
                          0.00    9.75   clock reconvergence pessimism
                         -2.00    7.75   output external delay
                                  7.75   data required time
-----------------------------------------------------------------------------
                                  7.75   data required time
                                 -0.97   data arrival time
-----------------------------------------------------------------------------
                                  6.78   slack (MET)


Startpoint: _096_ (rising edge-triggered flip-flop clocked by clk)
Endpoint: count[6] (output port clocked by clk)
Path Group: clk
Path Type: max

Fanout     Cap    Slew   Delay    Time   Description
-----------------------------------------------------------------------------
                          0.00    0.00   clock clk (rise edge)
                          0.00    0.00   clock source latency
     1    0.01    0.04    0.03    0.03 ^ clk (in)
                                         clk (net)
                  0.04    0.00    0.03 ^ clkbuf_0_clk/A (sky130_fd_sc_hd__clkbuf_16)
     2    0.02    0.04    0.13    0.16 ^ clkbuf_0_clk/X (sky130_fd_sc_hd__clkbuf_16)
                                         clknet_0_clk (net)
                  0.04    0.00    0.16 ^ clkbuf_1_1__f_clk/A (sky130_fd_sc_hd__clkbuf_16)
     8    0.02    0.04    0.13    0.28 ^ clkbuf_1_1__f_clk/X (sky130_fd_sc_hd__clkbuf_16)
                                         clknet_1_1__leaf_clk (net)
                  0.04    0.00    0.29 ^ _096_/CLK (sky130_fd_sc_hd__dfxtp_1)
     4    0.02    0.18    0.42    0.71 ^ _096_/Q (sky130_fd_sc_hd__dfxtp_1)
                                         net14 (net)
                  0.18    0.00    0.71 ^ output14/A (sky130_fd_sc_hd__buf_2)
     1    0.03    0.17    0.25    0.96 ^ output14/X (sky130_fd_sc_hd__buf_2)
                                         count[6] (net)
                  0.17    0.00    0.96 ^ count[6] (out)
                                  0.96   data arrival time

                         10.00   10.00   clock clk (rise edge)
                          0.00   10.00   clock network delay (propagated)
                         -0.25    9.75   clock uncertainty
                          0.00    9.75   clock reconvergence pessimism
                         -2.00    7.75   output external delay
                                  7.75   data required time
-----------------------------------------------------------------------------
                                  7.75   data required time
                                 -0.96   data arrival time
-----------------------------------------------------------------------------
                                  6.79   slack (MET)


Startpoint: _097_ (rising edge-triggered flip-flop clocked by clk)
Endpoint: count[7] (output port clocked by clk)
Path Group: clk
Path Type: max

Fanout     Cap    Slew   Delay    Time   Description
-----------------------------------------------------------------------------
                          0.00    0.00   clock clk (rise edge)
                          0.00    0.00   clock source latency
     1    0.01    0.04    0.03    0.03 ^ clk (in)
                                         clk (net)
                  0.04    0.00    0.03 ^ clkbuf_0_clk/A (sky130_fd_sc_hd__clkbuf_16)
     2    0.02    0.04    0.13    0.16 ^ clkbuf_0_clk/X (sky130_fd_sc_hd__clkbuf_16)
                                         clknet_0_clk (net)
                  0.04    0.00    0.16 ^ clkbuf_1_1__f_clk/A (sky130_fd_sc_hd__clkbuf_16)
     8    0.02    0.04    0.13    0.28 ^ clkbuf_1_1__f_clk/X (sky130_fd_sc_hd__clkbuf_16)
                                         clknet_1_1__leaf_clk (net)
                  0.04    0.00    0.29 ^ _097_/CLK (sky130_fd_sc_hd__dfxtp_1)
     3    0.02    0.17    0.41    0.70 ^ _097_/Q (sky130_fd_sc_hd__dfxtp_1)
                                         net15 (net)
                  0.17    0.00    0.70 ^ output15/A (sky130_fd_sc_hd__buf_2)
     1    0.04    0.18    0.26    0.96 ^ output15/X (sky130_fd_sc_hd__buf_2)
                                         count[7] (net)
                  0.18    0.00    0.96 ^ count[7] (out)
                                  0.96   data arrival time

                         10.00   10.00   clock clk (rise edge)
                          0.00   10.00   clock network delay (propagated)
                         -0.25    9.75   clock uncertainty
                          0.00    9.75   clock reconvergence pessimism
                         -2.00    7.75   output external delay
                                  7.75   data required time
-----------------------------------------------------------------------------
                                  7.75   data required time
                                 -0.96   data arrival time
-----------------------------------------------------------------------------
                                  6.79   slack (MET)


Startpoint: _111_ (rising edge-triggered flip-flop clocked by clk)
Endpoint: count[5] (output port clocked by clk)
Path Group: clk
Path Type: max

Fanout     Cap    Slew   Delay    Time   Description
-----------------------------------------------------------------------------
                          0.00    0.00   clock clk (rise edge)
                          0.00    0.00   clock source latency
     1    0.01    0.04    0.03    0.03 ^ clk (in)
                                         clk (net)
                  0.04    0.00    0.03 ^ clkbuf_0_clk/A (sky130_fd_sc_hd__clkbuf_16)
     2    0.02    0.04    0.13    0.16 ^ clkbuf_0_clk/X (sky130_fd_sc_hd__clkbuf_16)
                                         clknet_0_clk (net)
                  0.04    0.00    0.16 ^ clkbuf_1_0__f_clk/A (sky130_fd_sc_hd__clkbuf_16)
     8    0.02    0.04    0.13    0.29 ^ clkbuf_1_0__f_clk/X (sky130_fd_sc_hd__clkbuf_16)
                                         clknet_1_0__leaf_clk (net)
                  0.04    0.00    0.29 ^ _111_/CLK (sky130_fd_sc_hd__dfxtp_1)
     3    0.02    0.16    0.41    0.69 ^ _111_/Q (sky130_fd_sc_hd__dfxtp_1)
                                         net13 (net)
                  0.16    0.00    0.69 ^ output13/A (sky130_fd_sc_hd__buf_2)
     1    0.03    0.17    0.25    0.94 ^ output13/X (sky130_fd_sc_hd__buf_2)
                                         count[5] (net)
                  0.17    0.00    0.94 ^ count[5] (out)
                                  0.94   data arrival time

                         10.00   10.00   clock clk (rise edge)
                          0.00   10.00   clock network delay (propagated)
                         -0.25    9.75   clock uncertainty
                          0.00    9.75   clock reconvergence pessimism
                         -2.00    7.75   output external delay
                                  7.75   data required time
-----------------------------------------------------------------------------
                                  7.75   data required time
                                 -0.94   data arrival time
-----------------------------------------------------------------------------
                                  6.81   slack (MET)


Startpoint: _104_ (rising edge-triggered flip-flop clocked by clk)
Endpoint: count[14] (output port clocked by clk)
Path Group: clk
Path Type: max

Fanout     Cap    Slew   Delay    Time   Description
-----------------------------------------------------------------------------
                          0.00    0.00   clock clk (rise edge)
                          0.00    0.00   clock source latency
     1    0.01    0.04    0.03    0.03 ^ clk (in)
                                         clk (net)
                  0.04    0.00    0.03 ^ clkbuf_0_clk/A (sky130_fd_sc_hd__clkbuf_16)
     2    0.02    0.04    0.13    0.16 ^ clkbuf_0_clk/X (sky130_fd_sc_hd__clkbuf_16)
                                         clknet_0_clk (net)
                  0.04    0.00    0.16 ^ clkbuf_1_1__f_clk/A (sky130_fd_sc_hd__clkbuf_16)
     8    0.02    0.04    0.13    0.28 ^ clkbuf_1_1__f_clk/X (sky130_fd_sc_hd__clkbuf_16)
                                         clknet_1_1__leaf_clk (net)
                  0.04    0.00    0.29 ^ _104_/CLK (sky130_fd_sc_hd__dfxtp_1)
     3    0.02    0.17    0.41    0.70 ^ _104_/Q (sky130_fd_sc_hd__dfxtp_1)
                                         net7 (net)
                  0.17    0.00    0.70 ^ output7/A (sky130_fd_sc_hd__clkbuf_4)
     1    0.03    0.11    0.24    0.94 ^ output7/X (sky130_fd_sc_hd__clkbuf_4)
                                         count[14] (net)
                  0.11    0.00    0.94 ^ count[14] (out)
                                  0.94   data arrival time

                         10.00   10.00   clock clk (rise edge)
                          0.00   10.00   clock network delay (propagated)
                         -0.25    9.75   clock uncertainty
                          0.00    9.75   clock reconvergence pessimism
                         -2.00    7.75   output external delay
                                  7.75   data required time
-----------------------------------------------------------------------------
                                  7.75   data required time
                                 -0.94   data arrival time
-----------------------------------------------------------------------------
                                  6.81   slack (MET)


Startpoint: _100_ (rising edge-triggered flip-flop clocked by clk)
Endpoint: count[10] (output port clocked by clk)
Path Group: clk
Path Type: max

Fanout     Cap    Slew   Delay    Time   Description
-----------------------------------------------------------------------------
                          0.00    0.00   clock clk (rise edge)
                          0.00    0.00   clock source latency
     1    0.01    0.04    0.03    0.03 ^ clk (in)
                                         clk (net)
                  0.04    0.00    0.03 ^ clkbuf_0_clk/A (sky130_fd_sc_hd__clkbuf_16)
     2    0.02    0.04    0.13    0.16 ^ clkbuf_0_clk/X (sky130_fd_sc_hd__clkbuf_16)
                                         clknet_0_clk (net)
                  0.04    0.00    0.16 ^ clkbuf_1_1__f_clk/A (sky130_fd_sc_hd__clkbuf_16)
     8    0.02    0.04    0.13    0.28 ^ clkbuf_1_1__f_clk/X (sky130_fd_sc_hd__clkbuf_16)
                                         clknet_1_1__leaf_clk (net)
                  0.04    0.00    0.29 ^ _100_/CLK (sky130_fd_sc_hd__dfxtp_1)
     3    0.02    0.16    0.41    0.69 ^ _100_/Q (sky130_fd_sc_hd__dfxtp_1)
                                         net3 (net)
                  0.16    0.00    0.69 ^ output3/A (sky130_fd_sc_hd__clkbuf_4)
     1    0.04    0.12    0.24    0.93 ^ output3/X (sky130_fd_sc_hd__clkbuf_4)
                                         count[10] (net)
                  0.12    0.00    0.93 ^ count[10] (out)
                                  0.93   data arrival time

                         10.00   10.00   clock clk (rise edge)
                          0.00   10.00   clock network delay (propagated)
                         -0.25    9.75   clock uncertainty
                          0.00    9.75   clock reconvergence pessimism
                         -2.00    7.75   output external delay
                                  7.75   data required time
-----------------------------------------------------------------------------
                                  7.75   data required time
                                 -0.93   data arrival time
-----------------------------------------------------------------------------
                                  6.82   slack (MET)


Startpoint: _106_ (rising edge-triggered flip-flop clocked by clk)
Endpoint: count[0] (output port clocked by clk)
Path Group: clk
Path Type: max

Fanout     Cap    Slew   Delay    Time   Description
-----------------------------------------------------------------------------
                          0.00    0.00   clock clk (rise edge)
                          0.00    0.00   clock source latency
     1    0.01    0.04    0.03    0.03 ^ clk (in)
                                         clk (net)
                  0.04    0.00    0.03 ^ clkbuf_0_clk/A (sky130_fd_sc_hd__clkbuf_16)
     2    0.02    0.04    0.13    0.16 ^ clkbuf_0_clk/X (sky130_fd_sc_hd__clkbuf_16)
                                         clknet_0_clk (net)
                  0.04    0.00    0.16 ^ clkbuf_1_0__f_clk/A (sky130_fd_sc_hd__clkbuf_16)
     8    0.02    0.04    0.13    0.29 ^ clkbuf_1_0__f_clk/X (sky130_fd_sc_hd__clkbuf_16)
                                         clknet_1_0__leaf_clk (net)
                  0.04    0.00    0.29 ^ _106_/CLK (sky130_fd_sc_hd__dfxtp_2)
     6    0.02    0.13    0.40    0.69 ^ _106_/Q (sky130_fd_sc_hd__dfxtp_2)
                                         net2 (net)
                  0.13    0.00    0.69 ^ output2/A (sky130_fd_sc_hd__buf_2)
     1    0.03    0.17    0.24    0.93 ^ output2/X (sky130_fd_sc_hd__buf_2)
                                         count[0] (net)
                  0.17    0.00    0.93 ^ count[0] (out)
                                  0.93   data arrival time

                         10.00   10.00   clock clk (rise edge)
                          0.00   10.00   clock network delay (propagated)
                         -0.25    9.75   clock uncertainty
                          0.00    9.75   clock reconvergence pessimism
                         -2.00    7.75   output external delay
                                  7.75   data required time
-----------------------------------------------------------------------------
                                  7.75   data required time
                                 -0.93   data arrival time
-----------------------------------------------------------------------------
                                  6.82   slack (MET)


Startpoint: _107_ (rising edge-triggered flip-flop clocked by clk)
Endpoint: count[1] (output port clocked by clk)
Path Group: clk
Path Type: max

Fanout     Cap    Slew   Delay    Time   Description
-----------------------------------------------------------------------------
                          0.00    0.00   clock clk (rise edge)
                          0.00    0.00   clock source latency
     1    0.01    0.04    0.03    0.03 ^ clk (in)
                                         clk (net)
                  0.04    0.00    0.03 ^ clkbuf_0_clk/A (sky130_fd_sc_hd__clkbuf_16)
     2    0.02    0.04    0.13    0.16 ^ clkbuf_0_clk/X (sky130_fd_sc_hd__clkbuf_16)
                                         clknet_0_clk (net)
                  0.04    0.00    0.16 ^ clkbuf_1_0__f_clk/A (sky130_fd_sc_hd__clkbuf_16)
     8    0.02    0.04    0.13    0.29 ^ clkbuf_1_0__f_clk/X (sky130_fd_sc_hd__clkbuf_16)
                                         clknet_1_0__leaf_clk (net)
                  0.04    0.00    0.29 ^ _107_/CLK (sky130_fd_sc_hd__dfxtp_2)
     6    0.02    0.13    0.40    0.69 ^ _107_/Q (sky130_fd_sc_hd__dfxtp_2)
                                         net9 (net)
                  0.13    0.00    0.69 ^ output9/A (sky130_fd_sc_hd__buf_2)
     1    0.03    0.17    0.24    0.93 ^ output9/X (sky130_fd_sc_hd__buf_2)
                                         count[1] (net)
                  0.17    0.00    0.93 ^ count[1] (out)
                                  0.93   data arrival time

                         10.00   10.00   clock clk (rise edge)
                          0.00   10.00   clock network delay (propagated)
                         -0.25    9.75   clock uncertainty
                          0.00    9.75   clock reconvergence pessimism
                         -2.00    7.75   output external delay
                                  7.75   data required time
-----------------------------------------------------------------------------
                                  7.75   data required time
                                 -0.93   data arrival time
-----------------------------------------------------------------------------
                                  6.82   slack (MET)


Startpoint: _098_ (rising edge-triggered flip-flop clocked by clk)
Endpoint: count[8] (output port clocked by clk)
Path Group: clk
Path Type: max

Fanout     Cap    Slew   Delay    Time   Description
-----------------------------------------------------------------------------
                          0.00    0.00   clock clk (rise edge)
                          0.00    0.00   clock source latency
     1    0.01    0.04    0.03    0.03 ^ clk (in)
                                         clk (net)
                  0.04    0.00    0.03 ^ clkbuf_0_clk/A (sky130_fd_sc_hd__clkbuf_16)
     2    0.02    0.04    0.13    0.16 ^ clkbuf_0_clk/X (sky130_fd_sc_hd__clkbuf_16)
                                         clknet_0_clk (net)
                  0.04    0.00    0.16 ^ clkbuf_1_1__f_clk/A (sky130_fd_sc_hd__clkbuf_16)
     8    0.02    0.04    0.13    0.28 ^ clkbuf_1_1__f_clk/X (sky130_fd_sc_hd__clkbuf_16)
                                         clknet_1_1__leaf_clk (net)
                  0.04    0.00    0.29 ^ _098_/CLK (sky130_fd_sc_hd__dfxtp_2)
     6    0.03    0.13    0.40    0.69 ^ _098_/Q (sky130_fd_sc_hd__dfxtp_2)
                                         net16 (net)
                  0.13    0.00    0.69 ^ output16/A (sky130_fd_sc_hd__buf_2)
     1    0.03    0.17    0.24    0.93 ^ output16/X (sky130_fd_sc_hd__buf_2)
                                         count[8] (net)
                  0.17    0.00    0.93 ^ count[8] (out)
                                  0.93   data arrival time

                         10.00   10.00   clock clk (rise edge)
                          0.00   10.00   clock network delay (propagated)
                         -0.25    9.75   clock uncertainty
                          0.00    9.75   clock reconvergence pessimism
                         -2.00    7.75   output external delay
                                  7.75   data required time
-----------------------------------------------------------------------------
                                  7.75   data required time
                                 -0.93   data arrival time
-----------------------------------------------------------------------------
                                  6.82   slack (MET)


Startpoint: _108_ (rising edge-triggered flip-flop clocked by clk)
Endpoint: count[2] (output port clocked by clk)
Path Group: clk
Path Type: max

Fanout     Cap    Slew   Delay    Time   Description
-----------------------------------------------------------------------------
                          0.00    0.00   clock clk (rise edge)
                          0.00    0.00   clock source latency
     1    0.01    0.04    0.03    0.03 ^ clk (in)
                                         clk (net)
                  0.04    0.00    0.03 ^ clkbuf_0_clk/A (sky130_fd_sc_hd__clkbuf_16)
     2    0.02    0.04    0.13    0.16 ^ clkbuf_0_clk/X (sky130_fd_sc_hd__clkbuf_16)
                                         clknet_0_clk (net)
                  0.04    0.00    0.16 ^ clkbuf_1_0__f_clk/A (sky130_fd_sc_hd__clkbuf_16)
     8    0.02    0.04    0.13    0.29 ^ clkbuf_1_0__f_clk/X (sky130_fd_sc_hd__clkbuf_16)
                                         clknet_1_0__leaf_clk (net)
                  0.04    0.00    0.29 ^ _108_/CLK (sky130_fd_sc_hd__dfxtp_1)
     4    0.01    0.14    0.39    0.68 ^ _108_/Q (sky130_fd_sc_hd__dfxtp_1)
                                         net10 (net)
                  0.14    0.00    0.68 ^ output10/A (sky130_fd_sc_hd__buf_2)
     1    0.03    0.17    0.24    0.93 ^ output10/X (sky130_fd_sc_hd__buf_2)
                                         count[2] (net)
                  0.17    0.00    0.93 ^ count[2] (out)
                                  0.93   data arrival time

                         10.00   10.00   clock clk (rise edge)
                          0.00   10.00   clock network delay (propagated)
                         -0.25    9.75   clock uncertainty
                          0.00    9.75   clock reconvergence pessimism
                         -2.00    7.75   output external delay
                                  7.75   data required time
-----------------------------------------------------------------------------
                                  7.75   data required time
                                 -0.93   data arrival time
-----------------------------------------------------------------------------
                                  6.82   slack (MET)


Startpoint: _102_ (rising edge-triggered flip-flop clocked by clk)
Endpoint: count[12] (output port clocked by clk)
Path Group: clk
Path Type: max

Fanout     Cap    Slew   Delay    Time   Description
-----------------------------------------------------------------------------
                          0.00    0.00   clock clk (rise edge)
                          0.00    0.00   clock source latency
     1    0.01    0.04    0.03    0.03 ^ clk (in)
                                         clk (net)
                  0.04    0.00    0.03 ^ clkbuf_0_clk/A (sky130_fd_sc_hd__clkbuf_16)
     2    0.02    0.04    0.13    0.16 ^ clkbuf_0_clk/X (sky130_fd_sc_hd__clkbuf_16)
                                         clknet_0_clk (net)
                  0.04    0.00    0.16 ^ clkbuf_1_1__f_clk/A (sky130_fd_sc_hd__clkbuf_16)
     8    0.02    0.04    0.13    0.28 ^ clkbuf_1_1__f_clk/X (sky130_fd_sc_hd__clkbuf_16)
                                         clknet_1_1__leaf_clk (net)
                  0.04    0.00    0.29 ^ _102_/CLK (sky130_fd_sc_hd__dfxtp_2)
     6    0.03    0.14    0.41    0.69 ^ _102_/Q (sky130_fd_sc_hd__dfxtp_2)
                                         net5 (net)
                  0.14    0.00    0.69 ^ output5/A (sky130_fd_sc_hd__clkbuf_4)
     1    0.03    0.11    0.23    0.92 ^ output5/X (sky130_fd_sc_hd__clkbuf_4)
                                         count[12] (net)
                  0.11    0.00    0.93 ^ count[12] (out)
                                  0.93   data arrival time

                         10.00   10.00   clock clk (rise edge)
                          0.00   10.00   clock network delay (propagated)
                         -0.25    9.75   clock uncertainty
                          0.00    9.75   clock reconvergence pessimism
                         -2.00    7.75   output external delay
                                  7.75   data required time
-----------------------------------------------------------------------------
                                  7.75   data required time
                                 -0.93   data arrival time
-----------------------------------------------------------------------------
                                  6.82   slack (MET)


Startpoint: _109_ (rising edge-triggered flip-flop clocked by clk)
Endpoint: count[3] (output port clocked by clk)
Path Group: clk
Path Type: max

Fanout     Cap    Slew   Delay    Time   Description
-----------------------------------------------------------------------------
                          0.00    0.00   clock clk (rise edge)
                          0.00    0.00   clock source latency
     1    0.01    0.04    0.03    0.03 ^ clk (in)
                                         clk (net)
                  0.04    0.00    0.03 ^ clkbuf_0_clk/A (sky130_fd_sc_hd__clkbuf_16)
     2    0.02    0.04    0.13    0.16 ^ clkbuf_0_clk/X (sky130_fd_sc_hd__clkbuf_16)
                                         clknet_0_clk (net)
                  0.04    0.00    0.16 ^ clkbuf_1_0__f_clk/A (sky130_fd_sc_hd__clkbuf_16)
     8    0.02    0.04    0.13    0.29 ^ clkbuf_1_0__f_clk/X (sky130_fd_sc_hd__clkbuf_16)
                                         clknet_1_0__leaf_clk (net)
                  0.04    0.00    0.29 ^ _109_/CLK (sky130_fd_sc_hd__dfxtp_1)
     3    0.01    0.12    0.38    0.67 ^ _109_/Q (sky130_fd_sc_hd__dfxtp_1)
                                         net11 (net)
                  0.12    0.00    0.67 ^ output11/A (sky130_fd_sc_hd__buf_2)
     1    0.03    0.17    0.24    0.90 ^ output11/X (sky130_fd_sc_hd__buf_2)
                                         count[3] (net)
                  0.17    0.00    0.91 ^ count[3] (out)
                                  0.91   data arrival time

                         10.00   10.00   clock clk (rise edge)
                          0.00   10.00   clock network delay (propagated)
                         -0.25    9.75   clock uncertainty
                          0.00    9.75   clock reconvergence pessimism
                         -2.00    7.75   output external delay
                                  7.75   data required time
-----------------------------------------------------------------------------
                                  7.75   data required time
                                 -0.91   data arrival time
-----------------------------------------------------------------------------
                                  6.84   slack (MET)


Startpoint: _110_ (rising edge-triggered flip-flop clocked by clk)
Endpoint: count[4] (output port clocked by clk)
Path Group: clk
Path Type: max

Fanout     Cap    Slew   Delay    Time   Description
-----------------------------------------------------------------------------
                          0.00    0.00   clock clk (rise edge)
                          0.00    0.00   clock source latency
     1    0.01    0.04    0.03    0.03 ^ clk (in)
                                         clk (net)
                  0.04    0.00    0.03 ^ clkbuf_0_clk/A (sky130_fd_sc_hd__clkbuf_16)
     2    0.02    0.04    0.13    0.16 ^ clkbuf_0_clk/X (sky130_fd_sc_hd__clkbuf_16)
                                         clknet_0_clk (net)
                  0.04    0.00    0.16 ^ clkbuf_1_0__f_clk/A (sky130_fd_sc_hd__clkbuf_16)
     8    0.02    0.04    0.13    0.29 ^ clkbuf_1_0__f_clk/X (sky130_fd_sc_hd__clkbuf_16)
                                         clknet_1_0__leaf_clk (net)
                  0.04    0.00    0.29 ^ _110_/CLK (sky130_fd_sc_hd__dfxtp_1)
     5    0.01    0.11    0.37    0.66 ^ _110_/Q (sky130_fd_sc_hd__dfxtp_1)
                                         net12 (net)
                  0.11    0.00    0.66 ^ output12/A (sky130_fd_sc_hd__buf_2)
     1    0.03    0.17    0.23    0.89 ^ output12/X (sky130_fd_sc_hd__buf_2)
                                         count[4] (net)
                  0.17    0.00    0.89 ^ count[4] (out)
                                  0.89   data arrival time

                         10.00   10.00   clock clk (rise edge)
                          0.00   10.00   clock network delay (propagated)
                         -0.25    9.75   clock uncertainty
                          0.00    9.75   clock reconvergence pessimism
                         -2.00    7.75   output external delay
                                  7.75   data required time
-----------------------------------------------------------------------------
                                  7.75   data required time
                                 -0.89   data arrival time
-----------------------------------------------------------------------------
                                  6.86   slack (MET)


Startpoint: rst (input port clocked by clk)
Endpoint: _098_ (rising edge-triggered flip-flop clocked by clk)
Path Group: clk
Path Type: max

Fanout     Cap    Slew   Delay    Time   Description
-----------------------------------------------------------------------------
                          0.00    0.00   clock clk (rise edge)
                          0.00    0.00   clock network delay (propagated)
                          2.00    2.00 ^ input external delay
     1    0.00    0.02    0.01    2.01 ^ rst (in)
                                         rst (net)
                  0.02    0.00    2.01 ^ input1/A (sky130_fd_sc_hd__buf_2)
     7    0.03    0.17    0.19    2.21 ^ input1/X (sky130_fd_sc_hd__buf_2)
                                         net1 (net)
                  0.17    0.00    2.21 ^ _052_/A (sky130_fd_sc_hd__buf_2)
    10    0.04    0.18    0.25    2.46 ^ _052_/X (sky130_fd_sc_hd__buf_2)
                                         _020_ (net)
                  0.18    0.00    2.46 ^ _060_/B1 (sky130_fd_sc_hd__a21oi_1)
     1    0.00    0.06    0.07    2.54 v _060_/Y (sky130_fd_sc_hd__a21oi_1)
                                         _026_ (net)
                  0.06    0.00    2.54 v _061_/B1 (sky130_fd_sc_hd__o21a_1)
     1    0.00    0.03    0.11    2.65 v _061_/X (sky130_fd_sc_hd__o21a_1)
                                         _002_ (net)
                  0.03    0.00    2.65 v _098_/D (sky130_fd_sc_hd__dfxtp_2)
                                  2.65   data arrival time

                         10.00   10.00   clock clk (rise edge)
                          0.00   10.00   clock source latency
     1    0.01    0.04    0.03   10.03 ^ clk (in)
                                         clk (net)
                  0.04    0.00   10.03 ^ clkbuf_0_clk/A (sky130_fd_sc_hd__clkbuf_16)
     2    0.02    0.04    0.11   10.14 ^ clkbuf_0_clk/X (sky130_fd_sc_hd__clkbuf_16)
                                         clknet_0_clk (net)
                  0.04    0.00   10.14 ^ clkbuf_1_1__f_clk/A (sky130_fd_sc_hd__clkbuf_16)
     8    0.02    0.04    0.12   10.26 ^ clkbuf_1_1__f_clk/X (sky130_fd_sc_hd__clkbuf_16)
                                         clknet_1_1__leaf_clk (net)
                  0.04    0.00   10.26 ^ _098_/CLK (sky130_fd_sc_hd__dfxtp_2)
                         -0.25   10.01   clock uncertainty
                          0.00   10.01   clock reconvergence pessimism
                         -0.11    9.90   library setup time
                                  9.90   data required time
-----------------------------------------------------------------------------
                                  9.90   data required time
                                 -2.65   data arrival time
-----------------------------------------------------------------------------
                                  7.25   slack (MET)


Startpoint: rst (input port clocked by clk)
Endpoint: _110_ (rising edge-triggered flip-flop clocked by clk)
Path Group: clk
Path Type: max

Fanout     Cap    Slew   Delay    Time   Description
-----------------------------------------------------------------------------
                          0.00    0.00   clock clk (rise edge)
                          0.00    0.00   clock network delay (propagated)
                          2.00    2.00 ^ input external delay
     1    0.00    0.02    0.01    2.01 ^ rst (in)
                                         rst (net)
                  0.02    0.00    2.01 ^ input1/A (sky130_fd_sc_hd__buf_2)
     7    0.03    0.17    0.19    2.21 ^ input1/X (sky130_fd_sc_hd__buf_2)
                                         net1 (net)
                  0.17    0.00    2.21 ^ _052_/A (sky130_fd_sc_hd__buf_2)
    10    0.04    0.18    0.25    2.46 ^ _052_/X (sky130_fd_sc_hd__buf_2)
                                         _020_ (net)
                  0.18    0.00    2.46 ^ _092_/B1 (sky130_fd_sc_hd__a21oi_1)
     1    0.00    0.06    0.07    2.54 v _092_/Y (sky130_fd_sc_hd__a21oi_1)
                                         _046_ (net)
                  0.06    0.00    2.54 v _093_/B1 (sky130_fd_sc_hd__o21a_1)
     1    0.00    0.04    0.11    2.65 v _093_/X (sky130_fd_sc_hd__o21a_1)
                                         _014_ (net)
                  0.04    0.00    2.65 v _110_/D (sky130_fd_sc_hd__dfxtp_1)
                                  2.65   data arrival time

                         10.00   10.00   clock clk (rise edge)
                          0.00   10.00   clock source latency
     1    0.01    0.04    0.03   10.03 ^ clk (in)
                                         clk (net)
                  0.04    0.00   10.03 ^ clkbuf_0_clk/A (sky130_fd_sc_hd__clkbuf_16)
     2    0.02    0.04    0.11   10.14 ^ clkbuf_0_clk/X (sky130_fd_sc_hd__clkbuf_16)
                                         clknet_0_clk (net)
                  0.04    0.00   10.14 ^ clkbuf_1_0__f_clk/A (sky130_fd_sc_hd__clkbuf_16)
     8    0.02    0.04    0.12   10.26 ^ clkbuf_1_0__f_clk/X (sky130_fd_sc_hd__clkbuf_16)
                                         clknet_1_0__leaf_clk (net)
                  0.04    0.00   10.26 ^ _110_/CLK (sky130_fd_sc_hd__dfxtp_1)
                         -0.25   10.01   clock uncertainty
                          0.00   10.01   clock reconvergence pessimism
                         -0.11    9.90   library setup time
                                  9.90   data required time
-----------------------------------------------------------------------------
                                  9.90   data required time
                                 -2.65   data arrival time
-----------------------------------------------------------------------------
                                  7.26   slack (MET)


Startpoint: rst (input port clocked by clk)
Endpoint: _101_ (rising edge-triggered flip-flop clocked by clk)
Path Group: clk
Path Type: max

Fanout     Cap    Slew   Delay    Time   Description
-----------------------------------------------------------------------------
                          0.00    0.00   clock clk (rise edge)
                          0.00    0.00   clock network delay (propagated)
                          2.00    2.00 ^ input external delay
     1    0.00    0.02    0.01    2.01 ^ rst (in)
                                         rst (net)
                  0.02    0.00    2.01 ^ input1/A (sky130_fd_sc_hd__buf_2)
     7    0.03    0.17    0.19    2.21 ^ input1/X (sky130_fd_sc_hd__buf_2)
                                         net1 (net)
                  0.17    0.00    2.21 ^ _052_/A (sky130_fd_sc_hd__buf_2)
    10    0.04    0.18    0.25    2.46 ^ _052_/X (sky130_fd_sc_hd__buf_2)
                                         _020_ (net)
                  0.18    0.00    2.46 ^ _069_/B1 (sky130_fd_sc_hd__a21oi_1)
     1    0.00    0.07    0.07    2.53 v _069_/Y (sky130_fd_sc_hd__a21oi_1)
                                         _032_ (net)
                  0.07    0.00    2.53 v _070_/B1 (sky130_fd_sc_hd__o21a_1)
     1    0.00    0.03    0.11    2.64 v _070_/X (sky130_fd_sc_hd__o21a_1)
                                         _005_ (net)
                  0.03    0.00    2.64 v _101_/D (sky130_fd_sc_hd__dfxtp_2)
                                  2.64   data arrival time

                         10.00   10.00   clock clk (rise edge)
                          0.00   10.00   clock source latency
     1    0.01    0.04    0.03   10.03 ^ clk (in)
                                         clk (net)
                  0.04    0.00   10.03 ^ clkbuf_0_clk/A (sky130_fd_sc_hd__clkbuf_16)
     2    0.02    0.04    0.11   10.14 ^ clkbuf_0_clk/X (sky130_fd_sc_hd__clkbuf_16)
                                         clknet_0_clk (net)
                  0.04    0.00   10.14 ^ clkbuf_1_0__f_clk/A (sky130_fd_sc_hd__clkbuf_16)
     8    0.02    0.04    0.12   10.26 ^ clkbuf_1_0__f_clk/X (sky130_fd_sc_hd__clkbuf_16)
                                         clknet_1_0__leaf_clk (net)
                  0.04    0.00   10.26 ^ _101_/CLK (sky130_fd_sc_hd__dfxtp_2)
                         -0.25   10.01   clock uncertainty
                          0.00   10.01   clock reconvergence pessimism
                         -0.11    9.90   library setup time
                                  9.90   data required time
-----------------------------------------------------------------------------
                                  9.90   data required time
                                 -2.64   data arrival time
-----------------------------------------------------------------------------
                                  7.26   slack (MET)


Startpoint: rst (input port clocked by clk)
Endpoint: _096_ (rising edge-triggered flip-flop clocked by clk)
Path Group: clk
Path Type: max

Fanout     Cap    Slew   Delay    Time   Description
-----------------------------------------------------------------------------
                          0.00    0.00   clock clk (rise edge)
                          0.00    0.00   clock network delay (propagated)
                          2.00    2.00 ^ input external delay
     1    0.00    0.02    0.01    2.01 ^ rst (in)
                                         rst (net)
                  0.02    0.00    2.01 ^ input1/A (sky130_fd_sc_hd__buf_2)
     7    0.03    0.17    0.19    2.21 ^ input1/X (sky130_fd_sc_hd__buf_2)
                                         net1 (net)
                  0.17    0.00    2.21 ^ _052_/A (sky130_fd_sc_hd__buf_2)
    10    0.04    0.18    0.25    2.46 ^ _052_/X (sky130_fd_sc_hd__buf_2)
                                         _020_ (net)
                  0.18    0.00    2.46 ^ _054_/A (sky130_fd_sc_hd__nor2_1)
     1    0.00    0.05    0.08    2.54 v _054_/Y (sky130_fd_sc_hd__nor2_1)
                                         _022_ (net)
                  0.05    0.00    2.54 v _055_/B1 (sky130_fd_sc_hd__o21a_1)
     1    0.00    0.03    0.10    2.64 v _055_/X (sky130_fd_sc_hd__o21a_1)
                                         _000_ (net)
                  0.03    0.00    2.64 v _096_/D (sky130_fd_sc_hd__dfxtp_1)
                                  2.64   data arrival time

                         10.00   10.00   clock clk (rise edge)
                          0.00   10.00   clock source latency
     1    0.01    0.04    0.03   10.03 ^ clk (in)
                                         clk (net)
                  0.04    0.00   10.03 ^ clkbuf_0_clk/A (sky130_fd_sc_hd__clkbuf_16)
     2    0.02    0.04    0.11   10.14 ^ clkbuf_0_clk/X (sky130_fd_sc_hd__clkbuf_16)
                                         clknet_0_clk (net)
                  0.04    0.00   10.14 ^ clkbuf_1_1__f_clk/A (sky130_fd_sc_hd__clkbuf_16)
     8    0.02    0.04    0.12   10.26 ^ clkbuf_1_1__f_clk/X (sky130_fd_sc_hd__clkbuf_16)
                                         clknet_1_1__leaf_clk (net)
                  0.04    0.00   10.26 ^ _096_/CLK (sky130_fd_sc_hd__dfxtp_1)
                         -0.25   10.01   clock uncertainty
                          0.00   10.01   clock reconvergence pessimism
                         -0.11    9.90   library setup time
                                  9.90   data required time
-----------------------------------------------------------------------------
                                  9.90   data required time
                                 -2.64   data arrival time
-----------------------------------------------------------------------------
                                  7.26   slack (MET)


Startpoint: rst (input port clocked by clk)
Endpoint: _107_ (rising edge-triggered flip-flop clocked by clk)
Path Group: clk
Path Type: max

Fanout     Cap    Slew   Delay    Time   Description
-----------------------------------------------------------------------------
                          0.00    0.00   clock clk (rise edge)
                          0.00    0.00   clock network delay (propagated)
                          2.00    2.00 ^ input external delay
     1    0.00    0.02    0.01    2.01 ^ rst (in)
                                         rst (net)
                  0.02    0.00    2.01 ^ input1/A (sky130_fd_sc_hd__buf_2)
     7    0.03    0.17    0.19    2.21 ^ input1/X (sky130_fd_sc_hd__buf_2)
                                         net1 (net)
                  0.17    0.00    2.21 ^ _052_/A (sky130_fd_sc_hd__buf_2)
    10    0.04    0.18    0.25    2.46 ^ _052_/X (sky130_fd_sc_hd__buf_2)
                                         _020_ (net)
                  0.18    0.00    2.46 ^ _085_/B1 (sky130_fd_sc_hd__a21oi_1)
     1    0.00    0.05    0.06    2.52 v _085_/Y (sky130_fd_sc_hd__a21oi_1)
                                         _042_ (net)
                  0.05    0.00    2.52 v _086_/B1 (sky130_fd_sc_hd__o21a_1)
     1    0.00    0.04    0.11    2.63 v _086_/X (sky130_fd_sc_hd__o21a_1)
                                         _011_ (net)
                  0.04    0.00    2.63 v _107_/D (sky130_fd_sc_hd__dfxtp_2)
                                  2.63   data arrival time

                         10.00   10.00   clock clk (rise edge)
                          0.00   10.00   clock source latency
     1    0.01    0.04    0.03   10.03 ^ clk (in)
                                         clk (net)
                  0.04    0.00   10.03 ^ clkbuf_0_clk/A (sky130_fd_sc_hd__clkbuf_16)
     2    0.02    0.04    0.11   10.14 ^ clkbuf_0_clk/X (sky130_fd_sc_hd__clkbuf_16)
                                         clknet_0_clk (net)
                  0.04    0.00   10.14 ^ clkbuf_1_0__f_clk/A (sky130_fd_sc_hd__clkbuf_16)
     8    0.02    0.04    0.12   10.26 ^ clkbuf_1_0__f_clk/X (sky130_fd_sc_hd__clkbuf_16)
                                         clknet_1_0__leaf_clk (net)
                  0.04    0.00   10.26 ^ _107_/CLK (sky130_fd_sc_hd__dfxtp_2)
                         -0.25   10.01   clock uncertainty
                          0.00   10.01   clock reconvergence pessimism
                         -0.11    9.90   library setup time
                                  9.90   data required time
-----------------------------------------------------------------------------
                                  9.90   data required time
                                 -2.63   data arrival time
-----------------------------------------------------------------------------
                                  7.26   slack (MET)


Startpoint: rst (input port clocked by clk)
Endpoint: _105_ (rising edge-triggered flip-flop clocked by clk)
Path Group: clk
Path Type: max

Fanout     Cap    Slew   Delay    Time   Description
-----------------------------------------------------------------------------
                          0.00    0.00   clock clk (rise edge)
                          0.00    0.00   clock network delay (propagated)
                          2.00    2.00 v input external delay
     1    0.00    0.01    0.01    2.01 v rst (in)
                                         rst (net)
                  0.01    0.00    2.01 v input1/A (sky130_fd_sc_hd__buf_2)
     7    0.03    0.08    0.17    2.17 v input1/X (sky130_fd_sc_hd__buf_2)
                                         net1 (net)
                  0.08    0.00    2.18 v _080_/B1 (sky130_fd_sc_hd__a41o_1)
     1    0.00    0.04    0.23    2.40 v _080_/X (sky130_fd_sc_hd__a41o_1)
                                         _039_ (net)
                  0.04    0.00    2.40 v _082_/A_N (sky130_fd_sc_hd__and2b_1)
     1    0.00    0.05    0.20    2.60 ^ _082_/X (sky130_fd_sc_hd__and2b_1)
                                         _041_ (net)
                  0.05    0.00    2.60 ^ _083_/A (sky130_fd_sc_hd__clkbuf_1)
     1    0.00    0.04    0.08    2.68 ^ _083_/X (sky130_fd_sc_hd__clkbuf_1)
                                         _009_ (net)
                  0.04    0.00    2.68 ^ _105_/D (sky130_fd_sc_hd__dfxtp_1)
                                  2.68   data arrival time

                         10.00   10.00   clock clk (rise edge)
                          0.00   10.00   clock source latency
     1    0.01    0.04    0.03   10.03 ^ clk (in)
                                         clk (net)
                  0.04    0.00   10.03 ^ clkbuf_0_clk/A (sky130_fd_sc_hd__clkbuf_16)
     2    0.02    0.04    0.11   10.14 ^ clkbuf_0_clk/X (sky130_fd_sc_hd__clkbuf_16)
                                         clknet_0_clk (net)
                  0.04    0.00   10.14 ^ clkbuf_1_0__f_clk/A (sky130_fd_sc_hd__clkbuf_16)
     8    0.02    0.04    0.12   10.26 ^ clkbuf_1_0__f_clk/X (sky130_fd_sc_hd__clkbuf_16)
                                         clknet_1_0__leaf_clk (net)
                  0.04    0.00   10.26 ^ _105_/CLK (sky130_fd_sc_hd__dfxtp_1)
                         -0.25   10.01   clock uncertainty
                          0.00   10.01   clock reconvergence pessimism
                         -0.05    9.96   library setup time
                                  9.96   data required time
-----------------------------------------------------------------------------
                                  9.96   data required time
                                 -2.68   data arrival time
-----------------------------------------------------------------------------
                                  7.28   slack (MET)


Startpoint: rst (input port clocked by clk)
Endpoint: _103_ (rising edge-triggered flip-flop clocked by clk)
Path Group: clk
Path Type: max

Fanout     Cap    Slew   Delay    Time   Description
-----------------------------------------------------------------------------
                          0.00    0.00   clock clk (rise edge)
                          0.00    0.00   clock network delay (propagated)
                          2.00    2.00 ^ input external delay
     1    0.00    0.02    0.01    2.01 ^ rst (in)
                                         rst (net)
                  0.02    0.00    2.01 ^ input1/A (sky130_fd_sc_hd__buf_2)
     7    0.03    0.17    0.19    2.21 ^ input1/X (sky130_fd_sc_hd__buf_2)
                                         net1 (net)
                  0.17    0.00    2.21 ^ _052_/A (sky130_fd_sc_hd__buf_2)
    10    0.04    0.18    0.25    2.46 ^ _052_/X (sky130_fd_sc_hd__buf_2)
                                         _020_ (net)
                  0.18    0.00    2.46 ^ _076_/A (sky130_fd_sc_hd__nor3_1)
     1    0.00    0.06    0.09    2.55 v _076_/Y (sky130_fd_sc_hd__nor3_1)
                                         _007_ (net)
                  0.06    0.00    2.55 v _103_/D (sky130_fd_sc_hd__dfxtp_1)
                                  2.55   data arrival time

                         10.00   10.00   clock clk (rise edge)
                          0.00   10.00   clock source latency
     1    0.01    0.04    0.03   10.03 ^ clk (in)
                                         clk (net)
                  0.04    0.00   10.03 ^ clkbuf_0_clk/A (sky130_fd_sc_hd__clkbuf_16)
     2    0.02    0.04    0.11   10.14 ^ clkbuf_0_clk/X (sky130_fd_sc_hd__clkbuf_16)
                                         clknet_0_clk (net)
                  0.04    0.00   10.14 ^ clkbuf_1_1__f_clk/A (sky130_fd_sc_hd__clkbuf_16)
     8    0.02    0.04    0.12   10.26 ^ clkbuf_1_1__f_clk/X (sky130_fd_sc_hd__clkbuf_16)
                                         clknet_1_1__leaf_clk (net)
                  0.04    0.00   10.26 ^ _103_/CLK (sky130_fd_sc_hd__dfxtp_1)
                         -0.25   10.01   clock uncertainty
                          0.00   10.01   clock reconvergence pessimism
                         -0.12    9.89   library setup time
                                  9.89   data required time
-----------------------------------------------------------------------------
                                  9.89   data required time
                                 -2.55   data arrival time
-----------------------------------------------------------------------------
                                  7.34   slack (MET)


Startpoint: rst (input port clocked by clk)
Endpoint: _099_ (rising edge-triggered flip-flop clocked by clk)
Path Group: clk
Path Type: max

Fanout     Cap    Slew   Delay    Time   Description
-----------------------------------------------------------------------------
                          0.00    0.00   clock clk (rise edge)
                          0.00    0.00   clock network delay (propagated)
                          2.00    2.00 ^ input external delay
     1    0.00    0.02    0.01    2.01 ^ rst (in)
                                         rst (net)
                  0.02    0.00    2.01 ^ input1/A (sky130_fd_sc_hd__buf_2)
     7    0.03    0.17    0.19    2.21 ^ input1/X (sky130_fd_sc_hd__buf_2)
                                         net1 (net)
                  0.17    0.00    2.21 ^ _052_/A (sky130_fd_sc_hd__buf_2)
    10    0.04    0.18    0.25    2.46 ^ _052_/X (sky130_fd_sc_hd__buf_2)
                                         _020_ (net)
                  0.18    0.00    2.46 ^ _064_/A (sky130_fd_sc_hd__nor3_1)
     1    0.00    0.05    0.08    2.55 v _064_/Y (sky130_fd_sc_hd__nor3_1)
                                         _003_ (net)
                  0.05    0.00    2.55 v _099_/D (sky130_fd_sc_hd__dfxtp_1)
                                  2.55   data arrival time

                         10.00   10.00   clock clk (rise edge)
                          0.00   10.00   clock source latency
     1    0.01    0.04    0.03   10.03 ^ clk (in)
                                         clk (net)
                  0.04    0.00   10.03 ^ clkbuf_0_clk/A (sky130_fd_sc_hd__clkbuf_16)
     2    0.02    0.04    0.11   10.14 ^ clkbuf_0_clk/X (sky130_fd_sc_hd__clkbuf_16)
                                         clknet_0_clk (net)
                  0.04    0.00   10.14 ^ clkbuf_1_1__f_clk/A (sky130_fd_sc_hd__clkbuf_16)
     8    0.02    0.04    0.12   10.26 ^ clkbuf_1_1__f_clk/X (sky130_fd_sc_hd__clkbuf_16)
                                         clknet_1_1__leaf_clk (net)
                  0.04    0.00   10.26 ^ _099_/CLK (sky130_fd_sc_hd__dfxtp_1)
                         -0.25   10.01   clock uncertainty
                          0.00   10.01   clock reconvergence pessimism
                         -0.12    9.89   library setup time
                                  9.89   data required time
-----------------------------------------------------------------------------
                                  9.89   data required time
                                 -2.55   data arrival time
-----------------------------------------------------------------------------
                                  7.34   slack (MET)


Startpoint: rst (input port clocked by clk)
Endpoint: _111_ (rising edge-triggered flip-flop clocked by clk)
Path Group: clk
Path Type: max

Fanout     Cap    Slew   Delay    Time   Description
-----------------------------------------------------------------------------
                          0.00    0.00   clock clk (rise edge)
                          0.00    0.00   clock network delay (propagated)
                          2.00    2.00 ^ input external delay
     1    0.00    0.02    0.01    2.01 ^ rst (in)
                                         rst (net)
                  0.02    0.00    2.01 ^ input1/A (sky130_fd_sc_hd__buf_2)
     7    0.03    0.17    0.19    2.21 ^ input1/X (sky130_fd_sc_hd__buf_2)
                                         net1 (net)
                  0.17    0.00    2.21 ^ _052_/A (sky130_fd_sc_hd__buf_2)
    10    0.04    0.18    0.25    2.46 ^ _052_/X (sky130_fd_sc_hd__buf_2)
                                         _020_ (net)
                  0.18    0.00    2.46 ^ _095_/A (sky130_fd_sc_hd__nor3_1)
     1    0.00    0.05    0.08    2.55 v _095_/Y (sky130_fd_sc_hd__nor3_1)
                                         _015_ (net)
                  0.05    0.00    2.55 v _111_/D (sky130_fd_sc_hd__dfxtp_1)
                                  2.55   data arrival time

                         10.00   10.00   clock clk (rise edge)
                          0.00   10.00   clock source latency
     1    0.01    0.04    0.03   10.03 ^ clk (in)
                                         clk (net)
                  0.04    0.00   10.03 ^ clkbuf_0_clk/A (sky130_fd_sc_hd__clkbuf_16)
     2    0.02    0.04    0.11   10.14 ^ clkbuf_0_clk/X (sky130_fd_sc_hd__clkbuf_16)
                                         clknet_0_clk (net)
                  0.04    0.00   10.14 ^ clkbuf_1_0__f_clk/A (sky130_fd_sc_hd__clkbuf_16)
     8    0.02    0.04    0.12   10.26 ^ clkbuf_1_0__f_clk/X (sky130_fd_sc_hd__clkbuf_16)
                                         clknet_1_0__leaf_clk (net)
                  0.04    0.00   10.26 ^ _111_/CLK (sky130_fd_sc_hd__dfxtp_1)
                         -0.25   10.01   clock uncertainty
                          0.00   10.01   clock reconvergence pessimism
                         -0.11    9.90   library setup time
                                  9.90   data required time
-----------------------------------------------------------------------------
                                  9.90   data required time
                                 -2.55   data arrival time
-----------------------------------------------------------------------------
                                  7.35   slack (MET)


Startpoint: rst (input port clocked by clk)
Endpoint: _108_ (rising edge-triggered flip-flop clocked by clk)
Path Group: clk
Path Type: max

Fanout     Cap    Slew   Delay    Time   Description
-----------------------------------------------------------------------------
                          0.00    0.00   clock clk (rise edge)
                          0.00    0.00   clock network delay (propagated)
                          2.00    2.00 ^ input external delay
     1    0.00    0.02    0.01    2.01 ^ rst (in)
                                         rst (net)
                  0.02    0.00    2.01 ^ input1/A (sky130_fd_sc_hd__buf_2)
     7    0.03    0.17    0.19    2.21 ^ input1/X (sky130_fd_sc_hd__buf_2)
                                         net1 (net)
                  0.17    0.00    2.21 ^ _052_/A (sky130_fd_sc_hd__buf_2)
    10    0.04    0.18    0.25    2.46 ^ _052_/X (sky130_fd_sc_hd__buf_2)
                                         _020_ (net)
                  0.18    0.00    2.46 ^ _089_/A (sky130_fd_sc_hd__nor3_1)
     1    0.00    0.05    0.08    2.55 v _089_/Y (sky130_fd_sc_hd__nor3_1)
                                         _012_ (net)
                  0.05    0.00    2.55 v _108_/D (sky130_fd_sc_hd__dfxtp_1)
                                  2.55   data arrival time

                         10.00   10.00   clock clk (rise edge)
                          0.00   10.00   clock source latency
     1    0.01    0.04    0.03   10.03 ^ clk (in)
                                         clk (net)
                  0.04    0.00   10.03 ^ clkbuf_0_clk/A (sky130_fd_sc_hd__clkbuf_16)
     2    0.02    0.04    0.11   10.14 ^ clkbuf_0_clk/X (sky130_fd_sc_hd__clkbuf_16)
                                         clknet_0_clk (net)
                  0.04    0.00   10.14 ^ clkbuf_1_0__f_clk/A (sky130_fd_sc_hd__clkbuf_16)
     8    0.02    0.04    0.12   10.26 ^ clkbuf_1_0__f_clk/X (sky130_fd_sc_hd__clkbuf_16)
                                         clknet_1_0__leaf_clk (net)
                  0.04    0.00   10.26 ^ _108_/CLK (sky130_fd_sc_hd__dfxtp_1)
                         -0.25   10.01   clock uncertainty
                          0.00   10.01   clock reconvergence pessimism
                         -0.11    9.90   library setup time
                                  9.90   data required time
-----------------------------------------------------------------------------
                                  9.90   data required time
                                 -2.55   data arrival time
-----------------------------------------------------------------------------
                                  7.35   slack (MET)


Startpoint: rst (input port clocked by clk)
Endpoint: _104_ (rising edge-triggered flip-flop clocked by clk)
Path Group: clk
Path Type: max

Fanout     Cap    Slew   Delay    Time   Description
-----------------------------------------------------------------------------
                          0.00    0.00   clock clk (rise edge)
                          0.00    0.00   clock network delay (propagated)
                          2.00    2.00 v input external delay
     1    0.00    0.01    0.01    2.01 v rst (in)
                                         rst (net)
                  0.01    0.00    2.01 v input1/A (sky130_fd_sc_hd__buf_2)
     7    0.03    0.08    0.17    2.17 v input1/X (sky130_fd_sc_hd__buf_2)
                                         net1 (net)
                  0.08    0.00    2.17 v _078_/B1 (sky130_fd_sc_hd__a31o_1)
     1    0.00    0.03    0.20    2.37 v _078_/X (sky130_fd_sc_hd__a31o_1)
                                         _038_ (net)
                  0.03    0.00    2.37 v _079_/B1_N (sky130_fd_sc_hd__o21ba_1)
     1    0.00    0.05    0.21    2.59 ^ _079_/X (sky130_fd_sc_hd__o21ba_1)
                                         _008_ (net)
                  0.05    0.00    2.59 ^ _104_/D (sky130_fd_sc_hd__dfxtp_1)
                                  2.59   data arrival time

                         10.00   10.00   clock clk (rise edge)
                          0.00   10.00   clock source latency
     1    0.01    0.04    0.03   10.03 ^ clk (in)
                                         clk (net)
                  0.04    0.00   10.03 ^ clkbuf_0_clk/A (sky130_fd_sc_hd__clkbuf_16)
     2    0.02    0.04    0.11   10.14 ^ clkbuf_0_clk/X (sky130_fd_sc_hd__clkbuf_16)
                                         clknet_0_clk (net)
                  0.04    0.00   10.14 ^ clkbuf_1_1__f_clk/A (sky130_fd_sc_hd__clkbuf_16)
     8    0.02    0.04    0.12   10.26 ^ clkbuf_1_1__f_clk/X (sky130_fd_sc_hd__clkbuf_16)
                                         clknet_1_1__leaf_clk (net)
                  0.04    0.00   10.26 ^ _104_/CLK (sky130_fd_sc_hd__dfxtp_1)
                         -0.25   10.01   clock uncertainty
                          0.00   10.01   clock reconvergence pessimism
                         -0.06    9.95   library setup time
                                  9.95   data required time
-----------------------------------------------------------------------------
                                  9.95   data required time
                                 -2.59   data arrival time
-----------------------------------------------------------------------------
                                  7.37   slack (MET)


Startpoint: rst (input port clocked by clk)
Endpoint: _106_ (rising edge-triggered flip-flop clocked by clk)
Path Group: clk
Path Type: max

Fanout     Cap    Slew   Delay    Time   Description
-----------------------------------------------------------------------------
                          0.00    0.00   clock clk (rise edge)
                          0.00    0.00   clock network delay (propagated)
                          2.00    2.00 ^ input external delay
     1    0.00    0.02    0.01    2.01 ^ rst (in)
                                         rst (net)
                  0.02    0.00    2.01 ^ input1/A (sky130_fd_sc_hd__buf_2)
     7    0.03    0.17    0.19    2.21 ^ input1/X (sky130_fd_sc_hd__buf_2)
                                         net1 (net)
                  0.17    0.00    2.21 ^ _052_/A (sky130_fd_sc_hd__buf_2)
    10    0.04    0.18    0.25    2.46 ^ _052_/X (sky130_fd_sc_hd__buf_2)
                                         _020_ (net)
                  0.18    0.00    2.46 ^ _084_/B (sky130_fd_sc_hd__nor2_1)
     1    0.00    0.04    0.06    2.53 v _084_/Y (sky130_fd_sc_hd__nor2_1)
                                         _010_ (net)
                  0.04    0.00    2.53 v _106_/D (sky130_fd_sc_hd__dfxtp_2)
                                  2.53   data arrival time

                         10.00   10.00   clock clk (rise edge)
                          0.00   10.00   clock source latency
     1    0.01    0.04    0.03   10.03 ^ clk (in)
                                         clk (net)
                  0.04    0.00   10.03 ^ clkbuf_0_clk/A (sky130_fd_sc_hd__clkbuf_16)
     2    0.02    0.04    0.11   10.14 ^ clkbuf_0_clk/X (sky130_fd_sc_hd__clkbuf_16)
                                         clknet_0_clk (net)
                  0.04    0.00   10.14 ^ clkbuf_1_0__f_clk/A (sky130_fd_sc_hd__clkbuf_16)
     8    0.02    0.04    0.12   10.26 ^ clkbuf_1_0__f_clk/X (sky130_fd_sc_hd__clkbuf_16)
                                         clknet_1_0__leaf_clk (net)
                  0.04    0.00   10.26 ^ _106_/CLK (sky130_fd_sc_hd__dfxtp_2)
                         -0.25   10.01   clock uncertainty
                          0.00   10.01   clock reconvergence pessimism
                         -0.11    9.90   library setup time
                                  9.90   data required time
-----------------------------------------------------------------------------
                                  9.90   data required time
                                 -2.53   data arrival time
-----------------------------------------------------------------------------
                                  7.37   slack (MET)


Startpoint: rst (input port clocked by clk)
Endpoint: _102_ (rising edge-triggered flip-flop clocked by clk)
Path Group: clk
Path Type: max

Fanout     Cap    Slew   Delay    Time   Description
-----------------------------------------------------------------------------
                          0.00    0.00   clock clk (rise edge)
                          0.00    0.00   clock network delay (propagated)
                          2.00    2.00 v input external delay
     1    0.00    0.01    0.01    2.01 v rst (in)
                                         rst (net)
                  0.01    0.00    2.01 v input1/A (sky130_fd_sc_hd__buf_2)
     7    0.03    0.08    0.17    2.17 v input1/X (sky130_fd_sc_hd__buf_2)
                                         net1 (net)
                  0.08    0.00    2.17 v _072_/B1 (sky130_fd_sc_hd__a31o_1)
     1    0.00    0.04    0.20    2.38 v _072_/X (sky130_fd_sc_hd__a31o_1)
                                         _034_ (net)
                  0.04    0.00    2.38 v _073_/B (sky130_fd_sc_hd__nor2_1)
     1    0.00    0.07    0.08    2.46 ^ _073_/Y (sky130_fd_sc_hd__nor2_1)
                                         _006_ (net)
                  0.07    0.00    2.46 ^ _102_/D (sky130_fd_sc_hd__dfxtp_2)
                                  2.46   data arrival time

                         10.00   10.00   clock clk (rise edge)
                          0.00   10.00   clock source latency
     1    0.01    0.04    0.03   10.03 ^ clk (in)
                                         clk (net)
                  0.04    0.00   10.03 ^ clkbuf_0_clk/A (sky130_fd_sc_hd__clkbuf_16)
     2    0.02    0.04    0.11   10.14 ^ clkbuf_0_clk/X (sky130_fd_sc_hd__clkbuf_16)
                                         clknet_0_clk (net)
                  0.04    0.00   10.14 ^ clkbuf_1_1__f_clk/A (sky130_fd_sc_hd__clkbuf_16)
     8    0.02    0.04    0.12   10.26 ^ clkbuf_1_1__f_clk/X (sky130_fd_sc_hd__clkbuf_16)
                                         clknet_1_1__leaf_clk (net)
                  0.04    0.00   10.26 ^ _102_/CLK (sky130_fd_sc_hd__dfxtp_2)
                         -0.25   10.01   clock uncertainty
                          0.00   10.01   clock reconvergence pessimism
                         -0.07    9.94   library setup time
                                  9.94   data required time
-----------------------------------------------------------------------------
                                  9.94   data required time
                                 -2.46   data arrival time
-----------------------------------------------------------------------------
                                  7.49   slack (MET)


Startpoint: rst (input port clocked by clk)
Endpoint: _109_ (rising edge-triggered flip-flop clocked by clk)
Path Group: clk
Path Type: max

Fanout     Cap    Slew   Delay    Time   Description
-----------------------------------------------------------------------------
                          0.00    0.00   clock clk (rise edge)
                          0.00    0.00   clock network delay (propagated)
                          2.00    2.00 ^ input external delay
     1    0.00    0.02    0.01    2.01 ^ rst (in)
                                         rst (net)
                  0.02    0.00    2.01 ^ input1/A (sky130_fd_sc_hd__buf_2)
     7    0.03    0.17    0.19    2.21 ^ input1/X (sky130_fd_sc_hd__buf_2)
                                         net1 (net)
                  0.17    0.00    2.21 ^ _090_/A (sky130_fd_sc_hd__nor2_1)
     1    0.00    0.05    0.08    2.29 v _090_/Y (sky130_fd_sc_hd__nor2_1)
                                         _045_ (net)
                  0.05    0.00    2.29 v _091_/B1 (sky130_fd_sc_hd__o21a_1)
     1    0.00    0.04    0.11    2.40 v _091_/X (sky130_fd_sc_hd__o21a_1)
                                         _013_ (net)
                  0.04    0.00    2.40 v _109_/D (sky130_fd_sc_hd__dfxtp_1)
                                  2.40   data arrival time

                         10.00   10.00   clock clk (rise edge)
                          0.00   10.00   clock source latency
     1    0.01    0.04    0.03   10.03 ^ clk (in)
                                         clk (net)
                  0.04    0.00   10.03 ^ clkbuf_0_clk/A (sky130_fd_sc_hd__clkbuf_16)
     2    0.02    0.04    0.11   10.14 ^ clkbuf_0_clk/X (sky130_fd_sc_hd__clkbuf_16)
                                         clknet_0_clk (net)
                  0.04    0.00   10.14 ^ clkbuf_1_0__f_clk/A (sky130_fd_sc_hd__clkbuf_16)
     8    0.02    0.04    0.12   10.26 ^ clkbuf_1_0__f_clk/X (sky130_fd_sc_hd__clkbuf_16)
                                         clknet_1_0__leaf_clk (net)
                  0.04    0.00   10.26 ^ _109_/CLK (sky130_fd_sc_hd__dfxtp_1)
                         -0.25   10.01   clock uncertainty
                          0.00   10.01   clock reconvergence pessimism
                         -0.11    9.90   library setup time
                                  9.90   data required time
-----------------------------------------------------------------------------
                                  9.90   data required time
                                 -2.40   data arrival time
-----------------------------------------------------------------------------
                                  7.50   slack (MET)


Startpoint: rst (input port clocked by clk)
Endpoint: _097_ (rising edge-triggered flip-flop clocked by clk)
Path Group: clk
Path Type: max

Fanout     Cap    Slew   Delay    Time   Description
-----------------------------------------------------------------------------
                          0.00    0.00   clock clk (rise edge)
                          0.00    0.00   clock network delay (propagated)
                          2.00    2.00 ^ input external delay
     1    0.00    0.02    0.01    2.01 ^ rst (in)
                                         rst (net)
                  0.02    0.00    2.01 ^ input1/A (sky130_fd_sc_hd__buf_2)
     7    0.03    0.17    0.19    2.21 ^ input1/X (sky130_fd_sc_hd__buf_2)
                                         net1 (net)
                  0.17    0.00    2.21 ^ _058_/A (sky130_fd_sc_hd__nor2_1)
     1    0.00    0.06    0.08    2.29 v _058_/Y (sky130_fd_sc_hd__nor2_1)
                                         _025_ (net)
                  0.06    0.00    2.29 v _059_/B1 (sky130_fd_sc_hd__o21a_1)
     1    0.00    0.04    0.11    2.40 v _059_/X (sky130_fd_sc_hd__o21a_1)
                                         _001_ (net)
                  0.04    0.00    2.40 v _097_/D (sky130_fd_sc_hd__dfxtp_1)
                                  2.40   data arrival time

                         10.00   10.00   clock clk (rise edge)
                          0.00   10.00   clock source latency
     1    0.01    0.04    0.03   10.03 ^ clk (in)
                                         clk (net)
                  0.04    0.00   10.03 ^ clkbuf_0_clk/A (sky130_fd_sc_hd__clkbuf_16)
     2    0.02    0.04    0.11   10.14 ^ clkbuf_0_clk/X (sky130_fd_sc_hd__clkbuf_16)
                                         clknet_0_clk (net)
                  0.04    0.00   10.14 ^ clkbuf_1_1__f_clk/A (sky130_fd_sc_hd__clkbuf_16)
     8    0.02    0.04    0.12   10.26 ^ clkbuf_1_1__f_clk/X (sky130_fd_sc_hd__clkbuf_16)
                                         clknet_1_1__leaf_clk (net)
                  0.04    0.00   10.26 ^ _097_/CLK (sky130_fd_sc_hd__dfxtp_1)
                         -0.25   10.01   clock uncertainty
                          0.00   10.01   clock reconvergence pessimism
                         -0.11    9.90   library setup time
                                  9.90   data required time
-----------------------------------------------------------------------------
                                  9.90   data required time
                                 -2.40   data arrival time
-----------------------------------------------------------------------------
                                  7.50   slack (MET)


Startpoint: rst (input port clocked by clk)
Endpoint: _100_ (rising edge-triggered flip-flop clocked by clk)
Path Group: clk
Path Type: max

Fanout     Cap    Slew   Delay    Time   Description
-----------------------------------------------------------------------------
                          0.00    0.00   clock clk (rise edge)
                          0.00    0.00   clock network delay (propagated)
                          2.00    2.00 ^ input external delay
     1    0.00    0.02    0.01    2.01 ^ rst (in)
                                         rst (net)
                  0.02    0.00    2.01 ^ input1/A (sky130_fd_sc_hd__buf_2)
     7    0.03    0.17    0.19    2.21 ^ input1/X (sky130_fd_sc_hd__buf_2)
                                         net1 (net)
                  0.17    0.00    2.21 ^ _067_/A (sky130_fd_sc_hd__nor2_1)
     1    0.00    0.05    0.08    2.29 v _067_/Y (sky130_fd_sc_hd__nor2_1)
                                         _031_ (net)
                  0.05    0.00    2.29 v _068_/B1 (sky130_fd_sc_hd__o21a_1)
     1    0.00    0.03    0.10    2.39 v _068_/X (sky130_fd_sc_hd__o21a_1)
                                         _004_ (net)
                  0.03    0.00    2.39 v _100_/D (sky130_fd_sc_hd__dfxtp_1)
                                  2.39   data arrival time

                         10.00   10.00   clock clk (rise edge)
                          0.00   10.00   clock source latency
     1    0.01    0.04    0.03   10.03 ^ clk (in)
                                         clk (net)
                  0.04    0.00   10.03 ^ clkbuf_0_clk/A (sky130_fd_sc_hd__clkbuf_16)
     2    0.02    0.04    0.11   10.14 ^ clkbuf_0_clk/X (sky130_fd_sc_hd__clkbuf_16)
                                         clknet_0_clk (net)
                  0.04    0.00   10.14 ^ clkbuf_1_1__f_clk/A (sky130_fd_sc_hd__clkbuf_16)
     8    0.02    0.04    0.12   10.26 ^ clkbuf_1_1__f_clk/X (sky130_fd_sc_hd__clkbuf_16)
                                         clknet_1_1__leaf_clk (net)
                  0.04    0.00   10.26 ^ _100_/CLK (sky130_fd_sc_hd__dfxtp_1)
                         -0.25   10.01   clock uncertainty
                          0.00   10.01   clock reconvergence pessimism
                         -0.11    9.90   library setup time
                                  9.90   data required time
-----------------------------------------------------------------------------
                                  9.90   data required time
                                 -2.39   data arrival time
-----------------------------------------------------------------------------
                                  7.51   slack (MET)



worst slack corner Typical: 6.7518
