
===========================================================================
report_checks -path_delay max (Setup)
============================================================================
======================= Typical Corner ===================================

Startpoint: _101_ (rising edge-triggered flip-flop clocked by clk)
Endpoint: count[11] (output port clocked by clk)
Path Group: clk
Path Type: max

Fanout     Cap    Slew   Delay    Time   Description
-----------------------------------------------------------------------------
                          0.00    0.00   clock clk (rise edge)
                          0.00    0.00   clock source latency
     1    0.01    0.04    0.03    0.03 ^ clk (in)
                                         clk (net)
                  0.04    0.00    0.03 ^ clkbuf_0_clk/A (sky130_fd_sc_hd__clkbuf_16)
     2    0.02    0.04    0.13    0.16 ^ clkbuf_0_clk/X (sky130_fd_sc_hd__clkbuf_16)
                                         clknet_0_clk (net)
                  0.04    0.00    0.16 ^ clkbuf_1_0__f_clk/A (sky130_fd_sc_hd__clkbuf_16)
     8    0.02    0.04    0.12    0.28 ^ clkbuf_1_0__f_clk/X (sky130_fd_sc_hd__clkbuf_16)
                                         clknet_1_0__leaf_clk (net)
                  0.04    0.00    0.28 ^ _101_/CLK (sky130_fd_sc_hd__dfxtp_2)
    10    0.02    0.12    0.39    0.67 ^ _101_/Q (sky130_fd_sc_hd__dfxtp_2)
                                         net4 (net)
                  0.12    0.00    0.67 ^ output4/A (sky130_fd_sc_hd__buf_2)
     1    0.03    0.17    0.24    0.91 ^ output4/X (sky130_fd_sc_hd__buf_2)
                                         count[11] (net)
                  0.17    0.00    0.91 ^ count[11] (out)
                                  0.91   data arrival time

                         10.00   10.00   clock clk (rise edge)
                          0.00   10.00   clock network delay (propagated)
                         -0.25    9.75   clock uncertainty
                          0.00    9.75   clock reconvergence pessimism
                         -2.00    7.75   output external delay
                                  7.75   data required time
-----------------------------------------------------------------------------
                                  7.75   data required time
                                 -0.91   data arrival time
-----------------------------------------------------------------------------
                                  6.84   slack (MET)


Startpoint: _110_ (rising edge-triggered flip-flop clocked by clk)
Endpoint: count[4] (output port clocked by clk)
Path Group: clk
Path Type: max

Fanout     Cap    Slew   Delay    Time   Description
-----------------------------------------------------------------------------
                          0.00    0.00   clock clk (rise edge)
                          0.00    0.00   clock source latency
     1    0.01    0.04    0.03    0.03 ^ clk (in)
                                         clk (net)
                  0.04    0.00    0.03 ^ clkbuf_0_clk/A (sky130_fd_sc_hd__clkbuf_16)
     2    0.02    0.04    0.13    0.16 ^ clkbuf_0_clk/X (sky130_fd_sc_hd__clkbuf_16)
                                         clknet_0_clk (net)
                  0.04    0.00    0.16 ^ clkbuf_1_0__f_clk/A (sky130_fd_sc_hd__clkbuf_16)
     8    0.02    0.04    0.12    0.28 ^ clkbuf_1_0__f_clk/X (sky130_fd_sc_hd__clkbuf_16)
                                         clknet_1_0__leaf_clk (net)
                  0.04    0.00    0.28 ^ _110_/CLK (sky130_fd_sc_hd__dfxtp_1)
     5    0.01    0.11    0.37    0.65 ^ _110_/Q (sky130_fd_sc_hd__dfxtp_1)
                                         net12 (net)
                  0.11    0.00    0.65 ^ output12/A (sky130_fd_sc_hd__buf_2)
     1    0.03    0.17    0.23    0.88 ^ output12/X (sky130_fd_sc_hd__buf_2)
                                         count[4] (net)
                  0.17    0.00    0.88 ^ count[4] (out)
                                  0.88   data arrival time

                         10.00   10.00   clock clk (rise edge)
                          0.00   10.00   clock network delay (propagated)
                         -0.25    9.75   clock uncertainty
                          0.00    9.75   clock reconvergence pessimism
                         -2.00    7.75   output external delay
                                  7.75   data required time
-----------------------------------------------------------------------------
                                  7.75   data required time
                                 -0.88   data arrival time
-----------------------------------------------------------------------------
                                  6.87   slack (MET)


Startpoint: _107_ (rising edge-triggered flip-flop clocked by clk)
Endpoint: count[1] (output port clocked by clk)
Path Group: clk
Path Type: max

Fanout     Cap    Slew   Delay    Time   Description
-----------------------------------------------------------------------------
                          0.00    0.00   clock clk (rise edge)
                          0.00    0.00   clock source latency
     1    0.01    0.04    0.03    0.03 ^ clk (in)
                                         clk (net)
                  0.04    0.00    0.03 ^ clkbuf_0_clk/A (sky130_fd_sc_hd__clkbuf_16)
     2    0.02    0.04    0.13    0.16 ^ clkbuf_0_clk/X (sky130_fd_sc_hd__clkbuf_16)
                                         clknet_0_clk (net)
                  0.04    0.00    0.16 ^ clkbuf_1_0__f_clk/A (sky130_fd_sc_hd__clkbuf_16)
     8    0.02    0.04    0.12    0.28 ^ clkbuf_1_0__f_clk/X (sky130_fd_sc_hd__clkbuf_16)
                                         clknet_1_0__leaf_clk (net)
                  0.04    0.00    0.28 ^ _107_/CLK (sky130_fd_sc_hd__dfxtp_2)
     6    0.01    0.07    0.35    0.63 ^ _107_/Q (sky130_fd_sc_hd__dfxtp_2)
                                         net9 (net)
                  0.07    0.00    0.63 ^ output9/A (sky130_fd_sc_hd__buf_2)
     1    0.03    0.17    0.22    0.85 ^ output9/X (sky130_fd_sc_hd__buf_2)
                                         count[1] (net)
                  0.17    0.00    0.85 ^ count[1] (out)
                                  0.85   data arrival time

                         10.00   10.00   clock clk (rise edge)
                          0.00   10.00   clock network delay (propagated)
                         -0.25    9.75   clock uncertainty
                          0.00    9.75   clock reconvergence pessimism
                         -2.00    7.75   output external delay
                                  7.75   data required time
-----------------------------------------------------------------------------
                                  7.75   data required time
                                 -0.85   data arrival time
-----------------------------------------------------------------------------
                                  6.90   slack (MET)


Startpoint: _106_ (rising edge-triggered flip-flop clocked by clk)
Endpoint: count[0] (output port clocked by clk)
Path Group: clk
Path Type: max

Fanout     Cap    Slew   Delay    Time   Description
-----------------------------------------------------------------------------
                          0.00    0.00   clock clk (rise edge)
                          0.00    0.00   clock source latency
     1    0.01    0.04    0.03    0.03 ^ clk (in)
                                         clk (net)
                  0.04    0.00    0.03 ^ clkbuf_0_clk/A (sky130_fd_sc_hd__clkbuf_16)
     2    0.02    0.04    0.13    0.16 ^ clkbuf_0_clk/X (sky130_fd_sc_hd__clkbuf_16)
                                         clknet_0_clk (net)
                  0.04    0.00    0.16 ^ clkbuf_1_0__f_clk/A (sky130_fd_sc_hd__clkbuf_16)
     8    0.02    0.04    0.12    0.28 ^ clkbuf_1_0__f_clk/X (sky130_fd_sc_hd__clkbuf_16)
                                         clknet_1_0__leaf_clk (net)
                  0.04    0.00    0.28 ^ _106_/CLK (sky130_fd_sc_hd__dfxtp_2)
     6    0.01    0.07    0.35    0.63 ^ _106_/Q (sky130_fd_sc_hd__dfxtp_2)
                                         net2 (net)
                  0.07    0.00    0.63 ^ output2/A (sky130_fd_sc_hd__buf_2)
     1    0.03    0.17    0.22    0.85 ^ output2/X (sky130_fd_sc_hd__buf_2)
                                         count[0] (net)
                  0.17    0.00    0.85 ^ count[0] (out)
                                  0.85   data arrival time

                         10.00   10.00   clock clk (rise edge)
                          0.00   10.00   clock network delay (propagated)
                         -0.25    9.75   clock uncertainty
                          0.00    9.75   clock reconvergence pessimism
                         -2.00    7.75   output external delay
                                  7.75   data required time
-----------------------------------------------------------------------------
                                  7.75   data required time
                                 -0.85   data arrival time
-----------------------------------------------------------------------------
                                  6.90   slack (MET)


Startpoint: _098_ (rising edge-triggered flip-flop clocked by clk)
Endpoint: count[8] (output port clocked by clk)
Path Group: clk
Path Type: max

Fanout     Cap    Slew   Delay    Time   Description
-----------------------------------------------------------------------------
                          0.00    0.00   clock clk (rise edge)
                          0.00    0.00   clock source latency
     1    0.01    0.04    0.03    0.03 ^ clk (in)
                                         clk (net)
                  0.04    0.00    0.03 ^ clkbuf_0_clk/A (sky130_fd_sc_hd__clkbuf_16)
     2    0.02    0.04    0.13    0.16 ^ clkbuf_0_clk/X (sky130_fd_sc_hd__clkbuf_16)
                                         clknet_0_clk (net)
                  0.04    0.00    0.16 ^ clkbuf_1_1__f_clk/A (sky130_fd_sc_hd__clkbuf_16)
     8    0.02    0.04    0.12    0.28 ^ clkbuf_1_1__f_clk/X (sky130_fd_sc_hd__clkbuf_16)
                                         clknet_1_1__leaf_clk (net)
                  0.04    0.00    0.28 ^ _098_/CLK (sky130_fd_sc_hd__dfxtp_2)
     6    0.01    0.07    0.35    0.63 ^ _098_/Q (sky130_fd_sc_hd__dfxtp_2)
                                         net16 (net)
                  0.07    0.00    0.63 ^ output16/A (sky130_fd_sc_hd__buf_2)
     1    0.03    0.17    0.22    0.85 ^ output16/X (sky130_fd_sc_hd__buf_2)
                                         count[8] (net)
                  0.17    0.00    0.85 ^ count[8] (out)
                                  0.85   data arrival time

                         10.00   10.00   clock clk (rise edge)
                          0.00   10.00   clock network delay (propagated)
                         -0.25    9.75   clock uncertainty
                          0.00    9.75   clock reconvergence pessimism
                         -2.00    7.75   output external delay
                                  7.75   data required time
-----------------------------------------------------------------------------
                                  7.75   data required time
                                 -0.85   data arrival time
-----------------------------------------------------------------------------
                                  6.90   slack (MET)


Startpoint: _105_ (rising edge-triggered flip-flop clocked by clk)
Endpoint: count[15] (output port clocked by clk)
Path Group: clk
Path Type: max

Fanout     Cap    Slew   Delay    Time   Description
-----------------------------------------------------------------------------
                          0.00    0.00   clock clk (rise edge)
                          0.00    0.00   clock source latency
     1    0.01    0.04    0.03    0.03 ^ clk (in)
                                         clk (net)
                  0.04    0.00    0.03 ^ clkbuf_0_clk/A (sky130_fd_sc_hd__clkbuf_16)
     2    0.02    0.04    0.13    0.16 ^ clkbuf_0_clk/X (sky130_fd_sc_hd__clkbuf_16)
                                         clknet_0_clk (net)
                  0.04    0.00    0.16 ^ clkbuf_1_0__f_clk/A (sky130_fd_sc_hd__clkbuf_16)
     8    0.02    0.04    0.12    0.28 ^ clkbuf_1_0__f_clk/X (sky130_fd_sc_hd__clkbuf_16)
                                         clknet_1_0__leaf_clk (net)
                  0.04    0.00    0.28 ^ _105_/CLK (sky130_fd_sc_hd__dfxtp_1)
     4    0.01    0.08    0.35    0.63 ^ _105_/Q (sky130_fd_sc_hd__dfxtp_1)
                                         net8 (net)
                  0.08    0.00    0.63 ^ output8/A (sky130_fd_sc_hd__buf_2)
     1    0.03    0.17    0.22    0.85 ^ output8/X (sky130_fd_sc_hd__buf_2)
                                         count[15] (net)
                  0.17    0.00    0.85 ^ count[15] (out)
                                  0.85   data arrival time

                         10.00   10.00   clock clk (rise edge)
                          0.00   10.00   clock network delay (propagated)
                         -0.25    9.75   clock uncertainty
                          0.00    9.75   clock reconvergence pessimism
                         -2.00    7.75   output external delay
                                  7.75   data required time
-----------------------------------------------------------------------------
                                  7.75   data required time
                                 -0.85   data arrival time
-----------------------------------------------------------------------------
                                  6.90   slack (MET)


Startpoint: _108_ (rising edge-triggered flip-flop clocked by clk)
Endpoint: count[2] (output port clocked by clk)
Path Group: clk
Path Type: max

Fanout     Cap    Slew   Delay    Time   Description
-----------------------------------------------------------------------------
                          0.00    0.00   clock clk (rise edge)
                          0.00    0.00   clock source latency
     1    0.01    0.04    0.03    0.03 ^ clk (in)
                                         clk (net)
                  0.04    0.00    0.03 ^ clkbuf_0_clk/A (sky130_fd_sc_hd__clkbuf_16)
     2    0.02    0.04    0.13    0.16 ^ clkbuf_0_clk/X (sky130_fd_sc_hd__clkbuf_16)
                                         clknet_0_clk (net)
                  0.04    0.00    0.16 ^ clkbuf_1_0__f_clk/A (sky130_fd_sc_hd__clkbuf_16)
     8    0.02    0.04    0.12    0.28 ^ clkbuf_1_0__f_clk/X (sky130_fd_sc_hd__clkbuf_16)
                                         clknet_1_0__leaf_clk (net)
                  0.04    0.00    0.28 ^ _108_/CLK (sky130_fd_sc_hd__dfxtp_1)
     4    0.01    0.08    0.34    0.62 ^ _108_/Q (sky130_fd_sc_hd__dfxtp_1)
                                         net10 (net)
                  0.08    0.00    0.62 ^ output10/A (sky130_fd_sc_hd__buf_2)
     1    0.03    0.17    0.22    0.84 ^ output10/X (sky130_fd_sc_hd__buf_2)
                                         count[2] (net)
                  0.17    0.00    0.84 ^ count[2] (out)
                                  0.84   data arrival time

                         10.00   10.00   clock clk (rise edge)
                          0.00   10.00   clock network delay (propagated)
                         -0.25    9.75   clock uncertainty
                          0.00    9.75   clock reconvergence pessimism
                         -2.00    7.75   output external delay
                                  7.75   data required time
-----------------------------------------------------------------------------
                                  7.75   data required time
                                 -0.84   data arrival time
-----------------------------------------------------------------------------
                                  6.91   slack (MET)


Startpoint: _102_ (rising edge-triggered flip-flop clocked by clk)
Endpoint: count[12] (output port clocked by clk)
Path Group: clk
Path Type: max

Fanout     Cap    Slew   Delay    Time   Description
-----------------------------------------------------------------------------
                          0.00    0.00   clock clk (rise edge)
                          0.00    0.00   clock source latency
     1    0.01    0.04    0.03    0.03 ^ clk (in)
                                         clk (net)
                  0.04    0.00    0.03 ^ clkbuf_0_clk/A (sky130_fd_sc_hd__clkbuf_16)
     2    0.02    0.04    0.13    0.16 ^ clkbuf_0_clk/X (sky130_fd_sc_hd__clkbuf_16)
                                         clknet_0_clk (net)
                  0.04    0.00    0.16 ^ clkbuf_1_1__f_clk/A (sky130_fd_sc_hd__clkbuf_16)
     8    0.02    0.04    0.12    0.28 ^ clkbuf_1_1__f_clk/X (sky130_fd_sc_hd__clkbuf_16)
                                         clknet_1_1__leaf_clk (net)
                  0.04    0.00    0.28 ^ _102_/CLK (sky130_fd_sc_hd__dfxtp_2)
     6    0.01    0.07    0.35    0.63 ^ _102_/Q (sky130_fd_sc_hd__dfxtp_2)
                                         net5 (net)
                  0.07    0.00    0.63 ^ output5/A (sky130_fd_sc_hd__clkbuf_4)
     1    0.03    0.11    0.20    0.84 ^ output5/X (sky130_fd_sc_hd__clkbuf_4)
                                         count[12] (net)
                  0.11    0.00    0.84 ^ count[12] (out)
                                  0.84   data arrival time

                         10.00   10.00   clock clk (rise edge)
                          0.00   10.00   clock network delay (propagated)
                         -0.25    9.75   clock uncertainty
                          0.00    9.75   clock reconvergence pessimism
                         -2.00    7.75   output external delay
                                  7.75   data required time
-----------------------------------------------------------------------------
                                  7.75   data required time
                                 -0.84   data arrival time
-----------------------------------------------------------------------------
                                  6.91   slack (MET)


Startpoint: _099_ (rising edge-triggered flip-flop clocked by clk)
Endpoint: count[9] (output port clocked by clk)
Path Group: clk
Path Type: max

Fanout     Cap    Slew   Delay    Time   Description
-----------------------------------------------------------------------------
                          0.00    0.00   clock clk (rise edge)
                          0.00    0.00   clock source latency
     1    0.01    0.04    0.03    0.03 ^ clk (in)
                                         clk (net)
                  0.04    0.00    0.03 ^ clkbuf_0_clk/A (sky130_fd_sc_hd__clkbuf_16)
     2    0.02    0.04    0.13    0.16 ^ clkbuf_0_clk/X (sky130_fd_sc_hd__clkbuf_16)
                                         clknet_0_clk (net)
                  0.04    0.00    0.16 ^ clkbuf_1_1__f_clk/A (sky130_fd_sc_hd__clkbuf_16)
     8    0.02    0.04    0.12    0.28 ^ clkbuf_1_1__f_clk/X (sky130_fd_sc_hd__clkbuf_16)
                                         clknet_1_1__leaf_clk (net)
                  0.04    0.00    0.28 ^ _099_/CLK (sky130_fd_sc_hd__dfxtp_1)
     4    0.01    0.08    0.34    0.62 ^ _099_/Q (sky130_fd_sc_hd__dfxtp_1)
                                         net17 (net)
                  0.08    0.00    0.62 ^ output17/A (sky130_fd_sc_hd__buf_2)
     1    0.03    0.17    0.22    0.84 ^ output17/X (sky130_fd_sc_hd__buf_2)
                                         count[9] (net)
                  0.17    0.00    0.84 ^ count[9] (out)
                                  0.84   data arrival time

                         10.00   10.00   clock clk (rise edge)
                          0.00   10.00   clock network delay (propagated)
                         -0.25    9.75   clock uncertainty
                          0.00    9.75   clock reconvergence pessimism
                         -2.00    7.75   output external delay
                                  7.75   data required time
-----------------------------------------------------------------------------
                                  7.75   data required time
                                 -0.84   data arrival time
-----------------------------------------------------------------------------
                                  6.91   slack (MET)


Startpoint: _096_ (rising edge-triggered flip-flop clocked by clk)
Endpoint: count[6] (output port clocked by clk)
Path Group: clk
Path Type: max

Fanout     Cap    Slew   Delay    Time   Description
-----------------------------------------------------------------------------
                          0.00    0.00   clock clk (rise edge)
                          0.00    0.00   clock source latency
     1    0.01    0.04    0.03    0.03 ^ clk (in)
                                         clk (net)
                  0.04    0.00    0.03 ^ clkbuf_0_clk/A (sky130_fd_sc_hd__clkbuf_16)
     2    0.02    0.04    0.13    0.16 ^ clkbuf_0_clk/X (sky130_fd_sc_hd__clkbuf_16)
                                         clknet_0_clk (net)
                  0.04    0.00    0.16 ^ clkbuf_1_1__f_clk/A (sky130_fd_sc_hd__clkbuf_16)
     8    0.02    0.04    0.12    0.28 ^ clkbuf_1_1__f_clk/X (sky130_fd_sc_hd__clkbuf_16)
                                         clknet_1_1__leaf_clk (net)
                  0.04    0.00    0.28 ^ _096_/CLK (sky130_fd_sc_hd__dfxtp_1)
     4    0.01    0.08    0.34    0.62 ^ _096_/Q (sky130_fd_sc_hd__dfxtp_1)
                                         net14 (net)
                  0.08    0.00    0.62 ^ output14/A (sky130_fd_sc_hd__buf_2)
     1    0.03    0.17    0.22    0.84 ^ output14/X (sky130_fd_sc_hd__buf_2)
                                         count[6] (net)
                  0.17    0.00    0.84 ^ count[6] (out)
                                  0.84   data arrival time

                         10.00   10.00   clock clk (rise edge)
                          0.00   10.00   clock network delay (propagated)
                         -0.25    9.75   clock uncertainty
                          0.00    9.75   clock reconvergence pessimism
                         -2.00    7.75   output external delay
                                  7.75   data required time
-----------------------------------------------------------------------------
                                  7.75   data required time
                                 -0.84   data arrival time
-----------------------------------------------------------------------------
                                  6.91   slack (MET)


Startpoint: _103_ (rising edge-triggered flip-flop clocked by clk)
Endpoint: count[13] (output port clocked by clk)
Path Group: clk
Path Type: max

Fanout     Cap    Slew   Delay    Time   Description
-----------------------------------------------------------------------------
                          0.00    0.00   clock clk (rise edge)
                          0.00    0.00   clock source latency
     1    0.01    0.04    0.03    0.03 ^ clk (in)
                                         clk (net)
                  0.04    0.00    0.03 ^ clkbuf_0_clk/A (sky130_fd_sc_hd__clkbuf_16)
     2    0.02    0.04    0.13    0.16 ^ clkbuf_0_clk/X (sky130_fd_sc_hd__clkbuf_16)
                                         clknet_0_clk (net)
                  0.04    0.00    0.16 ^ clkbuf_1_1__f_clk/A (sky130_fd_sc_hd__clkbuf_16)
     8    0.02    0.04    0.12    0.28 ^ clkbuf_1_1__f_clk/X (sky130_fd_sc_hd__clkbuf_16)
                                         clknet_1_1__leaf_clk (net)
                  0.04    0.00    0.28 ^ _103_/CLK (sky130_fd_sc_hd__dfxtp_1)
     4    0.01    0.08    0.34    0.62 ^ _103_/Q (sky130_fd_sc_hd__dfxtp_1)
                                         net6 (net)
                  0.08    0.00    0.62 ^ output6/A (sky130_fd_sc_hd__clkbuf_4)
     1    0.03    0.11    0.21    0.83 ^ output6/X (sky130_fd_sc_hd__clkbuf_4)
                                         count[13] (net)
                  0.11    0.00    0.83 ^ count[13] (out)
                                  0.83   data arrival time

                         10.00   10.00   clock clk (rise edge)
                          0.00   10.00   clock network delay (propagated)
                         -0.25    9.75   clock uncertainty
                          0.00    9.75   clock reconvergence pessimism
                         -2.00    7.75   output external delay
                                  7.75   data required time
-----------------------------------------------------------------------------
                                  7.75   data required time
                                 -0.83   data arrival time
-----------------------------------------------------------------------------
                                  6.92   slack (MET)


Startpoint: _109_ (rising edge-triggered flip-flop clocked by clk)
Endpoint: count[3] (output port clocked by clk)
Path Group: clk
Path Type: max

Fanout     Cap    Slew   Delay    Time   Description
-----------------------------------------------------------------------------
                          0.00    0.00   clock clk (rise edge)
                          0.00    0.00   clock source latency
     1    0.01    0.04    0.03    0.03 ^ clk (in)
                                         clk (net)
                  0.04    0.00    0.03 ^ clkbuf_0_clk/A (sky130_fd_sc_hd__clkbuf_16)
     2    0.02    0.04    0.13    0.16 ^ clkbuf_0_clk/X (sky130_fd_sc_hd__clkbuf_16)
                                         clknet_0_clk (net)
                  0.04    0.00    0.16 ^ clkbuf_1_0__f_clk/A (sky130_fd_sc_hd__clkbuf_16)
     8    0.02    0.04    0.12    0.28 ^ clkbuf_1_0__f_clk/X (sky130_fd_sc_hd__clkbuf_16)
                                         clknet_1_0__leaf_clk (net)
                  0.04    0.00    0.28 ^ _109_/CLK (sky130_fd_sc_hd__dfxtp_1)
     3    0.01    0.06    0.33    0.61 ^ _109_/Q (sky130_fd_sc_hd__dfxtp_1)
                                         net11 (net)
                  0.06    0.00    0.61 ^ output11/A (sky130_fd_sc_hd__buf_2)
     1    0.03    0.17    0.21    0.82 ^ output11/X (sky130_fd_sc_hd__buf_2)
                                         count[3] (net)
                  0.17    0.00    0.82 ^ count[3] (out)
                                  0.82   data arrival time

                         10.00   10.00   clock clk (rise edge)
                          0.00   10.00   clock network delay (propagated)
                         -0.25    9.75   clock uncertainty
                          0.00    9.75   clock reconvergence pessimism
                         -2.00    7.75   output external delay
                                  7.75   data required time
-----------------------------------------------------------------------------
                                  7.75   data required time
                                 -0.82   data arrival time
-----------------------------------------------------------------------------
                                  6.93   slack (MET)


Startpoint: _097_ (rising edge-triggered flip-flop clocked by clk)
Endpoint: count[7] (output port clocked by clk)
Path Group: clk
Path Type: max

Fanout     Cap    Slew   Delay    Time   Description
-----------------------------------------------------------------------------
                          0.00    0.00   clock clk (rise edge)
                          0.00    0.00   clock source latency
     1    0.01    0.04    0.03    0.03 ^ clk (in)
                                         clk (net)
                  0.04    0.00    0.03 ^ clkbuf_0_clk/A (sky130_fd_sc_hd__clkbuf_16)
     2    0.02    0.04    0.13    0.16 ^ clkbuf_0_clk/X (sky130_fd_sc_hd__clkbuf_16)
                                         clknet_0_clk (net)
                  0.04    0.00    0.16 ^ clkbuf_1_1__f_clk/A (sky130_fd_sc_hd__clkbuf_16)
     8    0.02    0.04    0.12    0.28 ^ clkbuf_1_1__f_clk/X (sky130_fd_sc_hd__clkbuf_16)
                                         clknet_1_1__leaf_clk (net)
                  0.04    0.00    0.28 ^ _097_/CLK (sky130_fd_sc_hd__dfxtp_1)
     3    0.01    0.06    0.33    0.61 ^ _097_/Q (sky130_fd_sc_hd__dfxtp_1)
                                         net15 (net)
                  0.06    0.00    0.61 ^ output15/A (sky130_fd_sc_hd__buf_2)
     1    0.03    0.17    0.21    0.82 ^ output15/X (sky130_fd_sc_hd__buf_2)
                                         count[7] (net)
                  0.17    0.00    0.82 ^ count[7] (out)
                                  0.82   data arrival time

                         10.00   10.00   clock clk (rise edge)
                          0.00   10.00   clock network delay (propagated)
                         -0.25    9.75   clock uncertainty
                          0.00    9.75   clock reconvergence pessimism
                         -2.00    7.75   output external delay
                                  7.75   data required time
-----------------------------------------------------------------------------
                                  7.75   data required time
                                 -0.82   data arrival time
-----------------------------------------------------------------------------
                                  6.93   slack (MET)


Startpoint: _111_ (rising edge-triggered flip-flop clocked by clk)
Endpoint: count[5] (output port clocked by clk)
Path Group: clk
Path Type: max

Fanout     Cap    Slew   Delay    Time   Description
-----------------------------------------------------------------------------
                          0.00    0.00   clock clk (rise edge)
                          0.00    0.00   clock source latency
     1    0.01    0.04    0.03    0.03 ^ clk (in)
                                         clk (net)
                  0.04    0.00    0.03 ^ clkbuf_0_clk/A (sky130_fd_sc_hd__clkbuf_16)
     2    0.02    0.04    0.13    0.16 ^ clkbuf_0_clk/X (sky130_fd_sc_hd__clkbuf_16)
                                         clknet_0_clk (net)
                  0.04    0.00    0.16 ^ clkbuf_1_0__f_clk/A (sky130_fd_sc_hd__clkbuf_16)
     8    0.02    0.04    0.12    0.28 ^ clkbuf_1_0__f_clk/X (sky130_fd_sc_hd__clkbuf_16)
                                         clknet_1_0__leaf_clk (net)
                  0.04    0.00    0.28 ^ _111_/CLK (sky130_fd_sc_hd__dfxtp_1)
     3    0.01    0.06    0.33    0.61 ^ _111_/Q (sky130_fd_sc_hd__dfxtp_1)
                                         net13 (net)
                  0.06    0.00    0.61 ^ output13/A (sky130_fd_sc_hd__buf_2)
     1    0.03    0.17    0.21    0.82 ^ output13/X (sky130_fd_sc_hd__buf_2)
                                         count[5] (net)
                  0.17    0.00    0.82 ^ count[5] (out)
                                  0.82   data arrival time

                         10.00   10.00   clock clk (rise edge)
                          0.00   10.00   clock network delay (propagated)
                         -0.25    9.75   clock uncertainty
                          0.00    9.75   clock reconvergence pessimism
                         -2.00    7.75   output external delay
                                  7.75   data required time
-----------------------------------------------------------------------------
                                  7.75   data required time
                                 -0.82   data arrival time
-----------------------------------------------------------------------------
                                  6.93   slack (MET)


Startpoint: _104_ (rising edge-triggered flip-flop clocked by clk)
Endpoint: count[14] (output port clocked by clk)
Path Group: clk
Path Type: max

Fanout     Cap    Slew   Delay    Time   Description
-----------------------------------------------------------------------------
                          0.00    0.00   clock clk (rise edge)
                          0.00    0.00   clock source latency
     1    0.01    0.04    0.03    0.03 ^ clk (in)
                                         clk (net)
                  0.04    0.00    0.03 ^ clkbuf_0_clk/A (sky130_fd_sc_hd__clkbuf_16)
     2    0.02    0.04    0.13    0.16 ^ clkbuf_0_clk/X (sky130_fd_sc_hd__clkbuf_16)
                                         clknet_0_clk (net)
                  0.04    0.00    0.16 ^ clkbuf_1_1__f_clk/A (sky130_fd_sc_hd__clkbuf_16)
     8    0.02    0.04    0.12    0.28 ^ clkbuf_1_1__f_clk/X (sky130_fd_sc_hd__clkbuf_16)
                                         clknet_1_1__leaf_clk (net)
                  0.04    0.00    0.28 ^ _104_/CLK (sky130_fd_sc_hd__dfxtp_1)
     3    0.01    0.07    0.33    0.61 ^ _104_/Q (sky130_fd_sc_hd__dfxtp_1)
                                         net7 (net)
                  0.07    0.00    0.61 ^ output7/A (sky130_fd_sc_hd__clkbuf_4)
     1    0.03    0.11    0.20    0.81 ^ output7/X (sky130_fd_sc_hd__clkbuf_4)
                                         count[14] (net)
                  0.11    0.00    0.81 ^ count[14] (out)
                                  0.81   data arrival time

                         10.00   10.00   clock clk (rise edge)
                          0.00   10.00   clock network delay (propagated)
                         -0.25    9.75   clock uncertainty
                          0.00    9.75   clock reconvergence pessimism
                         -2.00    7.75   output external delay
                                  7.75   data required time
-----------------------------------------------------------------------------
                                  7.75   data required time
                                 -0.81   data arrival time
-----------------------------------------------------------------------------
                                  6.94   slack (MET)


Startpoint: _100_ (rising edge-triggered flip-flop clocked by clk)
Endpoint: count[10] (output port clocked by clk)
Path Group: clk
Path Type: max

Fanout     Cap    Slew   Delay    Time   Description
-----------------------------------------------------------------------------
                          0.00    0.00   clock clk (rise edge)
                          0.00    0.00   clock source latency
     1    0.01    0.04    0.03    0.03 ^ clk (in)
                                         clk (net)
                  0.04    0.00    0.03 ^ clkbuf_0_clk/A (sky130_fd_sc_hd__clkbuf_16)
     2    0.02    0.04    0.13    0.16 ^ clkbuf_0_clk/X (sky130_fd_sc_hd__clkbuf_16)
                                         clknet_0_clk (net)
                  0.04    0.00    0.16 ^ clkbuf_1_1__f_clk/A (sky130_fd_sc_hd__clkbuf_16)
     8    0.02    0.04    0.12    0.28 ^ clkbuf_1_1__f_clk/X (sky130_fd_sc_hd__clkbuf_16)
                                         clknet_1_1__leaf_clk (net)
                  0.04    0.00    0.28 ^ _100_/CLK (sky130_fd_sc_hd__dfxtp_1)
     3    0.01    0.07    0.33    0.61 ^ _100_/Q (sky130_fd_sc_hd__dfxtp_1)
                                         net3 (net)
                  0.07    0.00    0.61 ^ output3/A (sky130_fd_sc_hd__clkbuf_4)
     1    0.03    0.11    0.20    0.81 ^ output3/X (sky130_fd_sc_hd__clkbuf_4)
                                         count[10] (net)
                  0.11    0.00    0.81 ^ count[10] (out)
                                  0.81   data arrival time

                         10.00   10.00   clock clk (rise edge)
                          0.00   10.00   clock network delay (propagated)
                         -0.25    9.75   clock uncertainty
                          0.00    9.75   clock reconvergence pessimism
                         -2.00    7.75   output external delay
                                  7.75   data required time
-----------------------------------------------------------------------------
                                  7.75   data required time
                                 -0.81   data arrival time
-----------------------------------------------------------------------------
                                  6.94   slack (MET)


Startpoint: rst (input port clocked by clk)
Endpoint: _105_ (rising edge-triggered flip-flop clocked by clk)
Path Group: clk
Path Type: max

Fanout     Cap    Slew   Delay    Time   Description
-----------------------------------------------------------------------------
                          0.00    0.00   clock clk (rise edge)
                          0.00    0.00   clock network delay (propagated)
                          2.00    2.00 v input external delay
     1    0.00    0.01    0.00    2.00 v rst (in)
                                         rst (net)
                  0.01    0.00    2.00 v input1/A (sky130_fd_sc_hd__buf_2)
     7    0.02    0.05    0.13    2.14 v input1/X (sky130_fd_sc_hd__buf_2)
                                         net1 (net)
                  0.05    0.00    2.14 v _080_/B1 (sky130_fd_sc_hd__a41o_1)
     1    0.00    0.03    0.20    2.34 v _080_/X (sky130_fd_sc_hd__a41o_1)
                                         _039_ (net)
                  0.03    0.00    2.34 v _082_/A_N (sky130_fd_sc_hd__and2b_1)
     1    0.00    0.04    0.18    2.52 ^ _082_/X (sky130_fd_sc_hd__and2b_1)
                                         _041_ (net)
                  0.04    0.00    2.52 ^ _083_/A (sky130_fd_sc_hd__clkbuf_1)
     1    0.00    0.03    0.07    2.59 ^ _083_/X (sky130_fd_sc_hd__clkbuf_1)
                                         _009_ (net)
                  0.03    0.00    2.59 ^ _105_/D (sky130_fd_sc_hd__dfxtp_1)
                                  2.59   data arrival time

                         10.00   10.00   clock clk (rise edge)
                          0.00   10.00   clock source latency
     1    0.01    0.04    0.03   10.03 ^ clk (in)
                                         clk (net)
                  0.04    0.00   10.03 ^ clkbuf_0_clk/A (sky130_fd_sc_hd__clkbuf_16)
     2    0.02    0.04    0.11   10.14 ^ clkbuf_0_clk/X (sky130_fd_sc_hd__clkbuf_16)
                                         clknet_0_clk (net)
                  0.04    0.00   10.14 ^ clkbuf_1_0__f_clk/A (sky130_fd_sc_hd__clkbuf_16)
     8    0.02    0.04    0.11   10.25 ^ clkbuf_1_0__f_clk/X (sky130_fd_sc_hd__clkbuf_16)
                                         clknet_1_0__leaf_clk (net)
                  0.04    0.00   10.25 ^ _105_/CLK (sky130_fd_sc_hd__dfxtp_1)
                         -0.25   10.00   clock uncertainty
                          0.00   10.00   clock reconvergence pessimism
                         -0.05    9.95   library setup time
                                  9.95   data required time
-----------------------------------------------------------------------------
                                  9.95   data required time
                                 -2.59   data arrival time
-----------------------------------------------------------------------------
                                  7.36   slack (MET)


Startpoint: rst (input port clocked by clk)
Endpoint: _098_ (rising edge-triggered flip-flop clocked by clk)
Path Group: clk
Path Type: max

Fanout     Cap    Slew   Delay    Time   Description
-----------------------------------------------------------------------------
                          0.00    0.00   clock clk (rise edge)
                          0.00    0.00   clock network delay (propagated)
                          2.00    2.00 v input external delay
     1    0.00    0.01    0.00    2.00 v rst (in)
                                         rst (net)
                  0.01    0.00    2.00 v input1/A (sky130_fd_sc_hd__buf_2)
     7    0.02    0.05    0.13    2.14 v input1/X (sky130_fd_sc_hd__buf_2)
                                         net1 (net)
                  0.05    0.00    2.14 v _052_/A (sky130_fd_sc_hd__buf_2)
    10    0.02    0.07    0.17    2.31 v _052_/X (sky130_fd_sc_hd__buf_2)
                                         _020_ (net)
                  0.07    0.00    2.31 v _060_/B1 (sky130_fd_sc_hd__a21oi_1)
     1    0.00    0.10    0.12    2.42 ^ _060_/Y (sky130_fd_sc_hd__a21oi_1)
                                         _026_ (net)
                  0.10    0.00    2.42 ^ _061_/B1 (sky130_fd_sc_hd__o21a_1)
     1    0.00    0.03    0.12    2.55 ^ _061_/X (sky130_fd_sc_hd__o21a_1)
                                         _002_ (net)
                  0.03    0.00    2.55 ^ _098_/D (sky130_fd_sc_hd__dfxtp_2)
                                  2.55   data arrival time

                         10.00   10.00   clock clk (rise edge)
                          0.00   10.00   clock source latency
     1    0.01    0.04    0.03   10.03 ^ clk (in)
                                         clk (net)
                  0.04    0.00   10.03 ^ clkbuf_0_clk/A (sky130_fd_sc_hd__clkbuf_16)
     2    0.02    0.04    0.11   10.14 ^ clkbuf_0_clk/X (sky130_fd_sc_hd__clkbuf_16)
                                         clknet_0_clk (net)
                  0.04    0.00   10.14 ^ clkbuf_1_1__f_clk/A (sky130_fd_sc_hd__clkbuf_16)
     8    0.02    0.04    0.11   10.25 ^ clkbuf_1_1__f_clk/X (sky130_fd_sc_hd__clkbuf_16)
                                         clknet_1_1__leaf_clk (net)
                  0.04    0.00   10.25 ^ _098_/CLK (sky130_fd_sc_hd__dfxtp_2)
                         -0.25   10.00   clock uncertainty
                          0.00   10.00   clock reconvergence pessimism
                         -0.06    9.95   library setup time
                                  9.95   data required time
-----------------------------------------------------------------------------
                                  9.95   data required time
                                 -2.55   data arrival time
-----------------------------------------------------------------------------
                                  7.40   slack (MET)


Startpoint: rst (input port clocked by clk)
Endpoint: _101_ (rising edge-triggered flip-flop clocked by clk)
Path Group: clk
Path Type: max

Fanout     Cap    Slew   Delay    Time   Description
-----------------------------------------------------------------------------
                          0.00    0.00   clock clk (rise edge)
                          0.00    0.00   clock network delay (propagated)
                          2.00    2.00 v input external delay
     1    0.00    0.01    0.00    2.00 v rst (in)
                                         rst (net)
                  0.01    0.00    2.00 v input1/A (sky130_fd_sc_hd__buf_2)
     7    0.02    0.05    0.13    2.14 v input1/X (sky130_fd_sc_hd__buf_2)
                                         net1 (net)
                  0.05    0.00    2.14 v _052_/A (sky130_fd_sc_hd__buf_2)
    10    0.02    0.07    0.17    2.31 v _052_/X (sky130_fd_sc_hd__buf_2)
                                         _020_ (net)
                  0.07    0.00    2.31 v _069_/B1 (sky130_fd_sc_hd__a21oi_1)
     1    0.00    0.10    0.12    2.42 ^ _069_/Y (sky130_fd_sc_hd__a21oi_1)
                                         _032_ (net)
                  0.10    0.00    2.42 ^ _070_/B1 (sky130_fd_sc_hd__o21a_1)
     1    0.00    0.03    0.12    2.55 ^ _070_/X (sky130_fd_sc_hd__o21a_1)
                                         _005_ (net)
                  0.03    0.00    2.55 ^ _101_/D (sky130_fd_sc_hd__dfxtp_2)
                                  2.55   data arrival time

                         10.00   10.00   clock clk (rise edge)
                          0.00   10.00   clock source latency
     1    0.01    0.04    0.03   10.03 ^ clk (in)
                                         clk (net)
                  0.04    0.00   10.03 ^ clkbuf_0_clk/A (sky130_fd_sc_hd__clkbuf_16)
     2    0.02    0.04    0.11   10.14 ^ clkbuf_0_clk/X (sky130_fd_sc_hd__clkbuf_16)
                                         clknet_0_clk (net)
                  0.04    0.00   10.14 ^ clkbuf_1_0__f_clk/A (sky130_fd_sc_hd__clkbuf_16)
     8    0.02    0.04    0.11   10.25 ^ clkbuf_1_0__f_clk/X (sky130_fd_sc_hd__clkbuf_16)
                                         clknet_1_0__leaf_clk (net)
                  0.04    0.00   10.25 ^ _101_/CLK (sky130_fd_sc_hd__dfxtp_2)
                         -0.25   10.00   clock uncertainty
                          0.00   10.00   clock reconvergence pessimism
                         -0.06    9.95   library setup time
                                  9.95   data required time
-----------------------------------------------------------------------------
                                  9.95   data required time
                                 -2.55   data arrival time
-----------------------------------------------------------------------------
                                  7.40   slack (MET)


Startpoint: rst (input port clocked by clk)
Endpoint: _107_ (rising edge-triggered flip-flop clocked by clk)
Path Group: clk
Path Type: max

Fanout     Cap    Slew   Delay    Time   Description
-----------------------------------------------------------------------------
                          0.00    0.00   clock clk (rise edge)
                          0.00    0.00   clock network delay (propagated)
                          2.00    2.00 v input external delay
     1    0.00    0.01    0.00    2.00 v rst (in)
                                         rst (net)
                  0.01    0.00    2.00 v input1/A (sky130_fd_sc_hd__buf_2)
     7    0.02    0.05    0.13    2.14 v input1/X (sky130_fd_sc_hd__buf_2)
                                         net1 (net)
                  0.05    0.00    2.14 v _052_/A (sky130_fd_sc_hd__buf_2)
    10    0.02    0.07    0.17    2.31 v _052_/X (sky130_fd_sc_hd__buf_2)
                                         _020_ (net)
                  0.07    0.00    2.31 v _085_/B1 (sky130_fd_sc_hd__a21oi_1)
     1    0.00    0.10    0.12    2.42 ^ _085_/Y (sky130_fd_sc_hd__a21oi_1)
                                         _042_ (net)
                  0.10    0.00    2.42 ^ _086_/B1 (sky130_fd_sc_hd__o21a_1)
     1    0.00    0.03    0.12    2.55 ^ _086_/X (sky130_fd_sc_hd__o21a_1)
                                         _011_ (net)
                  0.03    0.00    2.55 ^ _107_/D (sky130_fd_sc_hd__dfxtp_2)
                                  2.55   data arrival time

                         10.00   10.00   clock clk (rise edge)
                          0.00   10.00   clock source latency
     1    0.01    0.04    0.03   10.03 ^ clk (in)
                                         clk (net)
                  0.04    0.00   10.03 ^ clkbuf_0_clk/A (sky130_fd_sc_hd__clkbuf_16)
     2    0.02    0.04    0.11   10.14 ^ clkbuf_0_clk/X (sky130_fd_sc_hd__clkbuf_16)
                                         clknet_0_clk (net)
                  0.04    0.00   10.14 ^ clkbuf_1_0__f_clk/A (sky130_fd_sc_hd__clkbuf_16)
     8    0.02    0.04    0.11   10.25 ^ clkbuf_1_0__f_clk/X (sky130_fd_sc_hd__clkbuf_16)
                                         clknet_1_0__leaf_clk (net)
                  0.04    0.00   10.25 ^ _107_/CLK (sky130_fd_sc_hd__dfxtp_2)
                         -0.25   10.00   clock uncertainty
                          0.00   10.00   clock reconvergence pessimism
                         -0.06    9.95   library setup time
                                  9.95   data required time
-----------------------------------------------------------------------------
                                  9.95   data required time
                                 -2.55   data arrival time
-----------------------------------------------------------------------------
                                  7.40   slack (MET)


Startpoint: rst (input port clocked by clk)
Endpoint: _096_ (rising edge-triggered flip-flop clocked by clk)
Path Group: clk
Path Type: max

Fanout     Cap    Slew   Delay    Time   Description
-----------------------------------------------------------------------------
                          0.00    0.00   clock clk (rise edge)
                          0.00    0.00   clock network delay (propagated)
                          2.00    2.00 ^ input external delay
     1    0.00    0.02    0.01    2.01 ^ rst (in)
                                         rst (net)
                  0.02    0.00    2.01 ^ input1/A (sky130_fd_sc_hd__buf_2)
     7    0.02    0.09    0.14    2.14 ^ input1/X (sky130_fd_sc_hd__buf_2)
                                         net1 (net)
                  0.09    0.00    2.14 ^ _052_/A (sky130_fd_sc_hd__buf_2)
    10    0.03    0.13    0.19    2.34 ^ _052_/X (sky130_fd_sc_hd__buf_2)
                                         _020_ (net)
                  0.13    0.00    2.34 ^ _054_/A (sky130_fd_sc_hd__nor2_1)
     1    0.00    0.04    0.06    2.40 v _054_/Y (sky130_fd_sc_hd__nor2_1)
                                         _022_ (net)
                  0.04    0.00    2.40 v _055_/B1 (sky130_fd_sc_hd__o21a_1)
     1    0.00    0.03    0.09    2.49 v _055_/X (sky130_fd_sc_hd__o21a_1)
                                         _000_ (net)
                  0.03    0.00    2.49 v _096_/D (sky130_fd_sc_hd__dfxtp_1)
                                  2.49   data arrival time

                         10.00   10.00   clock clk (rise edge)
                          0.00   10.00   clock source latency
     1    0.01    0.04    0.03   10.03 ^ clk (in)
                                         clk (net)
                  0.04    0.00   10.03 ^ clkbuf_0_clk/A (sky130_fd_sc_hd__clkbuf_16)
     2    0.02    0.04    0.11   10.14 ^ clkbuf_0_clk/X (sky130_fd_sc_hd__clkbuf_16)
                                         clknet_0_clk (net)
                  0.04    0.00   10.14 ^ clkbuf_1_1__f_clk/A (sky130_fd_sc_hd__clkbuf_16)
     8    0.02    0.04    0.11   10.25 ^ clkbuf_1_1__f_clk/X (sky130_fd_sc_hd__clkbuf_16)
                                         clknet_1_1__leaf_clk (net)
                  0.04    0.00   10.25 ^ _096_/CLK (sky130_fd_sc_hd__dfxtp_1)
                         -0.25   10.00   clock uncertainty
                          0.00   10.00   clock reconvergence pessimism
                         -0.11    9.90   library setup time
                                  9.90   data required time
-----------------------------------------------------------------------------
                                  9.90   data required time
                                 -2.49   data arrival time
-----------------------------------------------------------------------------
                                  7.40   slack (MET)


Startpoint: rst (input port clocked by clk)
Endpoint: _110_ (rising edge-triggered flip-flop clocked by clk)
Path Group: clk
Path Type: max

Fanout     Cap    Slew   Delay    Time   Description
-----------------------------------------------------------------------------
                          0.00    0.00   clock clk (rise edge)
                          0.00    0.00   clock network delay (propagated)
                          2.00    2.00 v input external delay
     1    0.00    0.01    0.00    2.00 v rst (in)
                                         rst (net)
                  0.01    0.00    2.00 v input1/A (sky130_fd_sc_hd__buf_2)
     7    0.02    0.05    0.13    2.14 v input1/X (sky130_fd_sc_hd__buf_2)
                                         net1 (net)
                  0.05    0.00    2.14 v _052_/A (sky130_fd_sc_hd__buf_2)
    10    0.02    0.07    0.17    2.31 v _052_/X (sky130_fd_sc_hd__buf_2)
                                         _020_ (net)
                  0.07    0.00    2.31 v _092_/B1 (sky130_fd_sc_hd__a21oi_1)
     1    0.00    0.10    0.12    2.42 ^ _092_/Y (sky130_fd_sc_hd__a21oi_1)
                                         _046_ (net)
                  0.10    0.00    2.42 ^ _093_/B1 (sky130_fd_sc_hd__o21a_1)
     1    0.00    0.03    0.12    2.55 ^ _093_/X (sky130_fd_sc_hd__o21a_1)
                                         _014_ (net)
                  0.03    0.00    2.55 ^ _110_/D (sky130_fd_sc_hd__dfxtp_1)
                                  2.55   data arrival time

                         10.00   10.00   clock clk (rise edge)
                          0.00   10.00   clock source latency
     1    0.01    0.04    0.03   10.03 ^ clk (in)
                                         clk (net)
                  0.04    0.00   10.03 ^ clkbuf_0_clk/A (sky130_fd_sc_hd__clkbuf_16)
     2    0.02    0.04    0.11   10.14 ^ clkbuf_0_clk/X (sky130_fd_sc_hd__clkbuf_16)
                                         clknet_0_clk (net)
                  0.04    0.00   10.14 ^ clkbuf_1_0__f_clk/A (sky130_fd_sc_hd__clkbuf_16)
     8    0.02    0.04    0.11   10.25 ^ clkbuf_1_0__f_clk/X (sky130_fd_sc_hd__clkbuf_16)
                                         clknet_1_0__leaf_clk (net)
                  0.04    0.00   10.25 ^ _110_/CLK (sky130_fd_sc_hd__dfxtp_1)
                         -0.25   10.00   clock uncertainty
                          0.00   10.00   clock reconvergence pessimism
                         -0.05    9.95   library setup time
                                  9.95   data required time
-----------------------------------------------------------------------------
                                  9.95   data required time
                                 -2.55   data arrival time
-----------------------------------------------------------------------------
                                  7.41   slack (MET)


Startpoint: rst (input port clocked by clk)
Endpoint: _104_ (rising edge-triggered flip-flop clocked by clk)
Path Group: clk
Path Type: max

Fanout     Cap    Slew   Delay    Time   Description
-----------------------------------------------------------------------------
                          0.00    0.00   clock clk (rise edge)
                          0.00    0.00   clock network delay (propagated)
                          2.00    2.00 v input external delay
     1    0.00    0.01    0.00    2.00 v rst (in)
                                         rst (net)
                  0.01    0.00    2.00 v input1/A (sky130_fd_sc_hd__buf_2)
     7    0.02    0.05    0.13    2.14 v input1/X (sky130_fd_sc_hd__buf_2)
                                         net1 (net)
                  0.05    0.00    2.14 v _078_/B1 (sky130_fd_sc_hd__a31o_1)
     1    0.00    0.03    0.18    2.32 v _078_/X (sky130_fd_sc_hd__a31o_1)
                                         _038_ (net)
                  0.03    0.00    2.32 v _079_/B1_N (sky130_fd_sc_hd__o21ba_1)
     1    0.00    0.04    0.20    2.51 ^ _079_/X (sky130_fd_sc_hd__o21ba_1)
                                         _008_ (net)
                  0.04    0.00    2.51 ^ _104_/D (sky130_fd_sc_hd__dfxtp_1)
                                  2.51   data arrival time

                         10.00   10.00   clock clk (rise edge)
                          0.00   10.00   clock source latency
     1    0.01    0.04    0.03   10.03 ^ clk (in)
                                         clk (net)
                  0.04    0.00   10.03 ^ clkbuf_0_clk/A (sky130_fd_sc_hd__clkbuf_16)
     2    0.02    0.04    0.11   10.14 ^ clkbuf_0_clk/X (sky130_fd_sc_hd__clkbuf_16)
                                         clknet_0_clk (net)
                  0.04    0.00   10.14 ^ clkbuf_1_1__f_clk/A (sky130_fd_sc_hd__clkbuf_16)
     8    0.02    0.04    0.11   10.25 ^ clkbuf_1_1__f_clk/X (sky130_fd_sc_hd__clkbuf_16)
                                         clknet_1_1__leaf_clk (net)
                  0.04    0.00   10.25 ^ _104_/CLK (sky130_fd_sc_hd__dfxtp_1)
                         -0.25   10.00   clock uncertainty
                          0.00   10.00   clock reconvergence pessimism
                         -0.05    9.95   library setup time
                                  9.95   data required time
-----------------------------------------------------------------------------
                                  9.95   data required time
                                 -2.51   data arrival time
-----------------------------------------------------------------------------
                                  7.44   slack (MET)


Startpoint: rst (input port clocked by clk)
Endpoint: _103_ (rising edge-triggered flip-flop clocked by clk)
Path Group: clk
Path Type: max

Fanout     Cap    Slew   Delay    Time   Description
-----------------------------------------------------------------------------
                          0.00    0.00   clock clk (rise edge)
                          0.00    0.00   clock network delay (propagated)
                          2.00    2.00 v input external delay
     1    0.00    0.01    0.00    2.00 v rst (in)
                                         rst (net)
                  0.01    0.00    2.00 v input1/A (sky130_fd_sc_hd__buf_2)
     7    0.02    0.05    0.13    2.14 v input1/X (sky130_fd_sc_hd__buf_2)
                                         net1 (net)
                  0.05    0.00    2.14 v _052_/A (sky130_fd_sc_hd__buf_2)
    10    0.02    0.07    0.17    2.31 v _052_/X (sky130_fd_sc_hd__buf_2)
                                         _020_ (net)
                  0.07    0.00    2.31 v _076_/A (sky130_fd_sc_hd__nor3_1)
     1    0.00    0.12    0.17    2.47 ^ _076_/Y (sky130_fd_sc_hd__nor3_1)
                                         _007_ (net)
                  0.12    0.00    2.47 ^ _103_/D (sky130_fd_sc_hd__dfxtp_1)
                                  2.47   data arrival time

                         10.00   10.00   clock clk (rise edge)
                          0.00   10.00   clock source latency
     1    0.01    0.04    0.03   10.03 ^ clk (in)
                                         clk (net)
                  0.04    0.00   10.03 ^ clkbuf_0_clk/A (sky130_fd_sc_hd__clkbuf_16)
     2    0.02    0.04    0.11   10.14 ^ clkbuf_0_clk/X (sky130_fd_sc_hd__clkbuf_16)
                                         clknet_0_clk (net)
                  0.04    0.00   10.14 ^ clkbuf_1_1__f_clk/A (sky130_fd_sc_hd__clkbuf_16)
     8    0.02    0.04    0.11   10.25 ^ clkbuf_1_1__f_clk/X (sky130_fd_sc_hd__clkbuf_16)
                                         clknet_1_1__leaf_clk (net)
                  0.04    0.00   10.25 ^ _103_/CLK (sky130_fd_sc_hd__dfxtp_1)
                         -0.25   10.00   clock uncertainty
                          0.00   10.00   clock reconvergence pessimism
                         -0.07    9.93   library setup time
                                  9.93   data required time
-----------------------------------------------------------------------------
                                  9.93   data required time
                                 -2.47   data arrival time
-----------------------------------------------------------------------------
                                  7.46   slack (MET)


Startpoint: rst (input port clocked by clk)
Endpoint: _099_ (rising edge-triggered flip-flop clocked by clk)
Path Group: clk
Path Type: max

Fanout     Cap    Slew   Delay    Time   Description
-----------------------------------------------------------------------------
                          0.00    0.00   clock clk (rise edge)
                          0.00    0.00   clock network delay (propagated)
                          2.00    2.00 v input external delay
     1    0.00    0.01    0.00    2.00 v rst (in)
                                         rst (net)
                  0.01    0.00    2.00 v input1/A (sky130_fd_sc_hd__buf_2)
     7    0.02    0.05    0.13    2.14 v input1/X (sky130_fd_sc_hd__buf_2)
                                         net1 (net)
                  0.05    0.00    2.14 v _052_/A (sky130_fd_sc_hd__buf_2)
    10    0.02    0.07    0.17    2.31 v _052_/X (sky130_fd_sc_hd__buf_2)
                                         _020_ (net)
                  0.07    0.00    2.31 v _064_/A (sky130_fd_sc_hd__nor3_1)
     1    0.00    0.12    0.17    2.47 ^ _064_/Y (sky130_fd_sc_hd__nor3_1)
                                         _003_ (net)
                  0.12    0.00    2.47 ^ _099_/D (sky130_fd_sc_hd__dfxtp_1)
                                  2.47   data arrival time

                         10.00   10.00   clock clk (rise edge)
                          0.00   10.00   clock source latency
     1    0.01    0.04    0.03   10.03 ^ clk (in)
                                         clk (net)
                  0.04    0.00   10.03 ^ clkbuf_0_clk/A (sky130_fd_sc_hd__clkbuf_16)
     2    0.02    0.04    0.11   10.14 ^ clkbuf_0_clk/X (sky130_fd_sc_hd__clkbuf_16)
                                         clknet_0_clk (net)
                  0.04    0.00   10.14 ^ clkbuf_1_1__f_clk/A (sky130_fd_sc_hd__clkbuf_16)
     8    0.02    0.04    0.11   10.25 ^ clkbuf_1_1__f_clk/X (sky130_fd_sc_hd__clkbuf_16)
                                         clknet_1_1__leaf_clk (net)
                  0.04    0.00   10.25 ^ _099_/CLK (sky130_fd_sc_hd__dfxtp_1)
                         -0.25   10.00   clock uncertainty
                          0.00   10.00   clock reconvergence pessimism
                         -0.07    9.93   library setup time
                                  9.93   data required time
-----------------------------------------------------------------------------
                                  9.93   data required time
                                 -2.47   data arrival time
-----------------------------------------------------------------------------
                                  7.46   slack (MET)


Startpoint: rst (input port clocked by clk)
Endpoint: _108_ (rising edge-triggered flip-flop clocked by clk)
Path Group: clk
Path Type: max

Fanout     Cap    Slew   Delay    Time   Description
-----------------------------------------------------------------------------
                          0.00    0.00   clock clk (rise edge)
                          0.00    0.00   clock network delay (propagated)
                          2.00    2.00 v input external delay
     1    0.00    0.01    0.00    2.00 v rst (in)
                                         rst (net)
                  0.01    0.00    2.00 v input1/A (sky130_fd_sc_hd__buf_2)
     7    0.02    0.05    0.13    2.14 v input1/X (sky130_fd_sc_hd__buf_2)
                                         net1 (net)
                  0.05    0.00    2.14 v _052_/A (sky130_fd_sc_hd__buf_2)
    10    0.02    0.07    0.17    2.31 v _052_/X (sky130_fd_sc_hd__buf_2)
                                         _020_ (net)
                  0.07    0.00    2.31 v _089_/A (sky130_fd_sc_hd__nor3_1)
     1    0.00    0.12    0.17    2.47 ^ _089_/Y (sky130_fd_sc_hd__nor3_1)
                                         _012_ (net)
                  0.12    0.00    2.47 ^ _108_/D (sky130_fd_sc_hd__dfxtp_1)
                                  2.47   data arrival time

                         10.00   10.00   clock clk (rise edge)
                          0.00   10.00   clock source latency
     1    0.01    0.04    0.03   10.03 ^ clk (in)
                                         clk (net)
                  0.04    0.00   10.03 ^ clkbuf_0_clk/A (sky130_fd_sc_hd__clkbuf_16)
     2    0.02    0.04    0.11   10.14 ^ clkbuf_0_clk/X (sky130_fd_sc_hd__clkbuf_16)
                                         clknet_0_clk (net)
                  0.04    0.00   10.14 ^ clkbuf_1_0__f_clk/A (sky130_fd_sc_hd__clkbuf_16)
     8    0.02    0.04    0.11   10.25 ^ clkbuf_1_0__f_clk/X (sky130_fd_sc_hd__clkbuf_16)
                                         clknet_1_0__leaf_clk (net)
                  0.04    0.00   10.25 ^ _108_/CLK (sky130_fd_sc_hd__dfxtp_1)
                         -0.25   10.00   clock uncertainty
                          0.00   10.00   clock reconvergence pessimism
                         -0.07    9.93   library setup time
                                  9.93   data required time
-----------------------------------------------------------------------------
                                  9.93   data required time
                                 -2.47   data arrival time
-----------------------------------------------------------------------------
                                  7.46   slack (MET)


Startpoint: rst (input port clocked by clk)
Endpoint: _111_ (rising edge-triggered flip-flop clocked by clk)
Path Group: clk
Path Type: max

Fanout     Cap    Slew   Delay    Time   Description
-----------------------------------------------------------------------------
                          0.00    0.00   clock clk (rise edge)
                          0.00    0.00   clock network delay (propagated)
                          2.00    2.00 v input external delay
     1    0.00    0.01    0.00    2.00 v rst (in)
                                         rst (net)
                  0.01    0.00    2.00 v input1/A (sky130_fd_sc_hd__buf_2)
     7    0.02    0.05    0.13    2.14 v input1/X (sky130_fd_sc_hd__buf_2)
                                         net1 (net)
                  0.05    0.00    2.14 v _052_/A (sky130_fd_sc_hd__buf_2)
    10    0.02    0.07    0.17    2.31 v _052_/X (sky130_fd_sc_hd__buf_2)
                                         _020_ (net)
                  0.07    0.00    2.31 v _095_/A (sky130_fd_sc_hd__nor3_1)
     1    0.00    0.12    0.17    2.47 ^ _095_/Y (sky130_fd_sc_hd__nor3_1)
                                         _015_ (net)
                  0.12    0.00    2.47 ^ _111_/D (sky130_fd_sc_hd__dfxtp_1)
                                  2.47   data arrival time

                         10.00   10.00   clock clk (rise edge)
                          0.00   10.00   clock source latency
     1    0.01    0.04    0.03   10.03 ^ clk (in)
                                         clk (net)
                  0.04    0.00   10.03 ^ clkbuf_0_clk/A (sky130_fd_sc_hd__clkbuf_16)
     2    0.02    0.04    0.11   10.14 ^ clkbuf_0_clk/X (sky130_fd_sc_hd__clkbuf_16)
                                         clknet_0_clk (net)
                  0.04    0.00   10.14 ^ clkbuf_1_0__f_clk/A (sky130_fd_sc_hd__clkbuf_16)
     8    0.02    0.04    0.11   10.25 ^ clkbuf_1_0__f_clk/X (sky130_fd_sc_hd__clkbuf_16)
                                         clknet_1_0__leaf_clk (net)
                  0.04    0.00   10.25 ^ _111_/CLK (sky130_fd_sc_hd__dfxtp_1)
                         -0.25   10.00   clock uncertainty
                          0.00   10.00   clock reconvergence pessimism
                         -0.07    9.93   library setup time
                                  9.93   data required time
-----------------------------------------------------------------------------
                                  9.93   data required time
                                 -2.47   data arrival time
-----------------------------------------------------------------------------
                                  7.46   slack (MET)


Startpoint: rst (input port clocked by clk)
Endpoint: _106_ (rising edge-triggered flip-flop clocked by clk)
Path Group: clk
Path Type: max

Fanout     Cap    Slew   Delay    Time   Description
-----------------------------------------------------------------------------
                          0.00    0.00   clock clk (rise edge)
                          0.00    0.00   clock network delay (propagated)
                          2.00    2.00 ^ input external delay
     1    0.00    0.02    0.01    2.01 ^ rst (in)
                                         rst (net)
                  0.02    0.00    2.01 ^ input1/A (sky130_fd_sc_hd__buf_2)
     7    0.02    0.09    0.14    2.14 ^ input1/X (sky130_fd_sc_hd__buf_2)
                                         net1 (net)
                  0.09    0.00    2.14 ^ _052_/A (sky130_fd_sc_hd__buf_2)
    10    0.03    0.13    0.19    2.34 ^ _052_/X (sky130_fd_sc_hd__buf_2)
                                         _020_ (net)
                  0.13    0.00    2.34 ^ _084_/B (sky130_fd_sc_hd__nor2_1)
     1    0.00    0.03    0.05    2.39 v _084_/Y (sky130_fd_sc_hd__nor2_1)
                                         _010_ (net)
                  0.03    0.00    2.39 v _106_/D (sky130_fd_sc_hd__dfxtp_2)
                                  2.39   data arrival time

                         10.00   10.00   clock clk (rise edge)
                          0.00   10.00   clock source latency
     1    0.01    0.04    0.03   10.03 ^ clk (in)
                                         clk (net)
                  0.04    0.00   10.03 ^ clkbuf_0_clk/A (sky130_fd_sc_hd__clkbuf_16)
     2    0.02    0.04    0.11   10.14 ^ clkbuf_0_clk/X (sky130_fd_sc_hd__clkbuf_16)
                                         clknet_0_clk (net)
                  0.04    0.00   10.14 ^ clkbuf_1_0__f_clk/A (sky130_fd_sc_hd__clkbuf_16)
     8    0.02    0.04    0.11   10.25 ^ clkbuf_1_0__f_clk/X (sky130_fd_sc_hd__clkbuf_16)
                                         clknet_1_0__leaf_clk (net)
                  0.04    0.00   10.25 ^ _106_/CLK (sky130_fd_sc_hd__dfxtp_2)
                         -0.25   10.00   clock uncertainty
                          0.00   10.00   clock reconvergence pessimism
                         -0.11    9.89   library setup time
                                  9.89   data required time
-----------------------------------------------------------------------------
                                  9.89   data required time
                                 -2.39   data arrival time
-----------------------------------------------------------------------------
                                  7.51   slack (MET)


Startpoint: rst (input port clocked by clk)
Endpoint: _102_ (rising edge-triggered flip-flop clocked by clk)
Path Group: clk
Path Type: max

Fanout     Cap    Slew   Delay    Time   Description
-----------------------------------------------------------------------------
                          0.00    0.00   clock clk (rise edge)
                          0.00    0.00   clock network delay (propagated)
                          2.00    2.00 v input external delay
     1    0.00    0.01    0.00    2.00 v rst (in)
                                         rst (net)
                  0.01    0.00    2.00 v input1/A (sky130_fd_sc_hd__buf_2)
     7    0.02    0.05    0.13    2.14 v input1/X (sky130_fd_sc_hd__buf_2)
                                         net1 (net)
                  0.05    0.00    2.14 v _072_/B1 (sky130_fd_sc_hd__a31o_1)
     1    0.00    0.04    0.19    2.32 v _072_/X (sky130_fd_sc_hd__a31o_1)
                                         _034_ (net)
                  0.04    0.00    2.32 v _073_/B (sky130_fd_sc_hd__nor2_1)
     1    0.00    0.06    0.07    2.39 ^ _073_/Y (sky130_fd_sc_hd__nor2_1)
                                         _006_ (net)
                  0.06    0.00    2.39 ^ _102_/D (sky130_fd_sc_hd__dfxtp_2)
                                  2.39   data arrival time

                         10.00   10.00   clock clk (rise edge)
                          0.00   10.00   clock source latency
     1    0.01    0.04    0.03   10.03 ^ clk (in)
                                         clk (net)
                  0.04    0.00   10.03 ^ clkbuf_0_clk/A (sky130_fd_sc_hd__clkbuf_16)
     2    0.02    0.04    0.11   10.14 ^ clkbuf_0_clk/X (sky130_fd_sc_hd__clkbuf_16)
                                         clknet_0_clk (net)
                  0.04    0.00   10.14 ^ clkbuf_1_1__f_clk/A (sky130_fd_sc_hd__clkbuf_16)
     8    0.02    0.04    0.11   10.25 ^ clkbuf_1_1__f_clk/X (sky130_fd_sc_hd__clkbuf_16)
                                         clknet_1_1__leaf_clk (net)
                  0.04    0.00   10.25 ^ _102_/CLK (sky130_fd_sc_hd__dfxtp_2)
                         -0.25   10.00   clock uncertainty
                          0.00   10.00   clock reconvergence pessimism
                         -0.06    9.94   library setup time
                                  9.94   data required time
-----------------------------------------------------------------------------
                                  9.94   data required time
                                 -2.39   data arrival time
-----------------------------------------------------------------------------
                                  7.55   slack (MET)


Startpoint: rst (input port clocked by clk)
Endpoint: _097_ (rising edge-triggered flip-flop clocked by clk)
Path Group: clk
Path Type: max

Fanout     Cap    Slew   Delay    Time   Description
-----------------------------------------------------------------------------
                          0.00    0.00   clock clk (rise edge)
                          0.00    0.00   clock network delay (propagated)
                          2.00    2.00 v input external delay
     1    0.00    0.01    0.00    2.00 v rst (in)
                                         rst (net)
                  0.01    0.00    2.00 v input1/A (sky130_fd_sc_hd__buf_2)
     7    0.02    0.05    0.13    2.14 v input1/X (sky130_fd_sc_hd__buf_2)
                                         net1 (net)
                  0.05    0.00    2.14 v _058_/A (sky130_fd_sc_hd__nor2_1)
     1    0.00    0.07    0.10    2.24 ^ _058_/Y (sky130_fd_sc_hd__nor2_1)
                                         _025_ (net)
                  0.07    0.00    2.24 ^ _059_/B1 (sky130_fd_sc_hd__o21a_1)
     1    0.00    0.03    0.11    2.35 ^ _059_/X (sky130_fd_sc_hd__o21a_1)
                                         _001_ (net)
                  0.03    0.00    2.35 ^ _097_/D (sky130_fd_sc_hd__dfxtp_1)
                                  2.35   data arrival time

                         10.00   10.00   clock clk (rise edge)
                          0.00   10.00   clock source latency
     1    0.01    0.04    0.03   10.03 ^ clk (in)
                                         clk (net)
                  0.04    0.00   10.03 ^ clkbuf_0_clk/A (sky130_fd_sc_hd__clkbuf_16)
     2    0.02    0.04    0.11   10.14 ^ clkbuf_0_clk/X (sky130_fd_sc_hd__clkbuf_16)
                                         clknet_0_clk (net)
                  0.04    0.00   10.14 ^ clkbuf_1_1__f_clk/A (sky130_fd_sc_hd__clkbuf_16)
     8    0.02    0.04    0.11   10.25 ^ clkbuf_1_1__f_clk/X (sky130_fd_sc_hd__clkbuf_16)
                                         clknet_1_1__leaf_clk (net)
                  0.04    0.00   10.25 ^ _097_/CLK (sky130_fd_sc_hd__dfxtp_1)
                         -0.25   10.00   clock uncertainty
                          0.00   10.00   clock reconvergence pessimism
                         -0.05    9.95   library setup time
                                  9.95   data required time
-----------------------------------------------------------------------------
                                  9.95   data required time
                                 -2.35   data arrival time
-----------------------------------------------------------------------------
                                  7.60   slack (MET)


Startpoint: rst (input port clocked by clk)
Endpoint: _100_ (rising edge-triggered flip-flop clocked by clk)
Path Group: clk
Path Type: max

Fanout     Cap    Slew   Delay    Time   Description
-----------------------------------------------------------------------------
                          0.00    0.00   clock clk (rise edge)
                          0.00    0.00   clock network delay (propagated)
                          2.00    2.00 v input external delay
     1    0.00    0.01    0.00    2.00 v rst (in)
                                         rst (net)
                  0.01    0.00    2.00 v input1/A (sky130_fd_sc_hd__buf_2)
     7    0.02    0.05    0.13    2.14 v input1/X (sky130_fd_sc_hd__buf_2)
                                         net1 (net)
                  0.05    0.00    2.14 v _067_/A (sky130_fd_sc_hd__nor2_1)
     1    0.00    0.07    0.10    2.24 ^ _067_/Y (sky130_fd_sc_hd__nor2_1)
                                         _031_ (net)
                  0.07    0.00    2.24 ^ _068_/B1 (sky130_fd_sc_hd__o21a_1)
     1    0.00    0.03    0.11    2.35 ^ _068_/X (sky130_fd_sc_hd__o21a_1)
                                         _004_ (net)
                  0.03    0.00    2.35 ^ _100_/D (sky130_fd_sc_hd__dfxtp_1)
                                  2.35   data arrival time

                         10.00   10.00   clock clk (rise edge)
                          0.00   10.00   clock source latency
     1    0.01    0.04    0.03   10.03 ^ clk (in)
                                         clk (net)
                  0.04    0.00   10.03 ^ clkbuf_0_clk/A (sky130_fd_sc_hd__clkbuf_16)
     2    0.02    0.04    0.11   10.14 ^ clkbuf_0_clk/X (sky130_fd_sc_hd__clkbuf_16)
                                         clknet_0_clk (net)
                  0.04    0.00   10.14 ^ clkbuf_1_1__f_clk/A (sky130_fd_sc_hd__clkbuf_16)
     8    0.02    0.04    0.11   10.25 ^ clkbuf_1_1__f_clk/X (sky130_fd_sc_hd__clkbuf_16)
                                         clknet_1_1__leaf_clk (net)
                  0.04    0.00   10.25 ^ _100_/CLK (sky130_fd_sc_hd__dfxtp_1)
                         -0.25   10.00   clock uncertainty
                          0.00   10.00   clock reconvergence pessimism
                         -0.05    9.95   library setup time
                                  9.95   data required time
-----------------------------------------------------------------------------
                                  9.95   data required time
                                 -2.35   data arrival time
-----------------------------------------------------------------------------
                                  7.60   slack (MET)


Startpoint: rst (input port clocked by clk)
Endpoint: _109_ (rising edge-triggered flip-flop clocked by clk)
Path Group: clk
Path Type: max

Fanout     Cap    Slew   Delay    Time   Description
-----------------------------------------------------------------------------
                          0.00    0.00   clock clk (rise edge)
                          0.00    0.00   clock network delay (propagated)
                          2.00    2.00 v input external delay
     1    0.00    0.01    0.00    2.00 v rst (in)
                                         rst (net)
                  0.01    0.00    2.00 v input1/A (sky130_fd_sc_hd__buf_2)
     7    0.02    0.05    0.13    2.14 v input1/X (sky130_fd_sc_hd__buf_2)
                                         net1 (net)
                  0.05    0.00    2.14 v _090_/A (sky130_fd_sc_hd__nor2_1)
     1    0.00    0.07    0.10    2.24 ^ _090_/Y (sky130_fd_sc_hd__nor2_1)
                                         _045_ (net)
                  0.07    0.00    2.24 ^ _091_/B1 (sky130_fd_sc_hd__o21a_1)
     1    0.00    0.03    0.11    2.35 ^ _091_/X (sky130_fd_sc_hd__o21a_1)
                                         _013_ (net)
                  0.03    0.00    2.35 ^ _109_/D (sky130_fd_sc_hd__dfxtp_1)
                                  2.35   data arrival time

                         10.00   10.00   clock clk (rise edge)
                          0.00   10.00   clock source latency
     1    0.01    0.04    0.03   10.03 ^ clk (in)
                                         clk (net)
                  0.04    0.00   10.03 ^ clkbuf_0_clk/A (sky130_fd_sc_hd__clkbuf_16)
     2    0.02    0.04    0.11   10.14 ^ clkbuf_0_clk/X (sky130_fd_sc_hd__clkbuf_16)
                                         clknet_0_clk (net)
                  0.04    0.00   10.14 ^ clkbuf_1_0__f_clk/A (sky130_fd_sc_hd__clkbuf_16)
     8    0.02    0.04    0.11   10.25 ^ clkbuf_1_0__f_clk/X (sky130_fd_sc_hd__clkbuf_16)
                                         clknet_1_0__leaf_clk (net)
                  0.04    0.00   10.25 ^ _109_/CLK (sky130_fd_sc_hd__dfxtp_1)
                         -0.25   10.00   clock uncertainty
                          0.00   10.00   clock reconvergence pessimism
                         -0.05    9.95   library setup time
                                  9.95   data required time
-----------------------------------------------------------------------------
                                  9.95   data required time
                                 -2.35   data arrival time
-----------------------------------------------------------------------------
                                  7.60   slack (MET)



worst slack corner Typical: 6.8413
