
63. Printing statistics.

=== counter16bit ===

   Number of wires:                 51
   Number of wire bits:             66
   Number of public wires:           3
   Number of public wire bits:      18
   Number of memories:               0
   Number of memory bits:            0
   Number of processes:              0
   Number of cells:                 64
     sky130_fd_sc_hd__a21oi_2        8
     sky130_fd_sc_hd__a31o_2         3
     sky130_fd_sc_hd__a31oi_2        1
     sky130_fd_sc_hd__a41o_2         1
     sky130_fd_sc_hd__and2_2         2
     sky130_fd_sc_hd__and2b_2        1
     sky130_fd_sc_hd__and3_2         4
     sky130_fd_sc_hd__and4_2         4
     sky130_fd_sc_hd__buf_1          5
     sky130_fd_sc_hd__dfxtp_2       16
     sky130_fd_sc_hd__nor2_2         6
     sky130_fd_sc_hd__nor3_2         4
     sky130_fd_sc_hd__o21a_2         8
     sky130_fd_sc_hd__o21ba_2        1

   Chip area for module '\counter16bit': 730.700800

