
===========================================================================
report_checks -path_delay min (Hold)
============================================================================
======================= Typical Corner ===================================

Startpoint: _106_ (rising edge-triggered flip-flop clocked by clk)
Endpoint: _106_ (rising edge-triggered flip-flop clocked by clk)
Path Group: clk
Path Type: min

Fanout     Cap    Slew   Delay    Time   Description
-----------------------------------------------------------------------------
                  0.15    0.00    0.00   clock clk (rise edge)
                          0.00    0.00   clock network delay (ideal)
                  0.15    0.00    0.00 ^ _106_/CLK (sky130_fd_sc_hd__dfxtp_2)
     7    0.05    0.12    0.41    0.41 v _106_/Q (sky130_fd_sc_hd__dfxtp_2)
                                         count[0] (net)
                  0.12    0.00    0.41 v _084_/A (sky130_fd_sc_hd__nor2_2)
     1    0.00    0.05    0.11    0.52 ^ _084_/Y (sky130_fd_sc_hd__nor2_2)
                                         _010_ (net)
                  0.05    0.00    0.52 ^ _106_/D (sky130_fd_sc_hd__dfxtp_2)
                                  0.52   data arrival time

                  0.15    0.00    0.00   clock clk (rise edge)
                          0.00    0.00   clock network delay (ideal)
                          0.25    0.25   clock uncertainty
                          0.00    0.25   clock reconvergence pessimism
                                  0.25 ^ _106_/CLK (sky130_fd_sc_hd__dfxtp_2)
                         -0.02    0.23   library hold time
                                  0.23   data required time
-----------------------------------------------------------------------------
                                  0.23   data required time
                                 -0.52   data arrival time
-----------------------------------------------------------------------------
                                  0.29   slack (MET)


Startpoint: _111_ (rising edge-triggered flip-flop clocked by clk)
Endpoint: _111_ (rising edge-triggered flip-flop clocked by clk)
Path Group: clk
Path Type: min

Fanout     Cap    Slew   Delay    Time   Description
-----------------------------------------------------------------------------
                  0.15    0.00    0.00   clock clk (rise edge)
                          0.00    0.00   clock network delay (ideal)
                  0.15    0.00    0.00 ^ _111_/CLK (sky130_fd_sc_hd__dfxtp_2)
     3    0.04    0.10    0.39    0.39 v _111_/Q (sky130_fd_sc_hd__dfxtp_2)
                                         count[5] (net)
                  0.10    0.00    0.39 v _094_/B1 (sky130_fd_sc_hd__a21oi_2)
     1    0.00    0.09    0.12    0.51 ^ _094_/Y (sky130_fd_sc_hd__a21oi_2)
                                         _047_ (net)
                  0.09    0.00    0.51 ^ _095_/C (sky130_fd_sc_hd__nor3_2)
     1    0.00    0.02    0.04    0.55 v _095_/Y (sky130_fd_sc_hd__nor3_2)
                                         _015_ (net)
                  0.02    0.00    0.55 v _111_/D (sky130_fd_sc_hd__dfxtp_2)
                                  0.55   data arrival time

                  0.15    0.00    0.00   clock clk (rise edge)
                          0.00    0.00   clock network delay (ideal)
                          0.25    0.25   clock uncertainty
                          0.00    0.25   clock reconvergence pessimism
                                  0.25 ^ _111_/CLK (sky130_fd_sc_hd__dfxtp_2)
                         -0.01    0.24   library hold time
                                  0.24   data required time
-----------------------------------------------------------------------------
                                  0.24   data required time
                                 -0.55   data arrival time
-----------------------------------------------------------------------------
                                  0.31   slack (MET)


Startpoint: _108_ (rising edge-triggered flip-flop clocked by clk)
Endpoint: _108_ (rising edge-triggered flip-flop clocked by clk)
Path Group: clk
Path Type: min

Fanout     Cap    Slew   Delay    Time   Description
-----------------------------------------------------------------------------
                  0.15    0.00    0.00   clock clk (rise edge)
                          0.00    0.00   clock network delay (ideal)
                  0.15    0.00    0.00 ^ _108_/CLK (sky130_fd_sc_hd__dfxtp_2)
     4    0.04    0.10    0.40    0.40 v _108_/Q (sky130_fd_sc_hd__dfxtp_2)
                                         count[2] (net)
                  0.10    0.00    0.40 v _088_/B1 (sky130_fd_sc_hd__a21oi_2)
     1    0.00    0.09    0.12    0.52 ^ _088_/Y (sky130_fd_sc_hd__a21oi_2)
                                         _044_ (net)
                  0.09    0.00    0.52 ^ _089_/C (sky130_fd_sc_hd__nor3_2)
     1    0.00    0.02    0.04    0.55 v _089_/Y (sky130_fd_sc_hd__nor3_2)
                                         _012_ (net)
                  0.02    0.00    0.55 v _108_/D (sky130_fd_sc_hd__dfxtp_2)
                                  0.55   data arrival time

                  0.15    0.00    0.00   clock clk (rise edge)
                          0.00    0.00   clock network delay (ideal)
                          0.25    0.25   clock uncertainty
                          0.00    0.25   clock reconvergence pessimism
                                  0.25 ^ _108_/CLK (sky130_fd_sc_hd__dfxtp_2)
                         -0.01    0.24   library hold time
                                  0.24   data required time
-----------------------------------------------------------------------------
                                  0.24   data required time
                                 -0.55   data arrival time
-----------------------------------------------------------------------------
                                  0.32   slack (MET)


Startpoint: _099_ (rising edge-triggered flip-flop clocked by clk)
Endpoint: _099_ (rising edge-triggered flip-flop clocked by clk)
Path Group: clk
Path Type: min

Fanout     Cap    Slew   Delay    Time   Description
-----------------------------------------------------------------------------
                  0.15    0.00    0.00   clock clk (rise edge)
                          0.00    0.00   clock network delay (ideal)
                  0.15    0.00    0.00 ^ _099_/CLK (sky130_fd_sc_hd__dfxtp_2)
     4    0.04    0.10    0.40    0.40 v _099_/Q (sky130_fd_sc_hd__dfxtp_2)
                                         count[9] (net)
                  0.10    0.00    0.40 v _062_/B1 (sky130_fd_sc_hd__a21oi_2)
     1    0.00    0.09    0.12    0.52 ^ _062_/Y (sky130_fd_sc_hd__a21oi_2)
                                         _027_ (net)
                  0.09    0.00    0.52 ^ _064_/B (sky130_fd_sc_hd__nor3_2)
     1    0.00    0.02    0.04    0.56 v _064_/Y (sky130_fd_sc_hd__nor3_2)
                                         _003_ (net)
                  0.02    0.00    0.56 v _099_/D (sky130_fd_sc_hd__dfxtp_2)
                                  0.56   data arrival time

                  0.15    0.00    0.00   clock clk (rise edge)
                          0.00    0.00   clock network delay (ideal)
                          0.25    0.25   clock uncertainty
                          0.00    0.25   clock reconvergence pessimism
                                  0.25 ^ _099_/CLK (sky130_fd_sc_hd__dfxtp_2)
                         -0.01    0.24   library hold time
                                  0.24   data required time
-----------------------------------------------------------------------------
                                  0.24   data required time
                                 -0.56   data arrival time
-----------------------------------------------------------------------------
                                  0.33   slack (MET)


Startpoint: _102_ (rising edge-triggered flip-flop clocked by clk)
Endpoint: _102_ (rising edge-triggered flip-flop clocked by clk)
Path Group: clk
Path Type: min

Fanout     Cap    Slew   Delay    Time   Description
-----------------------------------------------------------------------------
                  0.15    0.00    0.00   clock clk (rise edge)
                          0.00    0.00   clock network delay (ideal)
                  0.15    0.00    0.00 ^ _102_/CLK (sky130_fd_sc_hd__dfxtp_2)
     6    0.05    0.11    0.41    0.41 v _102_/Q (sky130_fd_sc_hd__dfxtp_2)
                                         count[12] (net)
                  0.11    0.00    0.41 v _071_/B1 (sky130_fd_sc_hd__a21oi_2)
     1    0.00    0.09    0.13    0.53 ^ _071_/Y (sky130_fd_sc_hd__a21oi_2)
                                         _033_ (net)
                  0.09    0.00    0.53 ^ _073_/A (sky130_fd_sc_hd__nor2_2)
     1    0.00    0.01    0.04    0.57 v _073_/Y (sky130_fd_sc_hd__nor2_2)
                                         _006_ (net)
                  0.01    0.00    0.57 v _102_/D (sky130_fd_sc_hd__dfxtp_2)
                                  0.57   data arrival time

                  0.15    0.00    0.00   clock clk (rise edge)
                          0.00    0.00   clock network delay (ideal)
                          0.25    0.25   clock uncertainty
                          0.00    0.25   clock reconvergence pessimism
                                  0.25 ^ _102_/CLK (sky130_fd_sc_hd__dfxtp_2)
                         -0.01    0.24   library hold time
                                  0.24   data required time
-----------------------------------------------------------------------------
                                  0.24   data required time
                                 -0.57   data arrival time
-----------------------------------------------------------------------------
                                  0.33   slack (MET)


Startpoint: _097_ (rising edge-triggered flip-flop clocked by clk)
Endpoint: _097_ (rising edge-triggered flip-flop clocked by clk)
Path Group: clk
Path Type: min

Fanout     Cap    Slew   Delay    Time   Description
-----------------------------------------------------------------------------
                  0.15    0.00    0.00   clock clk (rise edge)
                          0.00    0.00   clock network delay (ideal)
                  0.15    0.00    0.00 ^ _097_/CLK (sky130_fd_sc_hd__dfxtp_2)
     3    0.04    0.19    0.44    0.44 ^ _097_/Q (sky130_fd_sc_hd__dfxtp_2)
                                         count[7] (net)
                  0.19    0.00    0.44 ^ _059_/A1 (sky130_fd_sc_hd__o21a_2)
     1    0.00    0.03    0.15    0.59 ^ _059_/X (sky130_fd_sc_hd__o21a_2)
                                         _001_ (net)
                  0.03    0.00    0.59 ^ _097_/D (sky130_fd_sc_hd__dfxtp_2)
                                  0.59   data arrival time

                  0.15    0.00    0.00   clock clk (rise edge)
                          0.00    0.00   clock network delay (ideal)
                          0.25    0.25   clock uncertainty
                          0.00    0.25   clock reconvergence pessimism
                                  0.25 ^ _097_/CLK (sky130_fd_sc_hd__dfxtp_2)
                         -0.01    0.24   library hold time
                                  0.24   data required time
-----------------------------------------------------------------------------
                                  0.24   data required time
                                 -0.59   data arrival time
-----------------------------------------------------------------------------
                                  0.35   slack (MET)


Startpoint: _100_ (rising edge-triggered flip-flop clocked by clk)
Endpoint: _100_ (rising edge-triggered flip-flop clocked by clk)
Path Group: clk
Path Type: min

Fanout     Cap    Slew   Delay    Time   Description
-----------------------------------------------------------------------------
                  0.15    0.00    0.00   clock clk (rise edge)
                          0.00    0.00   clock network delay (ideal)
                  0.15    0.00    0.00 ^ _100_/CLK (sky130_fd_sc_hd__dfxtp_2)
     3    0.04    0.19    0.44    0.44 ^ _100_/Q (sky130_fd_sc_hd__dfxtp_2)
                                         count[10] (net)
                  0.19    0.00    0.44 ^ _068_/A1 (sky130_fd_sc_hd__o21a_2)
     1    0.00    0.03    0.15    0.59 ^ _068_/X (sky130_fd_sc_hd__o21a_2)
                                         _004_ (net)
                  0.03    0.00    0.59 ^ _100_/D (sky130_fd_sc_hd__dfxtp_2)
                                  0.59   data arrival time

                  0.15    0.00    0.00   clock clk (rise edge)
                          0.00    0.00   clock network delay (ideal)
                          0.25    0.25   clock uncertainty
                          0.00    0.25   clock reconvergence pessimism
                                  0.25 ^ _100_/CLK (sky130_fd_sc_hd__dfxtp_2)
                         -0.01    0.24   library hold time
                                  0.24   data required time
-----------------------------------------------------------------------------
                                  0.24   data required time
                                 -0.59   data arrival time
-----------------------------------------------------------------------------
                                  0.35   slack (MET)


Startpoint: _109_ (rising edge-triggered flip-flop clocked by clk)
Endpoint: _109_ (rising edge-triggered flip-flop clocked by clk)
Path Group: clk
Path Type: min

Fanout     Cap    Slew   Delay    Time   Description
-----------------------------------------------------------------------------
                  0.15    0.00    0.00   clock clk (rise edge)
                          0.00    0.00   clock network delay (ideal)
                  0.15    0.00    0.00 ^ _109_/CLK (sky130_fd_sc_hd__dfxtp_2)
     3    0.04    0.19    0.44    0.44 ^ _109_/Q (sky130_fd_sc_hd__dfxtp_2)
                                         count[3] (net)
                  0.19    0.00    0.44 ^ _091_/A1 (sky130_fd_sc_hd__o21a_2)
     1    0.00    0.03    0.15    0.59 ^ _091_/X (sky130_fd_sc_hd__o21a_2)
                                         _013_ (net)
                  0.03    0.00    0.59 ^ _109_/D (sky130_fd_sc_hd__dfxtp_2)
                                  0.59   data arrival time

                  0.15    0.00    0.00   clock clk (rise edge)
                          0.00    0.00   clock network delay (ideal)
                          0.25    0.25   clock uncertainty
                          0.00    0.25   clock reconvergence pessimism
                                  0.25 ^ _109_/CLK (sky130_fd_sc_hd__dfxtp_2)
                         -0.01    0.24   library hold time
                                  0.24   data required time
-----------------------------------------------------------------------------
                                  0.24   data required time
                                 -0.59   data arrival time
-----------------------------------------------------------------------------
                                  0.35   slack (MET)


Startpoint: _096_ (rising edge-triggered flip-flop clocked by clk)
Endpoint: _096_ (rising edge-triggered flip-flop clocked by clk)
Path Group: clk
Path Type: min

Fanout     Cap    Slew   Delay    Time   Description
-----------------------------------------------------------------------------
                  0.15    0.00    0.00   clock clk (rise edge)
                          0.00    0.00   clock network delay (ideal)
                  0.15    0.00    0.00 ^ _096_/CLK (sky130_fd_sc_hd__dfxtp_2)
     4    0.04    0.20    0.45    0.45 ^ _096_/Q (sky130_fd_sc_hd__dfxtp_2)
                                         count[6] (net)
                  0.20    0.00    0.45 ^ _055_/A1 (sky130_fd_sc_hd__o21a_2)
     1    0.00    0.03    0.15    0.59 ^ _055_/X (sky130_fd_sc_hd__o21a_2)
                                         _000_ (net)
                  0.03    0.00    0.59 ^ _096_/D (sky130_fd_sc_hd__dfxtp_2)
                                  0.59   data arrival time

                  0.15    0.00    0.00   clock clk (rise edge)
                          0.00    0.00   clock network delay (ideal)
                          0.25    0.25   clock uncertainty
                          0.00    0.25   clock reconvergence pessimism
                                  0.25 ^ _096_/CLK (sky130_fd_sc_hd__dfxtp_2)
                         -0.01    0.24   library hold time
                                  0.24   data required time
-----------------------------------------------------------------------------
                                  0.24   data required time
                                 -0.59   data arrival time
-----------------------------------------------------------------------------
                                  0.36   slack (MET)


Startpoint: _104_ (rising edge-triggered flip-flop clocked by clk)
Endpoint: _104_ (rising edge-triggered flip-flop clocked by clk)
Path Group: clk
Path Type: min

Fanout     Cap    Slew   Delay    Time   Description
-----------------------------------------------------------------------------
                  0.15    0.00    0.00   clock clk (rise edge)
                          0.00    0.00   clock network delay (ideal)
                  0.15    0.00    0.00 ^ _104_/CLK (sky130_fd_sc_hd__dfxtp_2)
     3    0.04    0.20    0.44    0.44 ^ _104_/Q (sky130_fd_sc_hd__dfxtp_2)
                                         count[14] (net)
                  0.20    0.00    0.44 ^ _079_/A1 (sky130_fd_sc_hd__o21ba_2)
     1    0.00    0.03    0.15    0.59 ^ _079_/X (sky130_fd_sc_hd__o21ba_2)
                                         _008_ (net)
                  0.03    0.00    0.59 ^ _104_/D (sky130_fd_sc_hd__dfxtp_2)
                                  0.59   data arrival time

                  0.15    0.00    0.00   clock clk (rise edge)
                          0.00    0.00   clock network delay (ideal)
                          0.25    0.25   clock uncertainty
                          0.00    0.25   clock reconvergence pessimism
                                  0.25 ^ _104_/CLK (sky130_fd_sc_hd__dfxtp_2)
                         -0.01    0.24   library hold time
                                  0.24   data required time
-----------------------------------------------------------------------------
                                  0.24   data required time
                                 -0.59   data arrival time
-----------------------------------------------------------------------------
                                  0.36   slack (MET)


Startpoint: _103_ (rising edge-triggered flip-flop clocked by clk)
Endpoint: _103_ (rising edge-triggered flip-flop clocked by clk)
Path Group: clk
Path Type: min

Fanout     Cap    Slew   Delay    Time   Description
-----------------------------------------------------------------------------
                  0.15    0.00    0.00   clock clk (rise edge)
                          0.00    0.00   clock network delay (ideal)
                  0.15    0.00    0.00 ^ _103_/CLK (sky130_fd_sc_hd__dfxtp_2)
     4    0.04    0.10    0.40    0.40 v _103_/Q (sky130_fd_sc_hd__dfxtp_2)
                                         count[13] (net)
                  0.10    0.00    0.40 v _074_/B1 (sky130_fd_sc_hd__a31oi_2)
     1    0.00    0.10    0.16    0.55 ^ _074_/Y (sky130_fd_sc_hd__a31oi_2)
                                         _035_ (net)
                  0.10    0.00    0.55 ^ _076_/B (sky130_fd_sc_hd__nor3_2)
     1    0.00    0.02    0.05    0.60 v _076_/Y (sky130_fd_sc_hd__nor3_2)
                                         _007_ (net)
                  0.02    0.00    0.60 v _103_/D (sky130_fd_sc_hd__dfxtp_2)
                                  0.60   data arrival time

                  0.15    0.00    0.00   clock clk (rise edge)
                          0.00    0.00   clock network delay (ideal)
                          0.25    0.25   clock uncertainty
                          0.00    0.25   clock reconvergence pessimism
                                  0.25 ^ _103_/CLK (sky130_fd_sc_hd__dfxtp_2)
                         -0.01    0.24   library hold time
                                  0.24   data required time
-----------------------------------------------------------------------------
                                  0.24   data required time
                                 -0.60   data arrival time
-----------------------------------------------------------------------------
                                  0.36   slack (MET)


Startpoint: _107_ (rising edge-triggered flip-flop clocked by clk)
Endpoint: _107_ (rising edge-triggered flip-flop clocked by clk)
Path Group: clk
Path Type: min

Fanout     Cap    Slew   Delay    Time   Description
-----------------------------------------------------------------------------
                  0.15    0.00    0.00   clock clk (rise edge)
                          0.00    0.00   clock network delay (ideal)
                  0.15    0.00    0.00 ^ _107_/CLK (sky130_fd_sc_hd__dfxtp_2)
     6    0.05    0.12    0.41    0.41 v _107_/Q (sky130_fd_sc_hd__dfxtp_2)
                                         count[1] (net)
                  0.12    0.00    0.41 v _086_/A2 (sky130_fd_sc_hd__o21a_2)
     1    0.00    0.02    0.20    0.61 v _086_/X (sky130_fd_sc_hd__o21a_2)
                                         _011_ (net)
                  0.02    0.00    0.61 v _107_/D (sky130_fd_sc_hd__dfxtp_2)
                                  0.61   data arrival time

                  0.15    0.00    0.00   clock clk (rise edge)
                          0.00    0.00   clock network delay (ideal)
                          0.25    0.25   clock uncertainty
                          0.00    0.25   clock reconvergence pessimism
                                  0.25 ^ _107_/CLK (sky130_fd_sc_hd__dfxtp_2)
                         -0.01    0.24   library hold time
                                  0.24   data required time
-----------------------------------------------------------------------------
                                  0.24   data required time
                                 -0.61   data arrival time
-----------------------------------------------------------------------------
                                  0.37   slack (MET)


Startpoint: _110_ (rising edge-triggered flip-flop clocked by clk)
Endpoint: _110_ (rising edge-triggered flip-flop clocked by clk)
Path Group: clk
Path Type: min

Fanout     Cap    Slew   Delay    Time   Description
-----------------------------------------------------------------------------
                  0.15    0.00    0.00   clock clk (rise edge)
                          0.00    0.00   clock network delay (ideal)
                  0.15    0.00    0.00 ^ _110_/CLK (sky130_fd_sc_hd__dfxtp_2)
     5    0.05    0.11    0.40    0.40 v _110_/Q (sky130_fd_sc_hd__dfxtp_2)
                                         count[4] (net)
                  0.11    0.00    0.40 v _093_/A1 (sky130_fd_sc_hd__o21a_2)
     1    0.00    0.02    0.21    0.61 v _093_/X (sky130_fd_sc_hd__o21a_2)
                                         _014_ (net)
                  0.02    0.00    0.61 v _110_/D (sky130_fd_sc_hd__dfxtp_2)
                                  0.61   data arrival time

                  0.15    0.00    0.00   clock clk (rise edge)
                          0.00    0.00   clock network delay (ideal)
                          0.25    0.25   clock uncertainty
                          0.00    0.25   clock reconvergence pessimism
                                  0.25 ^ _110_/CLK (sky130_fd_sc_hd__dfxtp_2)
                         -0.01    0.24   library hold time
                                  0.24   data required time
-----------------------------------------------------------------------------
                                  0.24   data required time
                                 -0.61   data arrival time
-----------------------------------------------------------------------------
                                  0.38   slack (MET)


Startpoint: _098_ (rising edge-triggered flip-flop clocked by clk)
Endpoint: _098_ (rising edge-triggered flip-flop clocked by clk)
Path Group: clk
Path Type: min

Fanout     Cap    Slew   Delay    Time   Description
-----------------------------------------------------------------------------
                  0.15    0.00    0.00   clock clk (rise edge)
                          0.00    0.00   clock network delay (ideal)
                  0.15    0.00    0.00 ^ _098_/CLK (sky130_fd_sc_hd__dfxtp_2)
     6    0.05    0.12    0.41    0.41 v _098_/Q (sky130_fd_sc_hd__dfxtp_2)
                                         count[8] (net)
                  0.12    0.00    0.41 v _061_/A1 (sky130_fd_sc_hd__o21a_2)
     1    0.00    0.02    0.21    0.62 v _061_/X (sky130_fd_sc_hd__o21a_2)
                                         _002_ (net)
                  0.02    0.00    0.62 v _098_/D (sky130_fd_sc_hd__dfxtp_2)
                                  0.62   data arrival time

                  0.15    0.00    0.00   clock clk (rise edge)
                          0.00    0.00   clock network delay (ideal)
                          0.25    0.25   clock uncertainty
                          0.00    0.25   clock reconvergence pessimism
                                  0.25 ^ _098_/CLK (sky130_fd_sc_hd__dfxtp_2)
                         -0.01    0.24   library hold time
                                  0.24   data required time
-----------------------------------------------------------------------------
                                  0.24   data required time
                                 -0.62   data arrival time
-----------------------------------------------------------------------------
                                  0.38   slack (MET)


Startpoint: _101_ (rising edge-triggered flip-flop clocked by clk)
Endpoint: _101_ (rising edge-triggered flip-flop clocked by clk)
Path Group: clk
Path Type: min

Fanout     Cap    Slew   Delay    Time   Description
-----------------------------------------------------------------------------
                  0.15    0.00    0.00   clock clk (rise edge)
                          0.00    0.00   clock network delay (ideal)
                  0.15    0.00    0.00 ^ _101_/CLK (sky130_fd_sc_hd__dfxtp_2)
    10    0.06    0.14    0.43    0.43 v _101_/Q (sky130_fd_sc_hd__dfxtp_2)
                                         count[11] (net)
                  0.14    0.00    0.43 v _070_/A1 (sky130_fd_sc_hd__o21a_2)
     1    0.00    0.02    0.22    0.65 v _070_/X (sky130_fd_sc_hd__o21a_2)
                                         _005_ (net)
                  0.02    0.00    0.65 v _101_/D (sky130_fd_sc_hd__dfxtp_2)
                                  0.65   data arrival time

                  0.15    0.00    0.00   clock clk (rise edge)
                          0.00    0.00   clock network delay (ideal)
                          0.25    0.25   clock uncertainty
                          0.00    0.25   clock reconvergence pessimism
                                  0.25 ^ _101_/CLK (sky130_fd_sc_hd__dfxtp_2)
                         -0.01    0.24   library hold time
                                  0.24   data required time
-----------------------------------------------------------------------------
                                  0.24   data required time
                                 -0.65   data arrival time
-----------------------------------------------------------------------------
                                  0.41   slack (MET)


Startpoint: _105_ (rising edge-triggered flip-flop clocked by clk)
Endpoint: _105_ (rising edge-triggered flip-flop clocked by clk)
Path Group: clk
Path Type: min

Fanout     Cap    Slew   Delay    Time   Description
-----------------------------------------------------------------------------
                  0.15    0.00    0.00   clock clk (rise edge)
                          0.00    0.00   clock network delay (ideal)
                  0.15    0.00    0.00 ^ _105_/CLK (sky130_fd_sc_hd__dfxtp_2)
     3    0.04    0.20    0.44    0.44 ^ _105_/Q (sky130_fd_sc_hd__dfxtp_2)
                                         count[15] (net)
                  0.20    0.00    0.44 ^ _081_/B1 (sky130_fd_sc_hd__a31o_2)
     1    0.00    0.03    0.12    0.56 ^ _081_/X (sky130_fd_sc_hd__a31o_2)
                                         _040_ (net)
                  0.03    0.00    0.56 ^ _082_/B (sky130_fd_sc_hd__and2b_2)
     1    0.00    0.03    0.12    0.68 ^ _082_/X (sky130_fd_sc_hd__and2b_2)
                                         _041_ (net)
                  0.03    0.00    0.68 ^ _083_/A (sky130_fd_sc_hd__buf_1)
     1    0.00    0.03    0.06    0.74 ^ _083_/X (sky130_fd_sc_hd__buf_1)
                                         _009_ (net)
                  0.03    0.00    0.74 ^ _105_/D (sky130_fd_sc_hd__dfxtp_2)
                                  0.74   data arrival time

                  0.15    0.00    0.00   clock clk (rise edge)
                          0.00    0.00   clock network delay (ideal)
                          0.25    0.25   clock uncertainty
                          0.00    0.25   clock reconvergence pessimism
                                  0.25 ^ _105_/CLK (sky130_fd_sc_hd__dfxtp_2)
                         -0.01    0.24   library hold time
                                  0.24   data required time
-----------------------------------------------------------------------------
                                  0.24   data required time
                                 -0.74   data arrival time
-----------------------------------------------------------------------------
                                  0.51   slack (MET)


Startpoint: _109_ (rising edge-triggered flip-flop clocked by clk)
Endpoint: count[3] (output port clocked by clk)
Path Group: clk
Path Type: min

Fanout     Cap    Slew   Delay    Time   Description
-----------------------------------------------------------------------------
                  0.15    0.00    0.00   clock clk (rise edge)
                          0.00    0.00   clock network delay (ideal)
                  0.15    0.00    0.00 ^ _109_/CLK (sky130_fd_sc_hd__dfxtp_2)
     3    0.04    0.09    0.39    0.39 v _109_/Q (sky130_fd_sc_hd__dfxtp_2)
                                         count[3] (net)
                  0.09    0.00    0.39 v count[3] (out)
                                  0.39   data arrival time

                  0.15    0.00    0.00   clock clk (rise edge)
                          0.00    0.00   clock network delay (ideal)
                          0.25    0.25   clock uncertainty
                          0.00    0.25   clock reconvergence pessimism
                         -2.00   -1.75   output external delay
                                 -1.75   data required time
-----------------------------------------------------------------------------
                                 -1.75   data required time
                                 -0.39   data arrival time
-----------------------------------------------------------------------------
                                  2.14   slack (MET)


Startpoint: _100_ (rising edge-triggered flip-flop clocked by clk)
Endpoint: count[10] (output port clocked by clk)
Path Group: clk
Path Type: min

Fanout     Cap    Slew   Delay    Time   Description
-----------------------------------------------------------------------------
                  0.15    0.00    0.00   clock clk (rise edge)
                          0.00    0.00   clock network delay (ideal)
                  0.15    0.00    0.00 ^ _100_/CLK (sky130_fd_sc_hd__dfxtp_2)
     3    0.04    0.09    0.39    0.39 v _100_/Q (sky130_fd_sc_hd__dfxtp_2)
                                         count[10] (net)
                  0.09    0.00    0.39 v count[10] (out)
                                  0.39   data arrival time

                  0.15    0.00    0.00   clock clk (rise edge)
                          0.00    0.00   clock network delay (ideal)
                          0.25    0.25   clock uncertainty
                          0.00    0.25   clock reconvergence pessimism
                         -2.00   -1.75   output external delay
                                 -1.75   data required time
-----------------------------------------------------------------------------
                                 -1.75   data required time
                                 -0.39   data arrival time
-----------------------------------------------------------------------------
                                  2.14   slack (MET)


Startpoint: _097_ (rising edge-triggered flip-flop clocked by clk)
Endpoint: count[7] (output port clocked by clk)
Path Group: clk
Path Type: min

Fanout     Cap    Slew   Delay    Time   Description
-----------------------------------------------------------------------------
                  0.15    0.00    0.00   clock clk (rise edge)
                          0.00    0.00   clock network delay (ideal)
                  0.15    0.00    0.00 ^ _097_/CLK (sky130_fd_sc_hd__dfxtp_2)
     3    0.04    0.09    0.39    0.39 v _097_/Q (sky130_fd_sc_hd__dfxtp_2)
                                         count[7] (net)
                  0.09    0.00    0.39 v count[7] (out)
                                  0.39   data arrival time

                  0.15    0.00    0.00   clock clk (rise edge)
                          0.00    0.00   clock network delay (ideal)
                          0.25    0.25   clock uncertainty
                          0.00    0.25   clock reconvergence pessimism
                         -2.00   -1.75   output external delay
                                 -1.75   data required time
-----------------------------------------------------------------------------
                                 -1.75   data required time
                                 -0.39   data arrival time
-----------------------------------------------------------------------------
                                  2.14   slack (MET)


Startpoint: _104_ (rising edge-triggered flip-flop clocked by clk)
Endpoint: count[14] (output port clocked by clk)
Path Group: clk
Path Type: min

Fanout     Cap    Slew   Delay    Time   Description
-----------------------------------------------------------------------------
                  0.15    0.00    0.00   clock clk (rise edge)
                          0.00    0.00   clock network delay (ideal)
                  0.15    0.00    0.00 ^ _104_/CLK (sky130_fd_sc_hd__dfxtp_2)
     3    0.04    0.09    0.39    0.39 v _104_/Q (sky130_fd_sc_hd__dfxtp_2)
                                         count[14] (net)
                  0.09    0.00    0.39 v count[14] (out)
                                  0.39   data arrival time

                  0.15    0.00    0.00   clock clk (rise edge)
                          0.00    0.00   clock network delay (ideal)
                          0.25    0.25   clock uncertainty
                          0.00    0.25   clock reconvergence pessimism
                         -2.00   -1.75   output external delay
                                 -1.75   data required time
-----------------------------------------------------------------------------
                                 -1.75   data required time
                                 -0.39   data arrival time
-----------------------------------------------------------------------------
                                  2.14   slack (MET)


Startpoint: _105_ (rising edge-triggered flip-flop clocked by clk)
Endpoint: count[15] (output port clocked by clk)
Path Group: clk
Path Type: min

Fanout     Cap    Slew   Delay    Time   Description
-----------------------------------------------------------------------------
                  0.15    0.00    0.00   clock clk (rise edge)
                          0.00    0.00   clock network delay (ideal)
                  0.15    0.00    0.00 ^ _105_/CLK (sky130_fd_sc_hd__dfxtp_2)
     3    0.04    0.10    0.39    0.39 v _105_/Q (sky130_fd_sc_hd__dfxtp_2)
                                         count[15] (net)
                  0.10    0.00    0.39 v count[15] (out)
                                  0.39   data arrival time

                  0.15    0.00    0.00   clock clk (rise edge)
                          0.00    0.00   clock network delay (ideal)
                          0.25    0.25   clock uncertainty
                          0.00    0.25   clock reconvergence pessimism
                         -2.00   -1.75   output external delay
                                 -1.75   data required time
-----------------------------------------------------------------------------
                                 -1.75   data required time
                                 -0.39   data arrival time
-----------------------------------------------------------------------------
                                  2.14   slack (MET)


Startpoint: _096_ (rising edge-triggered flip-flop clocked by clk)
Endpoint: count[6] (output port clocked by clk)
Path Group: clk
Path Type: min

Fanout     Cap    Slew   Delay    Time   Description
-----------------------------------------------------------------------------
                  0.15    0.00    0.00   clock clk (rise edge)
                          0.00    0.00   clock network delay (ideal)
                  0.15    0.00    0.00 ^ _096_/CLK (sky130_fd_sc_hd__dfxtp_2)
     4    0.04    0.10    0.39    0.39 v _096_/Q (sky130_fd_sc_hd__dfxtp_2)
                                         count[6] (net)
                  0.10    0.00    0.39 v count[6] (out)
                                  0.39   data arrival time

                  0.15    0.00    0.00   clock clk (rise edge)
                          0.00    0.00   clock network delay (ideal)
                          0.25    0.25   clock uncertainty
                          0.00    0.25   clock reconvergence pessimism
                         -2.00   -1.75   output external delay
                                 -1.75   data required time
-----------------------------------------------------------------------------
                                 -1.75   data required time
                                 -0.39   data arrival time
-----------------------------------------------------------------------------
                                  2.14   slack (MET)


Startpoint: _111_ (rising edge-triggered flip-flop clocked by clk)
Endpoint: count[5] (output port clocked by clk)
Path Group: clk
Path Type: min

Fanout     Cap    Slew   Delay    Time   Description
-----------------------------------------------------------------------------
                  0.15    0.00    0.00   clock clk (rise edge)
                          0.00    0.00   clock network delay (ideal)
                  0.15    0.00    0.00 ^ _111_/CLK (sky130_fd_sc_hd__dfxtp_2)
     3    0.04    0.10    0.39    0.39 v _111_/Q (sky130_fd_sc_hd__dfxtp_2)
                                         count[5] (net)
                  0.10    0.00    0.39 v count[5] (out)
                                  0.39   data arrival time

                  0.15    0.00    0.00   clock clk (rise edge)
                          0.00    0.00   clock network delay (ideal)
                          0.25    0.25   clock uncertainty
                          0.00    0.25   clock reconvergence pessimism
                         -2.00   -1.75   output external delay
                                 -1.75   data required time
-----------------------------------------------------------------------------
                                 -1.75   data required time
                                 -0.39   data arrival time
-----------------------------------------------------------------------------
                                  2.14   slack (MET)


Startpoint: _103_ (rising edge-triggered flip-flop clocked by clk)
Endpoint: count[13] (output port clocked by clk)
Path Group: clk
Path Type: min

Fanout     Cap    Slew   Delay    Time   Description
-----------------------------------------------------------------------------
                  0.15    0.00    0.00   clock clk (rise edge)
                          0.00    0.00   clock network delay (ideal)
                  0.15    0.00    0.00 ^ _103_/CLK (sky130_fd_sc_hd__dfxtp_2)
     4    0.04    0.10    0.40    0.40 v _103_/Q (sky130_fd_sc_hd__dfxtp_2)
                                         count[13] (net)
                  0.10    0.00    0.40 v count[13] (out)
                                  0.40   data arrival time

                  0.15    0.00    0.00   clock clk (rise edge)
                          0.00    0.00   clock network delay (ideal)
                          0.25    0.25   clock uncertainty
                          0.00    0.25   clock reconvergence pessimism
                         -2.00   -1.75   output external delay
                                 -1.75   data required time
-----------------------------------------------------------------------------
                                 -1.75   data required time
                                 -0.40   data arrival time
-----------------------------------------------------------------------------
                                  2.15   slack (MET)


Startpoint: _108_ (rising edge-triggered flip-flop clocked by clk)
Endpoint: count[2] (output port clocked by clk)
Path Group: clk
Path Type: min

Fanout     Cap    Slew   Delay    Time   Description
-----------------------------------------------------------------------------
                  0.15    0.00    0.00   clock clk (rise edge)
                          0.00    0.00   clock network delay (ideal)
                  0.15    0.00    0.00 ^ _108_/CLK (sky130_fd_sc_hd__dfxtp_2)
     4    0.04    0.10    0.40    0.40 v _108_/Q (sky130_fd_sc_hd__dfxtp_2)
                                         count[2] (net)
                  0.10    0.00    0.40 v count[2] (out)
                                  0.40   data arrival time

                  0.15    0.00    0.00   clock clk (rise edge)
                          0.00    0.00   clock network delay (ideal)
                          0.25    0.25   clock uncertainty
                          0.00    0.25   clock reconvergence pessimism
                         -2.00   -1.75   output external delay
                                 -1.75   data required time
-----------------------------------------------------------------------------
                                 -1.75   data required time
                                 -0.40   data arrival time
-----------------------------------------------------------------------------
                                  2.15   slack (MET)


Startpoint: _099_ (rising edge-triggered flip-flop clocked by clk)
Endpoint: count[9] (output port clocked by clk)
Path Group: clk
Path Type: min

Fanout     Cap    Slew   Delay    Time   Description
-----------------------------------------------------------------------------
                  0.15    0.00    0.00   clock clk (rise edge)
                          0.00    0.00   clock network delay (ideal)
                  0.15    0.00    0.00 ^ _099_/CLK (sky130_fd_sc_hd__dfxtp_2)
     4    0.04    0.10    0.40    0.40 v _099_/Q (sky130_fd_sc_hd__dfxtp_2)
                                         count[9] (net)
                  0.10    0.00    0.40 v count[9] (out)
                                  0.40   data arrival time

                  0.15    0.00    0.00   clock clk (rise edge)
                          0.00    0.00   clock network delay (ideal)
                          0.25    0.25   clock uncertainty
                          0.00    0.25   clock reconvergence pessimism
                         -2.00   -1.75   output external delay
                                 -1.75   data required time
-----------------------------------------------------------------------------
                                 -1.75   data required time
                                 -0.40   data arrival time
-----------------------------------------------------------------------------
                                  2.15   slack (MET)


Startpoint: _110_ (rising edge-triggered flip-flop clocked by clk)
Endpoint: count[4] (output port clocked by clk)
Path Group: clk
Path Type: min

Fanout     Cap    Slew   Delay    Time   Description
-----------------------------------------------------------------------------
                  0.15    0.00    0.00   clock clk (rise edge)
                          0.00    0.00   clock network delay (ideal)
                  0.15    0.00    0.00 ^ _110_/CLK (sky130_fd_sc_hd__dfxtp_2)
     5    0.05    0.11    0.40    0.40 v _110_/Q (sky130_fd_sc_hd__dfxtp_2)
                                         count[4] (net)
                  0.11    0.00    0.40 v count[4] (out)
                                  0.40   data arrival time

                  0.15    0.00    0.00   clock clk (rise edge)
                          0.00    0.00   clock network delay (ideal)
                          0.25    0.25   clock uncertainty
                          0.00    0.25   clock reconvergence pessimism
                         -2.00   -1.75   output external delay
                                 -1.75   data required time
-----------------------------------------------------------------------------
                                 -1.75   data required time
                                 -0.40   data arrival time
-----------------------------------------------------------------------------
                                  2.15   slack (MET)


Startpoint: _102_ (rising edge-triggered flip-flop clocked by clk)
Endpoint: count[12] (output port clocked by clk)
Path Group: clk
Path Type: min

Fanout     Cap    Slew   Delay    Time   Description
-----------------------------------------------------------------------------
                  0.15    0.00    0.00   clock clk (rise edge)
                          0.00    0.00   clock network delay (ideal)
                  0.15    0.00    0.00 ^ _102_/CLK (sky130_fd_sc_hd__dfxtp_2)
     6    0.05    0.11    0.41    0.41 v _102_/Q (sky130_fd_sc_hd__dfxtp_2)
                                         count[12] (net)
                  0.11    0.00    0.41 v count[12] (out)
                                  0.41   data arrival time

                  0.15    0.00    0.00   clock clk (rise edge)
                          0.00    0.00   clock network delay (ideal)
                          0.25    0.25   clock uncertainty
                          0.00    0.25   clock reconvergence pessimism
                         -2.00   -1.75   output external delay
                                 -1.75   data required time
-----------------------------------------------------------------------------
                                 -1.75   data required time
                                 -0.41   data arrival time
-----------------------------------------------------------------------------
                                  2.16   slack (MET)


Startpoint: _098_ (rising edge-triggered flip-flop clocked by clk)
Endpoint: count[8] (output port clocked by clk)
Path Group: clk
Path Type: min

Fanout     Cap    Slew   Delay    Time   Description
-----------------------------------------------------------------------------
                  0.15    0.00    0.00   clock clk (rise edge)
                          0.00    0.00   clock network delay (ideal)
                  0.15    0.00    0.00 ^ _098_/CLK (sky130_fd_sc_hd__dfxtp_2)
     6    0.05    0.12    0.41    0.41 v _098_/Q (sky130_fd_sc_hd__dfxtp_2)
                                         count[8] (net)
                  0.12    0.00    0.41 v count[8] (out)
                                  0.41   data arrival time

                  0.15    0.00    0.00   clock clk (rise edge)
                          0.00    0.00   clock network delay (ideal)
                          0.25    0.25   clock uncertainty
                          0.00    0.25   clock reconvergence pessimism
                         -2.00   -1.75   output external delay
                                 -1.75   data required time
-----------------------------------------------------------------------------
                                 -1.75   data required time
                                 -0.41   data arrival time
-----------------------------------------------------------------------------
                                  2.16   slack (MET)


Startpoint: _107_ (rising edge-triggered flip-flop clocked by clk)
Endpoint: count[1] (output port clocked by clk)
Path Group: clk
Path Type: min

Fanout     Cap    Slew   Delay    Time   Description
-----------------------------------------------------------------------------
                  0.15    0.00    0.00   clock clk (rise edge)
                          0.00    0.00   clock network delay (ideal)
                  0.15    0.00    0.00 ^ _107_/CLK (sky130_fd_sc_hd__dfxtp_2)
     6    0.05    0.12    0.41    0.41 v _107_/Q (sky130_fd_sc_hd__dfxtp_2)
                                         count[1] (net)
                  0.12    0.00    0.41 v count[1] (out)
                                  0.41   data arrival time

                  0.15    0.00    0.00   clock clk (rise edge)
                          0.00    0.00   clock network delay (ideal)
                          0.25    0.25   clock uncertainty
                          0.00    0.25   clock reconvergence pessimism
                         -2.00   -1.75   output external delay
                                 -1.75   data required time
-----------------------------------------------------------------------------
                                 -1.75   data required time
                                 -0.41   data arrival time
-----------------------------------------------------------------------------
                                  2.16   slack (MET)


Startpoint: _106_ (rising edge-triggered flip-flop clocked by clk)
Endpoint: count[0] (output port clocked by clk)
Path Group: clk
Path Type: min

Fanout     Cap    Slew   Delay    Time   Description
-----------------------------------------------------------------------------
                  0.15    0.00    0.00   clock clk (rise edge)
                          0.00    0.00   clock network delay (ideal)
                  0.15    0.00    0.00 ^ _106_/CLK (sky130_fd_sc_hd__dfxtp_2)
     7    0.05    0.12    0.41    0.41 v _106_/Q (sky130_fd_sc_hd__dfxtp_2)
                                         count[0] (net)
                  0.12    0.00    0.41 v count[0] (out)
                                  0.41   data arrival time

                  0.15    0.00    0.00   clock clk (rise edge)
                          0.00    0.00   clock network delay (ideal)
                          0.25    0.25   clock uncertainty
                          0.00    0.25   clock reconvergence pessimism
                         -2.00   -1.75   output external delay
                                 -1.75   data required time
-----------------------------------------------------------------------------
                                 -1.75   data required time
                                 -0.41   data arrival time
-----------------------------------------------------------------------------
                                  2.16   slack (MET)


Startpoint: _101_ (rising edge-triggered flip-flop clocked by clk)
Endpoint: count[11] (output port clocked by clk)
Path Group: clk
Path Type: min

Fanout     Cap    Slew   Delay    Time   Description
-----------------------------------------------------------------------------
                  0.15    0.00    0.00   clock clk (rise edge)
                          0.00    0.00   clock network delay (ideal)
                  0.15    0.00    0.00 ^ _101_/CLK (sky130_fd_sc_hd__dfxtp_2)
    10    0.06    0.14    0.43    0.43 v _101_/Q (sky130_fd_sc_hd__dfxtp_2)
                                         count[11] (net)
                  0.14    0.00    0.43 v count[11] (out)
                                  0.43   data arrival time

                  0.15    0.00    0.00   clock clk (rise edge)
                          0.00    0.00   clock network delay (ideal)
                          0.25    0.25   clock uncertainty
                          0.00    0.25   clock reconvergence pessimism
                         -2.00   -1.75   output external delay
                                 -1.75   data required time
-----------------------------------------------------------------------------
                                 -1.75   data required time
                                 -0.43   data arrival time
-----------------------------------------------------------------------------
                                  2.18   slack (MET)



worst slack corner Typical: 0.2910
