Instance,Terminal,Layer,X location,Y location,Voltage
FILLER_0_18_109,VPWR,li1,56.1200,62.5600,1.800000
FILLER_0_18_97,VPWR,li1,52.9000,62.5600,1.800000
FILLER_0_18_85,VPWR,li1,47.3800,62.5600,1.800000
FILLER_0_18_81,VPWR,li1,43.4700,62.5600,1.800000
FILLER_0_18_69,VPWR,li1,40.0200,62.5600,1.800000
FILLER_0_18_57,VPWR,li1,34.5000,62.5600,1.800000
FILLER_0_18_53,VPWR,li1,30.5900,62.5600,1.800000
FILLER_0_18_41,VPWR,li1,27.1400,62.5600,1.800000
FILLER_0_18_29,VPWR,li1,21.6200,62.5600,1.800000
FILLER_0_18_27,VPWR,li1,18.1700,62.5600,1.800000
FILLER_0_18_15,VPWR,li1,15.1800,62.5600,1.800000
FILLER_0_18_3,VPWR,li1,9.6600,62.5600,1.800000
FILLER_0_17_105,VPWR,li1,55.2000,57.1200,1.800000
FILLER_0_17_93,VPWR,li1,51.0600,57.1200,1.800000
FILLER_0_17_81,VPWR,li1,45.5400,57.1200,1.800000
FILLER_0_17_69,VPWR,li1,40.0200,57.1200,1.800000
FILLER_0_17_57,VPWR,li1,34.5000,57.1200,1.800000
FILLER_0_17_55,VPWR,li1,31.0500,57.1200,1.800000
FILLER_0_17_51,VPWR,li1,29.9000,57.1200,1.800000
FILLER_0_17_39,VPWR,li1,26.2200,57.1200,1.800000
FILLER_0_17_27,VPWR,li1,20.7000,57.1200,1.800000
FILLER_0_17_15,VPWR,li1,15.1800,57.1200,1.800000
FILLER_0_17_3,VPWR,li1,9.6600,57.1200,1.800000
FILLER_0_16_109,VPWR,li1,56.1200,57.1200,1.800000
FILLER_0_16_97,VPWR,li1,52.9000,57.1200,1.800000
FILLER_0_16_85,VPWR,li1,47.3800,57.1200,1.800000
FILLER_0_16_83,VPWR,li1,43.9300,57.1200,1.800000
FILLER_0_16_77,VPWR,li1,42.3200,57.1200,1.800000
FILLER_0_16_65,VPWR,li1,38.1800,57.1200,1.800000
FILLER_0_16_53,VPWR,li1,32.6600,57.1200,1.800000
FILLER_0_16_41,VPWR,li1,27.1400,57.1200,1.800000
FILLER_0_16_29,VPWR,li1,21.6200,57.1200,1.800000
FILLER_0_16_27,VPWR,li1,18.1700,57.1200,1.800000
FILLER_0_16_15,VPWR,li1,15.1800,57.1200,1.800000
FILLER_0_16_3,VPWR,li1,9.6600,57.1200,1.800000
FILLER_0_15_105,VPWR,li1,55.2000,51.6800,1.800000
FILLER_0_15_93,VPWR,li1,51.0600,51.6800,1.800000
FILLER_0_15_81,VPWR,li1,45.5400,51.6800,1.800000
FILLER_0_15_69,VPWR,li1,40.0200,51.6800,1.800000
FILLER_0_15_57,VPWR,li1,34.5000,51.6800,1.800000
FILLER_0_15_55,VPWR,li1,31.0500,51.6800,1.800000
FILLER_0_15_51,VPWR,li1,29.9000,51.6800,1.800000
FILLER_0_15_39,VPWR,li1,26.2200,51.6800,1.800000
FILLER_0_15_27,VPWR,li1,20.7000,51.6800,1.800000
FILLER_0_15_15,VPWR,li1,15.1800,51.6800,1.800000
FILLER_0_15_3,VPWR,li1,9.6600,51.6800,1.800000
FILLER_0_14_109,VPWR,li1,56.1200,51.6800,1.800000
FILLER_0_14_97,VPWR,li1,52.9000,51.6800,1.800000
FILLER_0_14_85,VPWR,li1,47.3800,51.6800,1.800000
FILLER_0_14_83,VPWR,li1,43.9300,51.6800,1.800000
FILLER_0_14_77,VPWR,li1,42.3200,51.6800,1.800000
FILLER_0_14_65,VPWR,li1,38.1800,51.6800,1.800000
FILLER_0_14_53,VPWR,li1,32.6600,51.6800,1.800000
FILLER_0_14_41,VPWR,li1,27.1400,51.6800,1.800000
FILLER_0_14_29,VPWR,li1,21.6200,51.6800,1.800000
FILLER_0_14_27,VPWR,li1,18.1700,51.6800,1.800000
FILLER_0_14_15,VPWR,li1,15.1800,51.6800,1.800000
FILLER_0_14_3,VPWR,li1,9.6600,51.6800,1.800000
FILLER_0_13_105,VPWR,li1,55.2000,46.2400,1.800000
FILLER_0_13_93,VPWR,li1,51.0600,46.2400,1.800000
FILLER_0_13_81,VPWR,li1,45.5400,46.2400,1.800000
FILLER_0_13_69,VPWR,li1,40.0200,46.2400,1.800000
FILLER_0_13_57,VPWR,li1,34.5000,46.2400,1.800000
FILLER_0_13_55,VPWR,li1,31.0500,46.2400,1.800000
FILLER_0_13_51,VPWR,li1,29.9000,46.2400,1.800000
FILLER_0_13_39,VPWR,li1,26.2200,46.2400,1.800000
FILLER_0_13_27,VPWR,li1,20.7000,46.2400,1.800000
FILLER_0_13_15,VPWR,li1,15.1800,46.2400,1.800000
FILLER_0_13_3,VPWR,li1,9.6600,46.2400,1.800000
FILLER_0_12_109,VPWR,li1,56.1200,46.2400,1.800000
FILLER_0_12_97,VPWR,li1,52.9000,46.2400,1.800000
FILLER_0_12_85,VPWR,li1,47.3800,46.2400,1.800000
FILLER_0_12_83,VPWR,li1,43.9300,46.2400,1.800000
FILLER_0_12_77,VPWR,li1,42.3200,46.2400,1.800000
FILLER_0_12_65,VPWR,li1,38.1800,46.2400,1.800000
FILLER_0_12_53,VPWR,li1,32.6600,46.2400,1.800000
FILLER_0_12_41,VPWR,li1,27.1400,46.2400,1.800000
FILLER_0_12_29,VPWR,li1,21.6200,46.2400,1.800000
FILLER_0_12_27,VPWR,li1,18.1700,46.2400,1.800000
FILLER_0_12_15,VPWR,li1,15.1800,46.2400,1.800000
FILLER_0_12_3,VPWR,li1,9.6600,46.2400,1.800000
FILLER_0_11_105,VPWR,li1,55.2000,40.8000,1.799999
FILLER_0_11_93,VPWR,li1,51.0600,40.8000,1.799999
FILLER_0_11_81,VPWR,li1,45.5400,40.8000,1.799999
FILLER_0_11_69,VPWR,li1,40.0200,40.8000,1.800000
FILLER_0_11_57,VPWR,li1,34.5000,40.8000,1.800000
FILLER_0_11_55,VPWR,li1,31.0500,40.8000,1.800000
FILLER_0_11_51,VPWR,li1,29.9000,40.8000,1.800000
FILLER_0_11_39,VPWR,li1,26.2200,40.8000,1.800000
FILLER_0_11_27,VPWR,li1,20.7000,40.8000,1.800000
FILLER_0_11_15,VPWR,li1,15.1800,40.8000,1.800000
FILLER_0_11_3,VPWR,li1,9.6600,40.8000,1.800000
FILLER_0_10_105,VPWR,li1,54.2800,40.8000,1.799999
FILLER_0_10_97,VPWR,li1,51.9800,40.8000,1.799999
FILLER_0_10_85,VPWR,li1,47.3800,40.8000,1.799999
FILLER_0_10_83,VPWR,li1,43.9300,40.8000,1.800000
FILLER_0_10_77,VPWR,li1,42.3200,40.8000,1.800000
FILLER_0_10_65,VPWR,li1,38.1800,40.8000,1.800000
FILLER_0_10_53,VPWR,li1,32.6600,40.8000,1.800000
FILLER_0_10_41,VPWR,li1,27.1400,40.8000,1.800000
FILLER_0_10_29,VPWR,li1,21.6200,40.8000,1.800000
FILLER_0_10_26,VPWR,li1,17.9400,40.8000,1.800000
FILLER_0_10_18,VPWR,li1,15.6400,40.8000,1.800000
FILLER_0_10_6,VPWR,li1,11.0400,40.8000,1.800000
FILLER_0_9_103,VPWR,li1,53.8200,35.3600,1.799998
FILLER_0_9_91,VPWR,li1,50.1400,35.3600,1.799999
FILLER_0_9_79,VPWR,li1,44.6200,35.3600,1.799999
FILLER_0_9_67,VPWR,li1,39.1000,35.3600,1.799999
FILLER_0_9_50,VPWR,li1,28.7500,35.3600,1.799999
FILLER_0_9_42,VPWR,li1,26.6800,35.3600,1.800000
FILLER_0_9_30,VPWR,li1,22.0800,35.3600,1.800000
FILLER_0_9_18,VPWR,li1,16.5600,35.3600,1.800000
FILLER_0_9_6,VPWR,li1,11.0400,35.3600,1.799999
FILLER_0_8_109,VPWR,li1,56.1200,35.3600,1.799998
FILLER_0_8_97,VPWR,li1,52.9000,35.3600,1.799998
FILLER_0_8_85,VPWR,li1,47.3800,35.3600,1.799999
FILLER_0_8_83,VPWR,li1,43.9300,35.3600,1.799999
FILLER_0_8_77,VPWR,li1,42.3200,35.3600,1.799999
FILLER_0_8_65,VPWR,li1,38.1800,35.3600,1.799999
FILLER_0_8_53,VPWR,li1,32.6600,35.3600,1.799999
FILLER_0_8_41,VPWR,li1,27.1400,35.3600,1.799999
FILLER_0_8_29,VPWR,li1,21.6200,35.3600,1.800000
FILLER_0_8_27,VPWR,li1,18.1700,35.3600,1.800000
FILLER_0_8_15,VPWR,li1,15.1800,35.3600,1.800000
FILLER_0_8_3,VPWR,li1,9.6600,35.3600,1.799999
FILLER_0_7_105,VPWR,li1,55.2000,29.9200,1.800000
FILLER_0_7_93,VPWR,li1,51.0600,29.9200,1.800000
FILLER_0_7_81,VPWR,li1,45.5400,29.9200,1.800000
FILLER_0_7_69,VPWR,li1,40.0200,29.9200,1.800000
FILLER_0_7_57,VPWR,li1,34.5000,29.9200,1.800000
FILLER_0_7_55,VPWR,li1,31.0500,29.9200,1.800000
FILLER_0_7_51,VPWR,li1,29.9000,29.9200,1.800000
FILLER_0_7_39,VPWR,li1,26.2200,29.9200,1.800000
FILLER_0_7_27,VPWR,li1,20.7000,29.9200,1.800000
FILLER_0_7_15,VPWR,li1,15.1800,29.9200,1.800000
FILLER_0_7_3,VPWR,li1,9.6600,29.9200,1.800000
FILLER_0_6_109,VPWR,li1,56.1200,29.9200,1.800000
FILLER_0_6_97,VPWR,li1,52.9000,29.9200,1.800000
FILLER_0_6_85,VPWR,li1,47.3800,29.9200,1.800000
FILLER_0_6_83,VPWR,li1,43.9300,29.9200,1.800000
FILLER_0_6_77,VPWR,li1,42.3200,29.9200,1.800000
FILLER_0_6_65,VPWR,li1,38.1800,29.9200,1.800000
FILLER_0_6_53,VPWR,li1,32.6600,29.9200,1.800000
FILLER_0_6_41,VPWR,li1,27.1400,29.9200,1.800000
FILLER_0_6_29,VPWR,li1,21.6200,29.9200,1.800000
FILLER_0_6_27,VPWR,li1,18.1700,29.9200,1.800000
FILLER_0_6_15,VPWR,li1,15.1800,29.9200,1.800000
FILLER_0_6_3,VPWR,li1,9.6600,29.9200,1.800000
FILLER_0_5_105,VPWR,li1,55.2000,24.4800,1.800000
FILLER_0_5_93,VPWR,li1,51.0600,24.4800,1.800000
FILLER_0_5_81,VPWR,li1,45.5400,24.4800,1.800000
FILLER_0_5_69,VPWR,li1,40.0200,24.4800,1.800000
FILLER_0_5_57,VPWR,li1,34.5000,24.4800,1.800000
FILLER_0_5_55,VPWR,li1,31.0500,24.4800,1.800000
FILLER_0_5_51,VPWR,li1,29.9000,24.4800,1.800000
FILLER_0_5_39,VPWR,li1,26.2200,24.4800,1.800000
FILLER_0_5_27,VPWR,li1,20.7000,24.4800,1.800000
FILLER_0_5_15,VPWR,li1,15.1800,24.4800,1.800000
FILLER_0_5_3,VPWR,li1,9.6600,24.4800,1.800000
FILLER_0_4_109,VPWR,li1,56.1200,24.4800,1.800000
FILLER_0_4_97,VPWR,li1,52.9000,24.4800,1.800000
FILLER_0_4_85,VPWR,li1,47.3800,24.4800,1.800000
FILLER_0_4_83,VPWR,li1,43.9300,24.4800,1.800000
FILLER_0_4_77,VPWR,li1,42.3200,24.4800,1.800000
FILLER_0_4_65,VPWR,li1,38.1800,24.4800,1.800000
FILLER_0_4_53,VPWR,li1,32.6600,24.4800,1.800000
FILLER_0_4_41,VPWR,li1,27.1400,24.4800,1.800000
FILLER_0_4_29,VPWR,li1,21.6200,24.4800,1.800000
FILLER_0_4_27,VPWR,li1,18.1700,24.4800,1.800000
FILLER_0_4_15,VPWR,li1,15.1800,24.4800,1.800000
FILLER_0_4_3,VPWR,li1,9.6600,24.4800,1.800000
FILLER_0_3_105,VPWR,li1,55.2000,19.0400,1.800000
FILLER_0_3_93,VPWR,li1,51.0600,19.0400,1.800000
FILLER_0_3_81,VPWR,li1,45.5400,19.0400,1.800000
FILLER_0_3_69,VPWR,li1,40.0200,19.0400,1.800000
FILLER_0_3_57,VPWR,li1,34.5000,19.0400,1.800000
FILLER_0_3_55,VPWR,li1,31.0500,19.0400,1.800000
FILLER_0_3_51,VPWR,li1,29.9000,19.0400,1.800000
FILLER_0_3_39,VPWR,li1,26.2200,19.0400,1.800000
FILLER_0_3_27,VPWR,li1,20.7000,19.0400,1.800000
FILLER_0_3_15,VPWR,li1,15.1800,19.0400,1.800000
FILLER_0_3_3,VPWR,li1,9.6600,19.0400,1.800000
FILLER_0_2_109,VPWR,li1,56.1200,19.0400,1.800000
FILLER_0_2_97,VPWR,li1,52.9000,19.0400,1.800000
FILLER_0_2_85,VPWR,li1,47.3800,19.0400,1.800000
FILLER_0_2_83,VPWR,li1,43.9300,19.0400,1.800000
FILLER_0_2_77,VPWR,li1,42.3200,19.0400,1.800000
FILLER_0_2_65,VPWR,li1,38.1800,19.0400,1.800000
FILLER_0_2_53,VPWR,li1,32.6600,19.0400,1.800000
FILLER_0_2_41,VPWR,li1,27.1400,19.0400,1.800000
FILLER_0_2_29,VPWR,li1,21.6200,19.0400,1.800000
FILLER_0_2_27,VPWR,li1,18.1700,19.0400,1.800000
FILLER_0_2_15,VPWR,li1,15.1800,19.0400,1.800000
FILLER_0_2_3,VPWR,li1,9.6600,19.0400,1.800000
FILLER_0_1_105,VPWR,li1,55.2000,13.6000,1.800000
FILLER_0_1_93,VPWR,li1,51.0600,13.6000,1.800000
FILLER_0_1_81,VPWR,li1,45.5400,13.6000,1.800000
FILLER_0_1_69,VPWR,li1,40.0200,13.6000,1.800000
FILLER_0_1_57,VPWR,li1,34.5000,13.6000,1.800000
FILLER_0_1_55,VPWR,li1,31.0500,13.6000,1.800000
FILLER_0_1_51,VPWR,li1,29.9000,13.6000,1.800000
FILLER_0_1_39,VPWR,li1,26.2200,13.6000,1.800000
FILLER_0_1_27,VPWR,li1,20.7000,13.6000,1.800000
FILLER_0_1_15,VPWR,li1,15.1800,13.6000,1.800000
FILLER_0_1_3,VPWR,li1,9.6600,13.6000,1.800000
FILLER_0_0_109,VPWR,li1,56.1200,13.6000,1.800000
FILLER_0_0_97,VPWR,li1,52.9000,13.6000,1.800000
FILLER_0_0_85,VPWR,li1,47.3800,13.6000,1.800000
FILLER_0_0_81,VPWR,li1,43.4700,13.6000,1.800000
FILLER_0_0_69,VPWR,li1,40.0200,13.6000,1.800000
FILLER_0_0_57,VPWR,li1,34.5000,13.6000,1.800000
FILLER_0_0_53,VPWR,li1,30.5900,13.6000,1.800000
FILLER_0_0_41,VPWR,li1,27.1400,13.6000,1.800000
FILLER_0_0_29,VPWR,li1,21.6200,13.6000,1.800000
FILLER_0_0_27,VPWR,li1,18.1700,13.6000,1.800000
FILLER_0_0_15,VPWR,li1,15.1800,13.6000,1.800000
FILLER_0_0_3,VPWR,li1,9.6600,13.6000,1.800000
output4,VPWR,li1,55.6600,35.3600,1.799998
output3,VPWR,li1,55.6600,40.8000,1.799999
input2,VPWR,li1,7.5900,40.8000,1.799999
input1,VPWR,li1,7.5900,35.3600,1.799999
TAP_TAPCELL_ROW_18_68,VPWR,li1,44.3900,62.2530,1.800000
TAP_TAPCELL_ROW_18_67,VPWR,li1,31.5100,62.2530,1.800000
TAP_TAPCELL_ROW_18_66,VPWR,li1,18.6300,62.2530,1.800000
TAP_TAPCELL_ROW_17_65,VPWR,li1,31.5100,57.4260,1.800000
TAP_TAPCELL_ROW_16_64,VPWR,li1,44.3900,56.8130,1.800000
TAP_TAPCELL_ROW_16_63,VPWR,li1,18.6300,56.8130,1.800000
TAP_TAPCELL_ROW_15_62,VPWR,li1,31.5100,51.9860,1.800000
TAP_TAPCELL_ROW_14_61,VPWR,li1,44.3900,51.3730,1.800000
TAP_TAPCELL_ROW_14_60,VPWR,li1,18.6300,51.3730,1.800000
TAP_TAPCELL_ROW_13_59,VPWR,li1,31.5100,46.5460,1.800000
TAP_TAPCELL_ROW_12_58,VPWR,li1,44.3900,45.9330,1.800000
TAP_TAPCELL_ROW_12_57,VPWR,li1,18.6300,45.9330,1.800000
TAP_TAPCELL_ROW_11_56,VPWR,li1,31.5100,41.1060,1.800000
TAP_TAPCELL_ROW_10_55,VPWR,li1,44.3900,40.4930,1.799999
TAP_TAPCELL_ROW_10_54,VPWR,li1,18.6300,40.4930,1.800000
TAP_TAPCELL_ROW_9_53,VPWR,li1,31.5100,35.6660,1.799999
TAP_TAPCELL_ROW_8_52,VPWR,li1,44.3900,35.0530,1.799999
TAP_TAPCELL_ROW_8_51,VPWR,li1,18.6300,35.0530,1.800000
TAP_TAPCELL_ROW_7_50,VPWR,li1,31.5100,30.2260,1.800000
TAP_TAPCELL_ROW_6_49,VPWR,li1,44.3900,29.6130,1.800000
TAP_TAPCELL_ROW_6_48,VPWR,li1,18.6300,29.6130,1.800000
TAP_TAPCELL_ROW_5_47,VPWR,li1,31.5100,24.7860,1.800000
TAP_TAPCELL_ROW_4_46,VPWR,li1,44.3900,24.1730,1.800000
TAP_TAPCELL_ROW_4_45,VPWR,li1,18.6300,24.1730,1.800000
TAP_TAPCELL_ROW_3_44,VPWR,li1,31.5100,19.3460,1.800000
TAP_TAPCELL_ROW_2_43,VPWR,li1,44.3900,18.7330,1.800000
TAP_TAPCELL_ROW_2_42,VPWR,li1,18.6300,18.7330,1.800000
TAP_TAPCELL_ROW_1_41,VPWR,li1,31.5100,13.9060,1.800000
TAP_TAPCELL_ROW_0_40,VPWR,li1,44.3900,13.2930,1.800000
TAP_TAPCELL_ROW_0_39,VPWR,li1,31.5100,13.2930,1.800000
TAP_TAPCELL_ROW_0_38,VPWR,li1,18.6300,13.2930,1.800000
PHY_EDGE_ROW_18_Left_37,VPWR,li1,6.2100,62.5600,1.800000
PHY_EDGE_ROW_17_Left_36,VPWR,li1,6.2100,57.1200,1.800000
PHY_EDGE_ROW_16_Left_35,VPWR,li1,6.2100,57.1200,1.800000
PHY_EDGE_ROW_15_Left_34,VPWR,li1,6.2100,51.6800,1.800000
PHY_EDGE_ROW_14_Left_33,VPWR,li1,6.2100,51.6800,1.800000
PHY_EDGE_ROW_13_Left_32,VPWR,li1,6.2100,46.2400,1.800000
PHY_EDGE_ROW_12_Left_31,VPWR,li1,6.2100,46.2400,1.800000
PHY_EDGE_ROW_11_Left_30,VPWR,li1,6.2100,40.8000,1.799999
PHY_EDGE_ROW_10_Left_29,VPWR,li1,6.2100,40.8000,1.799999
PHY_EDGE_ROW_9_Left_28,VPWR,li1,6.2100,35.3600,1.799999
PHY_EDGE_ROW_8_Left_27,VPWR,li1,6.2100,35.3600,1.799999
PHY_EDGE_ROW_7_Left_26,VPWR,li1,6.2100,29.9200,1.800000
PHY_EDGE_ROW_6_Left_25,VPWR,li1,6.2100,29.9200,1.800000
PHY_EDGE_ROW_5_Left_24,VPWR,li1,6.2100,24.4800,1.800000
PHY_EDGE_ROW_4_Left_23,VPWR,li1,6.2100,24.4800,1.800000
PHY_EDGE_ROW_3_Left_22,VPWR,li1,6.2100,19.0400,1.800000
PHY_EDGE_ROW_2_Left_21,VPWR,li1,6.2100,19.0400,1.800000
PHY_EDGE_ROW_1_Left_20,VPWR,li1,6.2100,13.6000,1.800000
PHY_EDGE_ROW_0_Left_19,VPWR,li1,6.2100,13.6000,1.800000
PHY_EDGE_ROW_18_Right_18,VPWR,li1,57.2700,62.5600,1.800000
PHY_EDGE_ROW_17_Right_17,VPWR,li1,57.2700,57.1200,1.800000
PHY_EDGE_ROW_16_Right_16,VPWR,li1,57.2700,57.1200,1.800000
PHY_EDGE_ROW_15_Right_15,VPWR,li1,57.2700,51.6800,1.800000
PHY_EDGE_ROW_14_Right_14,VPWR,li1,57.2700,51.6800,1.800000
PHY_EDGE_ROW_13_Right_13,VPWR,li1,57.2700,46.2400,1.800000
PHY_EDGE_ROW_12_Right_12,VPWR,li1,57.2700,46.2400,1.800000
PHY_EDGE_ROW_11_Right_11,VPWR,li1,57.2700,40.8000,1.799999
PHY_EDGE_ROW_10_Right_10,VPWR,li1,57.2700,40.8000,1.799999
PHY_EDGE_ROW_9_Right_9,VPWR,li1,57.2700,35.3600,1.799998
PHY_EDGE_ROW_8_Right_8,VPWR,li1,57.2700,35.3600,1.799998
PHY_EDGE_ROW_7_Right_7,VPWR,li1,57.2700,29.9200,1.800000
PHY_EDGE_ROW_6_Right_6,VPWR,li1,57.2700,29.9200,1.800000
PHY_EDGE_ROW_5_Right_5,VPWR,li1,57.2700,24.4800,1.800000
PHY_EDGE_ROW_4_Right_4,VPWR,li1,57.2700,24.4800,1.800000
PHY_EDGE_ROW_3_Right_3,VPWR,li1,57.2700,19.0400,1.800000
PHY_EDGE_ROW_2_Right_2,VPWR,li1,57.2700,19.0400,1.800000
PHY_EDGE_ROW_1_Right_1,VPWR,li1,57.2700,13.6000,1.800000
PHY_EDGE_ROW_0_Right_0,VPWR,li1,57.2700,13.6000,1.800000
_3_,VPWR,li1,35.6500,35.3600,1.799999
_2_,VPWR,li1,30.1300,35.3600,1.799999
_1_,VPWR,li1,33.3500,35.3600,1.799999
