
===========================================================================
report_checks -path_delay max (Setup)
============================================================================
======================= Typical Corner ===================================

Startpoint: _110_ (rising edge-triggered flip-flop clocked by clk)
Endpoint: count[4] (output port clocked by clk)
Path Group: clk
Path Type: max

Fanout     Cap    Slew   Delay    Time   Description
-----------------------------------------------------------------------------
                  0.15    0.00    0.00   clock clk (rise edge)
                          0.00    0.00   clock network delay (ideal)
                  0.15    0.00    0.00 ^ _110_/CLK (sky130_fd_sc_hd__dfxtp_1)
     5    0.02    0.21    0.48    0.48 ^ _110_/Q (sky130_fd_sc_hd__dfxtp_1)
                                         net12 (net)
                  0.21    0.00    0.48 ^ output12/A (sky130_fd_sc_hd__buf_2)
     1    0.03    0.17    0.26    0.74 ^ output12/X (sky130_fd_sc_hd__buf_2)
                                         count[4] (net)
                  0.17    0.00    0.74 ^ count[4] (out)
                                  0.74   data arrival time

                  0.15   10.00   10.00   clock clk (rise edge)
                          0.00   10.00   clock network delay (ideal)
                         -0.25    9.75   clock uncertainty
                          0.00    9.75   clock reconvergence pessimism
                         -2.00    7.75   output external delay
                                  7.75   data required time
-----------------------------------------------------------------------------
                                  7.75   data required time
                                 -0.74   data arrival time
-----------------------------------------------------------------------------
                                  7.01   slack (MET)


Startpoint: _101_ (rising edge-triggered flip-flop clocked by clk)
Endpoint: count[11] (output port clocked by clk)
Path Group: clk
Path Type: max

Fanout     Cap    Slew   Delay    Time   Description
-----------------------------------------------------------------------------
                  0.15    0.00    0.00   clock clk (rise edge)
                          0.00    0.00   clock network delay (ideal)
                  0.15    0.00    0.00 ^ _101_/CLK (sky130_fd_sc_hd__dfxtp_2)
    10    0.03    0.18    0.48    0.48 ^ _101_/Q (sky130_fd_sc_hd__dfxtp_2)
                                         net4 (net)
                  0.18    0.00    0.48 ^ output4/A (sky130_fd_sc_hd__buf_2)
     1    0.03    0.17    0.25    0.73 ^ output4/X (sky130_fd_sc_hd__buf_2)
                                         count[11] (net)
                  0.17    0.00    0.73 ^ count[11] (out)
                                  0.73   data arrival time

                  0.15   10.00   10.00   clock clk (rise edge)
                          0.00   10.00   clock network delay (ideal)
                         -0.25    9.75   clock uncertainty
                          0.00    9.75   clock reconvergence pessimism
                         -2.00    7.75   output external delay
                                  7.75   data required time
-----------------------------------------------------------------------------
                                  7.75   data required time
                                 -0.73   data arrival time
-----------------------------------------------------------------------------
                                  7.02   slack (MET)


Startpoint: _108_ (rising edge-triggered flip-flop clocked by clk)
Endpoint: count[2] (output port clocked by clk)
Path Group: clk
Path Type: max

Fanout     Cap    Slew   Delay    Time   Description
-----------------------------------------------------------------------------
                  0.15    0.00    0.00   clock clk (rise edge)
                          0.00    0.00   clock network delay (ideal)
                  0.15    0.00    0.00 ^ _108_/CLK (sky130_fd_sc_hd__dfxtp_1)
     4    0.02    0.17    0.45    0.45 ^ _108_/Q (sky130_fd_sc_hd__dfxtp_1)
                                         net10 (net)
                  0.17    0.00    0.46 ^ output10/A (sky130_fd_sc_hd__buf_2)
     1    0.03    0.17    0.25    0.71 ^ output10/X (sky130_fd_sc_hd__buf_2)
                                         count[2] (net)
                  0.17    0.00    0.71 ^ count[2] (out)
                                  0.71   data arrival time

                  0.15   10.00   10.00   clock clk (rise edge)
                          0.00   10.00   clock network delay (ideal)
                         -0.25    9.75   clock uncertainty
                          0.00    9.75   clock reconvergence pessimism
                         -2.00    7.75   output external delay
                                  7.75   data required time
-----------------------------------------------------------------------------
                                  7.75   data required time
                                 -0.71   data arrival time
-----------------------------------------------------------------------------
                                  7.04   slack (MET)


Startpoint: _099_ (rising edge-triggered flip-flop clocked by clk)
Endpoint: count[9] (output port clocked by clk)
Path Group: clk
Path Type: max

Fanout     Cap    Slew   Delay    Time   Description
-----------------------------------------------------------------------------
                  0.15    0.00    0.00   clock clk (rise edge)
                          0.00    0.00   clock network delay (ideal)
                  0.15    0.00    0.00 ^ _099_/CLK (sky130_fd_sc_hd__dfxtp_1)
     4    0.02    0.17    0.45    0.45 ^ _099_/Q (sky130_fd_sc_hd__dfxtp_1)
                                         net17 (net)
                  0.17    0.00    0.45 ^ output17/A (sky130_fd_sc_hd__buf_2)
     1    0.03    0.17    0.25    0.71 ^ output17/X (sky130_fd_sc_hd__buf_2)
                                         count[9] (net)
                  0.17    0.00    0.71 ^ count[9] (out)
                                  0.71   data arrival time

                  0.15   10.00   10.00   clock clk (rise edge)
                          0.00   10.00   clock network delay (ideal)
                         -0.25    9.75   clock uncertainty
                          0.00    9.75   clock reconvergence pessimism
                         -2.00    7.75   output external delay
                                  7.75   data required time
-----------------------------------------------------------------------------
                                  7.75   data required time
                                 -0.71   data arrival time
-----------------------------------------------------------------------------
                                  7.04   slack (MET)


Startpoint: _096_ (rising edge-triggered flip-flop clocked by clk)
Endpoint: count[6] (output port clocked by clk)
Path Group: clk
Path Type: max

Fanout     Cap    Slew   Delay    Time   Description
-----------------------------------------------------------------------------
                  0.15    0.00    0.00   clock clk (rise edge)
                          0.00    0.00   clock network delay (ideal)
                  0.15    0.00    0.00 ^ _096_/CLK (sky130_fd_sc_hd__dfxtp_1)
     4    0.02    0.17    0.45    0.45 ^ _096_/Q (sky130_fd_sc_hd__dfxtp_1)
                                         net14 (net)
                  0.17    0.00    0.46 ^ output14/A (sky130_fd_sc_hd__buf_2)
     1    0.03    0.17    0.25    0.71 ^ output14/X (sky130_fd_sc_hd__buf_2)
                                         count[6] (net)
                  0.17    0.00    0.71 ^ count[6] (out)
                                  0.71   data arrival time

                  0.15   10.00   10.00   clock clk (rise edge)
                          0.00   10.00   clock network delay (ideal)
                         -0.25    9.75   clock uncertainty
                          0.00    9.75   clock reconvergence pessimism
                         -2.00    7.75   output external delay
                                  7.75   data required time
-----------------------------------------------------------------------------
                                  7.75   data required time
                                 -0.71   data arrival time
-----------------------------------------------------------------------------
                                  7.04   slack (MET)


Startpoint: _103_ (rising edge-triggered flip-flop clocked by clk)
Endpoint: count[13] (output port clocked by clk)
Path Group: clk
Path Type: max

Fanout     Cap    Slew   Delay    Time   Description
-----------------------------------------------------------------------------
                  0.15    0.00    0.00   clock clk (rise edge)
                          0.00    0.00   clock network delay (ideal)
                  0.15    0.00    0.00 ^ _103_/CLK (sky130_fd_sc_hd__dfxtp_1)
     4    0.02    0.18    0.46    0.46 ^ _103_/Q (sky130_fd_sc_hd__dfxtp_1)
                                         net6 (net)
                  0.18    0.00    0.46 ^ output6/A (sky130_fd_sc_hd__clkbuf_4)
     1    0.03    0.11    0.24    0.70 ^ output6/X (sky130_fd_sc_hd__clkbuf_4)
                                         count[13] (net)
                  0.11    0.00    0.70 ^ count[13] (out)
                                  0.70   data arrival time

                  0.15   10.00   10.00   clock clk (rise edge)
                          0.00   10.00   clock network delay (ideal)
                         -0.25    9.75   clock uncertainty
                          0.00    9.75   clock reconvergence pessimism
                         -2.00    7.75   output external delay
                                  7.75   data required time
-----------------------------------------------------------------------------
                                  7.75   data required time
                                 -0.70   data arrival time
-----------------------------------------------------------------------------
                                  7.05   slack (MET)


Startpoint: _105_ (rising edge-triggered flip-flop clocked by clk)
Endpoint: count[15] (output port clocked by clk)
Path Group: clk
Path Type: max

Fanout     Cap    Slew   Delay    Time   Description
-----------------------------------------------------------------------------
                  0.15    0.00    0.00   clock clk (rise edge)
                          0.00    0.00   clock network delay (ideal)
                  0.15    0.00    0.00 ^ _105_/CLK (sky130_fd_sc_hd__dfxtp_1)
     3    0.02    0.17    0.45    0.45 ^ _105_/Q (sky130_fd_sc_hd__dfxtp_1)
                                         net8 (net)
                  0.17    0.00    0.45 ^ output8/A (sky130_fd_sc_hd__buf_2)
     1    0.03    0.17    0.25    0.70 ^ output8/X (sky130_fd_sc_hd__buf_2)
                                         count[15] (net)
                  0.17    0.00    0.70 ^ count[15] (out)
                                  0.70   data arrival time

                  0.15   10.00   10.00   clock clk (rise edge)
                          0.00   10.00   clock network delay (ideal)
                         -0.25    9.75   clock uncertainty
                          0.00    9.75   clock reconvergence pessimism
                         -2.00    7.75   output external delay
                                  7.75   data required time
-----------------------------------------------------------------------------
                                  7.75   data required time
                                 -0.70   data arrival time
-----------------------------------------------------------------------------
                                  7.05   slack (MET)


Startpoint: _111_ (rising edge-triggered flip-flop clocked by clk)
Endpoint: count[5] (output port clocked by clk)
Path Group: clk
Path Type: max

Fanout     Cap    Slew   Delay    Time   Description
-----------------------------------------------------------------------------
                  0.15    0.00    0.00   clock clk (rise edge)
                          0.00    0.00   clock network delay (ideal)
                  0.15    0.00    0.00 ^ _111_/CLK (sky130_fd_sc_hd__dfxtp_1)
     3    0.02    0.16    0.45    0.45 ^ _111_/Q (sky130_fd_sc_hd__dfxtp_1)
                                         net13 (net)
                  0.16    0.00    0.45 ^ output13/A (sky130_fd_sc_hd__buf_2)
     1    0.03    0.17    0.25    0.69 ^ output13/X (sky130_fd_sc_hd__buf_2)
                                         count[5] (net)
                  0.17    0.00    0.69 ^ count[5] (out)
                                  0.69   data arrival time

                  0.15   10.00   10.00   clock clk (rise edge)
                          0.00   10.00   clock network delay (ideal)
                         -0.25    9.75   clock uncertainty
                          0.00    9.75   clock reconvergence pessimism
                         -2.00    7.75   output external delay
                                  7.75   data required time
-----------------------------------------------------------------------------
                                  7.75   data required time
                                 -0.69   data arrival time
-----------------------------------------------------------------------------
                                  7.06   slack (MET)


Startpoint: _097_ (rising edge-triggered flip-flop clocked by clk)
Endpoint: count[7] (output port clocked by clk)
Path Group: clk
Path Type: max

Fanout     Cap    Slew   Delay    Time   Description
-----------------------------------------------------------------------------
                  0.15    0.00    0.00   clock clk (rise edge)
                          0.00    0.00   clock network delay (ideal)
                  0.15    0.00    0.00 ^ _097_/CLK (sky130_fd_sc_hd__dfxtp_1)
     3    0.02    0.16    0.44    0.44 ^ _097_/Q (sky130_fd_sc_hd__dfxtp_1)
                                         net15 (net)
                  0.16    0.00    0.45 ^ output15/A (sky130_fd_sc_hd__buf_2)
     1    0.03    0.17    0.25    0.69 ^ output15/X (sky130_fd_sc_hd__buf_2)
                                         count[7] (net)
                  0.17    0.00    0.69 ^ count[7] (out)
                                  0.69   data arrival time

                  0.15   10.00   10.00   clock clk (rise edge)
                          0.00   10.00   clock network delay (ideal)
                         -0.25    9.75   clock uncertainty
                          0.00    9.75   clock reconvergence pessimism
                         -2.00    7.75   output external delay
                                  7.75   data required time
-----------------------------------------------------------------------------
                                  7.75   data required time
                                 -0.69   data arrival time
-----------------------------------------------------------------------------
                                  7.06   slack (MET)


Startpoint: _109_ (rising edge-triggered flip-flop clocked by clk)
Endpoint: count[3] (output port clocked by clk)
Path Group: clk
Path Type: max

Fanout     Cap    Slew   Delay    Time   Description
-----------------------------------------------------------------------------
                  0.15    0.00    0.00   clock clk (rise edge)
                          0.00    0.00   clock network delay (ideal)
                  0.15    0.00    0.00 ^ _109_/CLK (sky130_fd_sc_hd__dfxtp_1)
     3    0.02    0.15    0.44    0.44 ^ _109_/Q (sky130_fd_sc_hd__dfxtp_1)
                                         net11 (net)
                  0.15    0.00    0.44 ^ output11/A (sky130_fd_sc_hd__buf_2)
     1    0.03    0.17    0.25    0.69 ^ output11/X (sky130_fd_sc_hd__buf_2)
                                         count[3] (net)
                  0.17    0.00    0.69 ^ count[3] (out)
                                  0.69   data arrival time

                  0.15   10.00   10.00   clock clk (rise edge)
                          0.00   10.00   clock network delay (ideal)
                         -0.25    9.75   clock uncertainty
                          0.00    9.75   clock reconvergence pessimism
                         -2.00    7.75   output external delay
                                  7.75   data required time
-----------------------------------------------------------------------------
                                  7.75   data required time
                                 -0.69   data arrival time
-----------------------------------------------------------------------------
                                  7.06   slack (MET)


Startpoint: _106_ (rising edge-triggered flip-flop clocked by clk)
Endpoint: count[0] (output port clocked by clk)
Path Group: clk
Path Type: max

Fanout     Cap    Slew   Delay    Time   Description
-----------------------------------------------------------------------------
                  0.15    0.00    0.00   clock clk (rise edge)
                          0.00    0.00   clock network delay (ideal)
                  0.15    0.00    0.00 ^ _106_/CLK (sky130_fd_sc_hd__dfxtp_2)
     7    0.03    0.14    0.44    0.44 ^ _106_/Q (sky130_fd_sc_hd__dfxtp_2)
                                         net2 (net)
                  0.14    0.00    0.45 ^ output2/A (sky130_fd_sc_hd__buf_2)
     1    0.03    0.17    0.24    0.69 ^ output2/X (sky130_fd_sc_hd__buf_2)
                                         count[0] (net)
                  0.17    0.00    0.69 ^ count[0] (out)
                                  0.69   data arrival time

                  0.15   10.00   10.00   clock clk (rise edge)
                          0.00   10.00   clock network delay (ideal)
                         -0.25    9.75   clock uncertainty
                          0.00    9.75   clock reconvergence pessimism
                         -2.00    7.75   output external delay
                                  7.75   data required time
-----------------------------------------------------------------------------
                                  7.75   data required time
                                 -0.69   data arrival time
-----------------------------------------------------------------------------
                                  7.06   slack (MET)


Startpoint: _100_ (rising edge-triggered flip-flop clocked by clk)
Endpoint: count[10] (output port clocked by clk)
Path Group: clk
Path Type: max

Fanout     Cap    Slew   Delay    Time   Description
-----------------------------------------------------------------------------
                  0.15    0.00    0.00   clock clk (rise edge)
                          0.00    0.00   clock network delay (ideal)
                  0.15    0.00    0.00 ^ _100_/CLK (sky130_fd_sc_hd__dfxtp_1)
     3    0.02    0.16    0.45    0.45 ^ _100_/Q (sky130_fd_sc_hd__dfxtp_1)
                                         net3 (net)
                  0.16    0.00    0.45 ^ output3/A (sky130_fd_sc_hd__clkbuf_4)
     1    0.03    0.11    0.24    0.69 ^ output3/X (sky130_fd_sc_hd__clkbuf_4)
                                         count[10] (net)
                  0.11    0.00    0.69 ^ count[10] (out)
                                  0.69   data arrival time

                  0.15   10.00   10.00   clock clk (rise edge)
                          0.00   10.00   clock network delay (ideal)
                         -0.25    9.75   clock uncertainty
                          0.00    9.75   clock reconvergence pessimism
                         -2.00    7.75   output external delay
                                  7.75   data required time
-----------------------------------------------------------------------------
                                  7.75   data required time
                                 -0.69   data arrival time
-----------------------------------------------------------------------------
                                  7.06   slack (MET)


Startpoint: _104_ (rising edge-triggered flip-flop clocked by clk)
Endpoint: count[14] (output port clocked by clk)
Path Group: clk
Path Type: max

Fanout     Cap    Slew   Delay    Time   Description
-----------------------------------------------------------------------------
                  0.15    0.00    0.00   clock clk (rise edge)
                          0.00    0.00   clock network delay (ideal)
                  0.15    0.00    0.00 ^ _104_/CLK (sky130_fd_sc_hd__dfxtp_1)
     3    0.02    0.16    0.45    0.45 ^ _104_/Q (sky130_fd_sc_hd__dfxtp_1)
                                         net7 (net)
                  0.16    0.00    0.45 ^ output7/A (sky130_fd_sc_hd__clkbuf_4)
     1    0.03    0.11    0.24    0.68 ^ output7/X (sky130_fd_sc_hd__clkbuf_4)
                                         count[14] (net)
                  0.11    0.00    0.68 ^ count[14] (out)
                                  0.68   data arrival time

                  0.15   10.00   10.00   clock clk (rise edge)
                          0.00   10.00   clock network delay (ideal)
                         -0.25    9.75   clock uncertainty
                          0.00    9.75   clock reconvergence pessimism
                         -2.00    7.75   output external delay
                                  7.75   data required time
-----------------------------------------------------------------------------
                                  7.75   data required time
                                 -0.68   data arrival time
-----------------------------------------------------------------------------
                                  7.07   slack (MET)


Startpoint: rst (input port clocked by clk)
Endpoint: _105_ (rising edge-triggered flip-flop clocked by clk)
Path Group: clk
Path Type: max

Fanout     Cap    Slew   Delay    Time   Description
-----------------------------------------------------------------------------
                  0.15    0.00    0.00   clock clk (rise edge)
                          0.00    0.00   clock network delay (ideal)
                          2.00    2.00 v input external delay
     1    0.00    0.01    0.00    2.00 v rst (in)
                                         rst (net)
                  0.01    0.00    2.00 v input1/A (sky130_fd_sc_hd__buf_2)
     7    0.03    0.08    0.16    2.16 v input1/X (sky130_fd_sc_hd__buf_2)
                                         net1 (net)
                  0.08    0.00    2.16 v _080_/B1 (sky130_fd_sc_hd__a41o_1)
     1    0.00    0.04    0.22    2.38 v _080_/X (sky130_fd_sc_hd__a41o_1)
                                         _039_ (net)
                  0.04    0.00    2.38 v _082_/A_N (sky130_fd_sc_hd__and2b_1)
     1    0.00    0.04    0.19    2.57 ^ _082_/X (sky130_fd_sc_hd__and2b_1)
                                         _041_ (net)
                  0.04    0.00    2.57 ^ _083_/A (sky130_fd_sc_hd__clkbuf_1)
     1    0.00    0.04    0.08    2.65 ^ _083_/X (sky130_fd_sc_hd__clkbuf_1)
                                         _009_ (net)
                  0.04    0.00    2.65 ^ _105_/D (sky130_fd_sc_hd__dfxtp_1)
                                  2.65   data arrival time

                  0.15   10.00   10.00   clock clk (rise edge)
                          0.00   10.00   clock network delay (ideal)
                         -0.25    9.75   clock uncertainty
                          0.00    9.75   clock reconvergence pessimism
                                  9.75 ^ _105_/CLK (sky130_fd_sc_hd__dfxtp_1)
                         -0.04    9.71   library setup time
                                  9.71   data required time
-----------------------------------------------------------------------------
                                  9.71   data required time
                                 -2.65   data arrival time
-----------------------------------------------------------------------------
                                  7.07   slack (MET)


Startpoint: rst (input port clocked by clk)
Endpoint: _107_ (rising edge-triggered flip-flop clocked by clk)
Path Group: clk
Path Type: max

Fanout     Cap    Slew   Delay    Time   Description
-----------------------------------------------------------------------------
                  0.15    0.00    0.00   clock clk (rise edge)
                          0.00    0.00   clock network delay (ideal)
                          2.00    2.00 ^ input external delay
     1    0.00    0.02    0.01    2.01 ^ rst (in)
                                         rst (net)
                  0.02    0.00    2.01 ^ input1/A (sky130_fd_sc_hd__buf_2)
     7    0.03    0.15    0.18    2.19 ^ input1/X (sky130_fd_sc_hd__buf_2)
                                         net1 (net)
                  0.15    0.00    2.19 ^ _052_/A (sky130_fd_sc_hd__buf_2)
    10    0.03    0.16    0.24    2.43 ^ _052_/X (sky130_fd_sc_hd__buf_2)
                                         _020_ (net)
                  0.16    0.00    2.43 ^ _085_/B1 (sky130_fd_sc_hd__a21oi_1)
     1    0.00    0.06    0.06    2.49 v _085_/Y (sky130_fd_sc_hd__a21oi_1)
                                         _042_ (net)
                  0.06    0.00    2.49 v _086_/B1 (sky130_fd_sc_hd__o21a_1)
     1    0.00    0.03    0.10    2.60 v _086_/X (sky130_fd_sc_hd__o21a_1)
                                         _011_ (net)
                  0.03    0.00    2.60 v _107_/D (sky130_fd_sc_hd__dfxtp_2)
                                  2.60   data arrival time

                  0.15   10.00   10.00   clock clk (rise edge)
                          0.00   10.00   clock network delay (ideal)
                         -0.25    9.75   clock uncertainty
                          0.00    9.75   clock reconvergence pessimism
                                  9.75 ^ _107_/CLK (sky130_fd_sc_hd__dfxtp_2)
                         -0.08    9.67   library setup time
                                  9.67   data required time
-----------------------------------------------------------------------------
                                  9.67   data required time
                                 -2.60   data arrival time
-----------------------------------------------------------------------------
                                  7.07   slack (MET)


Startpoint: rst (input port clocked by clk)
Endpoint: _096_ (rising edge-triggered flip-flop clocked by clk)
Path Group: clk
Path Type: max

Fanout     Cap    Slew   Delay    Time   Description
-----------------------------------------------------------------------------
                  0.15    0.00    0.00   clock clk (rise edge)
                          0.00    0.00   clock network delay (ideal)
                          2.00    2.00 ^ input external delay
     1    0.00    0.02    0.01    2.01 ^ rst (in)
                                         rst (net)
                  0.02    0.00    2.01 ^ input1/A (sky130_fd_sc_hd__buf_2)
     7    0.03    0.15    0.18    2.19 ^ input1/X (sky130_fd_sc_hd__buf_2)
                                         net1 (net)
                  0.15    0.00    2.19 ^ _052_/A (sky130_fd_sc_hd__buf_2)
    10    0.03    0.16    0.24    2.43 ^ _052_/X (sky130_fd_sc_hd__buf_2)
                                         _020_ (net)
                  0.16    0.00    2.43 ^ _054_/A (sky130_fd_sc_hd__nor2_1)
     1    0.00    0.05    0.07    2.50 v _054_/Y (sky130_fd_sc_hd__nor2_1)
                                         _022_ (net)
                  0.05    0.00    2.50 v _055_/B1 (sky130_fd_sc_hd__o21a_1)
     1    0.00    0.03    0.10    2.60 v _055_/X (sky130_fd_sc_hd__o21a_1)
                                         _000_ (net)
                  0.03    0.00    2.60 v _096_/D (sky130_fd_sc_hd__dfxtp_1)
                                  2.60   data arrival time

                  0.15   10.00   10.00   clock clk (rise edge)
                          0.00   10.00   clock network delay (ideal)
                         -0.25    9.75   clock uncertainty
                          0.00    9.75   clock reconvergence pessimism
                                  9.75 ^ _096_/CLK (sky130_fd_sc_hd__dfxtp_1)
                         -0.08    9.67   library setup time
                                  9.67   data required time
-----------------------------------------------------------------------------
                                  9.67   data required time
                                 -2.60   data arrival time
-----------------------------------------------------------------------------
                                  7.07   slack (MET)


Startpoint: rst (input port clocked by clk)
Endpoint: _101_ (rising edge-triggered flip-flop clocked by clk)
Path Group: clk
Path Type: max

Fanout     Cap    Slew   Delay    Time   Description
-----------------------------------------------------------------------------
                  0.15    0.00    0.00   clock clk (rise edge)
                          0.00    0.00   clock network delay (ideal)
                          2.00    2.00 ^ input external delay
     1    0.00    0.02    0.01    2.01 ^ rst (in)
                                         rst (net)
                  0.02    0.00    2.01 ^ input1/A (sky130_fd_sc_hd__buf_2)
     7    0.03    0.15    0.18    2.19 ^ input1/X (sky130_fd_sc_hd__buf_2)
                                         net1 (net)
                  0.15    0.00    2.19 ^ _052_/A (sky130_fd_sc_hd__buf_2)
    10    0.03    0.16    0.24    2.43 ^ _052_/X (sky130_fd_sc_hd__buf_2)
                                         _020_ (net)
                  0.16    0.00    2.43 ^ _069_/B1 (sky130_fd_sc_hd__a21oi_1)
     1    0.00    0.06    0.06    2.49 v _069_/Y (sky130_fd_sc_hd__a21oi_1)
                                         _032_ (net)
                  0.06    0.00    2.49 v _070_/B1 (sky130_fd_sc_hd__o21a_1)
     1    0.00    0.03    0.11    2.60 v _070_/X (sky130_fd_sc_hd__o21a_1)
                                         _005_ (net)
                  0.03    0.00    2.60 v _101_/D (sky130_fd_sc_hd__dfxtp_2)
                                  2.60   data arrival time

                  0.15   10.00   10.00   clock clk (rise edge)
                          0.00   10.00   clock network delay (ideal)
                         -0.25    9.75   clock uncertainty
                          0.00    9.75   clock reconvergence pessimism
                                  9.75 ^ _101_/CLK (sky130_fd_sc_hd__dfxtp_2)
                         -0.08    9.67   library setup time
                                  9.67   data required time
-----------------------------------------------------------------------------
                                  9.67   data required time
                                 -2.60   data arrival time
-----------------------------------------------------------------------------
                                  7.07   slack (MET)


Startpoint: _107_ (rising edge-triggered flip-flop clocked by clk)
Endpoint: count[1] (output port clocked by clk)
Path Group: clk
Path Type: max

Fanout     Cap    Slew   Delay    Time   Description
-----------------------------------------------------------------------------
                  0.15    0.00    0.00   clock clk (rise edge)
                          0.00    0.00   clock network delay (ideal)
                  0.15    0.00    0.00 ^ _107_/CLK (sky130_fd_sc_hd__dfxtp_2)
     6    0.02    0.13    0.44    0.44 ^ _107_/Q (sky130_fd_sc_hd__dfxtp_2)
                                         net9 (net)
                  0.13    0.00    0.44 ^ output9/A (sky130_fd_sc_hd__buf_2)
     1    0.03    0.17    0.24    0.68 ^ output9/X (sky130_fd_sc_hd__buf_2)
                                         count[1] (net)
                  0.17    0.00    0.68 ^ count[1] (out)
                                  0.68   data arrival time

                  0.15   10.00   10.00   clock clk (rise edge)
                          0.00   10.00   clock network delay (ideal)
                         -0.25    9.75   clock uncertainty
                          0.00    9.75   clock reconvergence pessimism
                         -2.00    7.75   output external delay
                                  7.75   data required time
-----------------------------------------------------------------------------
                                  7.75   data required time
                                 -0.68   data arrival time
-----------------------------------------------------------------------------
                                  7.07   slack (MET)


Startpoint: rst (input port clocked by clk)
Endpoint: _110_ (rising edge-triggered flip-flop clocked by clk)
Path Group: clk
Path Type: max

Fanout     Cap    Slew   Delay    Time   Description
-----------------------------------------------------------------------------
                  0.15    0.00    0.00   clock clk (rise edge)
                          0.00    0.00   clock network delay (ideal)
                          2.00    2.00 ^ input external delay
     1    0.00    0.02    0.01    2.01 ^ rst (in)
                                         rst (net)
                  0.02    0.00    2.01 ^ input1/A (sky130_fd_sc_hd__buf_2)
     7    0.03    0.15    0.18    2.19 ^ input1/X (sky130_fd_sc_hd__buf_2)
                                         net1 (net)
                  0.15    0.00    2.19 ^ _052_/A (sky130_fd_sc_hd__buf_2)
    10    0.03    0.16    0.24    2.43 ^ _052_/X (sky130_fd_sc_hd__buf_2)
                                         _020_ (net)
                  0.16    0.00    2.43 ^ _092_/B1 (sky130_fd_sc_hd__a21oi_1)
     1    0.00    0.07    0.06    2.49 v _092_/Y (sky130_fd_sc_hd__a21oi_1)
                                         _046_ (net)
                  0.07    0.00    2.49 v _093_/B1 (sky130_fd_sc_hd__o21a_1)
     1    0.00    0.03    0.11    2.60 v _093_/X (sky130_fd_sc_hd__o21a_1)
                                         _014_ (net)
                  0.03    0.00    2.60 v _110_/D (sky130_fd_sc_hd__dfxtp_1)
                                  2.60   data arrival time

                  0.15   10.00   10.00   clock clk (rise edge)
                          0.00   10.00   clock network delay (ideal)
                         -0.25    9.75   clock uncertainty
                          0.00    9.75   clock reconvergence pessimism
                                  9.75 ^ _110_/CLK (sky130_fd_sc_hd__dfxtp_1)
                         -0.08    9.67   library setup time
                                  9.67   data required time
-----------------------------------------------------------------------------
                                  9.67   data required time
                                 -2.60   data arrival time
-----------------------------------------------------------------------------
                                  7.07   slack (MET)


Startpoint: _098_ (rising edge-triggered flip-flop clocked by clk)
Endpoint: count[8] (output port clocked by clk)
Path Group: clk
Path Type: max

Fanout     Cap    Slew   Delay    Time   Description
-----------------------------------------------------------------------------
                  0.15    0.00    0.00   clock clk (rise edge)
                          0.00    0.00   clock network delay (ideal)
                  0.15    0.00    0.00 ^ _098_/CLK (sky130_fd_sc_hd__dfxtp_2)
     6    0.02    0.13    0.44    0.44 ^ _098_/Q (sky130_fd_sc_hd__dfxtp_2)
                                         net16 (net)
                  0.13    0.00    0.44 ^ output16/A (sky130_fd_sc_hd__buf_2)
     1    0.03    0.17    0.24    0.68 ^ output16/X (sky130_fd_sc_hd__buf_2)
                                         count[8] (net)
                  0.17    0.00    0.68 ^ count[8] (out)
                                  0.68   data arrival time

                  0.15   10.00   10.00   clock clk (rise edge)
                          0.00   10.00   clock network delay (ideal)
                         -0.25    9.75   clock uncertainty
                          0.00    9.75   clock reconvergence pessimism
                         -2.00    7.75   output external delay
                                  7.75   data required time
-----------------------------------------------------------------------------
                                  7.75   data required time
                                 -0.68   data arrival time
-----------------------------------------------------------------------------
                                  7.07   slack (MET)


Startpoint: rst (input port clocked by clk)
Endpoint: _098_ (rising edge-triggered flip-flop clocked by clk)
Path Group: clk
Path Type: max

Fanout     Cap    Slew   Delay    Time   Description
-----------------------------------------------------------------------------
                  0.15    0.00    0.00   clock clk (rise edge)
                          0.00    0.00   clock network delay (ideal)
                          2.00    2.00 ^ input external delay
     1    0.00    0.02    0.01    2.01 ^ rst (in)
                                         rst (net)
                  0.02    0.00    2.01 ^ input1/A (sky130_fd_sc_hd__buf_2)
     7    0.03    0.15    0.18    2.19 ^ input1/X (sky130_fd_sc_hd__buf_2)
                                         net1 (net)
                  0.15    0.00    2.19 ^ _052_/A (sky130_fd_sc_hd__buf_2)
    10    0.03    0.16    0.24    2.43 ^ _052_/X (sky130_fd_sc_hd__buf_2)
                                         _020_ (net)
                  0.16    0.00    2.43 ^ _060_/B1 (sky130_fd_sc_hd__a21oi_1)
     1    0.00    0.06    0.06    2.49 v _060_/Y (sky130_fd_sc_hd__a21oi_1)
                                         _026_ (net)
                  0.06    0.00    2.49 v _061_/B1 (sky130_fd_sc_hd__o21a_1)
     1    0.00    0.03    0.10    2.59 v _061_/X (sky130_fd_sc_hd__o21a_1)
                                         _002_ (net)
                  0.03    0.00    2.59 v _098_/D (sky130_fd_sc_hd__dfxtp_2)
                                  2.59   data arrival time

                  0.15   10.00   10.00   clock clk (rise edge)
                          0.00   10.00   clock network delay (ideal)
                         -0.25    9.75   clock uncertainty
                          0.00    9.75   clock reconvergence pessimism
                                  9.75 ^ _098_/CLK (sky130_fd_sc_hd__dfxtp_2)
                         -0.08    9.67   library setup time
                                  9.67   data required time
-----------------------------------------------------------------------------
                                  9.67   data required time
                                 -2.59   data arrival time
-----------------------------------------------------------------------------
                                  7.07   slack (MET)


Startpoint: _102_ (rising edge-triggered flip-flop clocked by clk)
Endpoint: count[12] (output port clocked by clk)
Path Group: clk
Path Type: max

Fanout     Cap    Slew   Delay    Time   Description
-----------------------------------------------------------------------------
                  0.15    0.00    0.00   clock clk (rise edge)
                          0.00    0.00   clock network delay (ideal)
                  0.15    0.00    0.00 ^ _102_/CLK (sky130_fd_sc_hd__dfxtp_2)
     6    0.02    0.13    0.44    0.44 ^ _102_/Q (sky130_fd_sc_hd__dfxtp_2)
                                         net5 (net)
                  0.13    0.00    0.44 ^ output5/A (sky130_fd_sc_hd__clkbuf_4)
     1    0.03    0.11    0.23    0.66 ^ output5/X (sky130_fd_sc_hd__clkbuf_4)
                                         count[12] (net)
                  0.11    0.00    0.66 ^ count[12] (out)
                                  0.66   data arrival time

                  0.15   10.00   10.00   clock clk (rise edge)
                          0.00   10.00   clock network delay (ideal)
                         -0.25    9.75   clock uncertainty
                          0.00    9.75   clock reconvergence pessimism
                         -2.00    7.75   output external delay
                                  7.75   data required time
-----------------------------------------------------------------------------
                                  7.75   data required time
                                 -0.66   data arrival time
-----------------------------------------------------------------------------
                                  7.09   slack (MET)


Startpoint: rst (input port clocked by clk)
Endpoint: _099_ (rising edge-triggered flip-flop clocked by clk)
Path Group: clk
Path Type: max

Fanout     Cap    Slew   Delay    Time   Description
-----------------------------------------------------------------------------
                  0.15    0.00    0.00   clock clk (rise edge)
                          0.00    0.00   clock network delay (ideal)
                          2.00    2.00 v input external delay
     1    0.00    0.01    0.00    2.00 v rst (in)
                                         rst (net)
                  0.01    0.00    2.00 v input1/A (sky130_fd_sc_hd__buf_2)
     7    0.03    0.08    0.16    2.16 v input1/X (sky130_fd_sc_hd__buf_2)
                                         net1 (net)
                  0.08    0.00    2.16 v _052_/A (sky130_fd_sc_hd__buf_2)
    10    0.03    0.08    0.19    2.36 v _052_/X (sky130_fd_sc_hd__buf_2)
                                         _020_ (net)
                  0.08    0.00    2.36 v _064_/A (sky130_fd_sc_hd__nor3_1)
     1    0.00    0.14    0.19    2.55 ^ _064_/Y (sky130_fd_sc_hd__nor3_1)
                                         _003_ (net)
                  0.14    0.00    2.55 ^ _099_/D (sky130_fd_sc_hd__dfxtp_1)
                                  2.55   data arrival time

                  0.15   10.00   10.00   clock clk (rise edge)
                          0.00   10.00   clock network delay (ideal)
                         -0.25    9.75   clock uncertainty
                          0.00    9.75   clock reconvergence pessimism
                                  9.75 ^ _099_/CLK (sky130_fd_sc_hd__dfxtp_1)
                         -0.06    9.69   library setup time
                                  9.69   data required time
-----------------------------------------------------------------------------
                                  9.69   data required time
                                 -2.55   data arrival time
-----------------------------------------------------------------------------
                                  7.15   slack (MET)


Startpoint: rst (input port clocked by clk)
Endpoint: _104_ (rising edge-triggered flip-flop clocked by clk)
Path Group: clk
Path Type: max

Fanout     Cap    Slew   Delay    Time   Description
-----------------------------------------------------------------------------
                  0.15    0.00    0.00   clock clk (rise edge)
                          0.00    0.00   clock network delay (ideal)
                          2.00    2.00 v input external delay
     1    0.00    0.01    0.00    2.00 v rst (in)
                                         rst (net)
                  0.01    0.00    2.00 v input1/A (sky130_fd_sc_hd__buf_2)
     7    0.03    0.08    0.16    2.16 v input1/X (sky130_fd_sc_hd__buf_2)
                                         net1 (net)
                  0.08    0.00    2.16 v _078_/B1 (sky130_fd_sc_hd__a31o_1)
     1    0.00    0.03    0.19    2.36 v _078_/X (sky130_fd_sc_hd__a31o_1)
                                         _038_ (net)
                  0.03    0.00    2.36 v _079_/B1_N (sky130_fd_sc_hd__o21ba_1)
     1    0.00    0.04    0.21    2.56 ^ _079_/X (sky130_fd_sc_hd__o21ba_1)
                                         _008_ (net)
                  0.04    0.00    2.56 ^ _104_/D (sky130_fd_sc_hd__dfxtp_1)
                                  2.56   data arrival time

                  0.15   10.00   10.00   clock clk (rise edge)
                          0.00   10.00   clock network delay (ideal)
                         -0.25    9.75   clock uncertainty
                          0.00    9.75   clock reconvergence pessimism
                                  9.75 ^ _104_/CLK (sky130_fd_sc_hd__dfxtp_1)
                         -0.04    9.71   library setup time
                                  9.71   data required time
-----------------------------------------------------------------------------
                                  9.71   data required time
                                 -2.56   data arrival time
-----------------------------------------------------------------------------
                                  7.15   slack (MET)


Startpoint: rst (input port clocked by clk)
Endpoint: _111_ (rising edge-triggered flip-flop clocked by clk)
Path Group: clk
Path Type: max

Fanout     Cap    Slew   Delay    Time   Description
-----------------------------------------------------------------------------
                  0.15    0.00    0.00   clock clk (rise edge)
                          0.00    0.00   clock network delay (ideal)
                          2.00    2.00 v input external delay
     1    0.00    0.01    0.00    2.00 v rst (in)
                                         rst (net)
                  0.01    0.00    2.00 v input1/A (sky130_fd_sc_hd__buf_2)
     7    0.03    0.08    0.16    2.16 v input1/X (sky130_fd_sc_hd__buf_2)
                                         net1 (net)
                  0.08    0.00    2.16 v _052_/A (sky130_fd_sc_hd__buf_2)
    10    0.03    0.08    0.19    2.36 v _052_/X (sky130_fd_sc_hd__buf_2)
                                         _020_ (net)
                  0.08    0.00    2.36 v _095_/A (sky130_fd_sc_hd__nor3_1)
     1    0.00    0.13    0.18    2.54 ^ _095_/Y (sky130_fd_sc_hd__nor3_1)
                                         _015_ (net)
                  0.13    0.00    2.54 ^ _111_/D (sky130_fd_sc_hd__dfxtp_1)
                                  2.54   data arrival time

                  0.15   10.00   10.00   clock clk (rise edge)
                          0.00   10.00   clock network delay (ideal)
                         -0.25    9.75   clock uncertainty
                          0.00    9.75   clock reconvergence pessimism
                                  9.75 ^ _111_/CLK (sky130_fd_sc_hd__dfxtp_1)
                         -0.06    9.69   library setup time
                                  9.69   data required time
-----------------------------------------------------------------------------
                                  9.69   data required time
                                 -2.54   data arrival time
-----------------------------------------------------------------------------
                                  7.16   slack (MET)


Startpoint: rst (input port clocked by clk)
Endpoint: _103_ (rising edge-triggered flip-flop clocked by clk)
Path Group: clk
Path Type: max

Fanout     Cap    Slew   Delay    Time   Description
-----------------------------------------------------------------------------
                  0.15    0.00    0.00   clock clk (rise edge)
                          0.00    0.00   clock network delay (ideal)
                          2.00    2.00 v input external delay
     1    0.00    0.01    0.00    2.00 v rst (in)
                                         rst (net)
                  0.01    0.00    2.00 v input1/A (sky130_fd_sc_hd__buf_2)
     7    0.03    0.08    0.16    2.16 v input1/X (sky130_fd_sc_hd__buf_2)
                                         net1 (net)
                  0.08    0.00    2.16 v _052_/A (sky130_fd_sc_hd__buf_2)
    10    0.03    0.08    0.19    2.36 v _052_/X (sky130_fd_sc_hd__buf_2)
                                         _020_ (net)
                  0.08    0.00    2.36 v _076_/A (sky130_fd_sc_hd__nor3_1)
     1    0.00    0.13    0.18    2.54 ^ _076_/Y (sky130_fd_sc_hd__nor3_1)
                                         _007_ (net)
                  0.13    0.00    2.54 ^ _103_/D (sky130_fd_sc_hd__dfxtp_1)
                                  2.54   data arrival time

                  0.15   10.00   10.00   clock clk (rise edge)
                          0.00   10.00   clock network delay (ideal)
                         -0.25    9.75   clock uncertainty
                          0.00    9.75   clock reconvergence pessimism
                                  9.75 ^ _103_/CLK (sky130_fd_sc_hd__dfxtp_1)
                         -0.06    9.69   library setup time
                                  9.69   data required time
-----------------------------------------------------------------------------
                                  9.69   data required time
                                 -2.54   data arrival time
-----------------------------------------------------------------------------
                                  7.16   slack (MET)


Startpoint: rst (input port clocked by clk)
Endpoint: _108_ (rising edge-triggered flip-flop clocked by clk)
Path Group: clk
Path Type: max

Fanout     Cap    Slew   Delay    Time   Description
-----------------------------------------------------------------------------
                  0.15    0.00    0.00   clock clk (rise edge)
                          0.00    0.00   clock network delay (ideal)
                          2.00    2.00 ^ input external delay
     1    0.00    0.02    0.01    2.01 ^ rst (in)
                                         rst (net)
                  0.02    0.00    2.01 ^ input1/A (sky130_fd_sc_hd__buf_2)
     7    0.03    0.15    0.18    2.19 ^ input1/X (sky130_fd_sc_hd__buf_2)
                                         net1 (net)
                  0.15    0.00    2.19 ^ _052_/A (sky130_fd_sc_hd__buf_2)
    10    0.03    0.16    0.24    2.43 ^ _052_/X (sky130_fd_sc_hd__buf_2)
                                         _020_ (net)
                  0.16    0.00    2.43 ^ _089_/A (sky130_fd_sc_hd__nor3_1)
     1    0.00    0.05    0.08    2.51 v _089_/Y (sky130_fd_sc_hd__nor3_1)
                                         _012_ (net)
                  0.05    0.00    2.51 v _108_/D (sky130_fd_sc_hd__dfxtp_1)
                                  2.51   data arrival time

                  0.15   10.00   10.00   clock clk (rise edge)
                          0.00   10.00   clock network delay (ideal)
                         -0.25    9.75   clock uncertainty
                          0.00    9.75   clock reconvergence pessimism
                                  9.75 ^ _108_/CLK (sky130_fd_sc_hd__dfxtp_1)
                         -0.09    9.66   library setup time
                                  9.66   data required time
-----------------------------------------------------------------------------
                                  9.66   data required time
                                 -2.51   data arrival time
-----------------------------------------------------------------------------
                                  7.16   slack (MET)


Startpoint: rst (input port clocked by clk)
Endpoint: _106_ (rising edge-triggered flip-flop clocked by clk)
Path Group: clk
Path Type: max

Fanout     Cap    Slew   Delay    Time   Description
-----------------------------------------------------------------------------
                  0.15    0.00    0.00   clock clk (rise edge)
                          0.00    0.00   clock network delay (ideal)
                          2.00    2.00 ^ input external delay
     1    0.00    0.02    0.01    2.01 ^ rst (in)
                                         rst (net)
                  0.02    0.00    2.01 ^ input1/A (sky130_fd_sc_hd__buf_2)
     7    0.03    0.15    0.18    2.19 ^ input1/X (sky130_fd_sc_hd__buf_2)
                                         net1 (net)
                  0.15    0.00    2.19 ^ _052_/A (sky130_fd_sc_hd__buf_2)
    10    0.03    0.16    0.24    2.43 ^ _052_/X (sky130_fd_sc_hd__buf_2)
                                         _020_ (net)
                  0.16    0.00    2.43 ^ _084_/B (sky130_fd_sc_hd__nor2_1)
     1    0.00    0.04    0.06    2.49 v _084_/Y (sky130_fd_sc_hd__nor2_1)
                                         _010_ (net)
                  0.04    0.00    2.49 v _106_/D (sky130_fd_sc_hd__dfxtp_2)
                                  2.49   data arrival time

                  0.15   10.00   10.00   clock clk (rise edge)
                          0.00   10.00   clock network delay (ideal)
                         -0.25    9.75   clock uncertainty
                          0.00    9.75   clock reconvergence pessimism
                                  9.75 ^ _106_/CLK (sky130_fd_sc_hd__dfxtp_2)
                         -0.09    9.66   library setup time
                                  9.66   data required time
-----------------------------------------------------------------------------
                                  9.66   data required time
                                 -2.49   data arrival time
-----------------------------------------------------------------------------
                                  7.18   slack (MET)


Startpoint: rst (input port clocked by clk)
Endpoint: _102_ (rising edge-triggered flip-flop clocked by clk)
Path Group: clk
Path Type: max

Fanout     Cap    Slew   Delay    Time   Description
-----------------------------------------------------------------------------
                  0.15    0.00    0.00   clock clk (rise edge)
                          0.00    0.00   clock network delay (ideal)
                          2.00    2.00 v input external delay
     1    0.00    0.01    0.00    2.00 v rst (in)
                                         rst (net)
                  0.01    0.00    2.00 v input1/A (sky130_fd_sc_hd__buf_2)
     7    0.03    0.08    0.16    2.16 v input1/X (sky130_fd_sc_hd__buf_2)
                                         net1 (net)
                  0.08    0.00    2.16 v _072_/B1 (sky130_fd_sc_hd__a31o_1)
     1    0.00    0.04    0.20    2.36 v _072_/X (sky130_fd_sc_hd__a31o_1)
                                         _034_ (net)
                  0.04    0.00    2.36 v _073_/B (sky130_fd_sc_hd__nor2_1)
     1    0.00    0.07    0.07    2.43 ^ _073_/Y (sky130_fd_sc_hd__nor2_1)
                                         _006_ (net)
                  0.07    0.00    2.43 ^ _102_/D (sky130_fd_sc_hd__dfxtp_2)
                                  2.43   data arrival time

                  0.15   10.00   10.00   clock clk (rise edge)
                          0.00   10.00   clock network delay (ideal)
                         -0.25    9.75   clock uncertainty
                          0.00    9.75   clock reconvergence pessimism
                                  9.75 ^ _102_/CLK (sky130_fd_sc_hd__dfxtp_2)
                         -0.05    9.70   library setup time
                                  9.70   data required time
-----------------------------------------------------------------------------
                                  9.70   data required time
                                 -2.43   data arrival time
-----------------------------------------------------------------------------
                                  7.27   slack (MET)


Startpoint: rst (input port clocked by clk)
Endpoint: _100_ (rising edge-triggered flip-flop clocked by clk)
Path Group: clk
Path Type: max

Fanout     Cap    Slew   Delay    Time   Description
-----------------------------------------------------------------------------
                  0.15    0.00    0.00   clock clk (rise edge)
                          0.00    0.00   clock network delay (ideal)
                          2.00    2.00 v input external delay
     1    0.00    0.01    0.00    2.00 v rst (in)
                                         rst (net)
                  0.01    0.00    2.00 v input1/A (sky130_fd_sc_hd__buf_2)
     7    0.03    0.08    0.16    2.16 v input1/X (sky130_fd_sc_hd__buf_2)
                                         net1 (net)
                  0.08    0.00    2.16 v _067_/A (sky130_fd_sc_hd__nor2_1)
     1    0.00    0.09    0.12    2.28 ^ _067_/Y (sky130_fd_sc_hd__nor2_1)
                                         _031_ (net)
                  0.09    0.00    2.28 ^ _068_/B1 (sky130_fd_sc_hd__o21a_1)
     1    0.00    0.04    0.12    2.40 ^ _068_/X (sky130_fd_sc_hd__o21a_1)
                                         _004_ (net)
                  0.04    0.00    2.40 ^ _100_/D (sky130_fd_sc_hd__dfxtp_1)
                                  2.40   data arrival time

                  0.15   10.00   10.00   clock clk (rise edge)
                          0.00   10.00   clock network delay (ideal)
                         -0.25    9.75   clock uncertainty
                          0.00    9.75   clock reconvergence pessimism
                                  9.75 ^ _100_/CLK (sky130_fd_sc_hd__dfxtp_1)
                         -0.04    9.71   library setup time
                                  9.71   data required time
-----------------------------------------------------------------------------
                                  9.71   data required time
                                 -2.40   data arrival time
-----------------------------------------------------------------------------
                                  7.31   slack (MET)


Startpoint: rst (input port clocked by clk)
Endpoint: _109_ (rising edge-triggered flip-flop clocked by clk)
Path Group: clk
Path Type: max

Fanout     Cap    Slew   Delay    Time   Description
-----------------------------------------------------------------------------
                  0.15    0.00    0.00   clock clk (rise edge)
                          0.00    0.00   clock network delay (ideal)
                          2.00    2.00 ^ input external delay
     1    0.00    0.02    0.01    2.01 ^ rst (in)
                                         rst (net)
                  0.02    0.00    2.01 ^ input1/A (sky130_fd_sc_hd__buf_2)
     7    0.03    0.15    0.18    2.19 ^ input1/X (sky130_fd_sc_hd__buf_2)
                                         net1 (net)
                  0.15    0.00    2.19 ^ _090_/A (sky130_fd_sc_hd__nor2_1)
     1    0.00    0.04    0.07    2.26 v _090_/Y (sky130_fd_sc_hd__nor2_1)
                                         _045_ (net)
                  0.04    0.00    2.26 v _091_/B1 (sky130_fd_sc_hd__o21a_1)
     1    0.00    0.03    0.10    2.36 v _091_/X (sky130_fd_sc_hd__o21a_1)
                                         _013_ (net)
                  0.03    0.00    2.36 v _109_/D (sky130_fd_sc_hd__dfxtp_1)
                                  2.36   data arrival time

                  0.15   10.00   10.00   clock clk (rise edge)
                          0.00   10.00   clock network delay (ideal)
                         -0.25    9.75   clock uncertainty
                          0.00    9.75   clock reconvergence pessimism
                                  9.75 ^ _109_/CLK (sky130_fd_sc_hd__dfxtp_1)
                         -0.08    9.67   library setup time
                                  9.67   data required time
-----------------------------------------------------------------------------
                                  9.67   data required time
                                 -2.36   data arrival time
-----------------------------------------------------------------------------
                                  7.31   slack (MET)


Startpoint: rst (input port clocked by clk)
Endpoint: _097_ (rising edge-triggered flip-flop clocked by clk)
Path Group: clk
Path Type: max

Fanout     Cap    Slew   Delay    Time   Description
-----------------------------------------------------------------------------
                  0.15    0.00    0.00   clock clk (rise edge)
                          0.00    0.00   clock network delay (ideal)
                          2.00    2.00 ^ input external delay
     1    0.00    0.02    0.01    2.01 ^ rst (in)
                                         rst (net)
                  0.02    0.00    2.01 ^ input1/A (sky130_fd_sc_hd__buf_2)
     7    0.03    0.15    0.18    2.19 ^ input1/X (sky130_fd_sc_hd__buf_2)
                                         net1 (net)
                  0.15    0.00    2.19 ^ _058_/A (sky130_fd_sc_hd__nor2_1)
     1    0.00    0.05    0.07    2.26 v _058_/Y (sky130_fd_sc_hd__nor2_1)
                                         _025_ (net)
                  0.05    0.00    2.26 v _059_/B1 (sky130_fd_sc_hd__o21a_1)
     1    0.00    0.03    0.10    2.36 v _059_/X (sky130_fd_sc_hd__o21a_1)
                                         _001_ (net)
                  0.03    0.00    2.36 v _097_/D (sky130_fd_sc_hd__dfxtp_1)
                                  2.36   data arrival time

                  0.15   10.00   10.00   clock clk (rise edge)
                          0.00   10.00   clock network delay (ideal)
                         -0.25    9.75   clock uncertainty
                          0.00    9.75   clock reconvergence pessimism
                                  9.75 ^ _097_/CLK (sky130_fd_sc_hd__dfxtp_1)
                         -0.08    9.67   library setup time
                                  9.67   data required time
-----------------------------------------------------------------------------
                                  9.67   data required time
                                 -2.36   data arrival time
-----------------------------------------------------------------------------
                                  7.31   slack (MET)



worst slack corner Typical: 7.0071
