
===========================================================================
report_checks -path_delay min (Hold)
============================================================================
======================= Typical Corner ===================================

Startpoint: _106_ (rising edge-triggered flip-flop clocked by clk)
Endpoint: _106_ (rising edge-triggered flip-flop clocked by clk)
Path Group: clk
Path Type: min

Fanout     Cap    Slew   Delay    Time   Description
-----------------------------------------------------------------------------
                  0.15    0.00    0.00   clock clk (rise edge)
                          0.00    0.00   clock network delay (ideal)
                  0.15    0.00    0.00 ^ _106_/CLK (sky130_fd_sc_hd__dfxtp_2)
     7    0.03    0.14    0.40    0.40 ^ _106_/Q (sky130_fd_sc_hd__dfxtp_2)
                                         net2 (net)
                  0.14    0.00    0.40 ^ _084_/A (sky130_fd_sc_hd__nor2_1)
     1    0.00    0.04    0.06    0.46 v _084_/Y (sky130_fd_sc_hd__nor2_1)
                                         _010_ (net)
                  0.04    0.00    0.46 v _106_/D (sky130_fd_sc_hd__dfxtp_2)
                                  0.46   data arrival time

                  0.15    0.00    0.00   clock clk (rise edge)
                          0.00    0.00   clock network delay (ideal)
                          0.25    0.25   clock uncertainty
                          0.00    0.25   clock reconvergence pessimism
                                  0.25 ^ _106_/CLK (sky130_fd_sc_hd__dfxtp_2)
                         -0.02    0.23   library hold time
                                  0.23   data required time
-----------------------------------------------------------------------------
                                  0.23   data required time
                                 -0.46   data arrival time
-----------------------------------------------------------------------------
                                  0.23   slack (MET)


Startpoint: _107_ (rising edge-triggered flip-flop clocked by clk)
Endpoint: _107_ (rising edge-triggered flip-flop clocked by clk)
Path Group: clk
Path Type: min

Fanout     Cap    Slew   Delay    Time   Description
-----------------------------------------------------------------------------
                  0.15    0.00    0.00   clock clk (rise edge)
                          0.00    0.00   clock network delay (ideal)
                  0.15    0.00    0.00 ^ _107_/CLK (sky130_fd_sc_hd__dfxtp_2)
     6    0.02    0.13    0.40    0.40 ^ _107_/Q (sky130_fd_sc_hd__dfxtp_2)
                                         net9 (net)
                  0.13    0.00    0.40 ^ _086_/A2 (sky130_fd_sc_hd__o21a_1)
     1    0.00    0.04    0.11    0.51 ^ _086_/X (sky130_fd_sc_hd__o21a_1)
                                         _011_ (net)
                  0.04    0.00    0.51 ^ _107_/D (sky130_fd_sc_hd__dfxtp_2)
                                  0.51   data arrival time

                  0.15    0.00    0.00   clock clk (rise edge)
                          0.00    0.00   clock network delay (ideal)
                          0.25    0.25   clock uncertainty
                          0.00    0.25   clock reconvergence pessimism
                                  0.25 ^ _107_/CLK (sky130_fd_sc_hd__dfxtp_2)
                         -0.02    0.23   library hold time
                                  0.23   data required time
-----------------------------------------------------------------------------
                                  0.23   data required time
                                 -0.51   data arrival time
-----------------------------------------------------------------------------
                                  0.27   slack (MET)


Startpoint: _098_ (rising edge-triggered flip-flop clocked by clk)
Endpoint: _098_ (rising edge-triggered flip-flop clocked by clk)
Path Group: clk
Path Type: min

Fanout     Cap    Slew   Delay    Time   Description
-----------------------------------------------------------------------------
                  0.15    0.00    0.00   clock clk (rise edge)
                          0.00    0.00   clock network delay (ideal)
                  0.15    0.00    0.00 ^ _098_/CLK (sky130_fd_sc_hd__dfxtp_2)
     6    0.02    0.13    0.40    0.40 ^ _098_/Q (sky130_fd_sc_hd__dfxtp_2)
                                         net16 (net)
                  0.13    0.00    0.40 ^ _061_/A1 (sky130_fd_sc_hd__o21a_1)
     1    0.00    0.04    0.12    0.52 ^ _061_/X (sky130_fd_sc_hd__o21a_1)
                                         _002_ (net)
                  0.04    0.00    0.52 ^ _098_/D (sky130_fd_sc_hd__dfxtp_2)
                                  0.52   data arrival time

                  0.15    0.00    0.00   clock clk (rise edge)
                          0.00    0.00   clock network delay (ideal)
                          0.25    0.25   clock uncertainty
                          0.00    0.25   clock reconvergence pessimism
                                  0.25 ^ _098_/CLK (sky130_fd_sc_hd__dfxtp_2)
                         -0.02    0.23   library hold time
                                  0.23   data required time
-----------------------------------------------------------------------------
                                  0.23   data required time
                                 -0.52   data arrival time
-----------------------------------------------------------------------------
                                  0.28   slack (MET)


Startpoint: _102_ (rising edge-triggered flip-flop clocked by clk)
Endpoint: _102_ (rising edge-triggered flip-flop clocked by clk)
Path Group: clk
Path Type: min

Fanout     Cap    Slew   Delay    Time   Description
-----------------------------------------------------------------------------
                  0.15    0.00    0.00   clock clk (rise edge)
                          0.00    0.00   clock network delay (ideal)
                  0.15    0.00    0.00 ^ _102_/CLK (sky130_fd_sc_hd__dfxtp_2)
     6    0.02    0.06    0.36    0.36 v _102_/Q (sky130_fd_sc_hd__dfxtp_2)
                                         net5 (net)
                  0.06    0.00    0.36 v _071_/B1 (sky130_fd_sc_hd__a21oi_1)
     1    0.00    0.09    0.11    0.48 ^ _071_/Y (sky130_fd_sc_hd__a21oi_1)
                                         _033_ (net)
                  0.09    0.00    0.48 ^ _073_/A (sky130_fd_sc_hd__nor2_1)
     1    0.00    0.02    0.05    0.52 v _073_/Y (sky130_fd_sc_hd__nor2_1)
                                         _006_ (net)
                  0.02    0.00    0.52 v _102_/D (sky130_fd_sc_hd__dfxtp_2)
                                  0.52   data arrival time

                  0.15    0.00    0.00   clock clk (rise edge)
                          0.00    0.00   clock network delay (ideal)
                          0.25    0.25   clock uncertainty
                          0.00    0.25   clock reconvergence pessimism
                                  0.25 ^ _102_/CLK (sky130_fd_sc_hd__dfxtp_2)
                         -0.01    0.24   library hold time
                                  0.24   data required time
-----------------------------------------------------------------------------
                                  0.24   data required time
                                 -0.52   data arrival time
-----------------------------------------------------------------------------
                                  0.29   slack (MET)


Startpoint: _111_ (rising edge-triggered flip-flop clocked by clk)
Endpoint: _111_ (rising edge-triggered flip-flop clocked by clk)
Path Group: clk
Path Type: min

Fanout     Cap    Slew   Delay    Time   Description
-----------------------------------------------------------------------------
                  0.15    0.00    0.00   clock clk (rise edge)
                          0.00    0.00   clock network delay (ideal)
                  0.15    0.00    0.00 ^ _111_/CLK (sky130_fd_sc_hd__dfxtp_1)
     3    0.02    0.08    0.36    0.36 v _111_/Q (sky130_fd_sc_hd__dfxtp_1)
                                         net13 (net)
                  0.08    0.00    0.36 v _094_/B1 (sky130_fd_sc_hd__a21oi_1)
     1    0.00    0.09    0.11    0.47 ^ _094_/Y (sky130_fd_sc_hd__a21oi_1)
                                         _047_ (net)
                  0.09    0.00    0.47 ^ _095_/C (sky130_fd_sc_hd__nor3_1)
     1    0.00    0.03    0.04    0.51 v _095_/Y (sky130_fd_sc_hd__nor3_1)
                                         _015_ (net)
                  0.03    0.00    0.51 v _111_/D (sky130_fd_sc_hd__dfxtp_1)
                                  0.51   data arrival time

                  0.15    0.00    0.00   clock clk (rise edge)
                          0.00    0.00   clock network delay (ideal)
                          0.25    0.25   clock uncertainty
                          0.00    0.25   clock reconvergence pessimism
                                  0.25 ^ _111_/CLK (sky130_fd_sc_hd__dfxtp_1)
                         -0.02    0.23   library hold time
                                  0.23   data required time
-----------------------------------------------------------------------------
                                  0.23   data required time
                                 -0.51   data arrival time
-----------------------------------------------------------------------------
                                  0.29   slack (MET)


Startpoint: _109_ (rising edge-triggered flip-flop clocked by clk)
Endpoint: _109_ (rising edge-triggered flip-flop clocked by clk)
Path Group: clk
Path Type: min

Fanout     Cap    Slew   Delay    Time   Description
-----------------------------------------------------------------------------
                  0.15    0.00    0.00   clock clk (rise edge)
                          0.00    0.00   clock network delay (ideal)
                  0.15    0.00    0.00 ^ _109_/CLK (sky130_fd_sc_hd__dfxtp_1)
     3    0.02    0.15    0.40    0.40 ^ _109_/Q (sky130_fd_sc_hd__dfxtp_1)
                                         net11 (net)
                  0.15    0.00    0.40 ^ _091_/A1 (sky130_fd_sc_hd__o21a_1)
     1    0.00    0.03    0.13    0.53 ^ _091_/X (sky130_fd_sc_hd__o21a_1)
                                         _013_ (net)
                  0.03    0.00    0.53 ^ _109_/D (sky130_fd_sc_hd__dfxtp_1)
                                  0.53   data arrival time

                  0.15    0.00    0.00   clock clk (rise edge)
                          0.00    0.00   clock network delay (ideal)
                          0.25    0.25   clock uncertainty
                          0.00    0.25   clock reconvergence pessimism
                                  0.25 ^ _109_/CLK (sky130_fd_sc_hd__dfxtp_1)
                         -0.02    0.23   library hold time
                                  0.23   data required time
-----------------------------------------------------------------------------
                                  0.23   data required time
                                 -0.53   data arrival time
-----------------------------------------------------------------------------
                                  0.29   slack (MET)


Startpoint: _097_ (rising edge-triggered flip-flop clocked by clk)
Endpoint: _097_ (rising edge-triggered flip-flop clocked by clk)
Path Group: clk
Path Type: min

Fanout     Cap    Slew   Delay    Time   Description
-----------------------------------------------------------------------------
                  0.15    0.00    0.00   clock clk (rise edge)
                          0.00    0.00   clock network delay (ideal)
                  0.15    0.00    0.00 ^ _097_/CLK (sky130_fd_sc_hd__dfxtp_1)
     3    0.02    0.16    0.40    0.40 ^ _097_/Q (sky130_fd_sc_hd__dfxtp_1)
                                         net15 (net)
                  0.16    0.00    0.40 ^ _059_/A1 (sky130_fd_sc_hd__o21a_1)
     1    0.00    0.03    0.13    0.53 ^ _059_/X (sky130_fd_sc_hd__o21a_1)
                                         _001_ (net)
                  0.03    0.00    0.53 ^ _097_/D (sky130_fd_sc_hd__dfxtp_1)
                                  0.53   data arrival time

                  0.15    0.00    0.00   clock clk (rise edge)
                          0.00    0.00   clock network delay (ideal)
                          0.25    0.25   clock uncertainty
                          0.00    0.25   clock reconvergence pessimism
                                  0.25 ^ _097_/CLK (sky130_fd_sc_hd__dfxtp_1)
                         -0.02    0.23   library hold time
                                  0.23   data required time
-----------------------------------------------------------------------------
                                  0.23   data required time
                                 -0.53   data arrival time
-----------------------------------------------------------------------------
                                  0.30   slack (MET)


Startpoint: _100_ (rising edge-triggered flip-flop clocked by clk)
Endpoint: _100_ (rising edge-triggered flip-flop clocked by clk)
Path Group: clk
Path Type: min

Fanout     Cap    Slew   Delay    Time   Description
-----------------------------------------------------------------------------
                  0.15    0.00    0.00   clock clk (rise edge)
                          0.00    0.00   clock network delay (ideal)
                  0.15    0.00    0.00 ^ _100_/CLK (sky130_fd_sc_hd__dfxtp_1)
     3    0.02    0.16    0.40    0.40 ^ _100_/Q (sky130_fd_sc_hd__dfxtp_1)
                                         net3 (net)
                  0.16    0.00    0.40 ^ _068_/A1 (sky130_fd_sc_hd__o21a_1)
     1    0.00    0.03    0.13    0.54 ^ _068_/X (sky130_fd_sc_hd__o21a_1)
                                         _004_ (net)
                  0.03    0.00    0.54 ^ _100_/D (sky130_fd_sc_hd__dfxtp_1)
                                  0.54   data arrival time

                  0.15    0.00    0.00   clock clk (rise edge)
                          0.00    0.00   clock network delay (ideal)
                          0.25    0.25   clock uncertainty
                          0.00    0.25   clock reconvergence pessimism
                                  0.25 ^ _100_/CLK (sky130_fd_sc_hd__dfxtp_1)
                         -0.02    0.23   library hold time
                                  0.23   data required time
-----------------------------------------------------------------------------
                                  0.23   data required time
                                 -0.54   data arrival time
-----------------------------------------------------------------------------
                                  0.30   slack (MET)


Startpoint: _108_ (rising edge-triggered flip-flop clocked by clk)
Endpoint: _108_ (rising edge-triggered flip-flop clocked by clk)
Path Group: clk
Path Type: min

Fanout     Cap    Slew   Delay    Time   Description
-----------------------------------------------------------------------------
                  0.15    0.00    0.00   clock clk (rise edge)
                          0.00    0.00   clock network delay (ideal)
                  0.15    0.00    0.00 ^ _108_/CLK (sky130_fd_sc_hd__dfxtp_1)
     4    0.02    0.09    0.36    0.36 v _108_/Q (sky130_fd_sc_hd__dfxtp_1)
                                         net10 (net)
                  0.09    0.00    0.36 v _088_/B1 (sky130_fd_sc_hd__a21oi_1)
     1    0.00    0.10    0.13    0.49 ^ _088_/Y (sky130_fd_sc_hd__a21oi_1)
                                         _044_ (net)
                  0.10    0.00    0.49 ^ _089_/C (sky130_fd_sc_hd__nor3_1)
     1    0.00    0.03    0.05    0.53 v _089_/Y (sky130_fd_sc_hd__nor3_1)
                                         _012_ (net)
                  0.03    0.00    0.53 v _108_/D (sky130_fd_sc_hd__dfxtp_1)
                                  0.53   data arrival time

                  0.15    0.00    0.00   clock clk (rise edge)
                          0.00    0.00   clock network delay (ideal)
                          0.25    0.25   clock uncertainty
                          0.00    0.25   clock reconvergence pessimism
                                  0.25 ^ _108_/CLK (sky130_fd_sc_hd__dfxtp_1)
                         -0.02    0.23   library hold time
                                  0.23   data required time
-----------------------------------------------------------------------------
                                  0.23   data required time
                                 -0.53   data arrival time
-----------------------------------------------------------------------------
                                  0.31   slack (MET)


Startpoint: _104_ (rising edge-triggered flip-flop clocked by clk)
Endpoint: _104_ (rising edge-triggered flip-flop clocked by clk)
Path Group: clk
Path Type: min

Fanout     Cap    Slew   Delay    Time   Description
-----------------------------------------------------------------------------
                  0.15    0.00    0.00   clock clk (rise edge)
                          0.00    0.00   clock network delay (ideal)
                  0.15    0.00    0.00 ^ _104_/CLK (sky130_fd_sc_hd__dfxtp_1)
     3    0.02    0.16    0.40    0.40 ^ _104_/Q (sky130_fd_sc_hd__dfxtp_1)
                                         net7 (net)
                  0.16    0.00    0.40 ^ _079_/A1 (sky130_fd_sc_hd__o21ba_1)
     1    0.00    0.04    0.14    0.54 ^ _079_/X (sky130_fd_sc_hd__o21ba_1)
                                         _008_ (net)
                  0.04    0.00    0.54 ^ _104_/D (sky130_fd_sc_hd__dfxtp_1)
                                  0.54   data arrival time

                  0.15    0.00    0.00   clock clk (rise edge)
                          0.00    0.00   clock network delay (ideal)
                          0.25    0.25   clock uncertainty
                          0.00    0.25   clock reconvergence pessimism
                                  0.25 ^ _104_/CLK (sky130_fd_sc_hd__dfxtp_1)
                         -0.02    0.23   library hold time
                                  0.23   data required time
-----------------------------------------------------------------------------
                                  0.23   data required time
                                 -0.54   data arrival time
-----------------------------------------------------------------------------
                                  0.31   slack (MET)


Startpoint: _096_ (rising edge-triggered flip-flop clocked by clk)
Endpoint: _096_ (rising edge-triggered flip-flop clocked by clk)
Path Group: clk
Path Type: min

Fanout     Cap    Slew   Delay    Time   Description
-----------------------------------------------------------------------------
                  0.15    0.00    0.00   clock clk (rise edge)
                          0.00    0.00   clock network delay (ideal)
                  0.15    0.00    0.00 ^ _096_/CLK (sky130_fd_sc_hd__dfxtp_1)
     4    0.02    0.17    0.41    0.41 ^ _096_/Q (sky130_fd_sc_hd__dfxtp_1)
                                         net14 (net)
                  0.17    0.00    0.41 ^ _055_/A1 (sky130_fd_sc_hd__o21a_1)
     1    0.00    0.03    0.13    0.55 ^ _055_/X (sky130_fd_sc_hd__o21a_1)
                                         _000_ (net)
                  0.03    0.00    0.55 ^ _096_/D (sky130_fd_sc_hd__dfxtp_1)
                                  0.55   data arrival time

                  0.15    0.00    0.00   clock clk (rise edge)
                          0.00    0.00   clock network delay (ideal)
                          0.25    0.25   clock uncertainty
                          0.00    0.25   clock reconvergence pessimism
                                  0.25 ^ _096_/CLK (sky130_fd_sc_hd__dfxtp_1)
                         -0.02    0.23   library hold time
                                  0.23   data required time
-----------------------------------------------------------------------------
                                  0.23   data required time
                                 -0.55   data arrival time
-----------------------------------------------------------------------------
                                  0.31   slack (MET)


Startpoint: _099_ (rising edge-triggered flip-flop clocked by clk)
Endpoint: _099_ (rising edge-triggered flip-flop clocked by clk)
Path Group: clk
Path Type: min

Fanout     Cap    Slew   Delay    Time   Description
-----------------------------------------------------------------------------
                  0.15    0.00    0.00   clock clk (rise edge)
                          0.00    0.00   clock network delay (ideal)
                  0.15    0.00    0.00 ^ _099_/CLK (sky130_fd_sc_hd__dfxtp_1)
     4    0.02    0.09    0.36    0.36 v _099_/Q (sky130_fd_sc_hd__dfxtp_1)
                                         net17 (net)
                  0.09    0.00    0.36 v _062_/B1 (sky130_fd_sc_hd__a21oi_1)
     1    0.00    0.10    0.13    0.49 ^ _062_/Y (sky130_fd_sc_hd__a21oi_1)
                                         _027_ (net)
                  0.10    0.00    0.49 ^ _064_/B (sky130_fd_sc_hd__nor3_1)
     1    0.00    0.03    0.05    0.55 v _064_/Y (sky130_fd_sc_hd__nor3_1)
                                         _003_ (net)
                  0.03    0.00    0.55 v _099_/D (sky130_fd_sc_hd__dfxtp_1)
                                  0.55   data arrival time

                  0.15    0.00    0.00   clock clk (rise edge)
                          0.00    0.00   clock network delay (ideal)
                          0.25    0.25   clock uncertainty
                          0.00    0.25   clock reconvergence pessimism
                                  0.25 ^ _099_/CLK (sky130_fd_sc_hd__dfxtp_1)
                         -0.02    0.23   library hold time
                                  0.23   data required time
-----------------------------------------------------------------------------
                                  0.23   data required time
                                 -0.55   data arrival time
-----------------------------------------------------------------------------
                                  0.32   slack (MET)


Startpoint: _110_ (rising edge-triggered flip-flop clocked by clk)
Endpoint: _110_ (rising edge-triggered flip-flop clocked by clk)
Path Group: clk
Path Type: min

Fanout     Cap    Slew   Delay    Time   Description
-----------------------------------------------------------------------------
                  0.15    0.00    0.00   clock clk (rise edge)
                          0.00    0.00   clock network delay (ideal)
                  0.15    0.00    0.00 ^ _110_/CLK (sky130_fd_sc_hd__dfxtp_1)
     5    0.02    0.10    0.37    0.37 v _110_/Q (sky130_fd_sc_hd__dfxtp_1)
                                         net12 (net)
                  0.10    0.00    0.37 v _093_/A1 (sky130_fd_sc_hd__o21a_1)
     1    0.00    0.03    0.18    0.56 v _093_/X (sky130_fd_sc_hd__o21a_1)
                                         _014_ (net)
                  0.03    0.00    0.56 v _110_/D (sky130_fd_sc_hd__dfxtp_1)
                                  0.56   data arrival time

                  0.15    0.00    0.00   clock clk (rise edge)
                          0.00    0.00   clock network delay (ideal)
                          0.25    0.25   clock uncertainty
                          0.00    0.25   clock reconvergence pessimism
                                  0.25 ^ _110_/CLK (sky130_fd_sc_hd__dfxtp_1)
                         -0.02    0.23   library hold time
                                  0.23   data required time
-----------------------------------------------------------------------------
                                  0.23   data required time
                                 -0.56   data arrival time
-----------------------------------------------------------------------------
                                  0.33   slack (MET)


Startpoint: _101_ (rising edge-triggered flip-flop clocked by clk)
Endpoint: _101_ (rising edge-triggered flip-flop clocked by clk)
Path Group: clk
Path Type: min

Fanout     Cap    Slew   Delay    Time   Description
-----------------------------------------------------------------------------
                  0.15    0.00    0.00   clock clk (rise edge)
                          0.00    0.00   clock network delay (ideal)
                  0.15    0.00    0.00 ^ _101_/CLK (sky130_fd_sc_hd__dfxtp_2)
    10    0.03    0.09    0.38    0.38 v _101_/Q (sky130_fd_sc_hd__dfxtp_2)
                                         net4 (net)
                  0.09    0.00    0.38 v _070_/A1 (sky130_fd_sc_hd__o21a_1)
     1    0.00    0.03    0.18    0.57 v _070_/X (sky130_fd_sc_hd__o21a_1)
                                         _005_ (net)
                  0.03    0.00    0.57 v _101_/D (sky130_fd_sc_hd__dfxtp_2)
                                  0.57   data arrival time

                  0.15    0.00    0.00   clock clk (rise edge)
                          0.00    0.00   clock network delay (ideal)
                          0.25    0.25   clock uncertainty
                          0.00    0.25   clock reconvergence pessimism
                                  0.25 ^ _101_/CLK (sky130_fd_sc_hd__dfxtp_2)
                         -0.02    0.23   library hold time
                                  0.23   data required time
-----------------------------------------------------------------------------
                                  0.23   data required time
                                 -0.57   data arrival time
-----------------------------------------------------------------------------
                                  0.33   slack (MET)


Startpoint: _103_ (rising edge-triggered flip-flop clocked by clk)
Endpoint: _103_ (rising edge-triggered flip-flop clocked by clk)
Path Group: clk
Path Type: min

Fanout     Cap    Slew   Delay    Time   Description
-----------------------------------------------------------------------------
                  0.15    0.00    0.00   clock clk (rise edge)
                          0.00    0.00   clock network delay (ideal)
                  0.15    0.00    0.00 ^ _103_/CLK (sky130_fd_sc_hd__dfxtp_1)
     4    0.02    0.09    0.36    0.36 v _103_/Q (sky130_fd_sc_hd__dfxtp_1)
                                         net6 (net)
                  0.09    0.00    0.36 v _074_/B1 (sky130_fd_sc_hd__a31oi_1)
     1    0.00    0.10    0.15    0.51 ^ _074_/Y (sky130_fd_sc_hd__a31oi_1)
                                         _035_ (net)
                  0.10    0.00    0.51 ^ _076_/B (sky130_fd_sc_hd__nor3_1)
     1    0.00    0.03    0.05    0.57 v _076_/Y (sky130_fd_sc_hd__nor3_1)
                                         _007_ (net)
                  0.03    0.00    0.57 v _103_/D (sky130_fd_sc_hd__dfxtp_1)
                                  0.57   data arrival time

                  0.15    0.00    0.00   clock clk (rise edge)
                          0.00    0.00   clock network delay (ideal)
                          0.25    0.25   clock uncertainty
                          0.00    0.25   clock reconvergence pessimism
                                  0.25 ^ _103_/CLK (sky130_fd_sc_hd__dfxtp_1)
                         -0.02    0.23   library hold time
                                  0.23   data required time
-----------------------------------------------------------------------------
                                  0.23   data required time
                                 -0.57   data arrival time
-----------------------------------------------------------------------------
                                  0.34   slack (MET)


Startpoint: _105_ (rising edge-triggered flip-flop clocked by clk)
Endpoint: _105_ (rising edge-triggered flip-flop clocked by clk)
Path Group: clk
Path Type: min

Fanout     Cap    Slew   Delay    Time   Description
-----------------------------------------------------------------------------
                  0.15    0.00    0.00   clock clk (rise edge)
                          0.00    0.00   clock network delay (ideal)
                  0.15    0.00    0.00 ^ _105_/CLK (sky130_fd_sc_hd__dfxtp_1)
     3    0.02    0.17    0.41    0.41 ^ _105_/Q (sky130_fd_sc_hd__dfxtp_1)
                                         net8 (net)
                  0.17    0.00    0.41 ^ _081_/B1 (sky130_fd_sc_hd__a31o_1)
     1    0.00    0.04    0.11    0.52 ^ _081_/X (sky130_fd_sc_hd__a31o_1)
                                         _040_ (net)
                  0.04    0.00    0.52 ^ _082_/B (sky130_fd_sc_hd__and2b_1)
     1    0.00    0.04    0.11    0.62 ^ _082_/X (sky130_fd_sc_hd__and2b_1)
                                         _041_ (net)
                  0.04    0.00    0.62 ^ _083_/A (sky130_fd_sc_hd__clkbuf_1)
     1    0.00    0.04    0.07    0.69 ^ _083_/X (sky130_fd_sc_hd__clkbuf_1)
                                         _009_ (net)
                  0.04    0.00    0.69 ^ _105_/D (sky130_fd_sc_hd__dfxtp_1)
                                  0.69   data arrival time

                  0.15    0.00    0.00   clock clk (rise edge)
                          0.00    0.00   clock network delay (ideal)
                          0.25    0.25   clock uncertainty
                          0.00    0.25   clock reconvergence pessimism
                                  0.25 ^ _105_/CLK (sky130_fd_sc_hd__dfxtp_1)
                         -0.02    0.23   library hold time
                                  0.23   data required time
-----------------------------------------------------------------------------
                                  0.23   data required time
                                 -0.69   data arrival time
-----------------------------------------------------------------------------
                                  0.46   slack (MET)


Startpoint: _109_ (rising edge-triggered flip-flop clocked by clk)
Endpoint: count[3] (output port clocked by clk)
Path Group: clk
Path Type: min

Fanout     Cap    Slew   Delay    Time   Description
-----------------------------------------------------------------------------
                  0.15    0.00    0.00   clock clk (rise edge)
                          0.00    0.00   clock network delay (ideal)
                  0.15    0.00    0.00 ^ _109_/CLK (sky130_fd_sc_hd__dfxtp_1)
     3    0.01    0.08    0.36    0.36 v _109_/Q (sky130_fd_sc_hd__dfxtp_1)
                                         net11 (net)
                  0.08    0.00    0.36 v output11/A (sky130_fd_sc_hd__buf_2)
     1    0.03    0.09    0.19    0.54 v output11/X (sky130_fd_sc_hd__buf_2)
                                         count[3] (net)
                  0.09    0.00    0.54 v count[3] (out)
                                  0.54   data arrival time

                  0.15    0.00    0.00   clock clk (rise edge)
                          0.00    0.00   clock network delay (ideal)
                          0.25    0.25   clock uncertainty
                          0.00    0.25   clock reconvergence pessimism
                         -2.00   -1.75   output external delay
                                 -1.75   data required time
-----------------------------------------------------------------------------
                                 -1.75   data required time
                                 -0.54   data arrival time
-----------------------------------------------------------------------------
                                  2.29   slack (MET)


Startpoint: _111_ (rising edge-triggered flip-flop clocked by clk)
Endpoint: count[5] (output port clocked by clk)
Path Group: clk
Path Type: min

Fanout     Cap    Slew   Delay    Time   Description
-----------------------------------------------------------------------------
                  0.15    0.00    0.00   clock clk (rise edge)
                          0.00    0.00   clock network delay (ideal)
                  0.15    0.00    0.00 ^ _111_/CLK (sky130_fd_sc_hd__dfxtp_1)
     3    0.02    0.08    0.36    0.36 v _111_/Q (sky130_fd_sc_hd__dfxtp_1)
                                         net13 (net)
                  0.08    0.00    0.36 v output13/A (sky130_fd_sc_hd__buf_2)
     1    0.03    0.09    0.19    0.54 v output13/X (sky130_fd_sc_hd__buf_2)
                                         count[5] (net)
                  0.09    0.00    0.54 v count[5] (out)
                                  0.54   data arrival time

                  0.15    0.00    0.00   clock clk (rise edge)
                          0.00    0.00   clock network delay (ideal)
                          0.25    0.25   clock uncertainty
                          0.00    0.25   clock reconvergence pessimism
                         -2.00   -1.75   output external delay
                                 -1.75   data required time
-----------------------------------------------------------------------------
                                 -1.75   data required time
                                 -0.54   data arrival time
-----------------------------------------------------------------------------
                                  2.29   slack (MET)


Startpoint: _097_ (rising edge-triggered flip-flop clocked by clk)
Endpoint: count[7] (output port clocked by clk)
Path Group: clk
Path Type: min

Fanout     Cap    Slew   Delay    Time   Description
-----------------------------------------------------------------------------
                  0.15    0.00    0.00   clock clk (rise edge)
                          0.00    0.00   clock network delay (ideal)
                  0.15    0.00    0.00 ^ _097_/CLK (sky130_fd_sc_hd__dfxtp_1)
     3    0.02    0.08    0.36    0.36 v _097_/Q (sky130_fd_sc_hd__dfxtp_1)
                                         net15 (net)
                  0.08    0.00    0.36 v output15/A (sky130_fd_sc_hd__buf_2)
     1    0.03    0.09    0.19    0.54 v output15/X (sky130_fd_sc_hd__buf_2)
                                         count[7] (net)
                  0.09    0.00    0.54 v count[7] (out)
                                  0.54   data arrival time

                  0.15    0.00    0.00   clock clk (rise edge)
                          0.00    0.00   clock network delay (ideal)
                          0.25    0.25   clock uncertainty
                          0.00    0.25   clock reconvergence pessimism
                         -2.00   -1.75   output external delay
                                 -1.75   data required time
-----------------------------------------------------------------------------
                                 -1.75   data required time
                                 -0.54   data arrival time
-----------------------------------------------------------------------------
                                  2.29   slack (MET)


Startpoint: _098_ (rising edge-triggered flip-flop clocked by clk)
Endpoint: count[8] (output port clocked by clk)
Path Group: clk
Path Type: min

Fanout     Cap    Slew   Delay    Time   Description
-----------------------------------------------------------------------------
                  0.15    0.00    0.00   clock clk (rise edge)
                          0.00    0.00   clock network delay (ideal)
                  0.15    0.00    0.00 ^ _098_/CLK (sky130_fd_sc_hd__dfxtp_2)
     6    0.02    0.06    0.37    0.37 v _098_/Q (sky130_fd_sc_hd__dfxtp_2)
                                         net16 (net)
                  0.06    0.00    0.37 v output16/A (sky130_fd_sc_hd__buf_2)
     1    0.03    0.09    0.18    0.54 v output16/X (sky130_fd_sc_hd__buf_2)
                                         count[8] (net)
                  0.09    0.00    0.55 v count[8] (out)
                                  0.55   data arrival time

                  0.15    0.00    0.00   clock clk (rise edge)
                          0.00    0.00   clock network delay (ideal)
                          0.25    0.25   clock uncertainty
                          0.00    0.25   clock reconvergence pessimism
                         -2.00   -1.75   output external delay
                                 -1.75   data required time
-----------------------------------------------------------------------------
                                 -1.75   data required time
                                 -0.55   data arrival time
-----------------------------------------------------------------------------
                                  2.30   slack (MET)


Startpoint: _107_ (rising edge-triggered flip-flop clocked by clk)
Endpoint: count[1] (output port clocked by clk)
Path Group: clk
Path Type: min

Fanout     Cap    Slew   Delay    Time   Description
-----------------------------------------------------------------------------
                  0.15    0.00    0.00   clock clk (rise edge)
                          0.00    0.00   clock network delay (ideal)
                  0.15    0.00    0.00 ^ _107_/CLK (sky130_fd_sc_hd__dfxtp_2)
     6    0.02    0.06    0.36    0.36 v _107_/Q (sky130_fd_sc_hd__dfxtp_2)
                                         net9 (net)
                  0.06    0.00    0.37 v output9/A (sky130_fd_sc_hd__buf_2)
     1    0.03    0.09    0.18    0.54 v output9/X (sky130_fd_sc_hd__buf_2)
                                         count[1] (net)
                  0.09    0.00    0.55 v count[1] (out)
                                  0.55   data arrival time

                  0.15    0.00    0.00   clock clk (rise edge)
                          0.00    0.00   clock network delay (ideal)
                          0.25    0.25   clock uncertainty
                          0.00    0.25   clock reconvergence pessimism
                         -2.00   -1.75   output external delay
                                 -1.75   data required time
-----------------------------------------------------------------------------
                                 -1.75   data required time
                                 -0.55   data arrival time
-----------------------------------------------------------------------------
                                  2.30   slack (MET)


Startpoint: _104_ (rising edge-triggered flip-flop clocked by clk)
Endpoint: count[14] (output port clocked by clk)
Path Group: clk
Path Type: min

Fanout     Cap    Slew   Delay    Time   Description
-----------------------------------------------------------------------------
                  0.15    0.00    0.00   clock clk (rise edge)
                          0.00    0.00   clock network delay (ideal)
                  0.15    0.00    0.00 ^ _104_/CLK (sky130_fd_sc_hd__dfxtp_1)
     3    0.02    0.08    0.36    0.36 v _104_/Q (sky130_fd_sc_hd__dfxtp_1)
                                         net7 (net)
                  0.08    0.00    0.36 v output7/A (sky130_fd_sc_hd__clkbuf_4)
     1    0.03    0.08    0.19    0.55 v output7/X (sky130_fd_sc_hd__clkbuf_4)
                                         count[14] (net)
                  0.08    0.00    0.55 v count[14] (out)
                                  0.55   data arrival time

                  0.15    0.00    0.00   clock clk (rise edge)
                          0.00    0.00   clock network delay (ideal)
                          0.25    0.25   clock uncertainty
                          0.00    0.25   clock reconvergence pessimism
                         -2.00   -1.75   output external delay
                                 -1.75   data required time
-----------------------------------------------------------------------------
                                 -1.75   data required time
                                 -0.55   data arrival time
-----------------------------------------------------------------------------
                                  2.30   slack (MET)


Startpoint: _102_ (rising edge-triggered flip-flop clocked by clk)
Endpoint: count[12] (output port clocked by clk)
Path Group: clk
Path Type: min

Fanout     Cap    Slew   Delay    Time   Description
-----------------------------------------------------------------------------
                  0.15    0.00    0.00   clock clk (rise edge)
                          0.00    0.00   clock network delay (ideal)
                  0.15    0.00    0.00 ^ _102_/CLK (sky130_fd_sc_hd__dfxtp_2)
     6    0.02    0.06    0.36    0.36 v _102_/Q (sky130_fd_sc_hd__dfxtp_2)
                                         net5 (net)
                  0.06    0.00    0.37 v output5/A (sky130_fd_sc_hd__clkbuf_4)
     1    0.03    0.08    0.18    0.55 v output5/X (sky130_fd_sc_hd__clkbuf_4)
                                         count[12] (net)
                  0.08    0.00    0.55 v count[12] (out)
                                  0.55   data arrival time

                  0.15    0.00    0.00   clock clk (rise edge)
                          0.00    0.00   clock network delay (ideal)
                          0.25    0.25   clock uncertainty
                          0.00    0.25   clock reconvergence pessimism
                         -2.00   -1.75   output external delay
                                 -1.75   data required time
-----------------------------------------------------------------------------
                                 -1.75   data required time
                                 -0.55   data arrival time
-----------------------------------------------------------------------------
                                  2.30   slack (MET)


Startpoint: _100_ (rising edge-triggered flip-flop clocked by clk)
Endpoint: count[10] (output port clocked by clk)
Path Group: clk
Path Type: min

Fanout     Cap    Slew   Delay    Time   Description
-----------------------------------------------------------------------------
                  0.15    0.00    0.00   clock clk (rise edge)
                          0.00    0.00   clock network delay (ideal)
                  0.15    0.00    0.00 ^ _100_/CLK (sky130_fd_sc_hd__dfxtp_1)
     3    0.02    0.08    0.36    0.36 v _100_/Q (sky130_fd_sc_hd__dfxtp_1)
                                         net3 (net)
                  0.08    0.00    0.36 v output3/A (sky130_fd_sc_hd__clkbuf_4)
     1    0.03    0.08    0.19    0.55 v output3/X (sky130_fd_sc_hd__clkbuf_4)
                                         count[10] (net)
                  0.08    0.00    0.55 v count[10] (out)
                                  0.55   data arrival time

                  0.15    0.00    0.00   clock clk (rise edge)
                          0.00    0.00   clock network delay (ideal)
                          0.25    0.25   clock uncertainty
                          0.00    0.25   clock reconvergence pessimism
                         -2.00   -1.75   output external delay
                                 -1.75   data required time
-----------------------------------------------------------------------------
                                 -1.75   data required time
                                 -0.55   data arrival time
-----------------------------------------------------------------------------
                                  2.30   slack (MET)


Startpoint: _105_ (rising edge-triggered flip-flop clocked by clk)
Endpoint: count[15] (output port clocked by clk)
Path Group: clk
Path Type: min

Fanout     Cap    Slew   Delay    Time   Description
-----------------------------------------------------------------------------
                  0.15    0.00    0.00   clock clk (rise edge)
                          0.00    0.00   clock network delay (ideal)
                  0.15    0.00    0.00 ^ _105_/CLK (sky130_fd_sc_hd__dfxtp_1)
     3    0.02    0.08    0.36    0.36 v _105_/Q (sky130_fd_sc_hd__dfxtp_1)
                                         net8 (net)
                  0.08    0.00    0.36 v output8/A (sky130_fd_sc_hd__buf_2)
     1    0.03    0.09    0.19    0.55 v output8/X (sky130_fd_sc_hd__buf_2)
                                         count[15] (net)
                  0.09    0.00    0.55 v count[15] (out)
                                  0.55   data arrival time

                  0.15    0.00    0.00   clock clk (rise edge)
                          0.00    0.00   clock network delay (ideal)
                          0.25    0.25   clock uncertainty
                          0.00    0.25   clock reconvergence pessimism
                         -2.00   -1.75   output external delay
                                 -1.75   data required time
-----------------------------------------------------------------------------
                                 -1.75   data required time
                                 -0.55   data arrival time
-----------------------------------------------------------------------------
                                  2.30   slack (MET)


Startpoint: _106_ (rising edge-triggered flip-flop clocked by clk)
Endpoint: count[0] (output port clocked by clk)
Path Group: clk
Path Type: min

Fanout     Cap    Slew   Delay    Time   Description
-----------------------------------------------------------------------------
                  0.15    0.00    0.00   clock clk (rise edge)
                          0.00    0.00   clock network delay (ideal)
                  0.15    0.00    0.00 ^ _106_/CLK (sky130_fd_sc_hd__dfxtp_2)
     7    0.02    0.07    0.37    0.37 v _106_/Q (sky130_fd_sc_hd__dfxtp_2)
                                         net2 (net)
                  0.07    0.00    0.37 v output2/A (sky130_fd_sc_hd__buf_2)
     1    0.03    0.09    0.18    0.55 v output2/X (sky130_fd_sc_hd__buf_2)
                                         count[0] (net)
                  0.09    0.00    0.55 v count[0] (out)
                                  0.55   data arrival time

                  0.15    0.00    0.00   clock clk (rise edge)
                          0.00    0.00   clock network delay (ideal)
                          0.25    0.25   clock uncertainty
                          0.00    0.25   clock reconvergence pessimism
                         -2.00   -1.75   output external delay
                                 -1.75   data required time
-----------------------------------------------------------------------------
                                 -1.75   data required time
                                 -0.55   data arrival time
-----------------------------------------------------------------------------
                                  2.30   slack (MET)


Startpoint: _099_ (rising edge-triggered flip-flop clocked by clk)
Endpoint: count[9] (output port clocked by clk)
Path Group: clk
Path Type: min

Fanout     Cap    Slew   Delay    Time   Description
-----------------------------------------------------------------------------
                  0.15    0.00    0.00   clock clk (rise edge)
                          0.00    0.00   clock network delay (ideal)
                  0.15    0.00    0.00 ^ _099_/CLK (sky130_fd_sc_hd__dfxtp_1)
     4    0.02    0.09    0.36    0.36 v _099_/Q (sky130_fd_sc_hd__dfxtp_1)
                                         net17 (net)
                  0.09    0.00    0.36 v output17/A (sky130_fd_sc_hd__buf_2)
     1    0.03    0.09    0.19    0.55 v output17/X (sky130_fd_sc_hd__buf_2)
                                         count[9] (net)
                  0.09    0.00    0.55 v count[9] (out)
                                  0.55   data arrival time

                  0.15    0.00    0.00   clock clk (rise edge)
                          0.00    0.00   clock network delay (ideal)
                          0.25    0.25   clock uncertainty
                          0.00    0.25   clock reconvergence pessimism
                         -2.00   -1.75   output external delay
                                 -1.75   data required time
-----------------------------------------------------------------------------
                                 -1.75   data required time
                                 -0.55   data arrival time
-----------------------------------------------------------------------------
                                  2.30   slack (MET)


Startpoint: _108_ (rising edge-triggered flip-flop clocked by clk)
Endpoint: count[2] (output port clocked by clk)
Path Group: clk
Path Type: min

Fanout     Cap    Slew   Delay    Time   Description
-----------------------------------------------------------------------------
                  0.15    0.00    0.00   clock clk (rise edge)
                          0.00    0.00   clock network delay (ideal)
                  0.15    0.00    0.00 ^ _108_/CLK (sky130_fd_sc_hd__dfxtp_1)
     4    0.02    0.09    0.36    0.36 v _108_/Q (sky130_fd_sc_hd__dfxtp_1)
                                         net10 (net)
                  0.09    0.00    0.36 v output10/A (sky130_fd_sc_hd__buf_2)
     1    0.03    0.09    0.19    0.55 v output10/X (sky130_fd_sc_hd__buf_2)
                                         count[2] (net)
                  0.09    0.00    0.55 v count[2] (out)
                                  0.55   data arrival time

                  0.15    0.00    0.00   clock clk (rise edge)
                          0.00    0.00   clock network delay (ideal)
                          0.25    0.25   clock uncertainty
                          0.00    0.25   clock reconvergence pessimism
                         -2.00   -1.75   output external delay
                                 -1.75   data required time
-----------------------------------------------------------------------------
                                 -1.75   data required time
                                 -0.55   data arrival time
-----------------------------------------------------------------------------
                                  2.30   slack (MET)


Startpoint: _096_ (rising edge-triggered flip-flop clocked by clk)
Endpoint: count[6] (output port clocked by clk)
Path Group: clk
Path Type: min

Fanout     Cap    Slew   Delay    Time   Description
-----------------------------------------------------------------------------
                  0.15    0.00    0.00   clock clk (rise edge)
                          0.00    0.00   clock network delay (ideal)
                  0.15    0.00    0.00 ^ _096_/CLK (sky130_fd_sc_hd__dfxtp_1)
     4    0.02    0.09    0.36    0.36 v _096_/Q (sky130_fd_sc_hd__dfxtp_1)
                                         net14 (net)
                  0.09    0.00    0.36 v output14/A (sky130_fd_sc_hd__buf_2)
     1    0.03    0.09    0.19    0.55 v output14/X (sky130_fd_sc_hd__buf_2)
                                         count[6] (net)
                  0.09    0.00    0.55 v count[6] (out)
                                  0.55   data arrival time

                  0.15    0.00    0.00   clock clk (rise edge)
                          0.00    0.00   clock network delay (ideal)
                          0.25    0.25   clock uncertainty
                          0.00    0.25   clock reconvergence pessimism
                         -2.00   -1.75   output external delay
                                 -1.75   data required time
-----------------------------------------------------------------------------
                                 -1.75   data required time
                                 -0.55   data arrival time
-----------------------------------------------------------------------------
                                  2.30   slack (MET)


Startpoint: _103_ (rising edge-triggered flip-flop clocked by clk)
Endpoint: count[13] (output port clocked by clk)
Path Group: clk
Path Type: min

Fanout     Cap    Slew   Delay    Time   Description
-----------------------------------------------------------------------------
                  0.15    0.00    0.00   clock clk (rise edge)
                          0.00    0.00   clock network delay (ideal)
                  0.15    0.00    0.00 ^ _103_/CLK (sky130_fd_sc_hd__dfxtp_1)
     4    0.02    0.09    0.36    0.36 v _103_/Q (sky130_fd_sc_hd__dfxtp_1)
                                         net6 (net)
                  0.09    0.00    0.36 v output6/A (sky130_fd_sc_hd__clkbuf_4)
     1    0.03    0.08    0.19    0.56 v output6/X (sky130_fd_sc_hd__clkbuf_4)
                                         count[13] (net)
                  0.08    0.00    0.56 v count[13] (out)
                                  0.56   data arrival time

                  0.15    0.00    0.00   clock clk (rise edge)
                          0.00    0.00   clock network delay (ideal)
                          0.25    0.25   clock uncertainty
                          0.00    0.25   clock reconvergence pessimism
                         -2.00   -1.75   output external delay
                                 -1.75   data required time
-----------------------------------------------------------------------------
                                 -1.75   data required time
                                 -0.56   data arrival time
-----------------------------------------------------------------------------
                                  2.31   slack (MET)


Startpoint: _110_ (rising edge-triggered flip-flop clocked by clk)
Endpoint: count[4] (output port clocked by clk)
Path Group: clk
Path Type: min

Fanout     Cap    Slew   Delay    Time   Description
-----------------------------------------------------------------------------
                  0.15    0.00    0.00   clock clk (rise edge)
                          0.00    0.00   clock network delay (ideal)
                  0.15    0.00    0.00 ^ _110_/CLK (sky130_fd_sc_hd__dfxtp_1)
     5    0.02    0.10    0.37    0.37 v _110_/Q (sky130_fd_sc_hd__dfxtp_1)
                                         net12 (net)
                  0.10    0.00    0.37 v output12/A (sky130_fd_sc_hd__buf_2)
     1    0.03    0.09    0.20    0.57 v output12/X (sky130_fd_sc_hd__buf_2)
                                         count[4] (net)
                  0.09    0.00    0.57 v count[4] (out)
                                  0.57   data arrival time

                  0.15    0.00    0.00   clock clk (rise edge)
                          0.00    0.00   clock network delay (ideal)
                          0.25    0.25   clock uncertainty
                          0.00    0.25   clock reconvergence pessimism
                         -2.00   -1.75   output external delay
                                 -1.75   data required time
-----------------------------------------------------------------------------
                                 -1.75   data required time
                                 -0.57   data arrival time
-----------------------------------------------------------------------------
                                  2.32   slack (MET)


Startpoint: _101_ (rising edge-triggered flip-flop clocked by clk)
Endpoint: count[11] (output port clocked by clk)
Path Group: clk
Path Type: min

Fanout     Cap    Slew   Delay    Time   Description
-----------------------------------------------------------------------------
                  0.15    0.00    0.00   clock clk (rise edge)
                          0.00    0.00   clock network delay (ideal)
                  0.15    0.00    0.00 ^ _101_/CLK (sky130_fd_sc_hd__dfxtp_2)
    10    0.03    0.09    0.38    0.38 v _101_/Q (sky130_fd_sc_hd__dfxtp_2)
                                         net4 (net)
                  0.09    0.00    0.39 v output4/A (sky130_fd_sc_hd__buf_2)
     1    0.03    0.09    0.19    0.57 v output4/X (sky130_fd_sc_hd__buf_2)
                                         count[11] (net)
                  0.09    0.00    0.57 v count[11] (out)
                                  0.57   data arrival time

                  0.15    0.00    0.00   clock clk (rise edge)
                          0.00    0.00   clock network delay (ideal)
                          0.25    0.25   clock uncertainty
                          0.00    0.25   clock reconvergence pessimism
                         -2.00   -1.75   output external delay
                                 -1.75   data required time
-----------------------------------------------------------------------------
                                 -1.75   data required time
                                 -0.57   data arrival time
-----------------------------------------------------------------------------
                                  2.32   slack (MET)



worst slack corner Typical: 0.2320
