Wed Jun 18 18:46:27 +0000 2025 - Executing "{openroad -exit -no_init -python /openlane/scripts/odbpy/lefutil.py get_metal_layers -o /openlane/designs/halfadder/runs/RUN_2025.06.18_18.46.26/tmp/layers.list /home/openlane/.volare/sky130A/libs.ref/sky130_fd_sc_hd/techlef/sky130_fd_sc_hd__nom.tlef}"

Wed Jun 18 18:46:27 +0000 2025 - Executing "{/openlane/scripts/mergeLef.py -o /openlane/designs/halfadder/runs/RUN_2025.06.18_18.46.26/tmp/merged.nom.lef -i /home/openlane/.volare/sky130A/libs.ref/sky130_fd_sc_hd/techlef/sky130_fd_sc_hd__nom.tlef {/home/openlane/.volare/sky130A/libs.ref/sky130_fd_sc_hd/lef/sky130_ef_sc_hd.lef /home/openlane/.volare/sky130A/libs.ref/sky130_fd_sc_hd/lef/sky130_fd_sc_hd.lef} |& tee /dev/null}"

Wed Jun 18 18:46:27 +0000 2025 - Executing "{/openlane/scripts/mergeLef.py -o /openlane/designs/halfadder/runs/RUN_2025.06.18_18.46.26/tmp/merged.min.lef -i /home/openlane/.volare/sky130A/libs.ref/sky130_fd_sc_hd/techlef/sky130_fd_sc_hd__min.tlef {/home/openlane/.volare/sky130A/libs.ref/sky130_fd_sc_hd/lef/sky130_ef_sc_hd.lef /home/openlane/.volare/sky130A/libs.ref/sky130_fd_sc_hd/lef/sky130_fd_sc_hd.lef} |& tee /dev/null}"

Wed Jun 18 18:46:27 +0000 2025 - Executing "{/openlane/scripts/mergeLef.py -o /openlane/designs/halfadder/runs/RUN_2025.06.18_18.46.26/tmp/merged.max.lef -i /home/openlane/.volare/sky130A/libs.ref/sky130_fd_sc_hd/techlef/sky130_fd_sc_hd__max.tlef {/home/openlane/.volare/sky130A/libs.ref/sky130_fd_sc_hd/lef/sky130_ef_sc_hd.lef /home/openlane/.volare/sky130A/libs.ref/sky130_fd_sc_hd/lef/sky130_fd_sc_hd.lef} |& tee /dev/null}"

Wed Jun 18 18:46:27 +0000 2025 - Executing "{python3 /openlane/scripts/mergeLib.py --output /openlane/designs/halfadder/runs/RUN_2025.06.18_18.46.26/tmp/synthesis/merged.lib --name sky130A_merged /home/openlane/.volare/sky130A/libs.ref/sky130_fd_sc_hd/lib/sky130_fd_sc_hd__tt_025C_1v80.lib}"

Wed Jun 18 18:46:28 +0000 2025 - Executing "{python3 /openlane/scripts/libtrim.py --cell-file /openlane/designs/halfadder/runs/RUN_2025.06.18_18.46.26/tmp/synthesis/trimmed.lib.exclude.list --output /openlane/designs/halfadder/runs/RUN_2025.06.18_18.46.26/tmp/synthesis/trimmed.lib /openlane/designs/halfadder/runs/RUN_2025.06.18_18.46.26/tmp/synthesis/merged.lib}"

Wed Jun 18 18:46:28 +0000 2025 - Executing "{python3 /openlane/scripts/libtrim.py --cell-file /openlane/designs/halfadder/runs/RUN_2025.06.18_18.46.26/tmp/cts/cts.lib.exclude.list --output /openlane/designs/halfadder/runs/RUN_2025.06.18_18.46.26/tmp/cts/cts.lib /home/openlane/.volare/sky130A/libs.ref/sky130_fd_sc_hd/lib/sky130_fd_sc_hd__tt_025C_1v80.lib}"

Wed Jun 18 18:46:28 +0000 2025 - Executing "{python3 /openlane/scripts/libtrim.py --cell-file /openlane/designs/halfadder/runs/RUN_2025.06.18_18.46.26/tmp/cts/cts-fastest.lib.exclude.list --output /openlane/designs/halfadder/runs/RUN_2025.06.18_18.46.26/tmp/cts/cts-fastest.lib /home/openlane/.volare/sky130A/libs.ref/sky130_fd_sc_hd/lib/sky130_fd_sc_hd__ff_n40C_1v95.lib}"

Wed Jun 18 18:46:29 +0000 2025 - Executing "{python3 /openlane/scripts/libtrim.py --cell-file /openlane/designs/halfadder/runs/RUN_2025.06.18_18.46.26/tmp/cts/cts-slowest.lib.exclude.list --output /openlane/designs/halfadder/runs/RUN_2025.06.18_18.46.26/tmp/cts/cts-slowest.lib /home/openlane/.volare/sky130A/libs.ref/sky130_fd_sc_hd/lib/sky130_fd_sc_hd__ss_100C_1v60.lib}"

Wed Jun 18 18:46:30 +0000 2025 - Executing "{python3 /openlane/scripts/new_tracks.py -i /home/openlane/.volare/sky130A/libs.tech/openlane/sky130_fd_sc_hd/tracks.info -o /openlane/designs/halfadder/runs/RUN_2025.06.18_18.46.26/tmp/routing/config.tracks}"

Wed Jun 18 18:46:30 +0000 2025 - Executing "{echo {OpenLane e73fb3c57e687a0023fcd4dcfd1566ecd478362a} > /openlane/designs/halfadder/runs/RUN_2025.06.18_18.46.26/OPENLANE_COMMIT}"

Wed Jun 18 18:46:30 +0000 2025 - Executing "{yosys -c /openlane/scripts/yosys/blackbox.tcl}"

Wed Jun 18 18:46:30 +0000 2025 - Executing "{verilator -Wall --lint-only --Wno-DECLFILENAME --top-module halfadder /openlane/designs/halfadder/runs/RUN_2025.06.18_18.46.26/tmp/synthesis/blackbox/sky130_fd_sc_hd__blackbox.v /openlane/designs/halfadder/src/halfadder.v -Wno-fatal --relative-includes |& tee /openlane/designs/halfadder/runs/RUN_2025.06.18_18.46.26/logs/synthesis/linter.log /dev/null}"

Wed Jun 18 18:46:30 +0000 2025 - Executing "{sed -E {s/^([[:space:]]+)pg_pin(.*)/\1pin\2\n\1    direction : "inout";/g} /home/openlane/.volare/sky130A/libs.ref/sky130_fd_sc_hd/lib/sky130_fd_sc_hd__tt_025C_1v80.lib > /openlane/designs/halfadder/runs/RUN_2025.06.18_18.46.26/tmp/synthesis/1-sky130_fd_sc_hd__tt_025C_1v80.no_pg.lib}"

Wed Jun 18 18:46:30 +0000 2025 - Executing "{sed -E {s/^([[:space:]]+)pg_pin(.*)/\1pin\2\n\1    direction : "inout";/g} /openlane/designs/halfadder/runs/RUN_2025.06.18_18.46.26/tmp/synthesis/trimmed.lib > /openlane/designs/halfadder/runs/RUN_2025.06.18_18.46.26/tmp/synthesis/1-trimmed.no_pg.lib}"

Wed Jun 18 18:46:30 +0000 2025 - Executing "yosys -c /openlane/scripts/yosys/synth.tcl |& tee /dev/null /openlane/designs/halfadder/runs/RUN_2025.06.18_18.46.26/logs/synthesis/1-synthesis.log"

Wed Jun 18 18:46:30 +0000 2025 - Executing "{yosys -c /openlane/scripts/yosys/synth.tcl |& tee /dev/null /openlane/designs/halfadder/runs/RUN_2025.06.18_18.46.26/logs/synthesis/1-synthesis.log}"

Wed Jun 18 18:46:32 +0000 2025 - Executing "{sed -i.bak -e {s/\(set ::env(CURRENT_NETLIST)\).*/\1 \/openlane\/designs\/halfadder\/runs\/RUN_2025.06.18_18.46.26\/results\/synthesis\/halfadder.v/} /openlane/designs/halfadder/runs/RUN_2025.06.18_18.46.26/config.tcl}"

Wed Jun 18 18:46:32 +0000 2025 - Executing "{sed -i.bak /defparam/d /openlane/designs/halfadder/runs/RUN_2025.06.18_18.46.26/results/synthesis/halfadder.v}"

Wed Jun 18 18:46:32 +0000 2025 - Executing "sta -exit -no_init /openlane/scripts/openroad/sta/multi_corner.tcl |& tee /dev/null /openlane/designs/halfadder/runs/RUN_2025.06.18_18.46.26/logs/synthesis/2-sta.log"

Wed Jun 18 18:46:32 +0000 2025 - Executing "{sta -exit -no_init /openlane/scripts/openroad/sta/multi_corner.tcl |& tee /dev/null /openlane/designs/halfadder/runs/RUN_2025.06.18_18.46.26/logs/synthesis/2-sta.log}"

Wed Jun 18 18:46:33 +0000 2025 - Executing "openroad -exit /openlane/scripts/openroad/floorplan.tcl |& tee /dev/null /openlane/designs/halfadder/runs/RUN_2025.06.18_18.46.26/logs/floorplan/3-initial_fp.log"

Wed Jun 18 18:46:33 +0000 2025 - Executing "{openroad -exit /openlane/scripts/openroad/floorplan.tcl |& tee /dev/null /openlane/designs/halfadder/runs/RUN_2025.06.18_18.46.26/logs/floorplan/3-initial_fp.log}"

Wed Jun 18 18:46:33 +0000 2025 - Executing "{openroad -exit -no_init -python /openlane/scripts/odbpy/snap_to_grid.py --output /openlane/designs/halfadder/runs/RUN_2025.06.18_18.46.26/tmp/floorplan/3-minimized_pdn.txt --input-lef /openlane/designs/halfadder/runs/RUN_2025.06.18_18.46.26/tmp/merged.nom.lef 6.555 6.46 13.11 12.92}"

Wed Jun 18 18:46:34 +0000 2025 - Executing "{openroad -exit -no_init -python /openlane/scripts/odbpy/defutil.py extract_core_dims --output-data /openlane/designs/halfadder/runs/RUN_2025.06.18_18.46.26/tmp/dimensions.txt --input-lef /openlane/designs/halfadder/runs/RUN_2025.06.18_18.46.26/tmp/merged.nom.lef /openlane/designs/halfadder/runs/RUN_2025.06.18_18.46.26/tmp/floorplan/3-initial_fp.def}"

Wed Jun 18 18:46:35 +0000 2025 - Executing "openroad -exit /openlane/scripts/openroad/ioplacer.tcl |& tee /dev/null /openlane/designs/halfadder/runs/RUN_2025.06.18_18.46.26/logs/floorplan/4-io.log"

Wed Jun 18 18:46:35 +0000 2025 - Executing "{openroad -exit /openlane/scripts/openroad/ioplacer.tcl |& tee /dev/null /openlane/designs/halfadder/runs/RUN_2025.06.18_18.46.26/logs/floorplan/4-io.log}"

Wed Jun 18 18:46:36 +0000 2025 - Executing "openroad -exit /openlane/scripts/openroad/tapcell.tcl |& tee /dev/null /openlane/designs/halfadder/runs/RUN_2025.06.18_18.46.26/logs/floorplan/5-tap.log"

Wed Jun 18 18:46:36 +0000 2025 - Executing "{openroad -exit /openlane/scripts/openroad/tapcell.tcl |& tee /dev/null /openlane/designs/halfadder/runs/RUN_2025.06.18_18.46.26/logs/floorplan/5-tap.log}"

Wed Jun 18 18:46:36 +0000 2025 - Executing "openroad -exit /openlane/scripts/openroad/pdn.tcl |& tee /dev/null /openlane/designs/halfadder/runs/RUN_2025.06.18_18.46.26/logs/floorplan/6-pdn.log"

Wed Jun 18 18:46:36 +0000 2025 - Executing "{openroad -exit /openlane/scripts/openroad/pdn.tcl |& tee /dev/null /openlane/designs/halfadder/runs/RUN_2025.06.18_18.46.26/logs/floorplan/6-pdn.log}"

Wed Jun 18 18:46:37 +0000 2025 - Executing "openroad -exit /openlane/scripts/openroad/gpl.tcl |& tee /dev/null /openlane/designs/halfadder/runs/RUN_2025.06.18_18.46.26/logs/placement/6-global_skip_io.log"

Wed Jun 18 18:46:37 +0000 2025 - Executing "{openroad -exit /openlane/scripts/openroad/gpl.tcl |& tee /dev/null /openlane/designs/halfadder/runs/RUN_2025.06.18_18.46.26/logs/placement/6-global_skip_io.log}"

Wed Jun 18 18:46:38 +0000 2025 - Executing "{sed -i.bak -e {s/\(set ::env(CURRENT_NETLIST)\).*/\1 \/openlane\/designs\/halfadder\/runs\/RUN_2025.06.18_18.46.26\/tmp\/placement\/7-global_skip_io.nl.v/} /openlane/designs/halfadder/runs/RUN_2025.06.18_18.46.26/config.tcl}"

Wed Jun 18 18:46:38 +0000 2025 - Executing "openroad -exit /openlane/scripts/openroad/sta/multi_corner.tcl |& tee /dev/null /openlane/designs/halfadder/runs/RUN_2025.06.18_18.46.26/logs/placement/8-gpl_sta.log"

Wed Jun 18 18:46:38 +0000 2025 - Executing "{openroad -exit /openlane/scripts/openroad/sta/multi_corner.tcl |& tee /dev/null /openlane/designs/halfadder/runs/RUN_2025.06.18_18.46.26/logs/placement/8-gpl_sta.log}"

Wed Jun 18 18:46:39 +0000 2025 - Executing "openroad -exit /openlane/scripts/openroad/ioplacer.tcl |& tee /dev/null /openlane/designs/halfadder/runs/RUN_2025.06.18_18.46.26/logs/placement/9-io.log"

Wed Jun 18 18:46:39 +0000 2025 - Executing "{openroad -exit /openlane/scripts/openroad/ioplacer.tcl |& tee /dev/null /openlane/designs/halfadder/runs/RUN_2025.06.18_18.46.26/logs/placement/9-io.log}"

Wed Jun 18 18:46:40 +0000 2025 - Executing "openroad -exit /openlane/scripts/openroad/gpl.tcl |& tee /dev/null /openlane/designs/halfadder/runs/RUN_2025.06.18_18.46.26/logs/placement/9-global.log"

Wed Jun 18 18:46:40 +0000 2025 - Executing "{openroad -exit /openlane/scripts/openroad/gpl.tcl |& tee /dev/null /openlane/designs/halfadder/runs/RUN_2025.06.18_18.46.26/logs/placement/9-global.log}"

Wed Jun 18 18:46:41 +0000 2025 - Executing "{sed -i.bak -e {s/\(set ::env(CURRENT_NETLIST)\).*/\1 \/openlane\/designs\/halfadder\/runs\/RUN_2025.06.18_18.46.26\/tmp\/placement\/10-global.nl.v/} /openlane/designs/halfadder/runs/RUN_2025.06.18_18.46.26/config.tcl}"

Wed Jun 18 18:46:41 +0000 2025 - Executing "openroad -exit /openlane/scripts/openroad/sta/multi_corner.tcl |& tee /dev/null /openlane/designs/halfadder/runs/RUN_2025.06.18_18.46.26/logs/placement/11-gpl_sta.log"

Wed Jun 18 18:46:41 +0000 2025 - Executing "{openroad -exit /openlane/scripts/openroad/sta/multi_corner.tcl |& tee /dev/null /openlane/designs/halfadder/runs/RUN_2025.06.18_18.46.26/logs/placement/11-gpl_sta.log}"

Wed Jun 18 18:46:42 +0000 2025 - Executing "openroad -exit /openlane/scripts/openroad/resizer.tcl |& tee /dev/null /openlane/designs/halfadder/runs/RUN_2025.06.18_18.46.26/logs/placement/12-resizer.log"

Wed Jun 18 18:46:42 +0000 2025 - Executing "{openroad -exit /openlane/scripts/openroad/resizer.tcl |& tee /dev/null /openlane/designs/halfadder/runs/RUN_2025.06.18_18.46.26/logs/placement/12-resizer.log}"

Wed Jun 18 18:46:44 +0000 2025 - Executing "{sed -i.bak -e {s/\(set ::env(CURRENT_NETLIST)\).*/\1 \/openlane\/designs\/halfadder\/runs\/RUN_2025.06.18_18.46.26\/tmp\/placement\/12-resizer.nl.v/} /openlane/designs/halfadder/runs/RUN_2025.06.18_18.46.26/config.tcl}"

Wed Jun 18 18:46:44 +0000 2025 - Executing "openroad -exit /openlane/scripts/openroad/dpl.tcl |& tee /dev/null /openlane/designs/halfadder/runs/RUN_2025.06.18_18.46.26/logs/placement/13-detailed.log"

Wed Jun 18 18:46:44 +0000 2025 - Executing "{openroad -exit /openlane/scripts/openroad/dpl.tcl |& tee /dev/null /openlane/designs/halfadder/runs/RUN_2025.06.18_18.46.26/logs/placement/13-detailed.log}"

Wed Jun 18 18:46:45 +0000 2025 - Executing "{sed -i.bak -e {s/\(set ::env(CURRENT_NETLIST)\).*/\1 \/openlane\/designs\/halfadder\/runs\/RUN_2025.06.18_18.46.26\/results\/placement\/halfadder.nl.v/} /openlane/designs/halfadder/runs/RUN_2025.06.18_18.46.26/config.tcl}"

Wed Jun 18 18:46:45 +0000 2025 - Executing "openroad -exit /openlane/scripts/openroad/sta/multi_corner.tcl |& tee /dev/null /openlane/designs/halfadder/runs/RUN_2025.06.18_18.46.26/logs/placement/14-dpl_sta.log"

Wed Jun 18 18:46:45 +0000 2025 - Executing "{openroad -exit /openlane/scripts/openroad/sta/multi_corner.tcl |& tee /dev/null /openlane/designs/halfadder/runs/RUN_2025.06.18_18.46.26/logs/placement/14-dpl_sta.log}"

Wed Jun 18 18:46:46 +0000 2025 - Executing "openroad -exit /openlane/scripts/openroad/resizer_timing.tcl |& tee /dev/null /openlane/designs/halfadder/runs/RUN_2025.06.18_18.46.26/logs/cts/15-resizer.log"

Wed Jun 18 18:46:46 +0000 2025 - Executing "{openroad -exit /openlane/scripts/openroad/resizer_timing.tcl |& tee /dev/null /openlane/designs/halfadder/runs/RUN_2025.06.18_18.46.26/logs/cts/15-resizer.log}"

Wed Jun 18 18:46:48 +0000 2025 - Executing "{sed -i.bak -e {s/\(set ::env(CURRENT_NETLIST)\).*/\1 \/openlane\/designs\/halfadder\/runs\/RUN_2025.06.18_18.46.26\/tmp\/cts\/15-halfadder.resized.nl.v/} /openlane/designs/halfadder/runs/RUN_2025.06.18_18.46.26/config.tcl}"

Wed Jun 18 18:46:49 +0000 2025 - Executing "openroad -exit /openlane/scripts/openroad/resizer_routing_design.tcl |& tee /dev/null /openlane/designs/halfadder/runs/RUN_2025.06.18_18.46.26/logs/routing/16-resizer_design.log"

Wed Jun 18 18:46:49 +0000 2025 - Executing "{openroad -exit /openlane/scripts/openroad/resizer_routing_design.tcl |& tee /dev/null /openlane/designs/halfadder/runs/RUN_2025.06.18_18.46.26/logs/routing/16-resizer_design.log}"

Wed Jun 18 18:46:51 +0000 2025 - Executing "{sed -i.bak -e {s/\(set ::env(CURRENT_NETLIST)\).*/\1 \/openlane\/designs\/halfadder\/runs\/RUN_2025.06.18_18.46.26\/tmp\/16-halfadder.nl.v/} /openlane/designs/halfadder/runs/RUN_2025.06.18_18.46.26/config.tcl}"

Wed Jun 18 18:46:51 +0000 2025 - Executing "openroad -exit /openlane/scripts/openroad/sta/multi_corner.tcl |& tee /dev/null /openlane/designs/halfadder/runs/RUN_2025.06.18_18.46.26/logs/routing/17-rsz_design_sta.log"

Wed Jun 18 18:46:51 +0000 2025 - Executing "{openroad -exit /openlane/scripts/openroad/sta/multi_corner.tcl |& tee /dev/null /openlane/designs/halfadder/runs/RUN_2025.06.18_18.46.26/logs/routing/17-rsz_design_sta.log}"

Wed Jun 18 18:46:52 +0000 2025 - Executing "openroad -exit /openlane/scripts/openroad/resizer_routing_timing.tcl |& tee /dev/null /openlane/designs/halfadder/runs/RUN_2025.06.18_18.46.26/logs/routing/18-resizer_timing.log"

Wed Jun 18 18:46:52 +0000 2025 - Executing "{openroad -exit /openlane/scripts/openroad/resizer_routing_timing.tcl |& tee /dev/null /openlane/designs/halfadder/runs/RUN_2025.06.18_18.46.26/logs/routing/18-resizer_timing.log}"

Wed Jun 18 18:46:54 +0000 2025 - Executing "{sed -i.bak -e {s/\(set ::env(CURRENT_NETLIST)\).*/\1 \/openlane\/designs\/halfadder\/runs\/RUN_2025.06.18_18.46.26\/tmp\/18-halfadder.nl.v/} /openlane/designs/halfadder/runs/RUN_2025.06.18_18.46.26/config.tcl}"

Wed Jun 18 18:46:55 +0000 2025 - Executing "openroad -exit /openlane/scripts/openroad/sta/multi_corner.tcl |& tee /dev/null /openlane/designs/halfadder/runs/RUN_2025.06.18_18.46.26/logs/routing/19-rsz_timing_sta.log"

Wed Jun 18 18:46:55 +0000 2025 - Executing "{openroad -exit /openlane/scripts/openroad/sta/multi_corner.tcl |& tee /dev/null /openlane/designs/halfadder/runs/RUN_2025.06.18_18.46.26/logs/routing/19-rsz_timing_sta.log}"

Wed Jun 18 18:46:55 +0000 2025 - Executing "openroad -exit /openlane/scripts/openroad/repair_antennas.tcl |& tee /dev/null /openlane/designs/halfadder/runs/RUN_2025.06.18_18.46.26/logs/routing/20-global.log"

Wed Jun 18 18:46:55 +0000 2025 - Executing "{openroad -exit /openlane/scripts/openroad/repair_antennas.tcl |& tee /dev/null /openlane/designs/halfadder/runs/RUN_2025.06.18_18.46.26/logs/routing/20-global.log}"

Wed Jun 18 18:46:56 +0000 2025 - Executing "openroad -exit /openlane/scripts/openroad/write_views.tcl |& tee /dev/null /openlane/designs/halfadder/runs/RUN_2025.06.18_18.46.26/logs/routing/20-global_write_netlist.log"

Wed Jun 18 18:46:56 +0000 2025 - Executing "{openroad -exit /openlane/scripts/openroad/write_views.tcl |& tee /dev/null /openlane/designs/halfadder/runs/RUN_2025.06.18_18.46.26/logs/routing/20-global_write_netlist.log}"

Wed Jun 18 18:46:57 +0000 2025 - Executing "{sed -i.bak -e {s/\(set ::env(CURRENT_NETLIST)\).*/\1 \/openlane\/designs\/halfadder\/runs\/RUN_2025.06.18_18.46.26\/tmp\/routing\/global.nl.v/} /openlane/designs/halfadder/runs/RUN_2025.06.18_18.46.26/config.tcl}"

Wed Jun 18 18:46:57 +0000 2025 - Executing "openroad -exit /openlane/scripts/openroad/sta/multi_corner.tcl |& tee /dev/null /openlane/designs/halfadder/runs/RUN_2025.06.18_18.46.26/logs/routing/22-grt_sta.log"

Wed Jun 18 18:46:57 +0000 2025 - Executing "{openroad -exit /openlane/scripts/openroad/sta/multi_corner.tcl |& tee /dev/null /openlane/designs/halfadder/runs/RUN_2025.06.18_18.46.26/logs/routing/22-grt_sta.log}"

Wed Jun 18 18:46:58 +0000 2025 - Executing "openroad -exit /openlane/scripts/openroad/fill.tcl |& tee /dev/null /openlane/designs/halfadder/runs/RUN_2025.06.18_18.46.26/logs/routing/23-fill.log"

Wed Jun 18 18:46:58 +0000 2025 - Executing "{openroad -exit /openlane/scripts/openroad/fill.tcl |& tee /dev/null /openlane/designs/halfadder/runs/RUN_2025.06.18_18.46.26/logs/routing/23-fill.log}"

Wed Jun 18 18:46:59 +0000 2025 - Executing "{sed -i.bak -e {s/\(set ::env(CURRENT_NETLIST)\).*/\1 \/openlane\/designs\/halfadder\/runs\/RUN_2025.06.18_18.46.26\/tmp\/routing\/23-fill.nl.v/} /openlane/designs/halfadder/runs/RUN_2025.06.18_18.46.26/config.tcl}"

Wed Jun 18 18:46:59 +0000 2025 - Executing "openroad -exit -metrics /openlane/designs/halfadder/runs/RUN_2025.06.18_18.46.26/reports/routing/24-drt_metrics.json /openlane/scripts/openroad/droute.tcl |& tee /dev/null /openlane/designs/halfadder/runs/RUN_2025.06.18_18.46.26/logs/routing/24-detailed.log"

Wed Jun 18 18:46:59 +0000 2025 - Executing "{openroad -exit -metrics /openlane/designs/halfadder/runs/RUN_2025.06.18_18.46.26/reports/routing/24-drt_metrics.json /openlane/scripts/openroad/droute.tcl |& tee /dev/null /openlane/designs/halfadder/runs/RUN_2025.06.18_18.46.26/logs/routing/24-detailed.log}"

Wed Jun 18 18:47:01 +0000 2025 - Executing "{sed -i.bak -e {s/\(set ::env(CURRENT_NETLIST)\).*/\1 \/openlane\/designs\/halfadder\/runs\/RUN_2025.06.18_18.46.26\/results\/routing\/halfadder.nl.v/} /openlane/designs/halfadder/runs/RUN_2025.06.18_18.46.26/config.tcl}"

Wed Jun 18 18:47:01 +0000 2025 - Executing "{python3 /openlane/scripts/drc_rosetta.py tr to_klayout -o /openlane/designs/halfadder/runs/RUN_2025.06.18_18.46.26/reports/routing/drt.klayout.xml --design-name halfadder /openlane/designs/halfadder/runs/RUN_2025.06.18_18.46.26/reports/routing/drt.drc}"

Wed Jun 18 18:47:01 +0000 2025 - Executing "{openroad -exit -no_init -python /openlane/scripts/odbpy/wire_lengths.py --report-out /openlane/designs/halfadder/runs/RUN_2025.06.18_18.46.26/reports/routing/25-wire_lengths.csv --input-lef /openlane/designs/halfadder/runs/RUN_2025.06.18_18.46.26/tmp/merged.nom.lef --output-def /openlane/designs/halfadder/runs/RUN_2025.06.18_18.46.26/results/routing/halfadder.def --output /openlane/designs/halfadder/runs/RUN_2025.06.18_18.46.26/results/routing/halfadder.odb /openlane/designs/halfadder/runs/RUN_2025.06.18_18.46.26/results/routing/halfadder.odb |& tee /dev/null /openlane/designs/halfadder/runs/RUN_2025.06.18_18.46.26/logs/routing/25-wire_lengths.log}"

Wed Jun 18 18:47:02 +0000 2025 - Executing "openroad -exit /openlane/scripts/openroad/rcx.tcl |& tee /dev/null /openlane/designs/halfadder/runs/RUN_2025.06.18_18.46.26/logs/signoff/26-parasitics_extraction.min.log"

Wed Jun 18 18:47:02 +0000 2025 - Executing "{openroad -exit /openlane/scripts/openroad/rcx.tcl |& tee /dev/null /openlane/designs/halfadder/runs/RUN_2025.06.18_18.46.26/logs/signoff/26-parasitics_extraction.min.log}"

Wed Jun 18 18:47:03 +0000 2025 - Executing "sta -exit -no_init /openlane/scripts/openroad/sta/multi_corner.tcl |& tee /dev/null /openlane/designs/halfadder/runs/RUN_2025.06.18_18.46.26/logs/signoff/27-rcx_mcsta.min.log"

Wed Jun 18 18:47:03 +0000 2025 - Executing "{sta -exit -no_init /openlane/scripts/openroad/sta/multi_corner.tcl |& tee /dev/null /openlane/designs/halfadder/runs/RUN_2025.06.18_18.46.26/logs/signoff/27-rcx_mcsta.min.log}"

Wed Jun 18 18:47:05 +0000 2025 - Executing "openroad -exit /openlane/scripts/openroad/rcx.tcl |& tee /dev/null /openlane/designs/halfadder/runs/RUN_2025.06.18_18.46.26/logs/signoff/28-parasitics_extraction.max.log"

Wed Jun 18 18:47:05 +0000 2025 - Executing "{openroad -exit /openlane/scripts/openroad/rcx.tcl |& tee /dev/null /openlane/designs/halfadder/runs/RUN_2025.06.18_18.46.26/logs/signoff/28-parasitics_extraction.max.log}"

Wed Jun 18 18:47:06 +0000 2025 - Executing "sta -exit -no_init /openlane/scripts/openroad/sta/multi_corner.tcl |& tee /dev/null /openlane/designs/halfadder/runs/RUN_2025.06.18_18.46.26/logs/signoff/29-rcx_mcsta.max.log"

Wed Jun 18 18:47:06 +0000 2025 - Executing "{sta -exit -no_init /openlane/scripts/openroad/sta/multi_corner.tcl |& tee /dev/null /openlane/designs/halfadder/runs/RUN_2025.06.18_18.46.26/logs/signoff/29-rcx_mcsta.max.log}"

Wed Jun 18 18:47:08 +0000 2025 - Executing "openroad -exit /openlane/scripts/openroad/rcx.tcl |& tee /dev/null /openlane/designs/halfadder/runs/RUN_2025.06.18_18.46.26/logs/signoff/30-parasitics_extraction.nom.log"

Wed Jun 18 18:47:08 +0000 2025 - Executing "{openroad -exit /openlane/scripts/openroad/rcx.tcl |& tee /dev/null /openlane/designs/halfadder/runs/RUN_2025.06.18_18.46.26/logs/signoff/30-parasitics_extraction.nom.log}"

Wed Jun 18 18:47:09 +0000 2025 - Executing "sta -exit -no_init /openlane/scripts/openroad/sta/multi_corner.tcl |& tee /dev/null /openlane/designs/halfadder/runs/RUN_2025.06.18_18.46.26/logs/signoff/31-rcx_mcsta.nom.log"

Wed Jun 18 18:47:09 +0000 2025 - Executing "{sta -exit -no_init /openlane/scripts/openroad/sta/multi_corner.tcl |& tee /dev/null /openlane/designs/halfadder/runs/RUN_2025.06.18_18.46.26/logs/signoff/31-rcx_mcsta.nom.log}"

Wed Jun 18 18:47:11 +0000 2025 - Executing "openroad -exit /openlane/scripts/openroad/irdrop.tcl |& tee /dev/null /openlane/designs/halfadder/runs/RUN_2025.06.18_18.46.26/logs/signoff/32-irdrop.log"

Wed Jun 18 18:47:11 +0000 2025 - Executing "{openroad -exit /openlane/scripts/openroad/irdrop.tcl |& tee /dev/null /openlane/designs/halfadder/runs/RUN_2025.06.18_18.46.26/logs/signoff/32-irdrop.log}"

Wed Jun 18 18:47:13 +0000 2025 - Executing "magic -noconsole -dnull -rcfile /home/openlane/.volare/sky130A/libs.tech/magic/sky130A.magicrc < /openlane/scripts/magic/wrapper.tcl |& tee /dev/null /openlane/designs/halfadder/runs/RUN_2025.06.18_18.46.26/logs/signoff/33-gdsii.log"

Wed Jun 18 18:47:13 +0000 2025 - Executing "{magic -noconsole -dnull -rcfile /home/openlane/.volare/sky130A/libs.tech/magic/sky130A.magicrc < /openlane/scripts/magic/wrapper.tcl |& tee /dev/null /openlane/designs/halfadder/runs/RUN_2025.06.18_18.46.26/logs/signoff/33-gdsii.log}"

Wed Jun 18 18:47:13 +0000 2025 - Executing "magic -noconsole -dnull -rcfile /home/openlane/.volare/sky130A/libs.tech/magic/sky130A.magicrc < /openlane/scripts/magic/wrapper.tcl |& tee /dev/null /openlane/designs/halfadder/runs/RUN_2025.06.18_18.46.26/logs/signoff/33-gds_ptrs.log"

Wed Jun 18 18:47:13 +0000 2025 - Executing "{magic -noconsole -dnull -rcfile /home/openlane/.volare/sky130A/libs.tech/magic/sky130A.magicrc < /openlane/scripts/magic/wrapper.tcl |& tee /dev/null /openlane/designs/halfadder/runs/RUN_2025.06.18_18.46.26/logs/signoff/33-gds_ptrs.log}"

Wed Jun 18 18:47:13 +0000 2025 - Executing "{sed -i.bak -n {/^<< properties >>/,/^<< end >>/p} /openlane/designs/halfadder/runs/RUN_2025.06.18_18.46.26/tmp/signoff/gds_ptrs.mag}"

Wed Jun 18 18:47:14 +0000 2025 - Executing "magic -noconsole -dnull -rcfile /home/openlane/.volare/sky130A/libs.tech/magic/sky130A.magicrc < /openlane/scripts/magic/wrapper.tcl |& tee /dev/null /openlane/designs/halfadder/runs/RUN_2025.06.18_18.46.26/logs/signoff/33-lef.log"

Wed Jun 18 18:47:14 +0000 2025 - Executing "{magic -noconsole -dnull -rcfile /home/openlane/.volare/sky130A/libs.tech/magic/sky130A.magicrc < /openlane/scripts/magic/wrapper.tcl |& tee /dev/null /openlane/designs/halfadder/runs/RUN_2025.06.18_18.46.26/logs/signoff/33-lef.log}"

Wed Jun 18 18:47:14 +0000 2025 - Executing "magic -noconsole -dnull -rcfile /home/openlane/.volare/sky130A/libs.tech/magic/sky130A.magicrc < /openlane/scripts/magic/wrapper.tcl |& tee /dev/null /openlane/designs/halfadder/runs/RUN_2025.06.18_18.46.26/logs/signoff/33-maglef.log"

Wed Jun 18 18:47:14 +0000 2025 - Executing "{magic -noconsole -dnull -rcfile /home/openlane/.volare/sky130A/libs.tech/magic/sky130A.magicrc < /openlane/scripts/magic/wrapper.tcl |& tee /dev/null /openlane/designs/halfadder/runs/RUN_2025.06.18_18.46.26/logs/signoff/33-maglef.log}"

Wed Jun 18 18:47:14 +0000 2025 - Executing "{python3 /openlane/scripts/klayout/stream_out.py --output /openlane/designs/halfadder/runs/RUN_2025.06.18_18.46.26/results/signoff/halfadder.klayout.gds --lyt /home/openlane/.volare/sky130A/libs.tech/klayout/tech/sky130A.lyt --lym /home/openlane/.volare/sky130A/libs.tech/klayout/tech/sky130A.map --lyp /home/openlane/.volare/sky130A/libs.tech/klayout/tech/sky130A.lyp --top halfadder --with-gds-file /home/openlane/.volare/sky130A/libs.ref/sky130_fd_sc_hd/gds/sky130_fd_sc_hd.gds --input-lef /openlane/designs/halfadder/runs/RUN_2025.06.18_18.46.26/tmp/merged.nom.lef /openlane/designs/halfadder/runs/RUN_2025.06.18_18.46.26/results/routing/halfadder.def |& tee /dev/null /openlane/designs/halfadder/runs/RUN_2025.06.18_18.46.26/logs/signoff/34-gdsii-klayout.log}"

Wed Jun 18 18:47:15 +0000 2025 - Executing "{klayout -b -r /openlane/scripts/klayout/xor.drc -rd a=/openlane/designs/halfadder/runs/RUN_2025.06.18_18.46.26/results/signoff/halfadder.gds -rd b=/openlane/designs/halfadder/runs/RUN_2025.06.18_18.46.26/results/signoff/halfadder.klayout.gds -rd jobs=1 -rd rdb_out=/openlane/designs/halfadder/runs/RUN_2025.06.18_18.46.26/reports/signoff/35-xor.xml -rd ignore=81/14 -rd rpt_out=/openlane/designs/halfadder/runs/RUN_2025.06.18_18.46.26/reports/signoff/35-xor.rpt |& tee /dev/null /openlane/designs/halfadder/runs/RUN_2025.06.18_18.46.26/logs/signoff/35-xor.log}"

Wed Jun 18 18:47:16 +0000 2025 - Executing "magic -noconsole -dnull -rcfile /home/openlane/.volare/sky130A/libs.tech/magic/sky130A.magicrc < /openlane/scripts/magic/wrapper.tcl |& tee /dev/null /openlane/designs/halfadder/runs/RUN_2025.06.18_18.46.26/logs/signoff/36-spice.log"

Wed Jun 18 18:47:16 +0000 2025 - Executing "{magic -noconsole -dnull -rcfile /home/openlane/.volare/sky130A/libs.tech/magic/sky130A.magicrc < /openlane/scripts/magic/wrapper.tcl |& tee /dev/null /openlane/designs/halfadder/runs/RUN_2025.06.18_18.46.26/logs/signoff/36-spice.log}"

Wed Jun 18 18:47:17 +0000 2025 - Executing "{openroad -exit -no_init -python /openlane/scripts/odbpy/power_utils.py write_powered_def --output /openlane/designs/halfadder/runs/RUN_2025.06.18_18.46.26/tmp/signoff/36-halfadder.p.def --input-lef /openlane/designs/halfadder/runs/RUN_2025.06.18_18.46.26/tmp/merged.nom.lef --power-port VPWR --ground-port VGND --powered-netlist {} /openlane/designs/halfadder/runs/RUN_2025.06.18_18.46.26/results/routing/halfadder.def |& tee /dev/null /openlane/designs/halfadder/runs/RUN_2025.06.18_18.46.26/logs/signoff/37-write_powered_def.log}"

Wed Jun 18 18:47:17 +0000 2025 - Executing "openroad -exit /openlane/scripts/openroad/write_views.tcl |& tee /dev/null /openlane/designs/halfadder/runs/RUN_2025.06.18_18.46.26/logs/signoff/37-write_powered_verilog.log"

Wed Jun 18 18:47:17 +0000 2025 - Executing "{openroad -exit /openlane/scripts/openroad/write_views.tcl |& tee /dev/null /openlane/designs/halfadder/runs/RUN_2025.06.18_18.46.26/logs/signoff/37-write_powered_verilog.log}"

Wed Jun 18 18:47:18 +0000 2025 - Executing "{sed -i.bak -e {s/\(set ::env(CURRENT_NETLIST)\).*/\1 \/openlane\/designs\/halfadder\/runs\/RUN_2025.06.18_18.46.26\/tmp\/signoff\/36-halfadder.nl.v/} /openlane/designs/halfadder/runs/RUN_2025.06.18_18.46.26/config.tcl}"

Wed Jun 18 18:47:18 +0000 2025 - Executing "{netgen -batch source /openlane/designs/halfadder/runs/RUN_2025.06.18_18.46.26/tmp/signoff/39-setup_file.lef.lvs |& tee /dev/null /openlane/designs/halfadder/runs/RUN_2025.06.18_18.46.26/logs/signoff/39-lvs.lef.log}"

Wed Jun 18 18:47:19 +0000 2025 - Executing "magic -noconsole -dnull -rcfile /home/openlane/.volare/sky130A/libs.tech/magic/sky130A.magicrc < /openlane/scripts/magic/wrapper.tcl |& tee /dev/null /openlane/designs/halfadder/runs/RUN_2025.06.18_18.46.26/logs/signoff/40-drc.log"

Wed Jun 18 18:47:19 +0000 2025 - Executing "{magic -noconsole -dnull -rcfile /home/openlane/.volare/sky130A/libs.tech/magic/sky130A.magicrc < /openlane/scripts/magic/wrapper.tcl |& tee /dev/null /openlane/designs/halfadder/runs/RUN_2025.06.18_18.46.26/logs/signoff/40-drc.log}"

Wed Jun 18 18:47:19 +0000 2025 - Executing "{python3 /openlane/scripts/drc_rosetta.py magic to_tcl -o /openlane/designs/halfadder/runs/RUN_2025.06.18_18.46.26/reports/signoff/drc.tcl /openlane/designs/halfadder/runs/RUN_2025.06.18_18.46.26/reports/signoff/drc.rpt}"

Wed Jun 18 18:47:20 +0000 2025 - Executing "{python3 /openlane/scripts/drc_rosetta.py magic to_tr -o /openlane/designs/halfadder/runs/RUN_2025.06.18_18.46.26/reports/signoff/drc.tr /openlane/designs/halfadder/runs/RUN_2025.06.18_18.46.26/reports/signoff/drc.rpt}"

Wed Jun 18 18:47:20 +0000 2025 - Executing "{python3 /openlane/scripts/drc_rosetta.py tr to_klayout -o /openlane/designs/halfadder/runs/RUN_2025.06.18_18.46.26/reports/signoff/drc.klayout.xml --design-name halfadder /openlane/designs/halfadder/runs/RUN_2025.06.18_18.46.26/reports/signoff/drc.tr}"

Wed Jun 18 18:47:20 +0000 2025 - Executing "{python3 /openlane/scripts/drc_rosetta.py magic to_rdb -o /openlane/designs/halfadder/runs/RUN_2025.06.18_18.46.26/reports/signoff/drc.rdb /openlane/designs/halfadder/runs/RUN_2025.06.18_18.46.26/reports/signoff/drc.rpt}"

Wed Jun 18 18:47:20 +0000 2025 - Executing "{klayout -b -zz -r /home/openlane/.volare/sky130A/libs.tech/klayout/drc/sky130A_mr.drc -rd topcell=halfadder -rd input=/openlane/designs/halfadder/runs/RUN_2025.06.18_18.46.26/results/signoff/halfadder.gds -rd report=/openlane/designs/halfadder/runs/RUN_2025.06.18_18.46.26/reports/signoff/violations.xml -rd feol=true -rd beol=true -rd floating_metal=false -rd seal=true -rd thread=1 |& tee /dev/null /openlane/designs/halfadder/runs/RUN_2025.06.18_18.46.26/logs/signoff/41-drc-klayout.log}"

Wed Jun 18 18:47:22 +0000 2025 - Executing "{python3 /openlane/scripts/klayout/xml_drc_report_to_json.py --xml-file /openlane/designs/halfadder/runs/RUN_2025.06.18_18.46.26/reports/signoff/violations.xml --json-file /openlane/designs/halfadder/runs/RUN_2025.06.18_18.46.26/reports/signoff/violations.json}"

Wed Jun 18 18:47:22 +0000 2025 - Executing "openroad -exit /openlane/scripts/openroad/antenna_check.tcl |& tee /dev/null /openlane/designs/halfadder/runs/RUN_2025.06.18_18.46.26/logs/signoff/42-arc.log"

Wed Jun 18 18:47:22 +0000 2025 - Executing "{openroad -exit /openlane/scripts/openroad/antenna_check.tcl |& tee /dev/null /openlane/designs/halfadder/runs/RUN_2025.06.18_18.46.26/logs/signoff/42-arc.log}"

Wed Jun 18 18:47:22 +0000 2025 - Executing "{python3 /openlane/scripts/extract_antenna_violators.py --output /openlane/designs/halfadder/runs/RUN_2025.06.18_18.46.26/reports/signoff/42-antenna_violators.rpt --plain-out /openlane/designs/halfadder/runs/RUN_2025.06.18_18.46.26/reports/signoff/42-antenna_violators_pins.txt /openlane/designs/halfadder/runs/RUN_2025.06.18_18.46.26/logs/signoff/42-arc.log}"

Wed Jun 18 18:47:23 +0000 2025 - Executing "{python3 /openlane/scripts/write_runtime.py --conclude --seconds --time-in 1750272443 {flow completed}}"

Wed Jun 18 18:47:23 +0000 2025 - Executing "{python3 /openlane/scripts/generate_reports.py -d /openlane/designs/halfadder --design_name halfadder --tag RUN_2025.06.18_18.46.26 --output_file /openlane/designs/halfadder/runs/RUN_2025.06.18_18.46.26/reports/metrics.csv --man_report /openlane/designs/halfadder/runs/RUN_2025.06.18_18.46.26/reports/manufacturability.rpt --run_path /openlane/designs/halfadder/runs/RUN_2025.06.18_18.46.26}"

