
===========================================================================
report_checks -unconstrained
===========================================================================
======================= Fastest Corner ===================================

Startpoint: _105_ (rising edge-triggered flip-flop clocked by clk)
Endpoint: count[15] (output port clocked by clk)
Path Group: clk
Path Type: max
Corner: Fastest

Fanout     Cap    Slew   Delay    Time   Description
-----------------------------------------------------------------------------
                          0.00    0.00   clock clk (rise edge)
                          0.00    0.00   clock source latency
     1    0.03    0.10    0.07    0.07 ^ clk (in)
                                         clk (net)
                  0.10    0.00    0.07 ^ clkbuf_0_clk/A (sky130_fd_sc_hd__clkbuf_16)
     2    0.02    0.03    0.11    0.18 ^ clkbuf_0_clk/X (sky130_fd_sc_hd__clkbuf_16)
                                         clknet_0_clk (net)
                  0.03    0.00    0.18 ^ clkbuf_1_0__f_clk/A (sky130_fd_sc_hd__clkbuf_16)
     8    0.03    0.03    0.09    0.27 ^ clkbuf_1_0__f_clk/X (sky130_fd_sc_hd__clkbuf_16)
                                         clknet_1_0__leaf_clk (net)
                  0.03    0.00    0.27 ^ _105_/CLK (sky130_fd_sc_hd__dfxtp_1)
     4    0.03    0.22    0.33    0.60 ^ _105_/Q (sky130_fd_sc_hd__dfxtp_1)
                                         net8 (net)
                  0.22    0.00    0.61 ^ output8/A (sky130_fd_sc_hd__buf_2)
     1    0.03    0.13    0.18    0.78 ^ output8/X (sky130_fd_sc_hd__buf_2)
                                         count[15] (net)
                  0.13    0.00    0.79 ^ count[15] (out)
                                  0.79   data arrival time

                         10.00   10.00   clock clk (rise edge)
                          0.00   10.00   clock network delay (propagated)
                         -0.25    9.75   clock uncertainty
                          0.00    9.75   clock reconvergence pessimism
                         -2.00    7.75   output external delay
                                  7.75   data required time
-----------------------------------------------------------------------------
                                  7.75   data required time
                                 -0.79   data arrival time
-----------------------------------------------------------------------------
                                  6.96   slack (MET)



======================= Slowest Corner ===================================

Startpoint: _108_ (rising edge-triggered flip-flop clocked by clk)
Endpoint: _105_ (rising edge-triggered flip-flop clocked by clk)
Path Group: clk
Path Type: max
Corner: Slowest

Fanout     Cap    Slew   Delay    Time   Description
-----------------------------------------------------------------------------
                          0.00    0.00   clock clk (rise edge)
                          0.00    0.00   clock source latency
     1    0.03    0.20    0.14    0.14 ^ clk (in)
                                         clk (net)
                  0.20    0.00    0.14 ^ clkbuf_0_clk/A (sky130_fd_sc_hd__clkbuf_16)
     2    0.02    0.07    0.29    0.44 ^ clkbuf_0_clk/X (sky130_fd_sc_hd__clkbuf_16)
                                         clknet_0_clk (net)
                  0.07    0.00    0.44 ^ clkbuf_1_0__f_clk/A (sky130_fd_sc_hd__clkbuf_16)
     8    0.02    0.07    0.24    0.67 ^ clkbuf_1_0__f_clk/X (sky130_fd_sc_hd__clkbuf_16)
                                         clknet_1_0__leaf_clk (net)
                  0.07    0.00    0.67 ^ _108_/CLK (sky130_fd_sc_hd__dfxtp_1)
     4    0.03    0.41    0.92    1.59 ^ _108_/Q (sky130_fd_sc_hd__dfxtp_1)
                                         net10 (net)
                  0.41    0.00    1.60 ^ _048_/C (sky130_fd_sc_hd__and4_1)
     1    0.00    0.11    0.52    2.11 ^ _048_/X (sky130_fd_sc_hd__and4_1)
                                         _016_ (net)
                  0.11    0.00    2.11 ^ _049_/A (sky130_fd_sc_hd__clkbuf_2)
     7    0.02    0.19    0.31    2.42 ^ _049_/X (sky130_fd_sc_hd__clkbuf_2)
                                         _017_ (net)
                  0.19    0.00    2.42 ^ _056_/C (sky130_fd_sc_hd__and4_1)
     1    0.00    0.12    0.46    2.88 ^ _056_/X (sky130_fd_sc_hd__and4_1)
                                         _023_ (net)
                  0.12    0.00    2.88 ^ _057_/A (sky130_fd_sc_hd__buf_1)
     6    0.02    0.38    0.41    3.30 ^ _057_/X (sky130_fd_sc_hd__buf_1)
                                         _024_ (net)
                  0.38    0.00    3.30 ^ _065_/D (sky130_fd_sc_hd__and4_1)
     1    0.00    0.11    0.53    3.82 ^ _065_/X (sky130_fd_sc_hd__and4_1)
                                         _029_ (net)
                  0.11    0.00    3.82 ^ _066_/A (sky130_fd_sc_hd__buf_2)
    10    0.03    0.27    0.38    4.20 ^ _066_/X (sky130_fd_sc_hd__buf_2)
                                         _030_ (net)
                  0.27    0.00    4.20 ^ _080_/A3 (sky130_fd_sc_hd__a41o_1)
     1    0.00    0.10    0.46    4.67 ^ _080_/X (sky130_fd_sc_hd__a41o_1)
                                         _039_ (net)
                  0.10    0.00    4.67 ^ _082_/A_N (sky130_fd_sc_hd__and2b_1)
     1    0.00    0.07    0.40    5.06 v _082_/X (sky130_fd_sc_hd__and2b_1)
                                         _041_ (net)
                  0.07    0.00    5.06 v _083_/A (sky130_fd_sc_hd__clkbuf_1)
     1    0.00    0.04    0.16    5.22 v _083_/X (sky130_fd_sc_hd__clkbuf_1)
                                         _009_ (net)
                  0.04    0.00    5.22 v _105_/D (sky130_fd_sc_hd__dfxtp_1)
                                  5.22   data arrival time

                         10.00   10.00   clock clk (rise edge)
                          0.00   10.00   clock source latency
     1    0.03    0.20    0.13   10.13 ^ clk (in)
                                         clk (net)
                  0.20    0.00   10.13 ^ clkbuf_0_clk/A (sky130_fd_sc_hd__clkbuf_16)
     2    0.02    0.07    0.26   10.40 ^ clkbuf_0_clk/X (sky130_fd_sc_hd__clkbuf_16)
                                         clknet_0_clk (net)
                  0.07    0.00   10.40 ^ clkbuf_1_0__f_clk/A (sky130_fd_sc_hd__clkbuf_16)
     8    0.02    0.07    0.21   10.61 ^ clkbuf_1_0__f_clk/X (sky130_fd_sc_hd__clkbuf_16)
                                         clknet_1_0__leaf_clk (net)
                  0.07    0.00   10.61 ^ _105_/CLK (sky130_fd_sc_hd__dfxtp_1)
                         -0.25   10.36   clock uncertainty
                          0.06   10.42   clock reconvergence pessimism
                         -0.26   10.17   library setup time
                                 10.17   data required time
-----------------------------------------------------------------------------
                                 10.17   data required time
                                 -5.22   data arrival time
-----------------------------------------------------------------------------
                                  4.94   slack (MET)



======================= Typical Corner ===================================

Startpoint: _105_ (rising edge-triggered flip-flop clocked by clk)
Endpoint: count[15] (output port clocked by clk)
Path Group: clk
Path Type: max
Corner: Typical

Fanout     Cap    Slew   Delay    Time   Description
-----------------------------------------------------------------------------
                          0.00    0.00   clock clk (rise edge)
                          0.00    0.00   clock source latency
     1    0.03    0.13    0.09    0.09 ^ clk (in)
                                         clk (net)
                  0.13    0.00    0.09 ^ clkbuf_0_clk/A (sky130_fd_sc_hd__clkbuf_16)
     2    0.02    0.04    0.16    0.25 ^ clkbuf_0_clk/X (sky130_fd_sc_hd__clkbuf_16)
                                         clknet_0_clk (net)
                  0.04    0.00    0.25 ^ clkbuf_1_0__f_clk/A (sky130_fd_sc_hd__clkbuf_16)
     8    0.02    0.05    0.13    0.39 ^ clkbuf_1_0__f_clk/X (sky130_fd_sc_hd__clkbuf_16)
                                         clknet_1_0__leaf_clk (net)
                  0.05    0.00    0.39 ^ _105_/CLK (sky130_fd_sc_hd__dfxtp_1)
     4    0.03    0.29    0.50    0.89 ^ _105_/Q (sky130_fd_sc_hd__dfxtp_1)
                                         net8 (net)
                  0.29    0.00    0.90 ^ output8/A (sky130_fd_sc_hd__buf_2)
     1    0.03    0.17    0.28    1.18 ^ output8/X (sky130_fd_sc_hd__buf_2)
                                         count[15] (net)
                  0.17    0.00    1.18 ^ count[15] (out)
                                  1.18   data arrival time

                         10.00   10.00   clock clk (rise edge)
                          0.00   10.00   clock network delay (propagated)
                         -0.25    9.75   clock uncertainty
                          0.00    9.75   clock reconvergence pessimism
                         -2.00    7.75   output external delay
                                  7.75   data required time
-----------------------------------------------------------------------------
                                  7.75   data required time
                                 -1.18   data arrival time
-----------------------------------------------------------------------------
                                  6.57   slack (MET)




===========================================================================
report_checks --slack_max -0.01
============================================================================
======================= Fastest Corner ===================================

No paths found.

======================= Slowest Corner ===================================

No paths found.

======================= Typical Corner ===================================

No paths found.


===========================================================================
 report_check_types -max_slew -max_cap -max_fanout -violators
============================================================================
======================= Fastest Corner ===================================


max slew violations count Fastest: 0
max fanout violations count Fastest: 0
max cap violations count Fastest: 0
======================= Slowest Corner ===================================


max slew violations count Slowest: 0
max fanout violations count Slowest: 0
max cap violations count Slowest: 0
======================= Typical Corner ===================================


max slew violations count Typical: 0
max fanout violations count Typical: 0
max cap violations count Typical: 0

===========================================================================
report_parasitic_annotation -report_unannotated
============================================================================
Found 0 unannotated drivers.
Found 0 partially unannotated drivers.

===========================================================================
max slew violation count 0
max fanout violation count 0
max cap violation count 0
============================================================================

===========================================================================
check_setup -verbose -unconstrained_endpoints -multiple_clock -no_clock -no_input_delay -loops -generated_clocks
===========================================================================
