
===========================================================================
 report_power
============================================================================
======================= Fastest Corner ===================================

Group                  Internal  Switching    Leakage      Total
                          Power      Power      Power      Power (Watts)
----------------------------------------------------------------
Sequential             7.63e-05   3.94e-06   2.58e-10   8.02e-05  45.1%
Combinational          5.28e-06   7.91e-06   8.31e-10   1.32e-05   7.4%
Clock                  5.93e-05   2.51e-05   4.45e-09   8.44e-05  47.5%
Macro                  0.00e+00   0.00e+00   0.00e+00   0.00e+00   0.0%
Pad                    0.00e+00   0.00e+00   0.00e+00   0.00e+00   0.0%
----------------------------------------------------------------
Total                  1.41e-04   3.69e-05   5.54e-09   1.78e-04 100.0%
                          79.2%      20.8%       0.0%

======================= Slowest Corner ===================================

Group                  Internal  Switching    Leakage      Total
                          Power      Power      Power      Power (Watts)
----------------------------------------------------------------
Sequential             5.12e-05   2.60e-06   2.25e-07   5.40e-05  44.5%
Combinational          3.83e-06   5.27e-06   3.53e-07   9.45e-06   7.8%
Clock                  4.20e-05   1.59e-05   6.13e-08   5.80e-05  47.8%
Macro                  0.00e+00   0.00e+00   0.00e+00   0.00e+00   0.0%
Pad                    0.00e+00   0.00e+00   0.00e+00   0.00e+00   0.0%
----------------------------------------------------------------
Total                  9.70e-05   2.38e-05   6.39e-07   1.21e-04 100.0%
                          79.9%      19.6%       0.5%

======================= Typical Corner ===================================

Group                  Internal  Switching    Leakage      Total
                          Power      Power      Power      Power (Watts)
----------------------------------------------------------------
Sequential             6.57e-05   3.32e-06   1.31e-10   6.90e-05  45.0%
Combinational          4.76e-06   6.70e-06   3.11e-10   1.15e-05   7.5%
Clock                  5.18e-05   2.10e-05   4.30e-09   7.28e-05  47.5%
Macro                  0.00e+00   0.00e+00   0.00e+00   0.00e+00   0.0%
Pad                    0.00e+00   0.00e+00   0.00e+00   0.00e+00   0.0%
----------------------------------------------------------------
Total                  1.22e-04   3.10e-05   4.74e-09   1.53e-04 100.0%
                          79.8%      20.2%       0.0%

