
===========================================================================
report_checks -unconstrained
===========================================================================
======================= Typical Corner ===================================

Startpoint: rst (input port clocked by clk)
Endpoint: _096_ (rising edge-triggered flip-flop clocked by clk)
Path Group: clk
Path Type: max

Fanout     Cap    Slew   Delay    Time   Description
-----------------------------------------------------------------------------
                  0.15    0.00    0.00   clock clk (rise edge)
                          0.00    0.00   clock network delay (ideal)
                          2.00    2.00 ^ input external delay
     7    0.04    0.17    0.13    2.13 ^ rst (in)
                                         rst (net)
                  0.17    0.00    2.13 ^ _052_/A (sky130_fd_sc_hd__buf_1)
    10    0.05    0.61    0.53    2.66 ^ _052_/X (sky130_fd_sc_hd__buf_1)
                                         _020_ (net)
                  0.61    0.00    2.66 ^ _054_/A (sky130_fd_sc_hd__nor2_2)
     1    0.00    0.09    0.08    2.74 v _054_/Y (sky130_fd_sc_hd__nor2_2)
                                         _022_ (net)
                  0.09    0.00    2.74 v _055_/B1 (sky130_fd_sc_hd__o21a_2)
     1    0.00    0.03    0.13    2.87 v _055_/X (sky130_fd_sc_hd__o21a_2)
                                         _000_ (net)
                  0.03    0.00    2.87 v _096_/D (sky130_fd_sc_hd__dfxtp_2)
                                  2.87   data arrival time

                  0.15   10.00   10.00   clock clk (rise edge)
                          0.00   10.00   clock network delay (ideal)
                         -0.25    9.75   clock uncertainty
                          0.00    9.75   clock reconvergence pessimism
                                  9.75 ^ _096_/CLK (sky130_fd_sc_hd__dfxtp_2)
                         -0.08    9.67   library setup time
                                  9.67   data required time
-----------------------------------------------------------------------------
                                  9.67   data required time
                                 -2.87   data arrival time
-----------------------------------------------------------------------------
                                  6.80   slack (MET)




===========================================================================
report_checks --slack_max -0.01
============================================================================
======================= Typical Corner ===================================

No paths found.


===========================================================================
 report_check_types -max_slew -max_cap -max_fanout -violators
============================================================================
======================= Typical Corner ===================================


max slew violations count Typical: 0
max fanout violations count Typical: 0
max cap violations count Typical: 0

===========================================================================
report_parasitic_annotation -report_unannotated
============================================================================
Found 1 unannotated drivers.
 clk
Found 0 partially unannotated drivers.

===========================================================================
max slew violation count 0
max fanout violation count 0
max cap violation count 0
============================================================================

===========================================================================
check_setup -verbose -unconstrained_endpoints -multiple_clock -no_clock -no_input_delay -loops -generated_clocks
===========================================================================
