
===========================================================================
report_checks -unconstrained
===========================================================================
======================= Fastest Corner ===================================

Startpoint: in4 (input port clocked by __VIRTUAL_CLK__)
Endpoint: out2 (output port clocked by __VIRTUAL_CLK__)
Path Group: __VIRTUAL_CLK__
Path Type: max
Corner: Fastest

Fanout     Cap    Slew   Delay    Time   Description
-----------------------------------------------------------------------------
                  0.00    0.00    0.00   clock __VIRTUAL_CLK__ (rise edge)
                          0.00    0.00   clock network delay (ideal)
                          2.00    2.00 ^ input external delay
     1    0.00    0.01    0.01    2.01 ^ in4 (in)
                                         in4 (net)
                  0.01    0.00    2.01 ^ input2/A (sky130_fd_sc_hd__buf_1)
     2    0.01    0.10    0.10    2.11 ^ input2/X (sky130_fd_sc_hd__buf_1)
                                         net2 (net)
                  0.10    0.00    2.11 ^ _2_/A (sky130_fd_sc_hd__and2_1)
     1    0.00    0.04    0.09    2.19 ^ _2_/X (sky130_fd_sc_hd__and2_1)
                                         _0_ (net)
                  0.04    0.00    2.19 ^ _3_/A (sky130_fd_sc_hd__clkbuf_1)
     1    0.00    0.04    0.06    2.26 ^ _3_/X (sky130_fd_sc_hd__clkbuf_1)
                                         net3 (net)
                  0.04    0.00    2.26 ^ output3/A (sky130_fd_sc_hd__buf_2)
     1    0.03    0.13    0.15    2.41 ^ output3/X (sky130_fd_sc_hd__buf_2)
                                         out2 (net)
                  0.13    0.00    2.41 ^ out2 (out)
                                  2.41   data arrival time

                  0.00   10.00   10.00   clock __VIRTUAL_CLK__ (rise edge)
                          0.00   10.00   clock network delay (ideal)
                         -0.25    9.75   clock uncertainty
                          0.00    9.75   clock reconvergence pessimism
                         -2.00    7.75   output external delay
                                  7.75   data required time
-----------------------------------------------------------------------------
                                  7.75   data required time
                                 -2.41   data arrival time
-----------------------------------------------------------------------------
                                  5.34   slack (MET)



======================= Slowest Corner ===================================

Startpoint: in1 (input port clocked by __VIRTUAL_CLK__)
Endpoint: out2 (output port clocked by __VIRTUAL_CLK__)
Path Group: __VIRTUAL_CLK__
Path Type: max
Corner: Slowest

Fanout     Cap    Slew   Delay    Time   Description
-----------------------------------------------------------------------------
                  0.00    0.00    0.00   clock __VIRTUAL_CLK__ (rise edge)
                          0.00    0.00   clock network delay (ideal)
                          2.00    2.00 v input external delay
     1    0.00    0.02    0.01    2.01 v in1 (in)
                                         in1 (net)
                  0.02    0.00    2.01 v input1/A (sky130_fd_sc_hd__buf_1)
     2    0.01    0.12    0.21    2.21 v input1/X (sky130_fd_sc_hd__buf_1)
                                         net1 (net)
                  0.12    0.00    2.22 v _2_/B (sky130_fd_sc_hd__and2_1)
     1    0.00    0.07    0.36    2.57 v _2_/X (sky130_fd_sc_hd__and2_1)
                                         _0_ (net)
                  0.07    0.00    2.57 v _3_/A (sky130_fd_sc_hd__clkbuf_1)
     1    0.00    0.06    0.18    2.75 v _3_/X (sky130_fd_sc_hd__clkbuf_1)
                                         net3 (net)
                  0.06    0.00    2.75 v output3/A (sky130_fd_sc_hd__buf_2)
     1    0.03    0.17    0.36    3.11 v output3/X (sky130_fd_sc_hd__buf_2)
                                         out2 (net)
                  0.17    0.00    3.11 v out2 (out)
                                  3.11   data arrival time

                  0.00   10.00   10.00   clock __VIRTUAL_CLK__ (rise edge)
                          0.00   10.00   clock network delay (ideal)
                         -0.25    9.75   clock uncertainty
                          0.00    9.75   clock reconvergence pessimism
                         -2.00    7.75   output external delay
                                  7.75   data required time
-----------------------------------------------------------------------------
                                  7.75   data required time
                                 -3.11   data arrival time
-----------------------------------------------------------------------------
                                  4.64   slack (MET)



======================= Typical Corner ===================================

Startpoint: in4 (input port clocked by __VIRTUAL_CLK__)
Endpoint: out2 (output port clocked by __VIRTUAL_CLK__)
Path Group: __VIRTUAL_CLK__
Path Type: max
Corner: Typical

Fanout     Cap    Slew   Delay    Time   Description
-----------------------------------------------------------------------------
                  0.00    0.00    0.00   clock __VIRTUAL_CLK__ (rise edge)
                          0.00    0.00   clock network delay (ideal)
                          2.00    2.00 ^ input external delay
     1    0.00    0.02    0.01    2.01 ^ in4 (in)
                                         in4 (net)
                  0.02    0.00    2.01 ^ input2/A (sky130_fd_sc_hd__buf_1)
     2    0.01    0.13    0.14    2.15 ^ input2/X (sky130_fd_sc_hd__buf_1)
                                         net2 (net)
                  0.13    0.00    2.15 ^ _2_/A (sky130_fd_sc_hd__and2_1)
     1    0.00    0.05    0.15    2.30 ^ _2_/X (sky130_fd_sc_hd__and2_1)
                                         _0_ (net)
                  0.05    0.00    2.30 ^ _3_/A (sky130_fd_sc_hd__clkbuf_1)
     1    0.00    0.06    0.10    2.40 ^ _3_/X (sky130_fd_sc_hd__clkbuf_1)
                                         net3 (net)
                  0.06    0.00    2.40 ^ output3/A (sky130_fd_sc_hd__buf_2)
     1    0.03    0.17    0.21    2.61 ^ output3/X (sky130_fd_sc_hd__buf_2)
                                         out2 (net)
                  0.17    0.00    2.61 ^ out2 (out)
                                  2.61   data arrival time

                  0.00   10.00   10.00   clock __VIRTUAL_CLK__ (rise edge)
                          0.00   10.00   clock network delay (ideal)
                         -0.25    9.75   clock uncertainty
                          0.00    9.75   clock reconvergence pessimism
                         -2.00    7.75   output external delay
                                  7.75   data required time
-----------------------------------------------------------------------------
                                  7.75   data required time
                                 -2.61   data arrival time
-----------------------------------------------------------------------------
                                  5.14   slack (MET)




===========================================================================
report_checks --slack_max -0.01
============================================================================
======================= Fastest Corner ===================================

No paths found.

======================= Slowest Corner ===================================

No paths found.

======================= Typical Corner ===================================

No paths found.


===========================================================================
 report_check_types -max_slew -max_cap -max_fanout -violators
============================================================================
======================= Fastest Corner ===================================


max slew violations count Fastest: 0
max fanout violations count Fastest: 0
max cap violations count Fastest: 0
======================= Slowest Corner ===================================


max slew violations count Slowest: 0
max fanout violations count Slowest: 0
max cap violations count Slowest: 0
======================= Typical Corner ===================================


max slew violations count Typical: 0
max fanout violations count Typical: 0
max cap violations count Typical: 0

===========================================================================
report_parasitic_annotation -report_unannotated
============================================================================
Found 0 unannotated drivers.
Found 0 partially unannotated drivers.

===========================================================================
max slew violation count 0
max fanout violation count 0
max cap violation count 0
============================================================================

===========================================================================
check_setup -verbose -unconstrained_endpoints -multiple_clock -no_clock -no_input_delay -loops -generated_clocks
===========================================================================
