
===========================================================================
report_checks -path_delay max (Setup)
============================================================================
======================= Fastest Corner ===================================

Startpoint: in4 (input port clocked by __VIRTUAL_CLK__)
Endpoint: out2 (output port clocked by __VIRTUAL_CLK__)
Path Group: __VIRTUAL_CLK__
Path Type: max
Corner: Fastest

Fanout     Cap    Slew   Delay    Time   Description
-----------------------------------------------------------------------------
                  0.00    0.00    0.00   clock __VIRTUAL_CLK__ (rise edge)
                          0.00    0.00   clock network delay (ideal)
                          2.00    2.00 ^ input external delay
     1    0.00    0.01    0.01    2.01 ^ in4 (in)
                                         in4 (net)
                  0.01    0.00    2.01 ^ input2/A (sky130_fd_sc_hd__buf_1)
     2    0.01    0.10    0.10    2.11 ^ input2/X (sky130_fd_sc_hd__buf_1)
                                         net2 (net)
                  0.10    0.00    2.11 ^ _2_/A (sky130_fd_sc_hd__and2_1)
     1    0.00    0.04    0.09    2.19 ^ _2_/X (sky130_fd_sc_hd__and2_1)
                                         _0_ (net)
                  0.04    0.00    2.19 ^ _3_/A (sky130_fd_sc_hd__clkbuf_1)
     1    0.00    0.04    0.06    2.26 ^ _3_/X (sky130_fd_sc_hd__clkbuf_1)
                                         net3 (net)
                  0.04    0.00    2.26 ^ output3/A (sky130_fd_sc_hd__buf_2)
     1    0.03    0.13    0.15    2.41 ^ output3/X (sky130_fd_sc_hd__buf_2)
                                         out2 (net)
                  0.13    0.00    2.41 ^ out2 (out)
                                  2.41   data arrival time

                  0.00   10.00   10.00   clock __VIRTUAL_CLK__ (rise edge)
                          0.00   10.00   clock network delay (ideal)
                         -0.25    9.75   clock uncertainty
                          0.00    9.75   clock reconvergence pessimism
                         -2.00    7.75   output external delay
                                  7.75   data required time
-----------------------------------------------------------------------------
                                  7.75   data required time
                                 -2.41   data arrival time
-----------------------------------------------------------------------------
                                  5.34   slack (MET)


Startpoint: in4 (input port clocked by __VIRTUAL_CLK__)
Endpoint: out3 (output port clocked by __VIRTUAL_CLK__)
Path Group: __VIRTUAL_CLK__
Path Type: max
Corner: Fastest

Fanout     Cap    Slew   Delay    Time   Description
-----------------------------------------------------------------------------
                  0.00    0.00    0.00   clock __VIRTUAL_CLK__ (rise edge)
                          0.00    0.00   clock network delay (ideal)
                          2.00    2.00 ^ input external delay
     1    0.00    0.01    0.01    2.01 ^ in4 (in)
                                         in4 (net)
                  0.01    0.00    2.01 ^ input2/A (sky130_fd_sc_hd__buf_1)
     2    0.01    0.10    0.10    2.11 ^ input2/X (sky130_fd_sc_hd__buf_1)
                                         net2 (net)
                  0.10    0.00    2.11 ^ _1_/A (sky130_fd_sc_hd__xor2_1)
     1    0.00    0.10    0.11    2.22 ^ _1_/X (sky130_fd_sc_hd__xor2_1)
                                         net4 (net)
                  0.10    0.00    2.22 ^ output4/A (sky130_fd_sc_hd__buf_2)
     1    0.03    0.13    0.16    2.38 ^ output4/X (sky130_fd_sc_hd__buf_2)
                                         out3 (net)
                  0.13    0.00    2.38 ^ out3 (out)
                                  2.38   data arrival time

                  0.00   10.00   10.00   clock __VIRTUAL_CLK__ (rise edge)
                          0.00   10.00   clock network delay (ideal)
                         -0.25    9.75   clock uncertainty
                          0.00    9.75   clock reconvergence pessimism
                         -2.00    7.75   output external delay
                                  7.75   data required time
-----------------------------------------------------------------------------
                                  7.75   data required time
                                 -2.38   data arrival time
-----------------------------------------------------------------------------
                                  5.37   slack (MET)



worst slack corner Fastest: 5.3409
======================= Slowest Corner ===================================

Startpoint: in1 (input port clocked by __VIRTUAL_CLK__)
Endpoint: out2 (output port clocked by __VIRTUAL_CLK__)
Path Group: __VIRTUAL_CLK__
Path Type: max
Corner: Slowest

Fanout     Cap    Slew   Delay    Time   Description
-----------------------------------------------------------------------------
                  0.00    0.00    0.00   clock __VIRTUAL_CLK__ (rise edge)
                          0.00    0.00   clock network delay (ideal)
                          2.00    2.00 v input external delay
     1    0.00    0.02    0.01    2.01 v in1 (in)
                                         in1 (net)
                  0.02    0.00    2.01 v input1/A (sky130_fd_sc_hd__buf_1)
     2    0.01    0.12    0.21    2.21 v input1/X (sky130_fd_sc_hd__buf_1)
                                         net1 (net)
                  0.12    0.00    2.22 v _2_/B (sky130_fd_sc_hd__and2_1)
     1    0.00    0.07    0.36    2.57 v _2_/X (sky130_fd_sc_hd__and2_1)
                                         _0_ (net)
                  0.07    0.00    2.57 v _3_/A (sky130_fd_sc_hd__clkbuf_1)
     1    0.00    0.06    0.18    2.75 v _3_/X (sky130_fd_sc_hd__clkbuf_1)
                                         net3 (net)
                  0.06    0.00    2.75 v output3/A (sky130_fd_sc_hd__buf_2)
     1    0.03    0.17    0.36    3.11 v output3/X (sky130_fd_sc_hd__buf_2)
                                         out2 (net)
                  0.17    0.00    3.11 v out2 (out)
                                  3.11   data arrival time

                  0.00   10.00   10.00   clock __VIRTUAL_CLK__ (rise edge)
                          0.00   10.00   clock network delay (ideal)
                         -0.25    9.75   clock uncertainty
                          0.00    9.75   clock reconvergence pessimism
                         -2.00    7.75   output external delay
                                  7.75   data required time
-----------------------------------------------------------------------------
                                  7.75   data required time
                                 -3.11   data arrival time
-----------------------------------------------------------------------------
                                  4.64   slack (MET)


Startpoint: in1 (input port clocked by __VIRTUAL_CLK__)
Endpoint: out3 (output port clocked by __VIRTUAL_CLK__)
Path Group: __VIRTUAL_CLK__
Path Type: max
Corner: Slowest

Fanout     Cap    Slew   Delay    Time   Description
-----------------------------------------------------------------------------
                  0.00    0.00    0.00   clock __VIRTUAL_CLK__ (rise edge)
                          0.00    0.00   clock network delay (ideal)
                          2.00    2.00 ^ input external delay
     1    0.00    0.03    0.02    2.02 ^ in1 (in)
                                         in1 (net)
                  0.03    0.00    2.02 ^ input1/A (sky130_fd_sc_hd__buf_1)
     2    0.01    0.20    0.24    2.26 ^ input1/X (sky130_fd_sc_hd__buf_1)
                                         net1 (net)
                  0.20    0.00    2.26 ^ _1_/B (sky130_fd_sc_hd__xor2_1)
     1    0.00    0.22    0.34    2.60 ^ _1_/X (sky130_fd_sc_hd__xor2_1)
                                         net4 (net)
                  0.22    0.00    2.60 ^ output4/A (sky130_fd_sc_hd__buf_2)
     1    0.03    0.27    0.43    3.03 ^ output4/X (sky130_fd_sc_hd__buf_2)
                                         out3 (net)
                  0.27    0.00    3.03 ^ out3 (out)
                                  3.03   data arrival time

                  0.00   10.00   10.00   clock __VIRTUAL_CLK__ (rise edge)
                          0.00   10.00   clock network delay (ideal)
                         -0.25    9.75   clock uncertainty
                          0.00    9.75   clock reconvergence pessimism
                         -2.00    7.75   output external delay
                                  7.75   data required time
-----------------------------------------------------------------------------
                                  7.75   data required time
                                 -3.03   data arrival time
-----------------------------------------------------------------------------
                                  4.72   slack (MET)



worst slack corner Slowest: 4.6396
======================= Typical Corner ===================================

Startpoint: in4 (input port clocked by __VIRTUAL_CLK__)
Endpoint: out2 (output port clocked by __VIRTUAL_CLK__)
Path Group: __VIRTUAL_CLK__
Path Type: max
Corner: Typical

Fanout     Cap    Slew   Delay    Time   Description
-----------------------------------------------------------------------------
                  0.00    0.00    0.00   clock __VIRTUAL_CLK__ (rise edge)
                          0.00    0.00   clock network delay (ideal)
                          2.00    2.00 ^ input external delay
     1    0.00    0.02    0.01    2.01 ^ in4 (in)
                                         in4 (net)
                  0.02    0.00    2.01 ^ input2/A (sky130_fd_sc_hd__buf_1)
     2    0.01    0.13    0.14    2.15 ^ input2/X (sky130_fd_sc_hd__buf_1)
                                         net2 (net)
                  0.13    0.00    2.15 ^ _2_/A (sky130_fd_sc_hd__and2_1)
     1    0.00    0.05    0.15    2.30 ^ _2_/X (sky130_fd_sc_hd__and2_1)
                                         _0_ (net)
                  0.05    0.00    2.30 ^ _3_/A (sky130_fd_sc_hd__clkbuf_1)
     1    0.00    0.06    0.10    2.40 ^ _3_/X (sky130_fd_sc_hd__clkbuf_1)
                                         net3 (net)
                  0.06    0.00    2.40 ^ output3/A (sky130_fd_sc_hd__buf_2)
     1    0.03    0.17    0.21    2.61 ^ output3/X (sky130_fd_sc_hd__buf_2)
                                         out2 (net)
                  0.17    0.00    2.61 ^ out2 (out)
                                  2.61   data arrival time

                  0.00   10.00   10.00   clock __VIRTUAL_CLK__ (rise edge)
                          0.00   10.00   clock network delay (ideal)
                         -0.25    9.75   clock uncertainty
                          0.00    9.75   clock reconvergence pessimism
                         -2.00    7.75   output external delay
                                  7.75   data required time
-----------------------------------------------------------------------------
                                  7.75   data required time
                                 -2.61   data arrival time
-----------------------------------------------------------------------------
                                  5.14   slack (MET)


Startpoint: in1 (input port clocked by __VIRTUAL_CLK__)
Endpoint: out3 (output port clocked by __VIRTUAL_CLK__)
Path Group: __VIRTUAL_CLK__
Path Type: max
Corner: Typical

Fanout     Cap    Slew   Delay    Time   Description
-----------------------------------------------------------------------------
                  0.00    0.00    0.00   clock __VIRTUAL_CLK__ (rise edge)
                          0.00    0.00   clock network delay (ideal)
                          2.00    2.00 ^ input external delay
     1    0.00    0.02    0.01    2.01 ^ in1 (in)
                                         in1 (net)
                  0.02    0.00    2.01 ^ input1/A (sky130_fd_sc_hd__buf_1)
     2    0.01    0.13    0.14    2.15 ^ input1/X (sky130_fd_sc_hd__buf_1)
                                         net1 (net)
                  0.13    0.00    2.15 ^ _1_/B (sky130_fd_sc_hd__xor2_1)
     1    0.00    0.13    0.18    2.33 ^ _1_/X (sky130_fd_sc_hd__xor2_1)
                                         net4 (net)
                  0.13    0.00    2.33 ^ output4/A (sky130_fd_sc_hd__buf_2)
     1    0.03    0.17    0.24    2.57 ^ output4/X (sky130_fd_sc_hd__buf_2)
                                         out3 (net)
                  0.17    0.00    2.57 ^ out3 (out)
                                  2.57   data arrival time

                  0.00   10.00   10.00   clock __VIRTUAL_CLK__ (rise edge)
                          0.00   10.00   clock network delay (ideal)
                         -0.25    9.75   clock uncertainty
                          0.00    9.75   clock reconvergence pessimism
                         -2.00    7.75   output external delay
                                  7.75   data required time
-----------------------------------------------------------------------------
                                  7.75   data required time
                                 -2.57   data arrival time
-----------------------------------------------------------------------------
                                  5.18   slack (MET)



worst slack corner Typical: 5.1387
