
===========================================================================
report_checks -path_delay max (Setup)
============================================================================
======================= Typical Corner ===================================

Startpoint: in1 (input port clocked by __VIRTUAL_CLK__)
Endpoint: out2 (output port clocked by __VIRTUAL_CLK__)
Path Group: __VIRTUAL_CLK__
Path Type: max

Fanout     Cap    Slew   Delay    Time   Description
-----------------------------------------------------------------------------
                  0.00    0.00    0.00   clock __VIRTUAL_CLK__ (rise edge)
                          0.00    0.00   clock network delay (ideal)
                          2.00    2.00 ^ input external delay
     2    0.01    0.05    0.04    2.04 ^ in1 (in)
                                         in1 (net)
                  0.05    0.00    2.04 ^ _2_/B (sky130_fd_sc_hd__and2_2)
     1    0.00    0.03    0.13    2.17 ^ _2_/X (sky130_fd_sc_hd__and2_2)
                                         _0_ (net)
                  0.03    0.00    2.17 ^ _3_/A (sky130_fd_sc_hd__buf_1)
     1    0.03    0.40    0.34    2.50 ^ _3_/X (sky130_fd_sc_hd__buf_1)
                                         out2 (net)
                  0.40    0.00    2.50 ^ out2 (out)
                                  2.50   data arrival time

                  0.00   10.00   10.00   clock __VIRTUAL_CLK__ (rise edge)
                          0.00   10.00   clock network delay (ideal)
                         -0.25    9.75   clock uncertainty
                          0.00    9.75   clock reconvergence pessimism
                         -2.00    7.75   output external delay
                                  7.75   data required time
-----------------------------------------------------------------------------
                                  7.75   data required time
                                 -2.50   data arrival time
-----------------------------------------------------------------------------
                                  5.25   slack (MET)


Startpoint: in1 (input port clocked by __VIRTUAL_CLK__)
Endpoint: out3 (output port clocked by __VIRTUAL_CLK__)
Path Group: __VIRTUAL_CLK__
Path Type: max

Fanout     Cap    Slew   Delay    Time   Description
-----------------------------------------------------------------------------
                  0.00    0.00    0.00   clock __VIRTUAL_CLK__ (rise edge)
                          0.00    0.00   clock network delay (ideal)
                          2.00    2.00 ^ input external delay
     2    0.01    0.05    0.04    2.04 ^ in1 (in)
                                         in1 (net)
                  0.05    0.00    2.04 ^ _1_/B (sky130_fd_sc_hd__xor2_2)
     1    0.03    0.43    0.38    2.42 ^ _1_/X (sky130_fd_sc_hd__xor2_2)
                                         out3 (net)
                  0.43    0.00    2.42 ^ out3 (out)
                                  2.42   data arrival time

                  0.00   10.00   10.00   clock __VIRTUAL_CLK__ (rise edge)
                          0.00   10.00   clock network delay (ideal)
                         -0.25    9.75   clock uncertainty
                          0.00    9.75   clock reconvergence pessimism
                         -2.00    7.75   output external delay
                                  7.75   data required time
-----------------------------------------------------------------------------
                                  7.75   data required time
                                 -2.42   data arrival time
-----------------------------------------------------------------------------
                                  5.33   slack (MET)



worst slack corner Typical: 5.2457
