
===========================================================================
report_checks -path_delay min (Hold)
============================================================================
======================= Typical Corner ===================================

Startpoint: in1 (input port clocked by __VIRTUAL_CLK__)
Endpoint: out3 (output port clocked by __VIRTUAL_CLK__)
Path Group: __VIRTUAL_CLK__
Path Type: min

Fanout     Cap    Slew   Delay    Time   Description
-----------------------------------------------------------------------------
                  0.00    0.00    0.00   clock __VIRTUAL_CLK__ (rise edge)
                          0.00    0.00   clock network delay (ideal)
                          2.00    2.00 ^ input external delay
     1    0.00    0.02    0.01    2.01 ^ in1 (in)
                                         in1 (net)
                  0.02    0.00    2.01 ^ input1/A (sky130_fd_sc_hd__buf_1)
     2    0.01    0.08    0.09    2.10 ^ input1/X (sky130_fd_sc_hd__buf_1)
                                         net1 (net)
                  0.08    0.00    2.10 ^ _1_/B (sky130_fd_sc_hd__xor2_1)
     1    0.00    0.03    0.06    2.16 v _1_/X (sky130_fd_sc_hd__xor2_1)
                                         net4 (net)
                  0.03    0.00    2.16 v output4/A (sky130_fd_sc_hd__buf_2)
     1    0.03    0.09    0.16    2.32 v output4/X (sky130_fd_sc_hd__buf_2)
                                         out3 (net)
                  0.09    0.00    2.32 v out3 (out)
                                  2.32   data arrival time

                  0.00    0.00    0.00   clock __VIRTUAL_CLK__ (rise edge)
                          0.00    0.00   clock network delay (ideal)
                          0.25    0.25   clock uncertainty
                          0.00    0.25   clock reconvergence pessimism
                         -2.00   -1.75   output external delay
                                 -1.75   data required time
-----------------------------------------------------------------------------
                                 -1.75   data required time
                                 -2.32   data arrival time
-----------------------------------------------------------------------------
                                  4.07   slack (MET)


Startpoint: in4 (input port clocked by __VIRTUAL_CLK__)
Endpoint: out2 (output port clocked by __VIRTUAL_CLK__)
Path Group: __VIRTUAL_CLK__
Path Type: min

Fanout     Cap    Slew   Delay    Time   Description
-----------------------------------------------------------------------------
                  0.00    0.00    0.00   clock __VIRTUAL_CLK__ (rise edge)
                          0.00    0.00   clock network delay (ideal)
                          2.00    2.00 v input external delay
     1    0.00    0.01    0.00    2.00 v in4 (in)
                                         in4 (net)
                  0.01    0.00    2.00 v input2/A (sky130_fd_sc_hd__buf_1)
     2    0.01    0.04    0.08    2.08 v input2/X (sky130_fd_sc_hd__buf_1)
                                         net2 (net)
                  0.04    0.00    2.08 v _2_/A (sky130_fd_sc_hd__and2_1)
     1    0.00    0.03    0.12    2.20 v _2_/X (sky130_fd_sc_hd__and2_1)
                                         _0_ (net)
                  0.03    0.00    2.20 v _3_/A (sky130_fd_sc_hd__clkbuf_1)
     1    0.00    0.02    0.07    2.27 v _3_/X (sky130_fd_sc_hd__clkbuf_1)
                                         net3 (net)
                  0.02    0.00    2.27 v output3/A (sky130_fd_sc_hd__buf_2)
     1    0.03    0.09    0.16    2.44 v output3/X (sky130_fd_sc_hd__buf_2)
                                         out2 (net)
                  0.09    0.00    2.44 v out2 (out)
                                  2.44   data arrival time

                  0.00    0.00    0.00   clock __VIRTUAL_CLK__ (rise edge)
                          0.00    0.00   clock network delay (ideal)
                          0.25    0.25   clock uncertainty
                          0.00    0.25   clock reconvergence pessimism
                         -2.00   -1.75   output external delay
                                 -1.75   data required time
-----------------------------------------------------------------------------
                                 -1.75   data required time
                                 -2.44   data arrival time
-----------------------------------------------------------------------------
                                  4.19   slack (MET)



worst slack corner Typical: 4.0717
