
===========================================================================
report_checks -unconstrained
===========================================================================
======================= Typical Corner ===================================

Startpoint: in1 (input port clocked by __VIRTUAL_CLK__)
Endpoint: out2 (output port clocked by __VIRTUAL_CLK__)
Path Group: __VIRTUAL_CLK__
Path Type: max

Fanout     Cap    Slew   Delay    Time   Description
-----------------------------------------------------------------------------
                  0.00    0.00    0.00   clock __VIRTUAL_CLK__ (rise edge)
                          0.00    0.00   clock network delay (ideal)
                          2.00    2.00 ^ input external delay
     1    0.00    0.02    0.01    2.01 ^ in1 (in)
                                         in1 (net)
                  0.02    0.00    2.01 ^ input1/A (sky130_fd_sc_hd__buf_1)
     2    0.01    0.08    0.10    2.11 ^ input1/X (sky130_fd_sc_hd__buf_1)
                                         net1 (net)
                  0.08    0.00    2.11 ^ _2_/B (sky130_fd_sc_hd__and2_1)
     1    0.00    0.04    0.13    2.24 ^ _2_/X (sky130_fd_sc_hd__and2_1)
                                         _0_ (net)
                  0.04    0.00    2.24 ^ _3_/A (sky130_fd_sc_hd__clkbuf_1)
     1    0.00    0.03    0.08    2.31 ^ _3_/X (sky130_fd_sc_hd__clkbuf_1)
                                         net3 (net)
                  0.03    0.00    2.31 ^ output3/A (sky130_fd_sc_hd__buf_2)
     1    0.03    0.17    0.20    2.51 ^ output3/X (sky130_fd_sc_hd__buf_2)
                                         out2 (net)
                  0.17    0.00    2.51 ^ out2 (out)
                                  2.51   data arrival time

                  0.00   10.00   10.00   clock __VIRTUAL_CLK__ (rise edge)
                          0.00   10.00   clock network delay (ideal)
                         -0.25    9.75   clock uncertainty
                          0.00    9.75   clock reconvergence pessimism
                         -2.00    7.75   output external delay
                                  7.75   data required time
-----------------------------------------------------------------------------
                                  7.75   data required time
                                 -2.51   data arrival time
-----------------------------------------------------------------------------
                                  5.24   slack (MET)




===========================================================================
report_checks --slack_max -0.01
============================================================================
======================= Typical Corner ===================================

No paths found.


===========================================================================
 report_check_types -max_slew -max_cap -max_fanout -violators
============================================================================
======================= Typical Corner ===================================


max slew violations count Typical: 0
max fanout violations count Typical: 0
max cap violations count Typical: 0

===========================================================================
report_parasitic_annotation -report_unannotated
============================================================================
Found 9 unannotated drivers.
 in1
 in4
 _1_/X
 _2_/X
 _3_/X
 input1/X
 input2/X
 output3/X
 output4/X
Found 0 partially unannotated drivers.

===========================================================================
max slew violation count 0
max fanout violation count 0
max cap violation count 0
============================================================================

===========================================================================
check_setup -verbose -unconstrained_endpoints -multiple_clock -no_clock -no_input_delay -loops -generated_clocks
===========================================================================
