
===========================================================================
 report_power
============================================================================
======================= Fastest Corner ===================================

Group                  Internal  Switching    Leakage      Total
                          Power      Power      Power      Power (Watts)
----------------------------------------------------------------
Sequential             0.00e+00   0.00e+00   0.00e+00   0.00e+00   0.0%
Combinational          9.05e-07   2.28e-06   3.20e-11   3.18e-06 100.0%
Clock                  0.00e+00   0.00e+00   2.18e-10   2.18e-10   0.0%
Macro                  0.00e+00   0.00e+00   0.00e+00   0.00e+00   0.0%
Pad                    0.00e+00   0.00e+00   0.00e+00   0.00e+00   0.0%
----------------------------------------------------------------
Total                  9.05e-07   2.28e-06   2.50e-10   3.18e-06 100.0%
                          28.4%      71.6%       0.0%

======================= Slowest Corner ===================================

Group                  Internal  Switching    Leakage      Total
                          Power      Power      Power      Power (Watts)
----------------------------------------------------------------
Sequential             0.00e+00   0.00e+00   0.00e+00   0.00e+00   0.0%
Combinational          6.79e-07   1.53e-06   3.38e-08   2.24e-06 100.0%
Clock                  0.00e+00   0.00e+00   2.18e-10   2.18e-10   0.0%
Macro                  0.00e+00   0.00e+00   0.00e+00   0.00e+00   0.0%
Pad                    0.00e+00   0.00e+00   0.00e+00   0.00e+00   0.0%
----------------------------------------------------------------
Total                  6.79e-07   1.53e-06   3.40e-08   2.24e-06 100.0%
                          30.3%      68.2%       1.5%

======================= Typical Corner ===================================

Group                  Internal  Switching    Leakage      Total
                          Power      Power      Power      Power (Watts)
----------------------------------------------------------------
Sequential             0.00e+00   0.00e+00   0.00e+00   0.00e+00   0.0%
Combinational          8.16e-07   1.94e-06   1.94e-11   2.75e-06 100.0%
Clock                  0.00e+00   0.00e+00   2.18e-10   2.18e-10   0.0%
Macro                  0.00e+00   0.00e+00   0.00e+00   0.00e+00   0.0%
Pad                    0.00e+00   0.00e+00   0.00e+00   0.00e+00   0.0%
----------------------------------------------------------------
Total                  8.16e-07   1.94e-06   2.37e-10   2.75e-06 100.0%
                          29.7%      70.3%       0.0%

