
===========================================================================
report_checks -path_delay min (Hold)
============================================================================
======================= Fastest Corner ===================================

Startpoint: in1 (input port clocked by __VIRTUAL_CLK__)
Endpoint: out3 (output port clocked by __VIRTUAL_CLK__)
Path Group: __VIRTUAL_CLK__
Path Type: min
Corner: Fastest

Fanout     Cap    Slew   Delay    Time   Description
-----------------------------------------------------------------------------
                  0.00    0.00    0.00   clock __VIRTUAL_CLK__ (rise edge)
                          0.00    0.00   clock network delay (ideal)
                          2.00    2.00 ^ input external delay
     1    0.00    0.01    0.01    2.01 ^ in1 (in)
                                         in1 (net)
                  0.01    0.00    2.01 ^ input1/A (sky130_fd_sc_hd__buf_1)
     2    0.01    0.09    0.09    2.09 ^ input1/X (sky130_fd_sc_hd__buf_1)
                                         net1 (net)
                  0.09    0.00    2.09 ^ _1_/B (sky130_fd_sc_hd__xor2_1)
     1    0.00    0.03    0.04    2.14 v _1_/X (sky130_fd_sc_hd__xor2_1)
                                         net4 (net)
                  0.03    0.00    2.14 v output4/A (sky130_fd_sc_hd__buf_2)
     1    0.03    0.06    0.11    2.25 v output4/X (sky130_fd_sc_hd__buf_2)
                                         out3 (net)
                  0.06    0.00    2.25 v out3 (out)
                                  2.25   data arrival time

                  0.00    0.00    0.00   clock __VIRTUAL_CLK__ (rise edge)
                          0.00    0.00   clock network delay (ideal)
                          0.25    0.25   clock uncertainty
                          0.00    0.25   clock reconvergence pessimism
                         -2.00   -1.75   output external delay
                                 -1.75   data required time
-----------------------------------------------------------------------------
                                 -1.75   data required time
                                 -2.25   data arrival time
-----------------------------------------------------------------------------
                                  4.00   slack (MET)


Startpoint: in4 (input port clocked by __VIRTUAL_CLK__)
Endpoint: out2 (output port clocked by __VIRTUAL_CLK__)
Path Group: __VIRTUAL_CLK__
Path Type: min
Corner: Fastest

Fanout     Cap    Slew   Delay    Time   Description
-----------------------------------------------------------------------------
                  0.00    0.00    0.00   clock __VIRTUAL_CLK__ (rise edge)
                          0.00    0.00   clock network delay (ideal)
                          2.00    2.00 v input external delay
     1    0.00    0.00    0.00    2.00 v in4 (in)
                                         in4 (net)
                  0.00    0.00    2.00 v input2/A (sky130_fd_sc_hd__buf_1)
     2    0.01    0.04    0.07    2.07 v input2/X (sky130_fd_sc_hd__buf_1)
                                         net2 (net)
                  0.04    0.00    2.07 v _2_/A (sky130_fd_sc_hd__and2_1)
     1    0.00    0.02    0.08    2.15 v _2_/X (sky130_fd_sc_hd__and2_1)
                                         _0_ (net)
                  0.02    0.00    2.15 v _3_/A (sky130_fd_sc_hd__clkbuf_1)
     1    0.00    0.02    0.05    2.21 v _3_/X (sky130_fd_sc_hd__clkbuf_1)
                                         net3 (net)
                  0.02    0.00    2.21 v output3/A (sky130_fd_sc_hd__buf_2)
     1    0.03    0.06    0.11    2.32 v output3/X (sky130_fd_sc_hd__buf_2)
                                         out2 (net)
                  0.06    0.00    2.32 v out2 (out)
                                  2.32   data arrival time

                  0.00    0.00    0.00   clock __VIRTUAL_CLK__ (rise edge)
                          0.00    0.00   clock network delay (ideal)
                          0.25    0.25   clock uncertainty
                          0.00    0.25   clock reconvergence pessimism
                         -2.00   -1.75   output external delay
                                 -1.75   data required time
-----------------------------------------------------------------------------
                                 -1.75   data required time
                                 -2.32   data arrival time
-----------------------------------------------------------------------------
                                  4.07   slack (MET)



worst slack corner Fastest: 3.9983
======================= Slowest Corner ===================================

Startpoint: in1 (input port clocked by __VIRTUAL_CLK__)
Endpoint: out3 (output port clocked by __VIRTUAL_CLK__)
Path Group: __VIRTUAL_CLK__
Path Type: min
Corner: Slowest

Fanout     Cap    Slew   Delay    Time   Description
-----------------------------------------------------------------------------
                  0.00    0.00    0.00   clock __VIRTUAL_CLK__ (rise edge)
                          0.00    0.00   clock network delay (ideal)
                          2.00    2.00 ^ input external delay
     1    0.00    0.03    0.02    2.02 ^ in1 (in)
                                         in1 (net)
                  0.03    0.00    2.02 ^ input1/A (sky130_fd_sc_hd__buf_1)
     2    0.01    0.20    0.22    2.23 ^ input1/X (sky130_fd_sc_hd__buf_1)
                                         net1 (net)
                  0.20    0.00    2.23 ^ _1_/B (sky130_fd_sc_hd__xor2_1)
     1    0.00    0.08    0.18    2.41 v _1_/X (sky130_fd_sc_hd__xor2_1)
                                         net4 (net)
                  0.08    0.00    2.41 v output4/A (sky130_fd_sc_hd__buf_2)
     1    0.03    0.17    0.33    2.74 v output4/X (sky130_fd_sc_hd__buf_2)
                                         out3 (net)
                  0.17    0.00    2.74 v out3 (out)
                                  2.74   data arrival time

                  0.00    0.00    0.00   clock __VIRTUAL_CLK__ (rise edge)
                          0.00    0.00   clock network delay (ideal)
                          0.25    0.25   clock uncertainty
                          0.00    0.25   clock reconvergence pessimism
                         -2.00   -1.75   output external delay
                                 -1.75   data required time
-----------------------------------------------------------------------------
                                 -1.75   data required time
                                 -2.74   data arrival time
-----------------------------------------------------------------------------
                                  4.49   slack (MET)


Startpoint: in4 (input port clocked by __VIRTUAL_CLK__)
Endpoint: out2 (output port clocked by __VIRTUAL_CLK__)
Path Group: __VIRTUAL_CLK__
Path Type: min
Corner: Slowest

Fanout     Cap    Slew   Delay    Time   Description
-----------------------------------------------------------------------------
                  0.00    0.00    0.00   clock __VIRTUAL_CLK__ (rise edge)
                          0.00    0.00   clock network delay (ideal)
                          2.00    2.00 v input external delay
     1    0.00    0.02    0.01    2.01 v in4 (in)
                                         in4 (net)
                  0.02    0.00    2.01 v input2/A (sky130_fd_sc_hd__buf_1)
     2    0.01    0.12    0.19    2.20 v input2/X (sky130_fd_sc_hd__buf_1)
                                         net2 (net)
                  0.12    0.00    2.20 v _2_/A (sky130_fd_sc_hd__and2_1)
     1    0.00    0.07    0.29    2.48 v _2_/X (sky130_fd_sc_hd__and2_1)
                                         _0_ (net)
                  0.07    0.00    2.48 v _3_/A (sky130_fd_sc_hd__clkbuf_1)
     1    0.00    0.06    0.16    2.64 v _3_/X (sky130_fd_sc_hd__clkbuf_1)
                                         net3 (net)
                  0.06    0.00    2.64 v output3/A (sky130_fd_sc_hd__buf_2)
     1    0.03    0.17    0.32    2.97 v output3/X (sky130_fd_sc_hd__buf_2)
                                         out2 (net)
                  0.17    0.00    2.97 v out2 (out)
                                  2.97   data arrival time

                  0.00    0.00    0.00   clock __VIRTUAL_CLK__ (rise edge)
                          0.00    0.00   clock network delay (ideal)
                          0.25    0.25   clock uncertainty
                          0.00    0.25   clock reconvergence pessimism
                         -2.00   -1.75   output external delay
                                 -1.75   data required time
-----------------------------------------------------------------------------
                                 -1.75   data required time
                                 -2.97   data arrival time
-----------------------------------------------------------------------------
                                  4.72   slack (MET)



worst slack corner Slowest: 4.4858
======================= Typical Corner ===================================

Startpoint: in1 (input port clocked by __VIRTUAL_CLK__)
Endpoint: out3 (output port clocked by __VIRTUAL_CLK__)
Path Group: __VIRTUAL_CLK__
Path Type: min
Corner: Typical

Fanout     Cap    Slew   Delay    Time   Description
-----------------------------------------------------------------------------
                  0.00    0.00    0.00   clock __VIRTUAL_CLK__ (rise edge)
                          0.00    0.00   clock network delay (ideal)
                          2.00    2.00 ^ input external delay
     1    0.00    0.02    0.01    2.01 ^ in1 (in)
                                         in1 (net)
                  0.02    0.00    2.01 ^ input1/A (sky130_fd_sc_hd__buf_1)
     2    0.01    0.12    0.12    2.13 ^ input1/X (sky130_fd_sc_hd__buf_1)
                                         net1 (net)
                  0.12    0.00    2.13 ^ _1_/B (sky130_fd_sc_hd__xor2_1)
     1    0.00    0.04    0.08    2.21 v _1_/X (sky130_fd_sc_hd__xor2_1)
                                         net4 (net)
                  0.04    0.00    2.21 v output4/A (sky130_fd_sc_hd__buf_2)
     1    0.03    0.09    0.17    2.38 v output4/X (sky130_fd_sc_hd__buf_2)
                                         out3 (net)
                  0.09    0.00    2.38 v out3 (out)
                                  2.38   data arrival time

                  0.00    0.00    0.00   clock __VIRTUAL_CLK__ (rise edge)
                          0.00    0.00   clock network delay (ideal)
                          0.25    0.25   clock uncertainty
                          0.00    0.25   clock reconvergence pessimism
                         -2.00   -1.75   output external delay
                                 -1.75   data required time
-----------------------------------------------------------------------------
                                 -1.75   data required time
                                 -2.38   data arrival time
-----------------------------------------------------------------------------
                                  4.13   slack (MET)


Startpoint: in4 (input port clocked by __VIRTUAL_CLK__)
Endpoint: out2 (output port clocked by __VIRTUAL_CLK__)
Path Group: __VIRTUAL_CLK__
Path Type: min
Corner: Typical

Fanout     Cap    Slew   Delay    Time   Description
-----------------------------------------------------------------------------
                  0.00    0.00    0.00   clock __VIRTUAL_CLK__ (rise edge)
                          0.00    0.00   clock network delay (ideal)
                          2.00    2.00 v input external delay
     1    0.00    0.01    0.00    2.00 v in4 (in)
                                         in4 (net)
                  0.01    0.00    2.00 v input2/A (sky130_fd_sc_hd__buf_1)
     2    0.01    0.06    0.10    2.10 v input2/X (sky130_fd_sc_hd__buf_1)
                                         net2 (net)
                  0.06    0.00    2.10 v _2_/A (sky130_fd_sc_hd__and2_1)
     1    0.00    0.03    0.13    2.24 v _2_/X (sky130_fd_sc_hd__and2_1)
                                         _0_ (net)
                  0.03    0.00    2.24 v _3_/A (sky130_fd_sc_hd__clkbuf_1)
     1    0.00    0.03    0.08    2.32 v _3_/X (sky130_fd_sc_hd__clkbuf_1)
                                         net3 (net)
                  0.03    0.00    2.32 v output3/A (sky130_fd_sc_hd__buf_2)
     1    0.03    0.09    0.17    2.49 v output3/X (sky130_fd_sc_hd__buf_2)
                                         out2 (net)
                  0.09    0.00    2.49 v out2 (out)
                                  2.49   data arrival time

                  0.00    0.00    0.00   clock __VIRTUAL_CLK__ (rise edge)
                          0.00    0.00   clock network delay (ideal)
                          0.25    0.25   clock uncertainty
                          0.00    0.25   clock reconvergence pessimism
                         -2.00   -1.75   output external delay
                                 -1.75   data required time
-----------------------------------------------------------------------------
                                 -1.75   data required time
                                 -2.49   data arrival time
-----------------------------------------------------------------------------
                                  4.24   slack (MET)



worst slack corner Typical: 4.1339
