
===========================================================================
 report_power
============================================================================
======================= Fastest Corner ===================================

Group                  Internal  Switching    Leakage      Total
                          Power      Power      Power      Power (Watts)
----------------------------------------------------------------
Sequential             0.00e+00   0.00e+00   0.00e+00   0.00e+00   0.0%
Combinational          9.05e-07   2.24e-06   3.20e-11   3.14e-06 100.0%
Clock                  0.00e+00   0.00e+00   2.18e-10   2.18e-10   0.0%
Macro                  0.00e+00   0.00e+00   0.00e+00   0.00e+00   0.0%
Pad                    0.00e+00   0.00e+00   0.00e+00   0.00e+00   0.0%
----------------------------------------------------------------
Total                  9.05e-07   2.24e-06   2.50e-10   3.14e-06 100.0%
                          28.8%      71.2%       0.0%

======================= Slowest Corner ===================================

Group                  Internal  Switching    Leakage      Total
                          Power      Power      Power      Power (Watts)
----------------------------------------------------------------
Sequential             0.00e+00   0.00e+00   0.00e+00   0.00e+00   0.0%
Combinational          6.79e-07   1.50e-06   3.38e-08   2.21e-06 100.0%
Clock                  0.00e+00   0.00e+00   2.18e-10   2.18e-10   0.0%
Macro                  0.00e+00   0.00e+00   0.00e+00   0.00e+00   0.0%
Pad                    0.00e+00   0.00e+00   0.00e+00   0.00e+00   0.0%
----------------------------------------------------------------
Total                  6.79e-07   1.50e-06   3.40e-08   2.21e-06 100.0%
                          30.7%      67.8%       1.5%

======================= Typical Corner ===================================

Group                  Internal  Switching    Leakage      Total
                          Power      Power      Power      Power (Watts)
----------------------------------------------------------------
Sequential             0.00e+00   0.00e+00   0.00e+00   0.00e+00   0.0%
Combinational          8.17e-07   1.90e-06   1.94e-11   2.72e-06 100.0%
Clock                  0.00e+00   0.00e+00   2.18e-10   2.18e-10   0.0%
Macro                  0.00e+00   0.00e+00   0.00e+00   0.00e+00   0.0%
Pad                    0.00e+00   0.00e+00   0.00e+00   0.00e+00   0.0%
----------------------------------------------------------------
Total                  8.17e-07   1.90e-06   2.37e-10   2.72e-06 100.0%
                          30.0%      69.9%       0.0%

