OpenSTA 2.5.0 GITDIR-NOT Copyright (c) 2024, Parallax Software, Inc.
License GPLv3: GNU GPL version 3 <http://gnu.org/licenses/gpl.html>

This is free software, and you are free to change and redistribute it
under certain conditions; type `show_copying' for details. 
This program comes with ABSOLUTELY NO WARRANTY; for details type `show_warranty'.
define_corners Typical
read_liberty -corner Typical /home/openlane/.volare/sky130A/libs.ref/sky130_fd_sc_hd/lib/sky130_fd_sc_hd__tt_025C_1v80.lib
Using 1e-12 for capacitance...
Using 1e+03 for resistance...
Using 1e-09 for time...
Using 1e+00 for voltage...
Using 1e-03 for current...
Using 1e-09 for power...
Using 1e-06 for distance...
Reading netlist '/openlane/designs/halfadder/runs/RUN_2025.06.18_18.46.26/results/synthesis/halfadder.v'…
Reading design constraints file at '/openlane/scripts/base.sdc'…
[INFO]: Setting output delay to: 2.0
[INFO]: Setting input delay to: 2.0
Warning: base.sdc line 18, port '__VIRTUAL_CLK__' not found.
[INFO]: Setting load to: 0.033442
[INFO]: Setting clock uncertainty to: 0.25
[INFO]: Setting clock transition to: 0.15
Warning: base.sdc line 52, transition time can not be specified for virtual clocks.
[INFO]: Setting timing derate to: 5.0 %
min_report

===========================================================================
report_checks -path_delay min (Hold)
============================================================================
======================= Typical Corner ===================================

Startpoint: in1 (input port clocked by __VIRTUAL_CLK__)
Endpoint: out3 (output port clocked by __VIRTUAL_CLK__)
Path Group: __VIRTUAL_CLK__
Path Type: min

Fanout     Cap    Slew   Delay    Time   Description
-----------------------------------------------------------------------------
                  0.00    0.00    0.00   clock __VIRTUAL_CLK__ (rise edge)
                          0.00    0.00   clock network delay (ideal)
                          2.00    2.00 ^ input external delay
     2    0.01    0.05    0.03    2.03 ^ in1 (in)
                                         in1 (net)
                  0.05    0.00    2.03 ^ _1_/B (sky130_fd_sc_hd__xor2_2)
     1    0.03    0.10    0.14    2.17 v _1_/X (sky130_fd_sc_hd__xor2_2)
                                         out3 (net)
                  0.10    0.00    2.17 v out3 (out)
                                  2.17   data arrival time

                  0.00    0.00    0.00   clock __VIRTUAL_CLK__ (rise edge)
                          0.00    0.00   clock network delay (ideal)
                          0.25    0.25   clock uncertainty
                          0.00    0.25   clock reconvergence pessimism
                         -2.00   -1.75   output external delay
                                 -1.75   data required time
-----------------------------------------------------------------------------
                                 -1.75   data required time
                                 -2.17   data arrival time
-----------------------------------------------------------------------------
                                  3.92   slack (MET)


Startpoint: in4 (input port clocked by __VIRTUAL_CLK__)
Endpoint: out2 (output port clocked by __VIRTUAL_CLK__)
Path Group: __VIRTUAL_CLK__
Path Type: min

Fanout     Cap    Slew   Delay    Time   Description
-----------------------------------------------------------------------------
                  0.00    0.00    0.00   clock __VIRTUAL_CLK__ (rise edge)
                          0.00    0.00   clock network delay (ideal)
                          2.00    2.00 v input external delay
     2    0.01    0.02    0.02    2.02 v in4 (in)
                                         in4 (net)
                  0.02    0.00    2.02 v _2_/A (sky130_fd_sc_hd__and2_2)
     1    0.00    0.03    0.14    2.16 v _2_/X (sky130_fd_sc_hd__and2_2)
                                         _0_ (net)
                  0.03    0.00    2.16 v _3_/A (sky130_fd_sc_hd__buf_1)
     1    0.03    0.19    0.20    2.36 v _3_/X (sky130_fd_sc_hd__buf_1)
                                         out2 (net)
                  0.19    0.00    2.36 v out2 (out)
                                  2.36   data arrival time

                  0.00    0.00    0.00   clock __VIRTUAL_CLK__ (rise edge)
                          0.00    0.00   clock network delay (ideal)
                          0.25    0.25   clock uncertainty
                          0.00    0.25   clock reconvergence pessimism
                         -2.00   -1.75   output external delay
                                 -1.75   data required time
-----------------------------------------------------------------------------
                                 -1.75   data required time
                                 -2.36   data arrival time
-----------------------------------------------------------------------------
                                  4.11   slack (MET)



worst slack corner Typical: 3.9179
min_report_end
max_report

===========================================================================
report_checks -path_delay max (Setup)
============================================================================
======================= Typical Corner ===================================

Startpoint: in1 (input port clocked by __VIRTUAL_CLK__)
Endpoint: out2 (output port clocked by __VIRTUAL_CLK__)
Path Group: __VIRTUAL_CLK__
Path Type: max

Fanout     Cap    Slew   Delay    Time   Description
-----------------------------------------------------------------------------
                  0.00    0.00    0.00   clock __VIRTUAL_CLK__ (rise edge)
                          0.00    0.00   clock network delay (ideal)
                          2.00    2.00 ^ input external delay
     2    0.01    0.05    0.04    2.04 ^ in1 (in)
                                         in1 (net)
                  0.05    0.00    2.04 ^ _2_/B (sky130_fd_sc_hd__and2_2)
     1    0.00    0.03    0.13    2.17 ^ _2_/X (sky130_fd_sc_hd__and2_2)
                                         _0_ (net)
                  0.03    0.00    2.17 ^ _3_/A (sky130_fd_sc_hd__buf_1)
     1    0.03    0.40    0.34    2.50 ^ _3_/X (sky130_fd_sc_hd__buf_1)
                                         out2 (net)
                  0.40    0.00    2.50 ^ out2 (out)
                                  2.50   data arrival time

                  0.00   10.00   10.00   clock __VIRTUAL_CLK__ (rise edge)
                          0.00   10.00   clock network delay (ideal)
                         -0.25    9.75   clock uncertainty
                          0.00    9.75   clock reconvergence pessimism
                         -2.00    7.75   output external delay
                                  7.75   data required time
-----------------------------------------------------------------------------
                                  7.75   data required time
                                 -2.50   data arrival time
-----------------------------------------------------------------------------
                                  5.25   slack (MET)


Startpoint: in1 (input port clocked by __VIRTUAL_CLK__)
Endpoint: out3 (output port clocked by __VIRTUAL_CLK__)
Path Group: __VIRTUAL_CLK__
Path Type: max

Fanout     Cap    Slew   Delay    Time   Description
-----------------------------------------------------------------------------
                  0.00    0.00    0.00   clock __VIRTUAL_CLK__ (rise edge)
                          0.00    0.00   clock network delay (ideal)
                          2.00    2.00 ^ input external delay
     2    0.01    0.05    0.04    2.04 ^ in1 (in)
                                         in1 (net)
                  0.05    0.00    2.04 ^ _1_/B (sky130_fd_sc_hd__xor2_2)
     1    0.03    0.43    0.38    2.42 ^ _1_/X (sky130_fd_sc_hd__xor2_2)
                                         out3 (net)
                  0.43    0.00    2.42 ^ out3 (out)
                                  2.42   data arrival time

                  0.00   10.00   10.00   clock __VIRTUAL_CLK__ (rise edge)
                          0.00   10.00   clock network delay (ideal)
                         -0.25    9.75   clock uncertainty
                          0.00    9.75   clock reconvergence pessimism
                         -2.00    7.75   output external delay
                                  7.75   data required time
-----------------------------------------------------------------------------
                                  7.75   data required time
                                 -2.42   data arrival time
-----------------------------------------------------------------------------
                                  5.33   slack (MET)



worst slack corner Typical: 5.2457
max_report_end
checks_report

===========================================================================
report_checks -unconstrained
===========================================================================
======================= Typical Corner ===================================

Startpoint: in1 (input port clocked by __VIRTUAL_CLK__)
Endpoint: out2 (output port clocked by __VIRTUAL_CLK__)
Path Group: __VIRTUAL_CLK__
Path Type: max

Fanout     Cap    Slew   Delay    Time   Description
-----------------------------------------------------------------------------
                  0.00    0.00    0.00   clock __VIRTUAL_CLK__ (rise edge)
                          0.00    0.00   clock network delay (ideal)
                          2.00    2.00 ^ input external delay
     2    0.01    0.05    0.04    2.04 ^ in1 (in)
                                         in1 (net)
                  0.05    0.00    2.04 ^ _2_/B (sky130_fd_sc_hd__and2_2)
     1    0.00    0.03    0.13    2.17 ^ _2_/X (sky130_fd_sc_hd__and2_2)
                                         _0_ (net)
                  0.03    0.00    2.17 ^ _3_/A (sky130_fd_sc_hd__buf_1)
     1    0.03    0.40    0.34    2.50 ^ _3_/X (sky130_fd_sc_hd__buf_1)
                                         out2 (net)
                  0.40    0.00    2.50 ^ out2 (out)
                                  2.50   data arrival time

                  0.00   10.00   10.00   clock __VIRTUAL_CLK__ (rise edge)
                          0.00   10.00   clock network delay (ideal)
                         -0.25    9.75   clock uncertainty
                          0.00    9.75   clock reconvergence pessimism
                         -2.00    7.75   output external delay
                                  7.75   data required time
-----------------------------------------------------------------------------
                                  7.75   data required time
                                 -2.50   data arrival time
-----------------------------------------------------------------------------
                                  5.25   slack (MET)




===========================================================================
report_checks --slack_max -0.01
============================================================================
======================= Typical Corner ===================================

No paths found.


===========================================================================
 report_check_types -max_slew -max_cap -max_fanout -violators
============================================================================
======================= Typical Corner ===================================


max slew violations count Typical: 0
max fanout violations count Typical: 0
max cap violations count Typical: 0

===========================================================================
report_parasitic_annotation -report_unannotated
============================================================================
Found 5 unannotated drivers.
 in1
 in4
 _1_/X
 _2_/X
 _3_/X
Found 0 partially unannotated drivers.

===========================================================================
max slew violation count 0
max fanout violation count 0
max cap violation count 0
============================================================================

===========================================================================
check_setup -verbose -unconstrained_endpoints -multiple_clock -no_clock -no_input_delay -loops -generated_clocks
===========================================================================
checks_report_end
power_report

===========================================================================
 report_power
============================================================================
======================= Typical Corner ===================================

Group                  Internal  Switching    Leakage      Total
                          Power      Power      Power      Power (Watts)
----------------------------------------------------------------
Sequential             0.00e+00   0.00e+00   0.00e+00   0.00e+00   0.0%
Combinational          4.41e-07   1.39e-06   1.01e-11   1.83e-06 100.0%
Clock                  0.00e+00   0.00e+00   0.00e+00   0.00e+00   0.0%
Macro                  0.00e+00   0.00e+00   0.00e+00   0.00e+00   0.0%
Pad                    0.00e+00   0.00e+00   0.00e+00   0.00e+00   0.0%
----------------------------------------------------------------
Total                  4.41e-07   1.39e-06   1.01e-11   1.83e-06 100.0%
                          24.1%      75.9%       0.0%

power_report_end
summary_report

===========================================================================
report_tns
============================================================================
tns 0.00

===========================================================================
report_wns
============================================================================
wns 0.00

===========================================================================
report_worst_slack -max (Setup)
============================================================================
worst slack 5.25

===========================================================================
report_worst_slack -min (Hold)
============================================================================
worst slack 3.92
summary_report_end
check_nonpropagated_clocks
__VIRTUAL_CLK__
check_nonpropagated_clocks_end
[WARNING] Did not save OpenROAD database!
Writing SDF to '/openlane/designs/halfadder/runs/RUN_2025.06.18_18.46.26/results/synthesis/halfadder.sdf'…
