OpenROAD b16bda7e82721d10566ff7e2b68f1ff0be9f9e38 
Features included (+) or not (-): +Charts +GPU +GUI +Python
This program is licensed under the BSD-3 license. See the LICENSE file for details.
Components of this program may be licensed under more restrictive licenses which must be honored.
define_corners Typical
read_liberty -corner Typical /home/openlane/.volare/sky130A/libs.ref/sky130_fd_sc_hd/lib/sky130_fd_sc_hd__tt_025C_1v80.lib
Using 1e-12 for capacitance...
Using 1e+03 for resistance...
Using 1e-09 for time...
Using 1e+00 for voltage...
Using 1e-03 for current...
Using 1e-09 for power...
Using 1e-06 for distance...
[INFO]: Reading ODB at '/openlane/designs/counter16bit/runs/RUN_2025.06.18_19.32.36/results/floorplan/counter16bit.odb'…
Reading design constraints file at '/openlane/scripts/base.sdc'…
[INFO]: Setting output delay to: 2.0
[INFO]: Setting input delay to: 2.0
[INFO]: Setting load to: 0.033442
[INFO]: Setting clock uncertainty to: 0.25
[INFO]: Setting clock transition to: 0.15
[INFO]: Setting timing derate to: 5.0 %
[INFO]: Setting RC values...
[INFO]: Setting signal min routing layer to: met1 and clock min routing layer to met3. 
[INFO]: Setting signal max routing layer to: met5 and clock max routing layer to met5. 
[WARNING GPL-0150] -skip_io will disable timing driven mode.
[WARNING GPL-0151] -skip_io will disable routability driven mode.
[INFO GPL-0002] DBU: 1000
[INFO GPL-0003] SiteSize: (  0.460  2.720 ) um
[INFO GPL-0004] CoreBBox: (  5.520 10.880 ) ( 275.540 280.160 ) um
[INFO GPL-0006] NumInstances:              1272
[INFO GPL-0007] NumPlaceInstances:           64
[INFO GPL-0008] NumFixedInstances:         1208
[INFO GPL-0009] NumDummyInstances:            0
[INFO GPL-0010] NumNets:                     66
[INFO GPL-0011] NumPins:                    231
[INFO GPL-0012] DieBBox:  (  0.000  0.000 ) ( 281.355 292.075 ) um
[INFO GPL-0013] CoreBBox: (  5.520 10.880 ) ( 275.540 280.160 ) um
[INFO GPL-0016] CoreArea:             72710.986 um^2
[INFO GPL-0017] NonPlaceInstsArea:     2006.925 um^2
[INFO GPL-0018] PlaceInstsArea:         730.701 um^2
[INFO GPL-0019] Util:                     1.033 %
[INFO GPL-0020] StdInstsArea:           730.701 um^2
[INFO GPL-0021] MacroInstsArea:           0.000 um^2
[INFO GPL-0031] FillerInit:NumGCells:      3175
[INFO GPL-0032] FillerInit:NumGNets:         66
[INFO GPL-0033] FillerInit:NumGPins:        231
[INFO GPL-0023] TargetDensity:            0.500
[INFO GPL-0024] AvrgPlaceInstArea:       11.417 um^2
[INFO GPL-0025] IdealBinArea:            22.834 um^2
[INFO GPL-0026] IdealBinCnt:               3184
[INFO GPL-0027] TotalBinArea:         72710.986 um^2
[INFO GPL-0028] BinCnt:        32     32
[INFO GPL-0029] BinSize: (  8.439  8.415 )
[INFO GPL-0030] NumBins: 1024
[NesterovSolve] Iter:    1 overflow: 0.811 HPWL: 155013
[NesterovSolve] Iter:   10 overflow: 0.811 HPWL: 132192
[NesterovSolve] Iter:   20 overflow: 0.811 HPWL: 132339
[NesterovSolve] Iter:   30 overflow: 0.811 HPWL: 132299
[NesterovSolve] Iter:   40 overflow: 0.811 HPWL: 132272
[NesterovSolve] Iter:   50 overflow: 0.811 HPWL: 132290
[NesterovSolve] Iter:   60 overflow: 0.811 HPWL: 132272
[NesterovSolve] Iter:   70 overflow: 0.811 HPWL: 132280
[NesterovSolve] Iter:   80 overflow: 0.811 HPWL: 132280
[NesterovSolve] Iter:   90 overflow: 0.811 HPWL: 132359
[NesterovSolve] Iter:  100 overflow: 0.811 HPWL: 132738
[NesterovSolve] Iter:  110 overflow: 0.811 HPWL: 133298
[NesterovSolve] Iter:  120 overflow: 0.811 HPWL: 134314
[NesterovSolve] Iter:  130 overflow: 0.811 HPWL: 136053
[NesterovSolve] Iter:  140 overflow: 0.811 HPWL: 138783
[NesterovSolve] Iter:  150 overflow: 0.811 HPWL: 142610
[NesterovSolve] Iter:  160 overflow: 0.811 HPWL: 147200
[NesterovSolve] Iter:  170 overflow: 0.810 HPWL: 151226
[NesterovSolve] Iter:  180 overflow: 0.810 HPWL: 151184
[NesterovSolve] Iter:  190 overflow: 0.811 HPWL: 143565
[NesterovSolve] Iter:  200 overflow: 0.811 HPWL: 144560
[NesterovSolve] Iter:  210 overflow: 0.810 HPWL: 151230
[NesterovSolve] Iter:  220 overflow: 0.811 HPWL: 143944
[NesterovSolve] Iter:  230 overflow: 0.811 HPWL: 144094
[NesterovSolve] Iter:  240 overflow: 0.803 HPWL: 154511
[NesterovSolve] Iter:  250 overflow: 0.650 HPWL: 197507
[NesterovSolve] Iter:  260 overflow: 0.634 HPWL: 204915
[NesterovSolve] Iter:  270 overflow: 0.600 HPWL: 232778
[NesterovSolve] Iter:  280 overflow: 0.516 HPWL: 276108
[NesterovSolve] Iter:  290 overflow: 0.477 HPWL: 285657
[NesterovSolve] Iter:  300 overflow: 0.442 HPWL: 320527
[NesterovSolve] Iter:  310 overflow: 0.407 HPWL: 345678
[NesterovSolve] Iter:  320 overflow: 0.368 HPWL: 372884
[NesterovSolve] Iter:  330 overflow: 0.323 HPWL: 393563
[NesterovSolve] Iter:  340 overflow: 0.270 HPWL: 389008
[NesterovSolve] Iter:  350 overflow: 0.226 HPWL: 397760
[NesterovSolve] Iter:  360 overflow: 0.214 HPWL: 419988
[NesterovSolve] Iter:  370 overflow: 0.196 HPWL: 456014
[NesterovSolve] Iter:  380 overflow: 0.191 HPWL: 459860
[NesterovSolve] Iter:  390 overflow: 0.150 HPWL: 513173
[NesterovSolve] Iter:  400 overflow: 0.122 HPWL: 504129
[NesterovSolve] Finished with Overflow: 0.094828
Setting global connections for newly added cells…
Writing OpenROAD database to '/openlane/designs/counter16bit/runs/RUN_2025.06.18_19.32.36/tmp/placement/7-global_skip_io.odb'…
Writing netlist to '/openlane/designs/counter16bit/runs/RUN_2025.06.18_19.32.36/tmp/placement/7-global_skip_io.nl.v'…
Writing powered netlist to '/openlane/designs/counter16bit/runs/RUN_2025.06.18_19.32.36/tmp/placement/7-global_skip_io.pnl.v'…
Writing layout to '/openlane/designs/counter16bit/runs/RUN_2025.06.18_19.32.36/tmp/placement/7-global_skip_io.def'…
