Instance,Terminal,Layer,X location,Y location,Voltage
FILLER_0_18_109,VGND,li1,56.1200,59.8400,0.000000
FILLER_0_18_97,VGND,li1,52.9000,59.8400,0.000000
FILLER_0_18_85,VGND,li1,47.3800,59.8400,0.000000
FILLER_0_18_81,VGND,li1,43.4700,59.8400,0.000000
FILLER_0_18_69,VGND,li1,40.0200,59.8400,0.000000
FILLER_0_18_57,VGND,li1,34.5000,59.8400,0.000000
FILLER_0_18_53,VGND,li1,30.5900,59.8400,0.000000
FILLER_0_18_41,VGND,li1,27.1400,59.8400,0.000000
FILLER_0_18_29,VGND,li1,21.6200,59.8400,0.000000
FILLER_0_18_27,VGND,li1,18.1700,59.8400,0.000000
FILLER_0_18_15,VGND,li1,15.1800,59.8400,0.000000
FILLER_0_18_3,VGND,li1,9.6600,59.8400,0.000000
FILLER_0_17_105,VGND,li1,55.2000,59.8400,0.000000
FILLER_0_17_93,VGND,li1,51.0600,59.8400,0.000000
FILLER_0_17_81,VGND,li1,45.5400,59.8400,0.000000
FILLER_0_17_69,VGND,li1,40.0200,59.8400,0.000000
FILLER_0_17_57,VGND,li1,34.5000,59.8400,0.000000
FILLER_0_17_55,VGND,li1,31.0500,59.8400,0.000000
FILLER_0_17_51,VGND,li1,29.9000,59.8400,0.000000
FILLER_0_17_39,VGND,li1,26.2200,59.8400,0.000000
FILLER_0_17_27,VGND,li1,20.7000,59.8400,0.000000
FILLER_0_17_15,VGND,li1,15.1800,59.8400,0.000000
FILLER_0_17_3,VGND,li1,9.6600,59.8400,0.000000
FILLER_0_16_109,VGND,li1,56.1200,54.4000,0.000000
FILLER_0_16_97,VGND,li1,52.9000,54.4000,0.000000
FILLER_0_16_85,VGND,li1,47.3800,54.4000,0.000000
FILLER_0_16_83,VGND,li1,43.9300,54.4000,0.000000
FILLER_0_16_77,VGND,li1,42.3200,54.4000,0.000000
FILLER_0_16_65,VGND,li1,38.1800,54.4000,0.000000
FILLER_0_16_53,VGND,li1,32.6600,54.4000,0.000000
FILLER_0_16_41,VGND,li1,27.1400,54.4000,0.000000
FILLER_0_16_29,VGND,li1,21.6200,54.4000,0.000000
FILLER_0_16_27,VGND,li1,18.1700,54.4000,0.000000
FILLER_0_16_15,VGND,li1,15.1800,54.4000,0.000000
FILLER_0_16_3,VGND,li1,9.6600,54.4000,0.000000
FILLER_0_15_105,VGND,li1,55.2000,54.4000,0.000000
FILLER_0_15_93,VGND,li1,51.0600,54.4000,0.000000
FILLER_0_15_81,VGND,li1,45.5400,54.4000,0.000000
FILLER_0_15_69,VGND,li1,40.0200,54.4000,0.000000
FILLER_0_15_57,VGND,li1,34.5000,54.4000,0.000000
FILLER_0_15_55,VGND,li1,31.0500,54.4000,0.000000
FILLER_0_15_51,VGND,li1,29.9000,54.4000,0.000000
FILLER_0_15_39,VGND,li1,26.2200,54.4000,0.000000
FILLER_0_15_27,VGND,li1,20.7000,54.4000,0.000000
FILLER_0_15_15,VGND,li1,15.1800,54.4000,0.000000
FILLER_0_15_3,VGND,li1,9.6600,54.4000,0.000000
FILLER_0_14_109,VGND,li1,56.1200,48.9600,0.000000
FILLER_0_14_97,VGND,li1,52.9000,48.9600,0.000000
FILLER_0_14_85,VGND,li1,47.3800,48.9600,0.000000
FILLER_0_14_83,VGND,li1,43.9300,48.9600,0.000000
FILLER_0_14_77,VGND,li1,42.3200,48.9600,0.000000
FILLER_0_14_65,VGND,li1,38.1800,48.9600,0.000000
FILLER_0_14_53,VGND,li1,32.6600,48.9600,0.000000
FILLER_0_14_41,VGND,li1,27.1400,48.9600,0.000000
FILLER_0_14_29,VGND,li1,21.6200,48.9600,0.000000
FILLER_0_14_27,VGND,li1,18.1700,48.9600,0.000000
FILLER_0_14_15,VGND,li1,15.1800,48.9600,0.000000
FILLER_0_14_3,VGND,li1,9.6600,48.9600,0.000000
FILLER_0_13_105,VGND,li1,55.2000,48.9600,0.000000
FILLER_0_13_93,VGND,li1,51.0600,48.9600,0.000000
FILLER_0_13_81,VGND,li1,45.5400,48.9600,0.000000
FILLER_0_13_69,VGND,li1,40.0200,48.9600,0.000000
FILLER_0_13_57,VGND,li1,34.5000,48.9600,0.000000
FILLER_0_13_55,VGND,li1,31.0500,48.9600,0.000000
FILLER_0_13_51,VGND,li1,29.9000,48.9600,0.000000
FILLER_0_13_39,VGND,li1,26.2200,48.9600,0.000000
FILLER_0_13_27,VGND,li1,20.7000,48.9600,0.000000
FILLER_0_13_15,VGND,li1,15.1800,48.9600,0.000000
FILLER_0_13_3,VGND,li1,9.6600,48.9600,0.000000
FILLER_0_12_109,VGND,li1,56.1200,43.5200,0.000000
FILLER_0_12_97,VGND,li1,52.9000,43.5200,0.000000
FILLER_0_12_85,VGND,li1,47.3800,43.5200,0.000000
FILLER_0_12_83,VGND,li1,43.9300,43.5200,0.000000
FILLER_0_12_77,VGND,li1,42.3200,43.5200,0.000000
FILLER_0_12_65,VGND,li1,38.1800,43.5200,0.000000
FILLER_0_12_53,VGND,li1,32.6600,43.5200,0.000000
FILLER_0_12_41,VGND,li1,27.1400,43.5200,0.000000
FILLER_0_12_29,VGND,li1,21.6200,43.5200,0.000000
FILLER_0_12_27,VGND,li1,18.1700,43.5200,0.000000
FILLER_0_12_15,VGND,li1,15.1800,43.5200,0.000000
FILLER_0_12_3,VGND,li1,9.6600,43.5200,0.000000
FILLER_0_11_105,VGND,li1,55.2000,43.5200,0.000000
FILLER_0_11_93,VGND,li1,51.0600,43.5200,0.000000
FILLER_0_11_81,VGND,li1,45.5400,43.5200,0.000000
FILLER_0_11_69,VGND,li1,40.0200,43.5200,0.000000
FILLER_0_11_57,VGND,li1,34.5000,43.5200,0.000000
FILLER_0_11_55,VGND,li1,31.0500,43.5200,0.000000
FILLER_0_11_51,VGND,li1,29.9000,43.5200,0.000000
FILLER_0_11_39,VGND,li1,26.2200,43.5200,0.000000
FILLER_0_11_27,VGND,li1,20.7000,43.5200,0.000000
FILLER_0_11_15,VGND,li1,15.1800,43.5200,0.000000
FILLER_0_11_3,VGND,li1,9.6600,43.5200,0.000000
FILLER_0_10_105,VGND,li1,54.2800,38.0800,0.000001
FILLER_0_10_97,VGND,li1,51.9800,38.0800,0.000001
FILLER_0_10_85,VGND,li1,47.3800,38.0800,0.000001
FILLER_0_10_83,VGND,li1,43.9300,38.0800,0.000001
FILLER_0_10_77,VGND,li1,42.3200,38.0800,0.000001
FILLER_0_10_65,VGND,li1,38.1800,38.0800,0.000001
FILLER_0_10_53,VGND,li1,32.6600,38.0800,0.000001
FILLER_0_10_41,VGND,li1,27.1400,38.0800,0.000000
FILLER_0_10_29,VGND,li1,21.6200,38.0800,0.000000
FILLER_0_10_26,VGND,li1,17.9400,38.0800,0.000000
FILLER_0_10_18,VGND,li1,15.6400,38.0800,0.000000
FILLER_0_10_6,VGND,li1,11.0400,38.0800,0.000001
FILLER_0_9_103,VGND,li1,53.8200,38.0800,0.000001
FILLER_0_9_91,VGND,li1,50.1400,38.0800,0.000001
FILLER_0_9_79,VGND,li1,44.6200,38.0800,0.000001
FILLER_0_9_67,VGND,li1,39.1000,38.0800,0.000001
FILLER_0_9_50,VGND,li1,28.7500,38.0800,0.000001
FILLER_0_9_42,VGND,li1,26.6800,38.0800,0.000000
FILLER_0_9_30,VGND,li1,22.0800,38.0800,0.000000
FILLER_0_9_18,VGND,li1,16.5600,38.0800,0.000000
FILLER_0_9_6,VGND,li1,11.0400,38.0800,0.000001
FILLER_0_8_109,VGND,li1,56.1200,32.6400,0.000000
FILLER_0_8_97,VGND,li1,52.9000,32.6400,0.000000
FILLER_0_8_85,VGND,li1,47.3800,32.6400,0.000000
FILLER_0_8_83,VGND,li1,43.9300,32.6400,0.000000
FILLER_0_8_77,VGND,li1,42.3200,32.6400,0.000000
FILLER_0_8_65,VGND,li1,38.1800,32.6400,0.000000
FILLER_0_8_53,VGND,li1,32.6600,32.6400,0.000000
FILLER_0_8_41,VGND,li1,27.1400,32.6400,0.000000
FILLER_0_8_29,VGND,li1,21.6200,32.6400,0.000000
FILLER_0_8_27,VGND,li1,18.1700,32.6400,0.000000
FILLER_0_8_15,VGND,li1,15.1800,32.6400,0.000000
FILLER_0_8_3,VGND,li1,9.6600,32.6400,0.000000
FILLER_0_7_105,VGND,li1,55.2000,32.6400,0.000000
FILLER_0_7_93,VGND,li1,51.0600,32.6400,0.000000
FILLER_0_7_81,VGND,li1,45.5400,32.6400,0.000000
FILLER_0_7_69,VGND,li1,40.0200,32.6400,0.000000
FILLER_0_7_57,VGND,li1,34.5000,32.6400,0.000000
FILLER_0_7_55,VGND,li1,31.0500,32.6400,0.000000
FILLER_0_7_51,VGND,li1,29.9000,32.6400,0.000000
FILLER_0_7_39,VGND,li1,26.2200,32.6400,0.000000
FILLER_0_7_27,VGND,li1,20.7000,32.6400,0.000000
FILLER_0_7_15,VGND,li1,15.1800,32.6400,0.000000
FILLER_0_7_3,VGND,li1,9.6600,32.6400,0.000000
FILLER_0_6_109,VGND,li1,56.1200,27.2000,0.000000
FILLER_0_6_97,VGND,li1,52.9000,27.2000,0.000000
FILLER_0_6_85,VGND,li1,47.3800,27.2000,0.000000
FILLER_0_6_83,VGND,li1,43.9300,27.2000,0.000000
FILLER_0_6_77,VGND,li1,42.3200,27.2000,0.000000
FILLER_0_6_65,VGND,li1,38.1800,27.2000,0.000000
FILLER_0_6_53,VGND,li1,32.6600,27.2000,0.000000
FILLER_0_6_41,VGND,li1,27.1400,27.2000,0.000000
FILLER_0_6_29,VGND,li1,21.6200,27.2000,0.000000
FILLER_0_6_27,VGND,li1,18.1700,27.2000,0.000000
FILLER_0_6_15,VGND,li1,15.1800,27.2000,0.000000
FILLER_0_6_3,VGND,li1,9.6600,27.2000,0.000000
FILLER_0_5_105,VGND,li1,55.2000,27.2000,0.000000
FILLER_0_5_93,VGND,li1,51.0600,27.2000,0.000000
FILLER_0_5_81,VGND,li1,45.5400,27.2000,0.000000
FILLER_0_5_69,VGND,li1,40.0200,27.2000,0.000000
FILLER_0_5_57,VGND,li1,34.5000,27.2000,0.000000
FILLER_0_5_55,VGND,li1,31.0500,27.2000,0.000000
FILLER_0_5_51,VGND,li1,29.9000,27.2000,0.000000
FILLER_0_5_39,VGND,li1,26.2200,27.2000,0.000000
FILLER_0_5_27,VGND,li1,20.7000,27.2000,0.000000
FILLER_0_5_15,VGND,li1,15.1800,27.2000,0.000000
FILLER_0_5_3,VGND,li1,9.6600,27.2000,0.000000
FILLER_0_4_109,VGND,li1,56.1200,21.7600,0.000000
FILLER_0_4_97,VGND,li1,52.9000,21.7600,0.000000
FILLER_0_4_85,VGND,li1,47.3800,21.7600,0.000000
FILLER_0_4_83,VGND,li1,43.9300,21.7600,0.000000
FILLER_0_4_77,VGND,li1,42.3200,21.7600,0.000000
FILLER_0_4_65,VGND,li1,38.1800,21.7600,0.000000
FILLER_0_4_53,VGND,li1,32.6600,21.7600,0.000000
FILLER_0_4_41,VGND,li1,27.1400,21.7600,0.000000
FILLER_0_4_29,VGND,li1,21.6200,21.7600,0.000000
FILLER_0_4_27,VGND,li1,18.1700,21.7600,0.000000
FILLER_0_4_15,VGND,li1,15.1800,21.7600,0.000000
FILLER_0_4_3,VGND,li1,9.6600,21.7600,0.000000
FILLER_0_3_105,VGND,li1,55.2000,21.7600,0.000000
FILLER_0_3_93,VGND,li1,51.0600,21.7600,0.000000
FILLER_0_3_81,VGND,li1,45.5400,21.7600,0.000000
FILLER_0_3_69,VGND,li1,40.0200,21.7600,0.000000
FILLER_0_3_57,VGND,li1,34.5000,21.7600,0.000000
FILLER_0_3_55,VGND,li1,31.0500,21.7600,0.000000
FILLER_0_3_51,VGND,li1,29.9000,21.7600,0.000000
FILLER_0_3_39,VGND,li1,26.2200,21.7600,0.000000
FILLER_0_3_27,VGND,li1,20.7000,21.7600,0.000000
FILLER_0_3_15,VGND,li1,15.1800,21.7600,0.000000
FILLER_0_3_3,VGND,li1,9.6600,21.7600,0.000000
FILLER_0_2_109,VGND,li1,56.1200,16.3200,0.000000
FILLER_0_2_97,VGND,li1,52.9000,16.3200,0.000000
FILLER_0_2_85,VGND,li1,47.3800,16.3200,0.000000
FILLER_0_2_83,VGND,li1,43.9300,16.3200,0.000000
FILLER_0_2_77,VGND,li1,42.3200,16.3200,0.000000
FILLER_0_2_65,VGND,li1,38.1800,16.3200,0.000000
FILLER_0_2_53,VGND,li1,32.6600,16.3200,0.000000
FILLER_0_2_41,VGND,li1,27.1400,16.3200,0.000000
FILLER_0_2_29,VGND,li1,21.6200,16.3200,0.000000
FILLER_0_2_27,VGND,li1,18.1700,16.3200,0.000000
FILLER_0_2_15,VGND,li1,15.1800,16.3200,0.000000
FILLER_0_2_3,VGND,li1,9.6600,16.3200,0.000000
FILLER_0_1_105,VGND,li1,55.2000,16.3200,0.000000
FILLER_0_1_93,VGND,li1,51.0600,16.3200,0.000000
FILLER_0_1_81,VGND,li1,45.5400,16.3200,0.000000
FILLER_0_1_69,VGND,li1,40.0200,16.3200,0.000000
FILLER_0_1_57,VGND,li1,34.5000,16.3200,0.000000
FILLER_0_1_55,VGND,li1,31.0500,16.3200,0.000000
FILLER_0_1_51,VGND,li1,29.9000,16.3200,0.000000
FILLER_0_1_39,VGND,li1,26.2200,16.3200,0.000000
FILLER_0_1_27,VGND,li1,20.7000,16.3200,0.000000
FILLER_0_1_15,VGND,li1,15.1800,16.3200,0.000000
FILLER_0_1_3,VGND,li1,9.6600,16.3200,0.000000
FILLER_0_0_109,VGND,li1,56.1200,10.8800,0.000000
FILLER_0_0_97,VGND,li1,52.9000,10.8800,0.000000
FILLER_0_0_85,VGND,li1,47.3800,10.8800,0.000000
FILLER_0_0_81,VGND,li1,43.4700,10.8800,0.000000
FILLER_0_0_69,VGND,li1,40.0200,10.8800,0.000000
FILLER_0_0_57,VGND,li1,34.5000,10.8800,0.000000
FILLER_0_0_53,VGND,li1,30.5900,10.8800,0.000000
FILLER_0_0_41,VGND,li1,27.1400,10.8800,0.000000
FILLER_0_0_29,VGND,li1,21.6200,10.8800,0.000000
FILLER_0_0_27,VGND,li1,18.1700,10.8800,0.000000
FILLER_0_0_15,VGND,li1,15.1800,10.8800,0.000000
FILLER_0_0_3,VGND,li1,9.6600,10.8800,0.000000
output4,VGND,li1,55.6600,38.0800,0.000001
output3,VGND,li1,55.6600,38.0800,0.000001
input2,VGND,li1,7.5900,38.0800,0.000001
input1,VGND,li1,7.5900,38.0800,0.000001
TAP_TAPCELL_ROW_18_68,VGND,li1,44.3900,60.1310,0.000000
TAP_TAPCELL_ROW_18_67,VGND,li1,31.5100,60.1310,0.000000
TAP_TAPCELL_ROW_18_66,VGND,li1,18.6300,60.1310,0.000000
TAP_TAPCELL_ROW_17_65,VGND,li1,31.5100,59.5480,0.000000
TAP_TAPCELL_ROW_16_64,VGND,li1,44.3900,54.6910,0.000000
TAP_TAPCELL_ROW_16_63,VGND,li1,18.6300,54.6910,0.000000
TAP_TAPCELL_ROW_15_62,VGND,li1,31.5100,54.1080,0.000000
TAP_TAPCELL_ROW_14_61,VGND,li1,44.3900,49.2510,0.000000
TAP_TAPCELL_ROW_14_60,VGND,li1,18.6300,49.2510,0.000000
TAP_TAPCELL_ROW_13_59,VGND,li1,31.5100,48.6680,0.000000
TAP_TAPCELL_ROW_12_58,VGND,li1,44.3900,43.8110,0.000000
TAP_TAPCELL_ROW_12_57,VGND,li1,18.6300,43.8110,0.000000
TAP_TAPCELL_ROW_11_56,VGND,li1,31.5100,43.2280,0.000000
TAP_TAPCELL_ROW_10_55,VGND,li1,44.3900,38.3710,0.000001
TAP_TAPCELL_ROW_10_54,VGND,li1,18.6300,38.3710,0.000000
TAP_TAPCELL_ROW_9_53,VGND,li1,31.5100,37.7880,0.000001
TAP_TAPCELL_ROW_8_52,VGND,li1,44.3900,32.9310,0.000000
TAP_TAPCELL_ROW_8_51,VGND,li1,18.6300,32.9310,0.000000
TAP_TAPCELL_ROW_7_50,VGND,li1,31.5100,32.3480,0.000000
TAP_TAPCELL_ROW_6_49,VGND,li1,44.3900,27.4910,0.000000
TAP_TAPCELL_ROW_6_48,VGND,li1,18.6300,27.4910,0.000000
TAP_TAPCELL_ROW_5_47,VGND,li1,31.5100,26.9080,0.000000
TAP_TAPCELL_ROW_4_46,VGND,li1,44.3900,22.0510,0.000000
TAP_TAPCELL_ROW_4_45,VGND,li1,18.6300,22.0510,0.000000
TAP_TAPCELL_ROW_3_44,VGND,li1,31.5100,21.4680,0.000000
TAP_TAPCELL_ROW_2_43,VGND,li1,44.3900,16.6110,0.000000
TAP_TAPCELL_ROW_2_42,VGND,li1,18.6300,16.6110,0.000000
TAP_TAPCELL_ROW_1_41,VGND,li1,31.5100,16.0280,0.000000
TAP_TAPCELL_ROW_0_40,VGND,li1,44.3900,11.1710,0.000000
TAP_TAPCELL_ROW_0_39,VGND,li1,31.5100,11.1710,0.000000
TAP_TAPCELL_ROW_0_38,VGND,li1,18.6300,11.1710,0.000000
PHY_EDGE_ROW_18_Left_37,VGND,li1,6.2100,59.8400,0.000000
PHY_EDGE_ROW_17_Left_36,VGND,li1,6.2100,59.8400,0.000000
PHY_EDGE_ROW_16_Left_35,VGND,li1,6.2100,54.4000,0.000000
PHY_EDGE_ROW_15_Left_34,VGND,li1,6.2100,54.4000,0.000000
PHY_EDGE_ROW_14_Left_33,VGND,li1,6.2100,48.9600,0.000000
PHY_EDGE_ROW_13_Left_32,VGND,li1,6.2100,48.9600,0.000000
PHY_EDGE_ROW_12_Left_31,VGND,li1,6.2100,43.5200,0.000000
PHY_EDGE_ROW_11_Left_30,VGND,li1,6.2100,43.5200,0.000000
PHY_EDGE_ROW_10_Left_29,VGND,li1,6.2100,38.0800,0.000001
PHY_EDGE_ROW_9_Left_28,VGND,li1,6.2100,38.0800,0.000001
PHY_EDGE_ROW_8_Left_27,VGND,li1,6.2100,32.6400,0.000000
PHY_EDGE_ROW_7_Left_26,VGND,li1,6.2100,32.6400,0.000000
PHY_EDGE_ROW_6_Left_25,VGND,li1,6.2100,27.2000,0.000000
PHY_EDGE_ROW_5_Left_24,VGND,li1,6.2100,27.2000,0.000000
PHY_EDGE_ROW_4_Left_23,VGND,li1,6.2100,21.7600,0.000000
PHY_EDGE_ROW_3_Left_22,VGND,li1,6.2100,21.7600,0.000000
PHY_EDGE_ROW_2_Left_21,VGND,li1,6.2100,16.3200,0.000000
PHY_EDGE_ROW_1_Left_20,VGND,li1,6.2100,16.3200,0.000000
PHY_EDGE_ROW_0_Left_19,VGND,li1,6.2100,10.8800,0.000000
PHY_EDGE_ROW_18_Right_18,VGND,li1,57.2700,59.8400,0.000000
PHY_EDGE_ROW_17_Right_17,VGND,li1,57.2700,59.8400,0.000000
PHY_EDGE_ROW_16_Right_16,VGND,li1,57.2700,54.4000,0.000000
PHY_EDGE_ROW_15_Right_15,VGND,li1,57.2700,54.4000,0.000000
PHY_EDGE_ROW_14_Right_14,VGND,li1,57.2700,48.9600,0.000000
PHY_EDGE_ROW_13_Right_13,VGND,li1,57.2700,48.9600,0.000000
PHY_EDGE_ROW_12_Right_12,VGND,li1,57.2700,43.5200,0.000000
PHY_EDGE_ROW_11_Right_11,VGND,li1,57.2700,43.5200,0.000000
PHY_EDGE_ROW_10_Right_10,VGND,li1,57.2700,38.0800,0.000001
PHY_EDGE_ROW_9_Right_9,VGND,li1,57.2700,38.0800,0.000001
PHY_EDGE_ROW_8_Right_8,VGND,li1,57.2700,32.6400,0.000000
PHY_EDGE_ROW_7_Right_7,VGND,li1,57.2700,32.6400,0.000000
PHY_EDGE_ROW_6_Right_6,VGND,li1,57.2700,27.2000,0.000000
PHY_EDGE_ROW_5_Right_5,VGND,li1,57.2700,27.2000,0.000000
PHY_EDGE_ROW_4_Right_4,VGND,li1,57.2700,21.7600,0.000000
PHY_EDGE_ROW_3_Right_3,VGND,li1,57.2700,21.7600,0.000000
PHY_EDGE_ROW_2_Right_2,VGND,li1,57.2700,16.3200,0.000000
PHY_EDGE_ROW_1_Right_1,VGND,li1,57.2700,16.3200,0.000000
PHY_EDGE_ROW_0_Right_0,VGND,li1,57.2700,10.8800,0.000000
_3_,VGND,li1,35.6500,38.0800,0.000001
_2_,VGND,li1,30.1300,38.0800,0.000001
_1_,VGND,li1,33.3500,38.0800,0.000001
